

================================================================
== Vitis HLS Report for 'relu_ap_fixed_16_6_5_3_0_ap_fixed_16_6_5_3_0_relu_config3_s'
================================================================
* Date:           Sun Dec  7 21:53:54 2025

* Version:        2023.1 (Build 3854077 on May  4 2023)
* Project:        myproject_prj
* Solution:       solution1 (Vivado IP Flow Target)
* Product family: zynq
* Target device:  xc7z020-clg400-1


================================================================
== Performance Estimates
================================================================
+ Timing: 
    * Summary: 
    +--------+---------+----------+------------+
    |  Clock |  Target | Estimated| Uncertainty|
    +--------+---------+----------+------------+
    |ap_clk  |  5.00 ns|  4.264 ns|     0.62 ns|
    +--------+---------+----------+------------+

+ Latency: 
    * Summary: 
    +---------+---------+----------+----------+-----+-----+---------+
    |  Latency (cycles) |  Latency (absolute) |  Interval | Pipeline|
    |   min   |   max   |    min   |    max   | min | max |   Type  |
    +---------+---------+----------+----------+-----+-----+---------+
    |        1|        1|  5.000 ns|  5.000 ns|    1|    1|      yes|
    +---------+---------+----------+----------+-----+-----+---------+

    + Detail: 
        * Instance: 
        N/A

        * Loop: 
        N/A



================================================================
== Utilization Estimates
================================================================
* Summary: 
+-----------------+---------+-----+--------+-------+-----+
|       Name      | BRAM_18K| DSP |   FF   |  LUT  | URAM|
+-----------------+---------+-----+--------+-------+-----+
|DSP              |        -|    -|       -|      -|    -|
|Expression       |        -|    -|       0|    612|    -|
|FIFO             |        -|    -|       -|      -|    -|
|Instance         |        -|    -|       -|      -|    -|
|Memory           |        -|    -|       -|      -|    -|
|Multiplexer      |        -|    -|       -|    153|    -|
|Register         |        -|    -|     499|      -|    -|
+-----------------+---------+-----+--------+-------+-----+
|Total            |        0|    0|     499|    765|    0|
+-----------------+---------+-----+--------+-------+-----+
|Available        |      280|  220|  106400|  53200|    0|
+-----------------+---------+-----+--------+-------+-----+
|Utilization (%)  |        0|    0|      ~0|      1|    0|
+-----------------+---------+-----+--------+-------+-----+

+ Detail: 
    * Instance: 
    N/A

    * DSP: 
    N/A

    * Memory: 
    N/A

    * FIFO: 
    N/A

    * Expression: 
    +---------------------------+----------+----+---+----+------------+------------+
    |       Variable Name       | Operation| DSP| FF| LUT| Bitwidth P0| Bitwidth P1|
    +---------------------------+----------+----+---+----+------------+------------+
    |icmp_ln45_10_fu_248_p2     |      icmp|   0|  0|  23|          16|           1|
    |icmp_ln45_11_fu_258_p2     |      icmp|   0|  0|  23|          16|           1|
    |icmp_ln45_12_fu_268_p2     |      icmp|   0|  0|  23|          16|           1|
    |icmp_ln45_13_fu_278_p2     |      icmp|   0|  0|  23|          16|           1|
    |icmp_ln45_14_fu_288_p2     |      icmp|   0|  0|  23|          16|           1|
    |icmp_ln45_15_fu_298_p2     |      icmp|   0|  0|  23|          16|           1|
    |icmp_ln45_1_fu_158_p2      |      icmp|   0|  0|  23|          16|           1|
    |icmp_ln45_2_fu_168_p2      |      icmp|   0|  0|  23|          16|           1|
    |icmp_ln45_3_fu_178_p2      |      icmp|   0|  0|  23|          16|           1|
    |icmp_ln45_4_fu_188_p2      |      icmp|   0|  0|  23|          16|           1|
    |icmp_ln45_5_fu_198_p2      |      icmp|   0|  0|  23|          16|           1|
    |icmp_ln45_6_fu_208_p2      |      icmp|   0|  0|  23|          16|           1|
    |icmp_ln45_7_fu_218_p2      |      icmp|   0|  0|  23|          16|           1|
    |icmp_ln45_8_fu_228_p2      |      icmp|   0|  0|  23|          16|           1|
    |icmp_ln45_9_fu_238_p2      |      icmp|   0|  0|  23|          16|           1|
    |icmp_ln45_fu_148_p2        |      icmp|   0|  0|  23|          16|           1|
    |ap_block_pp0_stage0_11001  |        or|   0|  0|   2|           1|           1|
    |datareg_10_fu_364_p3       |    select|   0|  0|  15|           1|          15|
    |datareg_11_fu_370_p3       |    select|   0|  0|  15|           1|          15|
    |datareg_12_fu_376_p3       |    select|   0|  0|  15|           1|          15|
    |datareg_13_fu_382_p3       |    select|   0|  0|  15|           1|          15|
    |datareg_14_fu_388_p3       |    select|   0|  0|  15|           1|          15|
    |datareg_15_fu_394_p3       |    select|   0|  0|  15|           1|          15|
    |datareg_1_fu_310_p3        |    select|   0|  0|  15|           1|          15|
    |datareg_2_fu_316_p3        |    select|   0|  0|  15|           1|          15|
    |datareg_3_fu_322_p3        |    select|   0|  0|  15|           1|          15|
    |datareg_4_fu_328_p3        |    select|   0|  0|  15|           1|          15|
    |datareg_5_fu_334_p3        |    select|   0|  0|  15|           1|          15|
    |datareg_6_fu_340_p3        |    select|   0|  0|  15|           1|          15|
    |datareg_7_fu_346_p3        |    select|   0|  0|  15|           1|          15|
    |datareg_8_fu_352_p3        |    select|   0|  0|  15|           1|          15|
    |datareg_9_fu_358_p3        |    select|   0|  0|  15|           1|          15|
    |datareg_fu_304_p3          |    select|   0|  0|  15|           1|          15|
    |ap_enable_pp0              |       xor|   0|  0|   2|           1|           2|
    +---------------------------+----------+----+---+----+------------+------------+
    |Total                      |          |   0|  0| 612|         274|         259|
    +---------------------------+----------+----+---+----+------------+------------+

    * Multiplexer: 
    +--------------+----+-----------+-----+-----------+
    |     Name     | LUT| Input Size| Bits| Total Bits|
    +--------------+----+-----------+-----+-----------+
    |ap_done       |   9|          2|    1|          2|
    |ap_return_0   |   9|          2|   15|         30|
    |ap_return_1   |   9|          2|   15|         30|
    |ap_return_10  |   9|          2|   15|         30|
    |ap_return_11  |   9|          2|   15|         30|
    |ap_return_12  |   9|          2|   15|         30|
    |ap_return_13  |   9|          2|   15|         30|
    |ap_return_14  |   9|          2|   15|         30|
    |ap_return_15  |   9|          2|   15|         30|
    |ap_return_2   |   9|          2|   15|         30|
    |ap_return_3   |   9|          2|   15|         30|
    |ap_return_4   |   9|          2|   15|         30|
    |ap_return_5   |   9|          2|   15|         30|
    |ap_return_6   |   9|          2|   15|         30|
    |ap_return_7   |   9|          2|   15|         30|
    |ap_return_8   |   9|          2|   15|         30|
    |ap_return_9   |   9|          2|   15|         30|
    +--------------+----+-----------+-----+-----------+
    |Total         | 153|         34|  241|        482|
    +--------------+----+-----------+-----+-----------+

    * Register: 
    +-------------------------+----+----+-----+-----------+
    |           Name          | FF | LUT| Bits| Const Bits|
    +-------------------------+----+----+-----+-----------+
    |ap_CS_fsm                |   1|   0|    1|          0|
    |ap_done_reg              |   1|   0|    1|          0|
    |ap_enable_reg_pp0_iter1  |   1|   0|    1|          0|
    |ap_return_0_preg         |  15|   0|   15|          0|
    |ap_return_10_preg        |  15|   0|   15|          0|
    |ap_return_11_preg        |  15|   0|   15|          0|
    |ap_return_12_preg        |  15|   0|   15|          0|
    |ap_return_13_preg        |  15|   0|   15|          0|
    |ap_return_14_preg        |  15|   0|   15|          0|
    |ap_return_15_preg        |  15|   0|   15|          0|
    |ap_return_1_preg         |  15|   0|   15|          0|
    |ap_return_2_preg         |  15|   0|   15|          0|
    |ap_return_3_preg         |  15|   0|   15|          0|
    |ap_return_4_preg         |  15|   0|   15|          0|
    |ap_return_5_preg         |  15|   0|   15|          0|
    |ap_return_6_preg         |  15|   0|   15|          0|
    |ap_return_7_preg         |  15|   0|   15|          0|
    |ap_return_8_preg         |  15|   0|   15|          0|
    |ap_return_9_preg         |  15|   0|   15|          0|
    |icmp_ln45_10_reg_601     |   1|   0|    1|          0|
    |icmp_ln45_11_reg_611     |   1|   0|    1|          0|
    |icmp_ln45_12_reg_621     |   1|   0|    1|          0|
    |icmp_ln45_13_reg_631     |   1|   0|    1|          0|
    |icmp_ln45_14_reg_641     |   1|   0|    1|          0|
    |icmp_ln45_15_reg_651     |   1|   0|    1|          0|
    |icmp_ln45_1_reg_511      |   1|   0|    1|          0|
    |icmp_ln45_2_reg_521      |   1|   0|    1|          0|
    |icmp_ln45_3_reg_531      |   1|   0|    1|          0|
    |icmp_ln45_4_reg_541      |   1|   0|    1|          0|
    |icmp_ln45_5_reg_551      |   1|   0|    1|          0|
    |icmp_ln45_6_reg_561      |   1|   0|    1|          0|
    |icmp_ln45_7_reg_571      |   1|   0|    1|          0|
    |icmp_ln45_8_reg_581      |   1|   0|    1|          0|
    |icmp_ln45_9_reg_591      |   1|   0|    1|          0|
    |icmp_ln45_reg_501        |   1|   0|    1|          0|
    |trunc_ln42_10_reg_596    |  15|   0|   15|          0|
    |trunc_ln42_11_reg_606    |  15|   0|   15|          0|
    |trunc_ln42_12_reg_616    |  15|   0|   15|          0|
    |trunc_ln42_13_reg_626    |  15|   0|   15|          0|
    |trunc_ln42_14_reg_636    |  15|   0|   15|          0|
    |trunc_ln42_15_reg_646    |  15|   0|   15|          0|
    |trunc_ln42_1_reg_506     |  15|   0|   15|          0|
    |trunc_ln42_2_reg_516     |  15|   0|   15|          0|
    |trunc_ln42_3_reg_526     |  15|   0|   15|          0|
    |trunc_ln42_4_reg_536     |  15|   0|   15|          0|
    |trunc_ln42_5_reg_546     |  15|   0|   15|          0|
    |trunc_ln42_6_reg_556     |  15|   0|   15|          0|
    |trunc_ln42_7_reg_566     |  15|   0|   15|          0|
    |trunc_ln42_8_reg_576     |  15|   0|   15|          0|
    |trunc_ln42_9_reg_586     |  15|   0|   15|          0|
    |trunc_ln42_reg_496       |  15|   0|   15|          0|
    +-------------------------+----+----+-----+-----------+
    |Total                    | 499|   0|  499|          0|
    +-------------------------+----+----+-----+-----------+



================================================================
== Interface
================================================================
* Summary: 
+--------------+-----+-----+------------+------------------------------------------------------------------------+--------------+
|   RTL Ports  | Dir | Bits|  Protocol  |                              Source Object                             |    C Type    |
+--------------+-----+-----+------------+------------------------------------------------------------------------+--------------+
|ap_clk        |   in|    1|  ap_ctrl_hs|  relu<ap_fixed<16, 6, 5, 3, 0>, ap_fixed<16, 6, 5, 3, 0>, relu_config3>|  return value|
|ap_rst        |   in|    1|  ap_ctrl_hs|  relu<ap_fixed<16, 6, 5, 3, 0>, ap_fixed<16, 6, 5, 3, 0>, relu_config3>|  return value|
|ap_start      |   in|    1|  ap_ctrl_hs|  relu<ap_fixed<16, 6, 5, 3, 0>, ap_fixed<16, 6, 5, 3, 0>, relu_config3>|  return value|
|ap_done       |  out|    1|  ap_ctrl_hs|  relu<ap_fixed<16, 6, 5, 3, 0>, ap_fixed<16, 6, 5, 3, 0>, relu_config3>|  return value|
|ap_continue   |   in|    1|  ap_ctrl_hs|  relu<ap_fixed<16, 6, 5, 3, 0>, ap_fixed<16, 6, 5, 3, 0>, relu_config3>|  return value|
|ap_idle       |  out|    1|  ap_ctrl_hs|  relu<ap_fixed<16, 6, 5, 3, 0>, ap_fixed<16, 6, 5, 3, 0>, relu_config3>|  return value|
|ap_ready      |  out|    1|  ap_ctrl_hs|  relu<ap_fixed<16, 6, 5, 3, 0>, ap_fixed<16, 6, 5, 3, 0>, relu_config3>|  return value|
|ap_return_0   |  out|   15|  ap_ctrl_hs|  relu<ap_fixed<16, 6, 5, 3, 0>, ap_fixed<16, 6, 5, 3, 0>, relu_config3>|  return value|
|ap_return_1   |  out|   15|  ap_ctrl_hs|  relu<ap_fixed<16, 6, 5, 3, 0>, ap_fixed<16, 6, 5, 3, 0>, relu_config3>|  return value|
|ap_return_2   |  out|   15|  ap_ctrl_hs|  relu<ap_fixed<16, 6, 5, 3, 0>, ap_fixed<16, 6, 5, 3, 0>, relu_config3>|  return value|
|ap_return_3   |  out|   15|  ap_ctrl_hs|  relu<ap_fixed<16, 6, 5, 3, 0>, ap_fixed<16, 6, 5, 3, 0>, relu_config3>|  return value|
|ap_return_4   |  out|   15|  ap_ctrl_hs|  relu<ap_fixed<16, 6, 5, 3, 0>, ap_fixed<16, 6, 5, 3, 0>, relu_config3>|  return value|
|ap_return_5   |  out|   15|  ap_ctrl_hs|  relu<ap_fixed<16, 6, 5, 3, 0>, ap_fixed<16, 6, 5, 3, 0>, relu_config3>|  return value|
|ap_return_6   |  out|   15|  ap_ctrl_hs|  relu<ap_fixed<16, 6, 5, 3, 0>, ap_fixed<16, 6, 5, 3, 0>, relu_config3>|  return value|
|ap_return_7   |  out|   15|  ap_ctrl_hs|  relu<ap_fixed<16, 6, 5, 3, 0>, ap_fixed<16, 6, 5, 3, 0>, relu_config3>|  return value|
|ap_return_8   |  out|   15|  ap_ctrl_hs|  relu<ap_fixed<16, 6, 5, 3, 0>, ap_fixed<16, 6, 5, 3, 0>, relu_config3>|  return value|
|ap_return_9   |  out|   15|  ap_ctrl_hs|  relu<ap_fixed<16, 6, 5, 3, 0>, ap_fixed<16, 6, 5, 3, 0>, relu_config3>|  return value|
|ap_return_10  |  out|   15|  ap_ctrl_hs|  relu<ap_fixed<16, 6, 5, 3, 0>, ap_fixed<16, 6, 5, 3, 0>, relu_config3>|  return value|
|ap_return_11  |  out|   15|  ap_ctrl_hs|  relu<ap_fixed<16, 6, 5, 3, 0>, ap_fixed<16, 6, 5, 3, 0>, relu_config3>|  return value|
|ap_return_12  |  out|   15|  ap_ctrl_hs|  relu<ap_fixed<16, 6, 5, 3, 0>, ap_fixed<16, 6, 5, 3, 0>, relu_config3>|  return value|
|ap_return_13  |  out|   15|  ap_ctrl_hs|  relu<ap_fixed<16, 6, 5, 3, 0>, ap_fixed<16, 6, 5, 3, 0>, relu_config3>|  return value|
|ap_return_14  |  out|   15|  ap_ctrl_hs|  relu<ap_fixed<16, 6, 5, 3, 0>, ap_fixed<16, 6, 5, 3, 0>, relu_config3>|  return value|
|ap_return_15  |  out|   15|  ap_ctrl_hs|  relu<ap_fixed<16, 6, 5, 3, 0>, ap_fixed<16, 6, 5, 3, 0>, relu_config3>|  return value|
|p_read        |   in|   16|     ap_none|                                                                  p_read|        scalar|
|p_read1       |   in|   16|     ap_none|                                                                 p_read1|        scalar|
|p_read2       |   in|   16|     ap_none|                                                                 p_read2|        scalar|
|p_read3       |   in|   16|     ap_none|                                                                 p_read3|        scalar|
|p_read4       |   in|   16|     ap_none|                                                                 p_read4|        scalar|
|p_read5       |   in|   16|     ap_none|                                                                 p_read5|        scalar|
|p_read6       |   in|   16|     ap_none|                                                                 p_read6|        scalar|
|p_read7       |   in|   16|     ap_none|                                                                 p_read7|        scalar|
|p_read8       |   in|   16|     ap_none|                                                                 p_read8|        scalar|
|p_read9       |   in|   16|     ap_none|                                                                 p_read9|        scalar|
|p_read10      |   in|   16|     ap_none|                                                                p_read10|        scalar|
|p_read11      |   in|   16|     ap_none|                                                                p_read11|        scalar|
|p_read12      |   in|   16|     ap_none|                                                                p_read12|        scalar|
|p_read13      |   in|   16|     ap_none|                                                                p_read13|        scalar|
|p_read14      |   in|   16|     ap_none|                                                                p_read14|        scalar|
|p_read15      |   in|   16|     ap_none|                                                                p_read15|        scalar|
+--------------+-----+-----+------------+------------------------------------------------------------------------+--------------+

