

================================================================
== Vitis HLS Report for 'relu_ap_fixed_32_6_5_3_0_ap_fixed_32_6_5_3_0_relu_config3_s'
================================================================
* Date:           Sun Dec  7 22:01:39 2025

* Version:        2023.1 (Build 3854077 on May  4 2023)
* Project:        myproject_prj
* Solution:       solution1 (Vivado IP Flow Target)
* Product family: zynq
* Target device:  xc7z020-clg400-1


================================================================
== Performance Estimates
================================================================
+ Timing: 
    * Summary: 
    +--------+---------+----------+------------+
    |  Clock |  Target | Estimated| Uncertainty|
    +--------+---------+----------+------------+
    |ap_clk  |  5.00 ns|  3.285 ns|     0.62 ns|
    +--------+---------+----------+------------+

+ Latency: 
    * Summary: 
    +---------+---------+----------+----------+-----+-----+---------+
    |  Latency (cycles) |  Latency (absolute) |  Interval | Pipeline|
    |   min   |   max   |    min   |    max   | min | max |   Type  |
    +---------+---------+----------+----------+-----+-----+---------+
    |        1|        1|  5.000 ns|  5.000 ns|    1|    1|      yes|
    +---------+---------+----------+----------+-----+-----+---------+

    + Detail: 
        * Instance: 
        N/A

        * Loop: 
        N/A



================================================================
== Utilization Estimates
================================================================
* Summary: 
+-----------------+---------+-----+--------+-------+-----+
|       Name      | BRAM_18K| DSP |   FF   |  LUT  | URAM|
+-----------------+---------+-----+--------+-------+-----+
|DSP              |        -|    -|       -|      -|    -|
|Expression       |        -|    -|       0|   1124|    -|
|FIFO             |        -|    -|       -|      -|    -|
|Instance         |        -|    -|       -|      -|    -|
|Memory           |        -|    -|       -|      -|    -|
|Multiplexer      |        -|    -|       -|    153|    -|
|Register         |        -|    -|    1507|      -|    -|
+-----------------+---------+-----+--------+-------+-----+
|Total            |        0|    0|    1507|   1277|    0|
+-----------------+---------+-----+--------+-------+-----+
|Available        |      280|  220|  106400|  53200|    0|
+-----------------+---------+-----+--------+-------+-----+
|Utilization (%)  |        0|    0|       1|      2|    0|
+-----------------+---------+-----+--------+-------+-----+

+ Detail: 
    * Instance: 
    N/A

    * DSP: 
    N/A

    * Memory: 
    N/A

    * FIFO: 
    N/A

    * Expression: 
    +---------------------------+----------+----+---+----+------------+------------+
    |       Variable Name       | Operation| DSP| FF| LUT| Bitwidth P0| Bitwidth P1|
    +---------------------------+----------+----+---+----+------------+------------+
    |icmp_ln45_10_fu_326_p2     |      icmp|   0|  0|  39|          32|           1|
    |icmp_ln45_11_fu_338_p2     |      icmp|   0|  0|  39|          32|           1|
    |icmp_ln45_12_fu_350_p2     |      icmp|   0|  0|  39|          32|           1|
    |icmp_ln45_13_fu_362_p2     |      icmp|   0|  0|  39|          32|           1|
    |icmp_ln45_14_fu_374_p2     |      icmp|   0|  0|  39|          32|           1|
    |icmp_ln45_15_fu_386_p2     |      icmp|   0|  0|  39|          32|           1|
    |icmp_ln45_1_fu_218_p2      |      icmp|   0|  0|  39|          32|           1|
    |icmp_ln45_2_fu_230_p2      |      icmp|   0|  0|  39|          32|           1|
    |icmp_ln45_3_fu_242_p2      |      icmp|   0|  0|  39|          32|           1|
    |icmp_ln45_4_fu_254_p2      |      icmp|   0|  0|  39|          32|           1|
    |icmp_ln45_5_fu_266_p2      |      icmp|   0|  0|  39|          32|           1|
    |icmp_ln45_6_fu_278_p2      |      icmp|   0|  0|  39|          32|           1|
    |icmp_ln45_7_fu_290_p2      |      icmp|   0|  0|  39|          32|           1|
    |icmp_ln45_8_fu_302_p2      |      icmp|   0|  0|  39|          32|           1|
    |icmp_ln45_9_fu_314_p2      |      icmp|   0|  0|  39|          32|           1|
    |icmp_ln45_fu_206_p2        |      icmp|   0|  0|  39|          32|           1|
    |ap_block_pp0_stage0_11001  |        or|   0|  0|   2|           1|           1|
    |datareg_10_fu_331_p3       |    select|   0|  0|  31|           1|          31|
    |datareg_11_fu_343_p3       |    select|   0|  0|  31|           1|          31|
    |datareg_12_fu_355_p3       |    select|   0|  0|  31|           1|          31|
    |datareg_13_fu_367_p3       |    select|   0|  0|  31|           1|          31|
    |datareg_14_fu_379_p3       |    select|   0|  0|  31|           1|          31|
    |datareg_15_fu_391_p3       |    select|   0|  0|  31|           1|          31|
    |datareg_1_fu_223_p3        |    select|   0|  0|  31|           1|          31|
    |datareg_2_fu_235_p3        |    select|   0|  0|  31|           1|          31|
    |datareg_3_fu_247_p3        |    select|   0|  0|  31|           1|          31|
    |datareg_4_fu_259_p3        |    select|   0|  0|  31|           1|          31|
    |datareg_5_fu_271_p3        |    select|   0|  0|  31|           1|          31|
    |datareg_6_fu_283_p3        |    select|   0|  0|  31|           1|          31|
    |datareg_7_fu_295_p3        |    select|   0|  0|  31|           1|          31|
    |datareg_8_fu_307_p3        |    select|   0|  0|  31|           1|          31|
    |datareg_9_fu_319_p3        |    select|   0|  0|  31|           1|          31|
    |datareg_fu_211_p3          |    select|   0|  0|  31|           1|          31|
    |ap_enable_pp0              |       xor|   0|  0|   2|           1|           2|
    +---------------------------+----------+----+---+----+------------+------------+
    |Total                      |          |   0|  0|1124|         530|         515|
    +---------------------------+----------+----+---+----+------------+------------+

    * Multiplexer: 
    +--------------+----+-----------+-----+-----------+
    |     Name     | LUT| Input Size| Bits| Total Bits|
    +--------------+----+-----------+-----+-----------+
    |ap_done       |   9|          2|    1|          2|
    |ap_return_0   |   9|          2|   31|         62|
    |ap_return_1   |   9|          2|   31|         62|
    |ap_return_10  |   9|          2|   31|         62|
    |ap_return_11  |   9|          2|   31|         62|
    |ap_return_12  |   9|          2|   31|         62|
    |ap_return_13  |   9|          2|   31|         62|
    |ap_return_14  |   9|          2|   31|         62|
    |ap_return_15  |   9|          2|   31|         62|
    |ap_return_2   |   9|          2|   31|         62|
    |ap_return_3   |   9|          2|   31|         62|
    |ap_return_4   |   9|          2|   31|         62|
    |ap_return_5   |   9|          2|   31|         62|
    |ap_return_6   |   9|          2|   31|         62|
    |ap_return_7   |   9|          2|   31|         62|
    |ap_return_8   |   9|          2|   31|         62|
    |ap_return_9   |   9|          2|   31|         62|
    +--------------+----+-----------+-----+-----------+
    |Total         | 153|         34|  497|        994|
    +--------------+----+-----------+-----+-----------+

    * Register: 
    +-------------------------+----+----+-----+-----------+
    |           Name          | FF | LUT| Bits| Const Bits|
    +-------------------------+----+----+-----+-----------+
    |ap_CS_fsm                |   1|   0|    1|          0|
    |ap_done_reg              |   1|   0|    1|          0|
    |ap_enable_reg_pp0_iter1  |   1|   0|    1|          0|
    |ap_return_0_preg         |  31|   0|   31|          0|
    |ap_return_10_preg        |  31|   0|   31|          0|
    |ap_return_11_preg        |  31|   0|   31|          0|
    |ap_return_12_preg        |  31|   0|   31|          0|
    |ap_return_13_preg        |  31|   0|   31|          0|
    |ap_return_14_preg        |  31|   0|   31|          0|
    |ap_return_15_preg        |  31|   0|   31|          0|
    |ap_return_1_preg         |  31|   0|   31|          0|
    |ap_return_2_preg         |  31|   0|   31|          0|
    |ap_return_3_preg         |  31|   0|   31|          0|
    |ap_return_4_preg         |  31|   0|   31|          0|
    |ap_return_5_preg         |  31|   0|   31|          0|
    |ap_return_6_preg         |  31|   0|   31|          0|
    |ap_return_7_preg         |  31|   0|   31|          0|
    |ap_return_8_preg         |  31|   0|   31|          0|
    |ap_return_9_preg         |  31|   0|   31|          0|
    |p_read1026_reg_519       |  32|   0|   32|          0|
    |p_read117_reg_564        |  32|   0|   32|          0|
    |p_read16_reg_569         |  32|   0|   32|          0|
    |p_read218_reg_559        |  32|   0|   32|          0|
    |p_read319_reg_554        |  32|   0|   32|          0|
    |p_read420_reg_549        |  32|   0|   32|          0|
    |p_read521_reg_544        |  32|   0|   32|          0|
    |p_read622_reg_539        |  32|   0|   32|          0|
    |p_read723_reg_534        |  32|   0|   32|          0|
    |p_read824_reg_529        |  32|   0|   32|          0|
    |p_read925_reg_524        |  32|   0|   32|          0|
    |p_read_65_reg_494        |  32|   0|   32|          0|
    |p_read_66_reg_499        |  32|   0|   32|          0|
    |p_read_67_reg_504        |  32|   0|   32|          0|
    |p_read_68_reg_509        |  32|   0|   32|          0|
    |p_read_69_reg_514        |  32|   0|   32|          0|
    |trunc_ln42_10_reg_624    |  31|   0|   31|          0|
    |trunc_ln42_11_reg_629    |  31|   0|   31|          0|
    |trunc_ln42_12_reg_634    |  31|   0|   31|          0|
    |trunc_ln42_13_reg_639    |  31|   0|   31|          0|
    |trunc_ln42_14_reg_644    |  31|   0|   31|          0|
    |trunc_ln42_15_reg_649    |  31|   0|   31|          0|
    |trunc_ln42_1_reg_579     |  31|   0|   31|          0|
    |trunc_ln42_2_reg_584     |  31|   0|   31|          0|
    |trunc_ln42_3_reg_589     |  31|   0|   31|          0|
    |trunc_ln42_4_reg_594     |  31|   0|   31|          0|
    |trunc_ln42_5_reg_599     |  31|   0|   31|          0|
    |trunc_ln42_6_reg_604     |  31|   0|   31|          0|
    |trunc_ln42_7_reg_609     |  31|   0|   31|          0|
    |trunc_ln42_8_reg_614     |  31|   0|   31|          0|
    |trunc_ln42_9_reg_619     |  31|   0|   31|          0|
    |trunc_ln42_reg_574       |  31|   0|   31|          0|
    +-------------------------+----+----+-----+-----------+
    |Total                    |1507|   0| 1507|          0|
    +-------------------------+----+----+-----+-----------+



================================================================
== Interface
================================================================
* Summary: 
+--------------+-----+-----+------------+------------------------------------------------------------------------+--------------+
|   RTL Ports  | Dir | Bits|  Protocol  |                              Source Object                             |    C Type    |
+--------------+-----+-----+------------+------------------------------------------------------------------------+--------------+
|ap_clk        |   in|    1|  ap_ctrl_hs|  relu<ap_fixed<32, 6, 5, 3, 0>, ap_fixed<32, 6, 5, 3, 0>, relu_config3>|  return value|
|ap_rst        |   in|    1|  ap_ctrl_hs|  relu<ap_fixed<32, 6, 5, 3, 0>, ap_fixed<32, 6, 5, 3, 0>, relu_config3>|  return value|
|ap_start      |   in|    1|  ap_ctrl_hs|  relu<ap_fixed<32, 6, 5, 3, 0>, ap_fixed<32, 6, 5, 3, 0>, relu_config3>|  return value|
|ap_done       |  out|    1|  ap_ctrl_hs|  relu<ap_fixed<32, 6, 5, 3, 0>, ap_fixed<32, 6, 5, 3, 0>, relu_config3>|  return value|
|ap_continue   |   in|    1|  ap_ctrl_hs|  relu<ap_fixed<32, 6, 5, 3, 0>, ap_fixed<32, 6, 5, 3, 0>, relu_config3>|  return value|
|ap_idle       |  out|    1|  ap_ctrl_hs|  relu<ap_fixed<32, 6, 5, 3, 0>, ap_fixed<32, 6, 5, 3, 0>, relu_config3>|  return value|
|ap_ready      |  out|    1|  ap_ctrl_hs|  relu<ap_fixed<32, 6, 5, 3, 0>, ap_fixed<32, 6, 5, 3, 0>, relu_config3>|  return value|
|ap_return_0   |  out|   31|  ap_ctrl_hs|  relu<ap_fixed<32, 6, 5, 3, 0>, ap_fixed<32, 6, 5, 3, 0>, relu_config3>|  return value|
|ap_return_1   |  out|   31|  ap_ctrl_hs|  relu<ap_fixed<32, 6, 5, 3, 0>, ap_fixed<32, 6, 5, 3, 0>, relu_config3>|  return value|
|ap_return_2   |  out|   31|  ap_ctrl_hs|  relu<ap_fixed<32, 6, 5, 3, 0>, ap_fixed<32, 6, 5, 3, 0>, relu_config3>|  return value|
|ap_return_3   |  out|   31|  ap_ctrl_hs|  relu<ap_fixed<32, 6, 5, 3, 0>, ap_fixed<32, 6, 5, 3, 0>, relu_config3>|  return value|
|ap_return_4   |  out|   31|  ap_ctrl_hs|  relu<ap_fixed<32, 6, 5, 3, 0>, ap_fixed<32, 6, 5, 3, 0>, relu_config3>|  return value|
|ap_return_5   |  out|   31|  ap_ctrl_hs|  relu<ap_fixed<32, 6, 5, 3, 0>, ap_fixed<32, 6, 5, 3, 0>, relu_config3>|  return value|
|ap_return_6   |  out|   31|  ap_ctrl_hs|  relu<ap_fixed<32, 6, 5, 3, 0>, ap_fixed<32, 6, 5, 3, 0>, relu_config3>|  return value|
|ap_return_7   |  out|   31|  ap_ctrl_hs|  relu<ap_fixed<32, 6, 5, 3, 0>, ap_fixed<32, 6, 5, 3, 0>, relu_config3>|  return value|
|ap_return_8   |  out|   31|  ap_ctrl_hs|  relu<ap_fixed<32, 6, 5, 3, 0>, ap_fixed<32, 6, 5, 3, 0>, relu_config3>|  return value|
|ap_return_9   |  out|   31|  ap_ctrl_hs|  relu<ap_fixed<32, 6, 5, 3, 0>, ap_fixed<32, 6, 5, 3, 0>, relu_config3>|  return value|
|ap_return_10  |  out|   31|  ap_ctrl_hs|  relu<ap_fixed<32, 6, 5, 3, 0>, ap_fixed<32, 6, 5, 3, 0>, relu_config3>|  return value|
|ap_return_11  |  out|   31|  ap_ctrl_hs|  relu<ap_fixed<32, 6, 5, 3, 0>, ap_fixed<32, 6, 5, 3, 0>, relu_config3>|  return value|
|ap_return_12  |  out|   31|  ap_ctrl_hs|  relu<ap_fixed<32, 6, 5, 3, 0>, ap_fixed<32, 6, 5, 3, 0>, relu_config3>|  return value|
|ap_return_13  |  out|   31|  ap_ctrl_hs|  relu<ap_fixed<32, 6, 5, 3, 0>, ap_fixed<32, 6, 5, 3, 0>, relu_config3>|  return value|
|ap_return_14  |  out|   31|  ap_ctrl_hs|  relu<ap_fixed<32, 6, 5, 3, 0>, ap_fixed<32, 6, 5, 3, 0>, relu_config3>|  return value|
|ap_return_15  |  out|   31|  ap_ctrl_hs|  relu<ap_fixed<32, 6, 5, 3, 0>, ap_fixed<32, 6, 5, 3, 0>, relu_config3>|  return value|
|p_read        |   in|   32|     ap_none|                                                                  p_read|        scalar|
|p_read1       |   in|   32|     ap_none|                                                                 p_read1|        scalar|
|p_read2       |   in|   32|     ap_none|                                                                 p_read2|        scalar|
|p_read3       |   in|   32|     ap_none|                                                                 p_read3|        scalar|
|p_read4       |   in|   32|     ap_none|                                                                 p_read4|        scalar|
|p_read5       |   in|   32|     ap_none|                                                                 p_read5|        scalar|
|p_read6       |   in|   32|     ap_none|                                                                 p_read6|        scalar|
|p_read7       |   in|   32|     ap_none|                                                                 p_read7|        scalar|
|p_read8       |   in|   32|     ap_none|                                                                 p_read8|        scalar|
|p_read9       |   in|   32|     ap_none|                                                                 p_read9|        scalar|
|p_read10      |   in|   32|     ap_none|                                                                p_read10|        scalar|
|p_read11      |   in|   32|     ap_none|                                                                p_read11|        scalar|
|p_read12      |   in|   32|     ap_none|                                                                p_read12|        scalar|
|p_read13      |   in|   32|     ap_none|                                                                p_read13|        scalar|
|p_read14      |   in|   32|     ap_none|                                                                p_read14|        scalar|
|p_read15      |   in|   32|     ap_none|                                                                p_read15|        scalar|
+--------------+-----+-----+------------+------------------------------------------------------------------------+--------------+

