Copyright 1986-2022 Xilinx, Inc. All Rights Reserved. Copyright 2022-2025 Advanced Micro Devices, Inc. All Rights Reserved.
---------------------------------------------------------------------------------------------------------------------------------------------
| Tool Version : Vivado v.2025.1 (win64) Build 6140274 Thu May 22 00:12:29 MDT 2025
| Date         : Mon Dec 15 00:53:02 2025
| Host         : Unlucky running 64-bit major release  (build 9200)
| Command      : report_timing_summary -file ./report/tiny_autoencoder_timing_synth.rpt
| Design       : bd_0_wrapper
| Device       : 7z020-clg400
| Speed File   : -1  PRODUCTION 1.12 2019-11-22
| Design State : Synthesized
---------------------------------------------------------------------------------------------------------------------------------------------

Timing Summary Report

------------------------------------------------------------------------------------------------
| Timer Settings
| --------------
------------------------------------------------------------------------------------------------

  Enable Multi Corner Analysis               :  Yes
  Enable Pessimism Removal                   :  Yes
  Pessimism Removal Resolution               :  Nearest Common Node
  Enable Input Delay Default Clock           :  No
  Enable Preset / Clear Arcs                 :  No
  Disable Flight Delays                      :  No
  Ignore I/O Paths                           :  No
  Timing Early Launch at Borrowing Latches   :  No
  Borrow Time for Max Delay Exceptions       :  Yes
  Merge Timing Exceptions                    :  Yes
  Inter-SLR Compensation                     :  Conservative

  Corner  Analyze    Analyze    
  Name    Max Paths  Min Paths  
  ------  ---------  ---------  
  Slow    Yes        Yes        
  Fast    Yes        Yes        


------------------------------------------------------------------------------------------------
| Report Methodology
| ------------------
------------------------------------------------------------------------------------------------

No report available as report_methodology has not been run prior. Run report_methodology on the current design for the summary of methodology violations.



check_timing report

Table of Contents
-----------------
1. checking no_clock (0)
2. checking constant_clock (0)
3. checking pulse_width_clock (0)
4. checking unconstrained_internal_endpoints (0)
5. checking no_input_delay (130)
6. checking no_output_delay (155)
7. checking multiple_clock (0)
8. checking generated_clocks (0)
9. checking loops (0)
10. checking partial_input_delay (0)
11. checking partial_output_delay (0)
12. checking latch_loops (0)

1. checking no_clock (0)
------------------------
 There are 0 register/latch pins with no clock.


2. checking constant_clock (0)
------------------------------
 There are 0 register/latch pins with constant_clock.


3. checking pulse_width_clock (0)
---------------------------------
 There are 0 register/latch pins which need pulse_width check


4. checking unconstrained_internal_endpoints (0)
------------------------------------------------
 There are 0 pins that are not constrained for maximum delay.

 There are 0 pins that are not constrained for maximum delay due to constant clock.


5. checking no_input_delay (130)
--------------------------------
 There are 130 input ports with no input delay specified. (HIGH)

 There are 0 input ports with no input delay but user has a false path constraint.


6. checking no_output_delay (155)
---------------------------------
 There are 155 ports with no output delay specified. (HIGH)

 There are 0 ports with no output delay but user has a false path constraint

 There are 0 ports with no output delay but with a timing clock defined on it or propagating through it


7. checking multiple_clock (0)
------------------------------
 There are 0 register/latch pins with multiple clocks.


8. checking generated_clocks (0)
--------------------------------
 There are 0 generated clocks that are not connected to a clock source.


9. checking loops (0)
---------------------
 There are 0 combinational loops in the design.


10. checking partial_input_delay (0)
------------------------------------
 There are 0 input ports with partial input delay specified.


11. checking partial_output_delay (0)
-------------------------------------
 There are 0 ports with partial output delay specified.


12. checking latch_loops (0)
----------------------------
 There are 0 combinational latch loops in the design through latch input



------------------------------------------------------------------------------------------------
| Design Timing Summary
| ---------------------
------------------------------------------------------------------------------------------------

    WNS(ns)      TNS(ns)  TNS Failing Endpoints  TNS Total Endpoints      WHS(ns)      THS(ns)  THS Failing Endpoints  THS Total Endpoints     WPWS(ns)     TPWS(ns)  TPWS Failing Endpoints  TPWS Total Endpoints  
    -------      -------  ---------------------  -------------------      -------      -------  ---------------------  -------------------     --------     --------  ----------------------  --------------------  
      2.190        0.000                      0                19251        0.252        0.000                      0                19251        4.020        0.000                       0                  7131  


All user specified timing constraints are met.


------------------------------------------------------------------------------------------------
| Clock Summary
| -------------
------------------------------------------------------------------------------------------------

Clock   Waveform(ns)       Period(ns)      Frequency(MHz)
-----   ------------       ----------      --------------
ap_clk  {0.000 5.000}      10.000          100.000         


------------------------------------------------------------------------------------------------
| Intra Clock Table
| -----------------
------------------------------------------------------------------------------------------------

Clock             WNS(ns)      TNS(ns)  TNS Failing Endpoints  TNS Total Endpoints      WHS(ns)      THS(ns)  THS Failing Endpoints  THS Total Endpoints     WPWS(ns)     TPWS(ns)  TPWS Failing Endpoints  TPWS Total Endpoints  
-----             -------      -------  ---------------------  -------------------      -------      -------  ---------------------  -------------------     --------     --------  ----------------------  --------------------  
ap_clk              2.190        0.000                      0                19251        0.252        0.000                      0                19251        4.020        0.000                       0                  7131  


------------------------------------------------------------------------------------------------
| Inter Clock Table
| -----------------
------------------------------------------------------------------------------------------------

From Clock    To Clock          WNS(ns)      TNS(ns)  TNS Failing Endpoints  TNS Total Endpoints      WHS(ns)      THS(ns)  THS Failing Endpoints  THS Total Endpoints  
----------    --------          -------      -------  ---------------------  -------------------      -------      -------  ---------------------  -------------------  


------------------------------------------------------------------------------------------------
| Other Path Groups Table
| -----------------------
------------------------------------------------------------------------------------------------

Path Group    From Clock    To Clock          WNS(ns)      TNS(ns)  TNS Failing Endpoints  TNS Total Endpoints      WHS(ns)      THS(ns)  THS Failing Endpoints  THS Total Endpoints  
----------    ----------    --------          -------      -------  ---------------------  -------------------      -------      -------  ---------------------  -------------------  


------------------------------------------------------------------------------------------------
| Timing Details
| --------------
------------------------------------------------------------------------------------------------


---------------------------------------------------------------------------------------------------
From Clock:  ap_clk
  To Clock:  ap_clk

Setup :            0  Failing Endpoints,  Worst Slack        2.190ns,  Total Violation        0.000ns
Hold  :            0  Failing Endpoints,  Worst Slack        0.252ns,  Total Violation        0.000ns
PW    :            0  Failing Endpoints,  Worst Slack        4.020ns,  Total Violation        0.000ns
---------------------------------------------------------------------------------------------------


Max Delay Paths
--------------------------------------------------------------------------------------
Slack (MET) :             2.190ns  (required time - arrival time)
  Source:                 bd_0_i/hls_inst/inst/compute_encoder_U0/p_ZL2W1_0_7_load_reg_7932_reg[5]/C
                            (rising edge-triggered cell FDRE clocked by ap_clk  {rise@0.000ns fall@5.000ns period=10.000ns})
  Destination:            bd_0_i/hls_inst/inst/compute_encoder_U0/mult_res_103_reg_8860_reg[19]/D
                            (rising edge-triggered cell FDRE clocked by ap_clk  {rise@0.000ns fall@5.000ns period=10.000ns})
  Path Group:             ap_clk
  Path Type:              Setup (Max at Slow Process Corner)
  Requirement:            10.000ns  (ap_clk rise@10.000ns - ap_clk rise@0.000ns)
  Data Path Delay:        7.835ns  (logic 4.359ns (55.635%)  route 3.476ns (44.365%))
  Logic Levels:           11  (CARRY4=7 LUT3=1 LUT4=1 LUT5=1 LUT6=1)
  Clock Path Skew:        -0.049ns (DCD - SCD + CPR)
    Destination Clock Delay (DCD):    0.924ns = ( 10.924 - 10.000 ) 
    Source Clock Delay      (SCD):    0.973ns
    Clock Pessimism Removal (CPR):    0.000ns
  Clock Uncertainty:      0.035ns  ((TSJ^2 + TIJ^2)^1/2 + DJ) / 2 + PE
    Total System Jitter     (TSJ):    0.071ns
    Total Input Jitter      (TIJ):    0.000ns
    Discrete Jitter          (DJ):    0.000ns
    Phase Error              (PE):    0.000ns

    Location             Delay type                Incr(ns)  Path(ns)    Netlist Resource(s)
  -------------------------------------------------------------------    -------------------
                         (clock ap_clk rise edge)     0.000     0.000 r  
                                                      0.000     0.000 r  ap_clk (IN)
                         net (fo=7130, unset)         0.973     0.973    bd_0_i/hls_inst/inst/compute_encoder_U0/ap_clk
                         FDRE                                         r  bd_0_i/hls_inst/inst/compute_encoder_U0/p_ZL2W1_0_7_load_reg_7932_reg[5]/C
  -------------------------------------------------------------------    -------------------
                         FDRE (Prop_fdre_C_Q)         0.518     1.491 r  bd_0_i/hls_inst/inst/compute_encoder_U0/p_ZL2W1_0_7_load_reg_7932_reg[5]/Q
                         net (fo=143, unplaced)       1.074     2.565    bd_0_i/hls_inst/inst/compute_encoder_U0/mul_16s_10s_26_1_1_U86/p_ZL2W1_0_7_load_reg_7932[0]
                         LUT6 (Prop_lut6_I0_O)        0.295     2.860 r  bd_0_i/hls_inst/inst/compute_encoder_U0/mul_16s_10s_26_1_1_U86/mult_res_103_reg_8860[2]_i_14/O
                         net (fo=2, unplaced)         0.650     3.510    bd_0_i/hls_inst/inst/compute_encoder_U0_n_3868
                         CARRY4 (Prop_carry4_DI[1]_CO[3])
                                                      0.520     4.030 r  bd_0_i/hls_inst/inst/mul_16s_10s_26_1_1_U86/mult_res_103_reg_8860_reg[2]_i_10/CO[3]
                         net (fo=1, unplaced)         0.000     4.030    bd_0_i/hls_inst/inst/mul_16s_10s_26_1_1_U86/mult_res_103_reg_8860_reg[2]_i_10_n_0
                         CARRY4 (Prop_carry4_CI_O[1])
                                                      0.337     4.367 r  bd_0_i/hls_inst/inst/mul_16s_10s_26_1_1_U86/mult_res_103_reg_8860_reg[6]_i_12/O[1]
                         net (fo=3, unplaced)         0.629     4.996    bd_0_i/hls_inst/inst/compute_encoder_U0/mul_16s_10s_26_1_1_U86/mul_16s_10s_26_1_1_U86/mult_res_103_reg_8860_reg[10]_i_12_0[0]
                         LUT5 (Prop_lut5_I0_O)        0.306     5.302 r  bd_0_i/hls_inst/inst/compute_encoder_U0/mul_16s_10s_26_1_1_U86/mult_res_103_reg_8860[10]_i_34/O
                         net (fo=1, unplaced)         0.000     5.302    bd_0_i/hls_inst/inst/compute_encoder_U0_n_3888
                         CARRY4 (Prop_carry4_S[1]_CO[3])
                                                      0.533     5.835 r  bd_0_i/hls_inst/inst/mul_16s_10s_26_1_1_U86/mult_res_103_reg_8860_reg[10]_i_12/CO[3]
                         net (fo=1, unplaced)         0.009     5.844    bd_0_i/hls_inst/inst/mul_16s_10s_26_1_1_U86/mult_res_103_reg_8860_reg[10]_i_12_n_0
                         CARRY4 (Prop_carry4_CI_O[3])
                                                      0.331     6.175 r  bd_0_i/hls_inst/inst/mul_16s_10s_26_1_1_U86/mult_res_103_reg_8860_reg[14]_i_12/O[3]
                         net (fo=2, unplaced)         0.629     6.804    bd_0_i/hls_inst/inst/mul_16s_10s_26_1_1_U86/mult_res_103_reg_8860_reg[14]_i_12_n_4
                         LUT3 (Prop_lut3_I0_O)        0.302     7.106 r  bd_0_i/hls_inst/inst/mul_16s_10s_26_1_1_U86/mult_res_103_reg_8860[14]_i_5/O
                         net (fo=2, unplaced)         0.485     7.591    bd_0_i/hls_inst/inst/mul_16s_10s_26_1_1_U86/mult_res_103_reg_8860[14]_i_5_n_0
                         LUT4 (Prop_lut4_I3_O)        0.355     7.946 r  bd_0_i/hls_inst/inst/mul_16s_10s_26_1_1_U86/mult_res_103_reg_8860[14]_i_9/O
                         net (fo=1, unplaced)         0.000     7.946    bd_0_i/hls_inst/inst/mul_16s_10s_26_1_1_U86/mult_res_103_reg_8860[14]_i_9_n_0
                         CARRY4 (Prop_carry4_S[0]_CO[3])
                                                      0.513     8.459 r  bd_0_i/hls_inst/inst/mul_16s_10s_26_1_1_U86/mult_res_103_reg_8860_reg[14]_i_1/CO[3]
                         net (fo=1, unplaced)         0.000     8.459    bd_0_i/hls_inst/inst/mul_16s_10s_26_1_1_U86/mult_res_103_reg_8860_reg[14]_i_1_n_0
                         CARRY4 (Prop_carry4_CI_CO[3])
                                                      0.117     8.576 r  bd_0_i/hls_inst/inst/mul_16s_10s_26_1_1_U86/mult_res_103_reg_8860_reg[18]_i_1/CO[3]
                         net (fo=1, unplaced)         0.000     8.576    bd_0_i/hls_inst/inst/compute_encoder_U0/mul_16s_10s_26_1_1_U86/mult_res_103_reg_8860_reg[19][0]
                         CARRY4 (Prop_carry4_CI_O[0])
                                                      0.232     8.808 r  bd_0_i/hls_inst/inst/compute_encoder_U0/mul_16s_10s_26_1_1_U86/mult_res_103_reg_8860_reg[19]_i_1/O[0]
                         net (fo=1, unplaced)         0.000     8.808    bd_0_i/hls_inst/inst/compute_encoder_U0/mul_ln59_103_fu_4362_p2[25]
                         FDRE                                         r  bd_0_i/hls_inst/inst/compute_encoder_U0/mult_res_103_reg_8860_reg[19]/D
  -------------------------------------------------------------------    -------------------

                         (clock ap_clk rise edge)    10.000    10.000 r  
                                                      0.000    10.000 r  ap_clk (IN)
                         net (fo=7130, unset)         0.924    10.924    bd_0_i/hls_inst/inst/compute_encoder_U0/ap_clk
                         FDRE                                         r  bd_0_i/hls_inst/inst/compute_encoder_U0/mult_res_103_reg_8860_reg[19]/C
                         clock pessimism              0.000    10.924    
                         clock uncertainty           -0.035    10.889    
                         FDRE (Setup_fdre_C_D)        0.109    10.998    bd_0_i/hls_inst/inst/compute_encoder_U0/mult_res_103_reg_8860_reg[19]
  -------------------------------------------------------------------
                         required time                         10.998    
                         arrival time                          -8.808    
  -------------------------------------------------------------------
                         slack                                  2.190    





Min Delay Paths
--------------------------------------------------------------------------------------
Slack (MET) :             0.252ns  (arrival time - required time)
  Source:                 bd_0_i/hls_inst/inst/compute_encoder_U0/i1_fu_628_reg[6]/C
                            (rising edge-triggered cell FDRE clocked by ap_clk  {rise@0.000ns fall@5.000ns period=10.000ns})
  Destination:            bd_0_i/hls_inst/inst/compute_encoder_U0/i1_fu_628_reg[6]/D
                            (rising edge-triggered cell FDRE clocked by ap_clk  {rise@0.000ns fall@5.000ns period=10.000ns})
  Path Group:             ap_clk
  Path Type:              Hold (Min at Fast Process Corner)
  Requirement:            0.000ns  (ap_clk rise@0.000ns - ap_clk rise@0.000ns)
  Data Path Delay:        0.393ns  (logic 0.262ns (66.651%)  route 0.131ns (33.349%))
  Logic Levels:           1  (LUT4=1)
  Clock Path Skew:        0.022ns (DCD - SCD - CPR)
    Destination Clock Delay (DCD):    0.432ns
    Source Clock Delay      (SCD):    0.410ns
    Clock Pessimism Removal (CPR):    -0.000ns

    Location             Delay type                Incr(ns)  Path(ns)    Netlist Resource(s)
  -------------------------------------------------------------------    -------------------
                         (clock ap_clk rise edge)     0.000     0.000 r  
                                                      0.000     0.000 r  ap_clk (IN)
                         net (fo=7130, unset)         0.410     0.410    bd_0_i/hls_inst/inst/compute_encoder_U0/ap_clk
                         FDRE                                         r  bd_0_i/hls_inst/inst/compute_encoder_U0/i1_fu_628_reg[6]/C
  -------------------------------------------------------------------    -------------------
                         FDRE (Prop_fdre_C_Q)         0.164     0.574 r  bd_0_i/hls_inst/inst/compute_encoder_U0/i1_fu_628_reg[6]/Q
                         net (fo=1, unplaced)         0.131     0.705    bd_0_i/hls_inst/inst/compute_encoder_U0/i1_fu_628_reg[6]
                         LUT4 (Prop_lut4_I3_O)        0.098     0.803 r  bd_0_i/hls_inst/inst/compute_encoder_U0/i1_fu_628[6]_i_1/O
                         net (fo=2, unplaced)         0.000     0.803    bd_0_i/hls_inst/inst/compute_encoder_U0/i_fu_2677_p2[6]
                         FDRE                                         r  bd_0_i/hls_inst/inst/compute_encoder_U0/i1_fu_628_reg[6]/D
  -------------------------------------------------------------------    -------------------

                         (clock ap_clk rise edge)     0.000     0.000 r  
                                                      0.000     0.000 r  ap_clk (IN)
                         net (fo=7130, unset)         0.432     0.432    bd_0_i/hls_inst/inst/compute_encoder_U0/ap_clk
                         FDRE                                         r  bd_0_i/hls_inst/inst/compute_encoder_U0/i1_fu_628_reg[6]/C
                         clock pessimism              0.000     0.432    
                         FDRE (Hold_fdre_C_D)         0.120     0.552    bd_0_i/hls_inst/inst/compute_encoder_U0/i1_fu_628_reg[6]
  -------------------------------------------------------------------
                         required time                         -0.552    
                         arrival time                           0.803    
  -------------------------------------------------------------------
                         slack                                  0.252    





Pulse Width Checks
--------------------------------------------------------------------------------------
Clock Name:         ap_clk
Waveform(ns):       { 0.000 5.000 }
Period(ns):         10.000
Sources:            { ap_clk }

Check Type        Corner  Lib Pin             Reference Pin  Required(ns)  Actual(ns)  Slack(ns)  Location  Pin
Min Period        n/a     RAMB18E1/CLKARDCLK  n/a            2.576         10.000      7.424                bd_0_i/hls_inst/inst/compute_decoder_U0/SIGMOID_TABLE_U/q0_reg/CLKARDCLK
Low Pulse Width   Slow    SRLC32E/CLK         n/a            0.980         5.000       4.020                bd_0_i/hls_inst/inst/compute_decoder_U0/ap_loop_exit_ready_pp0_iter20_reg_reg_srl20/CLK
High Pulse Width  Slow    SRLC32E/CLK         n/a            0.980         5.000       4.020                bd_0_i/hls_inst/inst/compute_decoder_U0/ap_loop_exit_ready_pp0_iter20_reg_reg_srl20/CLK



