/home/ubuntu2004/527_final/mini_ae_project/myproject_prj/solution1/.autopilot/db/myproject.pp.0.cpp:28360:7: warning: Added loop label VITIS_LOOP_1213_1:   [xilinx-label-all-loops]
      for (i = 0; i < __N - 1; ++i) {
      ^~~
      VITIS_LOOP_1213_1: 
/home/ubuntu2004/527_final/mini_ae_project/myproject_prj/solution1/.autopilot/db/myproject.pp.0.cpp:28360:7: note: FIX-IT applied suggested code changes
/home/ubuntu2004/527_final/mini_ae_project/myproject_prj/solution1/.autopilot/db/myproject.pp.0.cpp:29334:5: warning: Added loop label VITIS_LOOP_676_1:   [xilinx-label-all-loops]
    for (unsigned i = low; i != high; ++i) {
    ^~~
    VITIS_LOOP_676_1: 
/home/ubuntu2004/527_final/mini_ae_project/myproject_prj/solution1/.autopilot/db/myproject.pp.0.cpp:29334:5: note: FIX-IT applied suggested code changes
/home/ubuntu2004/527_final/mini_ae_project/myproject_prj/solution1/.autopilot/db/myproject.pp.0.cpp:29348:5: warning: Added loop label VITIS_LOOP_690_1:   [xilinx-label-all-loops]
    for (unsigned i = low; i != high; ++i) {
    ^~~
    VITIS_LOOP_690_1: 
/home/ubuntu2004/527_final/mini_ae_project/myproject_prj/solution1/.autopilot/db/myproject.pp.0.cpp:29348:5: note: FIX-IT applied suggested code changes
/home/ubuntu2004/527_final/mini_ae_project/myproject_prj/solution1/.autopilot/db/myproject.pp.0.cpp:29362:5: warning: Added loop label VITIS_LOOP_704_1:   [xilinx-label-all-loops]
    for (unsigned i = low; i != high; ++i) {
    ^~~
    VITIS_LOOP_704_1: 
/home/ubuntu2004/527_final/mini_ae_project/myproject_prj/solution1/.autopilot/db/myproject.pp.0.cpp:29362:5: note: FIX-IT applied suggested code changes
/home/ubuntu2004/527_final/mini_ae_project/myproject_prj/solution1/.autopilot/db/myproject.pp.0.cpp:30961:7: warning: Added loop label VITIS_LOOP_1247_1:   [xilinx-label-all-loops]
      for (i = 0; i < __N - 1; ++i) {
      ^~~
      VITIS_LOOP_1247_1: 
/home/ubuntu2004/527_final/mini_ae_project/myproject_prj/solution1/.autopilot/db/myproject.pp.0.cpp:30961:7: note: FIX-IT applied suggested code changes
/home/ubuntu2004/527_final/mini_ae_project/myproject_prj/solution1/.autopilot/db/myproject.pp.0.cpp:32946:9: warning: Added loop label VITIS_LOOP_27_1:   [xilinx-label-all-loops]
        for (unsigned i = 0; i < N; i++) {
        ^~~
        VITIS_LOOP_27_1: 
/home/ubuntu2004/527_final/mini_ae_project/myproject_prj/solution1/.autopilot/db/myproject.pp.0.cpp:32946:9: note: FIX-IT applied suggested code changes
/home/ubuntu2004/527_final/mini_ae_project/myproject_prj/solution1/.autopilot/db/myproject.pp.0.cpp:32959:9: warning: Added loop label VITIS_LOOP_40_1:   [xilinx-label-all-loops]
        for (size_t i = 0; i < N; i++) {
        ^~~
        VITIS_LOOP_40_1: 
/home/ubuntu2004/527_final/mini_ae_project/myproject_prj/solution1/.autopilot/db/myproject.pp.0.cpp:32959:9: note: FIX-IT applied suggested code changes
/home/ubuntu2004/527_final/mini_ae_project/myproject_prj/solution1/.autopilot/db/myproject.pp.0.cpp:55833:5: warning: Added loop label VITIS_LOOP_265_1:   [xilinx-label-all-loops]
    for (typename std::vector<src_T>::const_iterator i = in_begin; i != in_end; ++i) {
    ^~~
    VITIS_LOOP_265_1: 
/home/ubuntu2004/527_final/mini_ae_project/myproject_prj/solution1/.autopilot/db/myproject.pp.0.cpp:55833:5: note: FIX-IT applied suggested code changes
/home/ubuntu2004/527_final/mini_ae_project/myproject_prj/solution1/.autopilot/db/myproject.pp.0.cpp:55843:5: warning: Added loop label VITIS_LOOP_275_1:   [xilinx-label-all-loops]
    for (auto i = 0; i < SIZE; i++)
    ^~~
    VITIS_LOOP_275_1: 
/home/ubuntu2004/527_final/mini_ae_project/myproject_prj/solution1/.autopilot/db/myproject.pp.0.cpp:55843:5: note: FIX-IT applied suggested code changes
/home/ubuntu2004/527_final/mini_ae_project/myproject_prj/solution1/.autopilot/db/myproject.pp.0.cpp:55854:5: warning: Added loop label VITIS_LOOP_286_1:   [xilinx-label-all-loops]
    for (int i = 0; i < SIZE; i++) {
    ^~~
    VITIS_LOOP_286_1: 
/home/ubuntu2004/527_final/mini_ae_project/myproject_prj/solution1/.autopilot/db/myproject.pp.0.cpp:55854:5: note: FIX-IT applied suggested code changes
/home/ubuntu2004/527_final/mini_ae_project/myproject_prj/solution1/.autopilot/db/myproject.pp.0.cpp:55861:5: warning: Added loop label VITIS_LOOP_293_1:   [xilinx-label-all-loops]
    for (int i = 0; i < SIZE / res_T::size; i++) {
    ^~~
    VITIS_LOOP_293_1: 
/home/ubuntu2004/527_final/mini_ae_project/myproject_prj/solution1/.autopilot/db/myproject.pp.0.cpp:55861:5: note: FIX-IT applied suggested code changes
/home/ubuntu2004/527_final/mini_ae_project/myproject_prj/solution1/.autopilot/db/myproject.pp.0.cpp:55863:9: warning: Added loop label VITIS_LOOP_295_2:   [xilinx-label-all-loops]
        for (int j = 0; j < res_T::size; j++) {
        ^~~
        VITIS_LOOP_295_2: 
/home/ubuntu2004/527_final/mini_ae_project/myproject_prj/solution1/.autopilot/db/myproject.pp.0.cpp:55863:9: note: FIX-IT applied suggested code changes
/home/ubuntu2004/527_final/mini_ae_project/myproject_prj/solution1/.autopilot/db/myproject.pp.0.cpp:55875:5: warning: Added loop label VITIS_LOOP_307_1:   [xilinx-label-all-loops]
    for (int i = 0; i < SIZE / data_T::size; i++) {
    ^~~
    VITIS_LOOP_307_1: 
/home/ubuntu2004/527_final/mini_ae_project/myproject_prj/solution1/.autopilot/db/myproject.pp.0.cpp:55875:5: note: FIX-IT applied suggested code changes
/home/ubuntu2004/527_final/mini_ae_project/myproject_prj/solution1/.autopilot/db/myproject.pp.0.cpp:55877:9: warning: Added loop label VITIS_LOOP_309_2:   [xilinx-label-all-loops]
        for (int j = 0; j < data_T::size; j++) {
        ^~~
        VITIS_LOOP_309_2: 
/home/ubuntu2004/527_final/mini_ae_project/myproject_prj/solution1/.autopilot/db/myproject.pp.0.cpp:55877:9: note: FIX-IT applied suggested code changes
/home/ubuntu2004/527_final/mini_ae_project/myproject_prj/solution1/.autopilot/db/myproject.pp.0.cpp:55892:5: warning: Added loop label VITIS_LOOP_324_1:   [xilinx-label-all-loops]
    for (int ii = 0; ii < nrows; ii++) {
    ^~~
    VITIS_LOOP_324_1: 
/home/ubuntu2004/527_final/mini_ae_project/myproject_prj/solution1/.autopilot/db/myproject.pp.0.cpp:55892:5: note: FIX-IT applied suggested code changes
/home/ubuntu2004/527_final/mini_ae_project/myproject_prj/solution1/.autopilot/db/myproject.pp.0.cpp:55912:5: warning: Added loop label VITIS_LOOP_344_1:   [xilinx-label-all-loops]
    for (int ii = 0; ii < nrows; ii++) {
    ^~~
    VITIS_LOOP_344_1: 
/home/ubuntu2004/527_final/mini_ae_project/myproject_prj/solution1/.autopilot/db/myproject.pp.0.cpp:55912:5: note: FIX-IT applied suggested code changes
/home/ubuntu2004/527_final/mini_ae_project/myproject_prj/solution1/.autopilot/db/myproject.pp.0.cpp:55913:9: warning: Added loop label VITIS_LOOP_345_2:   [xilinx-label-all-loops]
        for (int jj = 0; jj < ncols; jj++) {
        ^~~
        VITIS_LOOP_345_2: 
/home/ubuntu2004/527_final/mini_ae_project/myproject_prj/solution1/.autopilot/db/myproject.pp.0.cpp:55913:9: note: FIX-IT applied suggested code changes
/home/ubuntu2004/527_final/mini_ae_project/myproject_prj/solution1/.autopilot/db/myproject.pp.0.cpp:55928:5: warning: Added loop label VITIS_LOOP_360_1:   [xilinx-label-all-loops]
    for (int ii = 0; ii < N_IN; ii++) {
    ^~~
    VITIS_LOOP_360_1: 
/home/ubuntu2004/527_final/mini_ae_project/myproject_prj/solution1/.autopilot/db/myproject.pp.0.cpp:55928:5: note: FIX-IT applied suggested code changes
/home/ubuntu2004/527_final/mini_ae_project/myproject_prj/solution1/.autopilot/db/myproject.pp.0.cpp:55935:5: warning: Added loop label VITIS_LOOP_367_1:   [xilinx-label-all-loops]
    for (int ii = 0; ii < N_IN; ii++) {
    ^~~
    VITIS_LOOP_367_1: 
/home/ubuntu2004/527_final/mini_ae_project/myproject_prj/solution1/.autopilot/db/myproject.pp.0.cpp:55935:5: note: FIX-IT applied suggested code changes
/home/ubuntu2004/527_final/mini_ae_project/myproject_prj/solution1/.autopilot/db/myproject.pp.0.cpp:56058:2: warning: Added loop label VITIS_LOOP_31_1:   [xilinx-label-all-loops]
 for (int ii = 0; ii < CONFIG_T::n_in; ii++) {
 ^~~
 VITIS_LOOP_31_1: 
/home/ubuntu2004/527_final/mini_ae_project/myproject_prj/solution1/.autopilot/db/myproject.pp.0.cpp:56058:2: note: FIX-IT applied suggested code changes
/home/ubuntu2004/527_final/mini_ae_project/myproject_prj/solution1/.autopilot/db/myproject.pp.0.cpp:56070:5: warning: Added loop label VITIS_LOOP_43_1:   [xilinx-label-all-loops]
    for (int ii = 0; ii < CONFIG_T::n_in; ii++) {
    ^~~
    VITIS_LOOP_43_1: 
/home/ubuntu2004/527_final/mini_ae_project/myproject_prj/solution1/.autopilot/db/myproject.pp.0.cpp:56070:5: note: FIX-IT applied suggested code changes
/home/ubuntu2004/527_final/mini_ae_project/myproject_prj/solution1/.autopilot/db/myproject.pp.0.cpp:56084:5: warning: Added loop label VITIS_LOOP_57_1:   [xilinx-label-all-loops]
    for (int ii = 0; ii < CONFIG_T::n_in; ii++) {
    ^~~
    VITIS_LOOP_57_1: 
/home/ubuntu2004/527_final/mini_ae_project/myproject_prj/solution1/.autopilot/db/myproject.pp.0.cpp:56084:5: note: FIX-IT applied suggested code changes
/home/ubuntu2004/527_final/mini_ae_project/myproject_prj/solution1/.autopilot/db/myproject.pp.0.cpp:56111:5: warning: Added loop label VITIS_LOOP_84_1:   [xilinx-label-all-loops]
    for (int ii = 0; ii < N_TABLE; ii++) {
    ^~~
    VITIS_LOOP_84_1: 
/home/ubuntu2004/527_final/mini_ae_project/myproject_prj/solution1/.autopilot/db/myproject.pp.0.cpp:56111:5: note: FIX-IT applied suggested code changes
/home/ubuntu2004/527_final/mini_ae_project/myproject_prj/solution1/.autopilot/db/myproject.pp.0.cpp:56141:5: warning: Added loop label VITIS_LOOP_114_1:   [xilinx-label-all-loops]
    for (int ii = 0; ii < CONFIG_T::n_in; ii++) {
    ^~~
    VITIS_LOOP_114_1: 
/home/ubuntu2004/527_final/mini_ae_project/myproject_prj/solution1/.autopilot/db/myproject.pp.0.cpp:56141:5: note: FIX-IT applied suggested code changes
/home/ubuntu2004/527_final/mini_ae_project/myproject_prj/solution1/.autopilot/db/myproject.pp.0.cpp:56178:5: warning: Added loop label VITIS_LOOP_151_1:   [xilinx-label-all-loops]
    for (unsigned i = 0; i < CONFIG_T::table_size; i++) {
    ^~~
    VITIS_LOOP_151_1: 
/home/ubuntu2004/527_final/mini_ae_project/myproject_prj/solution1/.autopilot/db/myproject.pp.0.cpp:56178:5: note: FIX-IT applied suggested code changes
/home/ubuntu2004/527_final/mini_ae_project/myproject_prj/solution1/.autopilot/db/myproject.pp.0.cpp:56189:5: warning: Added loop label VITIS_LOOP_162_1:   [xilinx-label-all-loops]
    for (unsigned i = 0; i < CONFIG_T::table_size; i++) {
    ^~~
    VITIS_LOOP_162_1: 
/home/ubuntu2004/527_final/mini_ae_project/myproject_prj/solution1/.autopilot/db/myproject.pp.0.cpp:56189:5: note: FIX-IT applied suggested code changes
/home/ubuntu2004/527_final/mini_ae_project/myproject_prj/solution1/.autopilot/db/myproject.pp.0.cpp:56222:5: warning: Added loop label VITIS_LOOP_195_1:   [xilinx-label-all-loops]
    for (unsigned i = 0; i < CONFIG_T::n_in; i++) {
    ^~~
    VITIS_LOOP_195_1: 
/home/ubuntu2004/527_final/mini_ae_project/myproject_prj/solution1/.autopilot/db/myproject.pp.0.cpp:56222:5: note: FIX-IT applied suggested code changes
/home/ubuntu2004/527_final/mini_ae_project/myproject_prj/solution1/.autopilot/db/myproject.pp.0.cpp:56236:5: warning: Added loop label VITIS_LOOP_209_2:   [xilinx-label-all-loops]
    for (unsigned i = 0; i < CONFIG_T::n_in; i++) {
    ^~~
    VITIS_LOOP_209_2: 
/home/ubuntu2004/527_final/mini_ae_project/myproject_prj/solution1/.autopilot/db/myproject.pp.0.cpp:56236:5: note: FIX-IT applied suggested code changes
/home/ubuntu2004/527_final/mini_ae_project/myproject_prj/solution1/.autopilot/db/myproject.pp.0.cpp:56270:5: warning: Added loop label VITIS_LOOP_243_1:   [xilinx-label-all-loops]
    for (unsigned i = 0; i < CONFIG_T::n_in; i++) {
    ^~~
    VITIS_LOOP_243_1: 
/home/ubuntu2004/527_final/mini_ae_project/myproject_prj/solution1/.autopilot/db/myproject.pp.0.cpp:56270:5: note: FIX-IT applied suggested code changes
/home/ubuntu2004/527_final/mini_ae_project/myproject_prj/solution1/.autopilot/db/myproject.pp.0.cpp:56279:5: warning: Added loop label VITIS_LOOP_252_2:   [xilinx-label-all-loops]
    for (unsigned i = 0; i < CONFIG_T::n_in; i++) {
    ^~~
    VITIS_LOOP_252_2: 
/home/ubuntu2004/527_final/mini_ae_project/myproject_prj/solution1/.autopilot/db/myproject.pp.0.cpp:56279:5: note: FIX-IT applied suggested code changes
/home/ubuntu2004/527_final/mini_ae_project/myproject_prj/solution1/.autopilot/db/myproject.pp.0.cpp:56293:5: warning: Added loop label VITIS_LOOP_266_3:   [xilinx-label-all-loops]
    for (unsigned i = 0; i < CONFIG_T::n_in; i++) {
    ^~~
    VITIS_LOOP_266_3: 
/home/ubuntu2004/527_final/mini_ae_project/myproject_prj/solution1/.autopilot/db/myproject.pp.0.cpp:56293:5: note: FIX-IT applied suggested code changes
/home/ubuntu2004/527_final/mini_ae_project/myproject_prj/solution1/.autopilot/db/myproject.pp.0.cpp:56300:5: warning: Added loop label VITIS_LOOP_273_1:   [xilinx-label-all-loops]
    for (int ii = 0; ii < N_TABLE; ii++) {
    ^~~
    VITIS_LOOP_273_1: 
/home/ubuntu2004/527_final/mini_ae_project/myproject_prj/solution1/.autopilot/db/myproject.pp.0.cpp:56300:5: note: FIX-IT applied suggested code changes
/home/ubuntu2004/527_final/mini_ae_project/myproject_prj/solution1/.autopilot/db/myproject.pp.0.cpp:56313:5: warning: Added loop label VITIS_LOOP_286_1:   [xilinx-label-all-loops]
    for (int ii = 0; ii < N_TABLE; ii++) {
    ^~~
    VITIS_LOOP_286_1: 
/home/ubuntu2004/527_final/mini_ae_project/myproject_prj/solution1/.autopilot/db/myproject.pp.0.cpp:56313:5: note: FIX-IT applied suggested code changes
/home/ubuntu2004/527_final/mini_ae_project/myproject_prj/solution1/.autopilot/db/myproject.pp.0.cpp:56350:5: warning: Added loop label VITIS_LOOP_323_1:   [xilinx-label-all-loops]
    for (int ii = 0; ii < CONFIG_T::n_in; ii++) {
    ^~~
    VITIS_LOOP_323_1: 
/home/ubuntu2004/527_final/mini_ae_project/myproject_prj/solution1/.autopilot/db/myproject.pp.0.cpp:56350:5: note: FIX-IT applied suggested code changes
/home/ubuntu2004/527_final/mini_ae_project/myproject_prj/solution1/.autopilot/db/myproject.pp.0.cpp:56355:5: warning: Added loop label VITIS_LOOP_328_2:   [xilinx-label-all-loops]
    for (int ii = 0; ii < CONFIG_T::n_in; ii++) {
    ^~~
    VITIS_LOOP_328_2: 
/home/ubuntu2004/527_final/mini_ae_project/myproject_prj/solution1/.autopilot/db/myproject.pp.0.cpp:56355:5: note: FIX-IT applied suggested code changes
/home/ubuntu2004/527_final/mini_ae_project/myproject_prj/solution1/.autopilot/db/myproject.pp.0.cpp:56356:9: warning: Added loop label VITIS_LOOP_329_3:   [xilinx-label-all-loops]
        for (int jj = 0; jj < CONFIG_T::n_in; jj++) {
        ^~~
        VITIS_LOOP_329_3: 
/home/ubuntu2004/527_final/mini_ae_project/myproject_prj/solution1/.autopilot/db/myproject.pp.0.cpp:56356:9: note: FIX-IT applied suggested code changes
/home/ubuntu2004/527_final/mini_ae_project/myproject_prj/solution1/.autopilot/db/myproject.pp.0.cpp:56373:5: warning: Added loop label VITIS_LOOP_346_4:   [xilinx-label-all-loops]
    for (int ii = 0; ii < CONFIG_T::n_in; ii++) {
    ^~~
    VITIS_LOOP_346_4: 
/home/ubuntu2004/527_final/mini_ae_project/myproject_prj/solution1/.autopilot/db/myproject.pp.0.cpp:56373:5: note: FIX-IT applied suggested code changes
/home/ubuntu2004/527_final/mini_ae_project/myproject_prj/solution1/.autopilot/db/myproject.pp.0.cpp:56386:5: warning: Added loop label VITIS_LOOP_359_1:   [xilinx-label-all-loops]
    for (int i = 0; i < CONFIG_T::n_in; i++) {
    ^~~
    VITIS_LOOP_359_1: 
/home/ubuntu2004/527_final/mini_ae_project/myproject_prj/solution1/.autopilot/db/myproject.pp.0.cpp:56386:5: note: FIX-IT applied suggested code changes
/home/ubuntu2004/527_final/mini_ae_project/myproject_prj/solution1/.autopilot/db/myproject.pp.0.cpp:56394:5: warning: Added loop label VITIS_LOOP_367_2:   [xilinx-label-all-loops]
    for (int i = 1; i < CONFIG_T::n_in; i++) {
    ^~~
    VITIS_LOOP_367_2: 
/home/ubuntu2004/527_final/mini_ae_project/myproject_prj/solution1/.autopilot/db/myproject.pp.0.cpp:56394:5: note: FIX-IT applied suggested code changes
/home/ubuntu2004/527_final/mini_ae_project/myproject_prj/solution1/.autopilot/db/myproject.pp.0.cpp:56429:5: warning: Added loop label VITIS_LOOP_402_1:   [xilinx-label-all-loops]
    for (int ii = 0; ii < N_TABLE; ii++) {
    ^~~
    VITIS_LOOP_402_1: 
/home/ubuntu2004/527_final/mini_ae_project/myproject_prj/solution1/.autopilot/db/myproject.pp.0.cpp:56429:5: note: FIX-IT applied suggested code changes
/home/ubuntu2004/527_final/mini_ae_project/myproject_prj/solution1/.autopilot/db/myproject.pp.0.cpp:56459:5: warning: Added loop label VITIS_LOOP_432_1:   [xilinx-label-all-loops]
    for (int ii = 0; ii < CONFIG_T::n_in; ii++) {
    ^~~
    VITIS_LOOP_432_1: 
/home/ubuntu2004/527_final/mini_ae_project/myproject_prj/solution1/.autopilot/db/myproject.pp.0.cpp:56459:5: note: FIX-IT applied suggested code changes
/home/ubuntu2004/527_final/mini_ae_project/myproject_prj/solution1/.autopilot/db/myproject.pp.0.cpp:56478:2: warning: Added loop label VITIS_LOOP_451_1:   [xilinx-label-all-loops]
 for (int ii = 0; ii < CONFIG_T::n_in; ii++) {
 ^~~
 VITIS_LOOP_451_1: 
/home/ubuntu2004/527_final/mini_ae_project/myproject_prj/solution1/.autopilot/db/myproject.pp.0.cpp:56478:2: note: FIX-IT applied suggested code changes
/home/ubuntu2004/527_final/mini_ae_project/myproject_prj/solution1/.autopilot/db/myproject.pp.0.cpp:56494:5: warning: Added loop label VITIS_LOOP_467_1:   [xilinx-label-all-loops]
    for (int ii = 0; ii < CONFIG_T::n_in; ii++) {
    ^~~
    VITIS_LOOP_467_1: 
/home/ubuntu2004/527_final/mini_ae_project/myproject_prj/solution1/.autopilot/db/myproject.pp.0.cpp:56494:5: note: FIX-IT applied suggested code changes
/home/ubuntu2004/527_final/mini_ae_project/myproject_prj/solution1/.autopilot/db/myproject.pp.0.cpp:56512:5: warning: Added loop label VITIS_LOOP_485_1:   [xilinx-label-all-loops]
    for (int ii = 0; ii < CONFIG_T::n_in; ii++) {
    ^~~
    VITIS_LOOP_485_1: 
/home/ubuntu2004/527_final/mini_ae_project/myproject_prj/solution1/.autopilot/db/myproject.pp.0.cpp:56512:5: note: FIX-IT applied suggested code changes
/home/ubuntu2004/527_final/mini_ae_project/myproject_prj/solution1/.autopilot/db/myproject.pp.0.cpp:56529:5: warning: Added loop label VITIS_LOOP_502_1:   [xilinx-label-all-loops]
    for (int ii = 0; ii < CONFIG_T::n_in; ii++) {
    ^~~
    VITIS_LOOP_502_1: 
/home/ubuntu2004/527_final/mini_ae_project/myproject_prj/solution1/.autopilot/db/myproject.pp.0.cpp:56529:5: note: FIX-IT applied suggested code changes
/home/ubuntu2004/527_final/mini_ae_project/myproject_prj/solution1/.autopilot/db/myproject.pp.0.cpp:56546:5: warning: Added loop label VITIS_LOOP_519_1:   [xilinx-label-all-loops]
    for (int ii = 0; ii < N_TABLE; ii++) {
    ^~~
    VITIS_LOOP_519_1: 
/home/ubuntu2004/527_final/mini_ae_project/myproject_prj/solution1/.autopilot/db/myproject.pp.0.cpp:56546:5: note: FIX-IT applied suggested code changes
/home/ubuntu2004/527_final/mini_ae_project/myproject_prj/solution1/.autopilot/db/myproject.pp.0.cpp:56576:5: warning: Added loop label VITIS_LOOP_549_1:   [xilinx-label-all-loops]
    for (int ii = 0; ii < CONFIG_T::n_in; ii++) {
    ^~~
    VITIS_LOOP_549_1: 
/home/ubuntu2004/527_final/mini_ae_project/myproject_prj/solution1/.autopilot/db/myproject.pp.0.cpp:56576:5: note: FIX-IT applied suggested code changes
/home/ubuntu2004/527_final/mini_ae_project/myproject_prj/solution1/.autopilot/db/myproject.pp.0.cpp:56595:5: warning: Added loop label VITIS_LOOP_568_1:   [xilinx-label-all-loops]
    for (int ii = 0; ii < N_TABLE; ii++) {
    ^~~
    VITIS_LOOP_568_1: 
/home/ubuntu2004/527_final/mini_ae_project/myproject_prj/solution1/.autopilot/db/myproject.pp.0.cpp:56595:5: note: FIX-IT applied suggested code changes
/home/ubuntu2004/527_final/mini_ae_project/myproject_prj/solution1/.autopilot/db/myproject.pp.0.cpp:56625:5: warning: Added loop label VITIS_LOOP_598_1:   [xilinx-label-all-loops]
    for (int ii = 0; ii < CONFIG_T::n_in; ii++) {
    ^~~
    VITIS_LOOP_598_1: 
/home/ubuntu2004/527_final/mini_ae_project/myproject_prj/solution1/.autopilot/db/myproject.pp.0.cpp:56625:5: note: FIX-IT applied suggested code changes
/home/ubuntu2004/527_final/mini_ae_project/myproject_prj/solution1/.autopilot/db/myproject.pp.0.cpp:56644:5: warning: Added loop label VITIS_LOOP_617_1:   [xilinx-label-all-loops]
    for (int ii = 0; ii < N_TABLE; ii++) {
    ^~~
    VITIS_LOOP_617_1: 
/home/ubuntu2004/527_final/mini_ae_project/myproject_prj/solution1/.autopilot/db/myproject.pp.0.cpp:56644:5: note: FIX-IT applied suggested code changes
/home/ubuntu2004/527_final/mini_ae_project/myproject_prj/solution1/.autopilot/db/myproject.pp.0.cpp:56674:5: warning: Added loop label VITIS_LOOP_647_1:   [xilinx-label-all-loops]
    for (int ii = 0; ii < CONFIG_T::n_in; ii++) {
    ^~~
    VITIS_LOOP_647_1: 
/home/ubuntu2004/527_final/mini_ae_project/myproject_prj/solution1/.autopilot/db/myproject.pp.0.cpp:56674:5: note: FIX-IT applied suggested code changes
/home/ubuntu2004/527_final/mini_ae_project/myproject_prj/solution1/.autopilot/db/myproject.pp.0.cpp:56701:5: warning: Added loop label VITIS_LOOP_674_1:   [xilinx-label-all-loops]
    for (int ii = 0; ii < N_TABLE; ii++) {
    ^~~
    VITIS_LOOP_674_1: 
/home/ubuntu2004/527_final/mini_ae_project/myproject_prj/solution1/.autopilot/db/myproject.pp.0.cpp:56701:5: note: FIX-IT applied suggested code changes
/home/ubuntu2004/527_final/mini_ae_project/myproject_prj/solution1/.autopilot/db/myproject.pp.0.cpp:56730:5: warning: Added loop label VITIS_LOOP_703_1:   [xilinx-label-all-loops]
    for (int ii = 0; ii < CONFIG_T::n_in; ii++) {
    ^~~
    VITIS_LOOP_703_1: 
/home/ubuntu2004/527_final/mini_ae_project/myproject_prj/solution1/.autopilot/db/myproject.pp.0.cpp:56730:5: note: FIX-IT applied suggested code changes
/home/ubuntu2004/527_final/mini_ae_project/myproject_prj/solution1/.autopilot/db/myproject.pp.0.cpp:56751:5: warning: Added loop label VITIS_LOOP_724_1:   [xilinx-label-all-loops]
    for (int ii = 0; ii < CONFIG_T::n_in; ii++) {
    ^~~
    VITIS_LOOP_724_1: 
/home/ubuntu2004/527_final/mini_ae_project/myproject_prj/solution1/.autopilot/db/myproject.pp.0.cpp:56751:5: note: FIX-IT applied suggested code changes
/home/ubuntu2004/527_final/mini_ae_project/myproject_prj/solution1/.autopilot/db/myproject.pp.0.cpp:56769:5: warning: Added loop label VITIS_LOOP_742_1:   [xilinx-label-all-loops]
    for (int ii = 0; ii < CONFIG_T::n_in; ii++) {
    ^~~
    VITIS_LOOP_742_1: 
/home/ubuntu2004/527_final/mini_ae_project/myproject_prj/solution1/.autopilot/db/myproject.pp.0.cpp:56769:5: note: FIX-IT applied suggested code changes
/home/ubuntu2004/527_final/mini_ae_project/myproject_prj/solution1/.autopilot/db/myproject.pp.0.cpp:56789:5: warning: Added loop label VITIS_LOOP_762_1:   [xilinx-label-all-loops]
    for (int ii = 0; ii < CONFIG_T::n_in; ii++) {
    ^~~
    VITIS_LOOP_762_1: 
/home/ubuntu2004/527_final/mini_ae_project/myproject_prj/solution1/.autopilot/db/myproject.pp.0.cpp:56789:5: note: FIX-IT applied suggested code changes
/home/ubuntu2004/527_final/mini_ae_project/myproject_prj/solution1/.autopilot/db/myproject.pp.0.cpp:56885:9: warning: Added loop label VITIS_LOOP_73_1:   [xilinx-label-all-loops]
        for (int i = 0; i < N / data_T::size; i++) {
        ^~~
        VITIS_LOOP_73_1: 
/home/ubuntu2004/527_final/mini_ae_project/myproject_prj/solution1/.autopilot/db/myproject.pp.0.cpp:56885:9: note: FIX-IT applied suggested code changes
/home/ubuntu2004/527_final/mini_ae_project/myproject_prj/solution1/.autopilot/db/myproject.pp.0.cpp:56892:13: warning: Added loop label VITIS_LOOP_80_2:   [xilinx-label-all-loops]
            for (int j = 0; j < data_T::size; j++) {
            ^~~
            VITIS_LOOP_80_2: 
/home/ubuntu2004/527_final/mini_ae_project/myproject_prj/solution1/.autopilot/db/myproject.pp.0.cpp:56892:13: note: FIX-IT applied suggested code changes
/home/ubuntu2004/527_final/mini_ae_project/myproject_prj/solution1/.autopilot/db/myproject.pp.0.cpp:56901:9: warning: Added loop label VITIS_LOOP_89_3:   [xilinx-label-all-loops]
        for (int i = 0; i < N / data_T::size; i++) {
        ^~~
        VITIS_LOOP_89_3: 
/home/ubuntu2004/527_final/mini_ae_project/myproject_prj/solution1/.autopilot/db/myproject.pp.0.cpp:56901:9: note: FIX-IT applied suggested code changes
/home/ubuntu2004/527_final/mini_ae_project/myproject_prj/solution1/.autopilot/db/myproject.pp.0.cpp:56910:13: warning: Added loop label VITIS_LOOP_98_4:   [xilinx-label-all-loops]
            for (int j = 0; j < pack_diff; j++) {
            ^~~
            VITIS_LOOP_98_4: 
/home/ubuntu2004/527_final/mini_ae_project/myproject_prj/solution1/.autopilot/db/myproject.pp.0.cpp:56910:13: note: FIX-IT applied suggested code changes
/home/ubuntu2004/527_final/mini_ae_project/myproject_prj/solution1/.autopilot/db/myproject.pp.0.cpp:56914:17: warning: Added loop label VITIS_LOOP_102_5:   [xilinx-label-all-loops]
                for (int k = 0; k < res_T::size; k++) {
                ^~~
                VITIS_LOOP_102_5: 
/home/ubuntu2004/527_final/mini_ae_project/myproject_prj/solution1/.autopilot/db/myproject.pp.0.cpp:56914:17: note: FIX-IT applied suggested code changes
/home/ubuntu2004/527_final/mini_ae_project/myproject_prj/solution1/.autopilot/db/myproject.pp.0.cpp:56925:9: warning: Added loop label VITIS_LOOP_113_6:   [xilinx-label-all-loops]
        for (int i = 0; i < N / data_T::size; i++) {
        ^~~
        VITIS_LOOP_113_6: 
/home/ubuntu2004/527_final/mini_ae_project/myproject_prj/solution1/.autopilot/db/myproject.pp.0.cpp:56925:9: note: FIX-IT applied suggested code changes
/home/ubuntu2004/527_final/mini_ae_project/myproject_prj/solution1/.autopilot/db/myproject.pp.0.cpp:56929:13: warning: Added loop label VITIS_LOOP_117_7:   [xilinx-label-all-loops]
            for (int j = 0; j < data_T::size; j++) {
            ^~~
            VITIS_LOOP_117_7: 
/home/ubuntu2004/527_final/mini_ae_project/myproject_prj/solution1/.autopilot/db/myproject.pp.0.cpp:56929:13: note: FIX-IT applied suggested code changes
/home/ubuntu2004/527_final/mini_ae_project/myproject_prj/solution1/.autopilot/db/myproject.pp.0.cpp:56953:9: warning: Added loop label VITIS_LOOP_141_1:   [xilinx-label-all-loops]
        for (int j = 0; j < n_dupl; j++) {
        ^~~
        VITIS_LOOP_141_1: 
/home/ubuntu2004/527_final/mini_ae_project/myproject_prj/solution1/.autopilot/db/myproject.pp.0.cpp:56953:9: note: FIX-IT applied suggested code changes
/home/ubuntu2004/527_final/mini_ae_project/myproject_prj/solution1/.autopilot/db/myproject.pp.0.cpp:56957:13: warning: Added loop label VITIS_LOOP_145_2:   [xilinx-label-all-loops]
            for (int k = 0; k < res_T::size; k++) {
            ^~~
            VITIS_LOOP_145_2: 
/home/ubuntu2004/527_final/mini_ae_project/myproject_prj/solution1/.autopilot/db/myproject.pp.0.cpp:56957:13: note: FIX-IT applied suggested code changes
/home/ubuntu2004/527_final/mini_ae_project/myproject_prj/solution1/.autopilot/db/myproject.pp.0.cpp:56976:9: warning: Added loop label VITIS_LOOP_164_1:   [xilinx-label-all-loops]
        for (int k = 0; k < res_T::size; k++) {
        ^~~
        VITIS_LOOP_164_1: 
/home/ubuntu2004/527_final/mini_ae_project/myproject_prj/solution1/.autopilot/db/myproject.pp.0.cpp:56976:9: note: FIX-IT applied suggested code changes
/home/ubuntu2004/527_final/mini_ae_project/myproject_prj/solution1/.autopilot/db/myproject.pp.0.cpp:56999:2: warning: Added loop label VITIS_LOOP_187_1:   [xilinx-label-all-loops]
 for (int i = 0; i < CONFIG_T::height * CONFIG_T::width / data_T::size; i++) {
 ^~~
 VITIS_LOOP_187_1: 
/home/ubuntu2004/527_final/mini_ae_project/myproject_prj/solution1/.autopilot/db/myproject.pp.0.cpp:56999:2: note: FIX-IT applied suggested code changes
/home/ubuntu2004/527_final/mini_ae_project/myproject_prj/solution1/.autopilot/db/myproject.pp.0.cpp:57002:9: warning: Added loop label VITIS_LOOP_190_2:   [xilinx-label-all-loops]
        for (int j = 0; j < data_T::size; j++) {
        ^~~
        VITIS_LOOP_190_2: 
/home/ubuntu2004/527_final/mini_ae_project/myproject_prj/solution1/.autopilot/db/myproject.pp.0.cpp:57002:9: note: FIX-IT applied suggested code changes
/home/ubuntu2004/527_final/mini_ae_project/myproject_prj/solution1/.autopilot/db/myproject.pp.0.cpp:57007:5: warning: Added loop label VITIS_LOOP_195_3:   [xilinx-label-all-loops]
    for (int i = 0; i < CONFIG_T::height * CONFIG_T::width / res_T::size; i++) {
    ^~~
    VITIS_LOOP_195_3: 
/home/ubuntu2004/527_final/mini_ae_project/myproject_prj/solution1/.autopilot/db/myproject.pp.0.cpp:57007:5: note: FIX-IT applied suggested code changes
/home/ubuntu2004/527_final/mini_ae_project/myproject_prj/solution1/.autopilot/db/myproject.pp.0.cpp:57011:9: warning: Added loop label VITIS_LOOP_199_4:   [xilinx-label-all-loops]
        for (int j = 0; j < res_T::size; j++) {
        ^~~
        VITIS_LOOP_199_4: 
/home/ubuntu2004/527_final/mini_ae_project/myproject_prj/solution1/.autopilot/db/myproject.pp.0.cpp:57011:9: note: FIX-IT applied suggested code changes
/home/ubuntu2004/527_final/mini_ae_project/myproject_prj/solution1/.autopilot/db/myproject.pp.0.cpp:57225:9: warning: Added loop label VITIS_LOOP_213_1:   [xilinx-label-all-loops]
        for (unsigned j = 0; j < data_T::size; j++) {
        ^~~
        VITIS_LOOP_213_1: 
/home/ubuntu2004/527_final/mini_ae_project/myproject_prj/solution1/.autopilot/db/myproject.pp.0.cpp:57225:9: note: FIX-IT applied suggested code changes
/home/ubuntu2004/527_final/mini_ae_project/myproject_prj/solution1/.autopilot/db/myproject.pp.0.cpp:57234:9: warning: Added loop label VITIS_LOOP_222_2:   [xilinx-label-all-loops]
        for (unsigned j = 0; j < data_T::size; j++) {
        ^~~
        VITIS_LOOP_222_2: 
/home/ubuntu2004/527_final/mini_ae_project/myproject_prj/solution1/.autopilot/db/myproject.pp.0.cpp:57234:9: note: FIX-IT applied suggested code changes
/home/ubuntu2004/527_final/mini_ae_project/myproject_prj/solution1/.autopilot/db/myproject.pp.0.cpp:57340:5: warning: Added loop label VITIS_LOOP_328_1:   [xilinx-label-all-loops]
    for (int i = 0; i < CONFIG_T::n_in / res_T::size; i++) {
    ^~~
    VITIS_LOOP_328_1: 
/home/ubuntu2004/527_final/mini_ae_project/myproject_prj/solution1/.autopilot/db/myproject.pp.0.cpp:57340:5: note: FIX-IT applied suggested code changes
/home/ubuntu2004/527_final/mini_ae_project/myproject_prj/solution1/.autopilot/db/myproject.pp.0.cpp:57345:9: warning: Added loop label VITIS_LOOP_333_2:   [xilinx-label-all-loops]
        for (int i = 0; i < res_T::size; i++) {
        ^~~
        VITIS_LOOP_333_2: 
/home/ubuntu2004/527_final/mini_ae_project/myproject_prj/solution1/.autopilot/db/myproject.pp.0.cpp:57345:9: note: FIX-IT applied suggested code changes
/home/ubuntu2004/527_final/mini_ae_project/myproject_prj/solution1/.autopilot/db/myproject.pp.0.cpp:57353:9: warning: Added loop label VITIS_LOOP_341_3:   [xilinx-label-all-loops]
        for (int i = 1; i < res_T::size; i++) {
        ^~~
        VITIS_LOOP_341_3: 
/home/ubuntu2004/527_final/mini_ae_project/myproject_prj/solution1/.autopilot/db/myproject.pp.0.cpp:57353:9: note: FIX-IT applied suggested code changes
/home/ubuntu2004/527_final/mini_ae_project/myproject_prj/solution1/.autopilot/db/myproject.pp.0.cpp:58306:5: warning: Added loop label VITIS_LOOP_14_1:   [xilinx-label-all-loops]
    for (unsigned k = 0; k < CONFIG_T::n_out; k++) {
    ^~~
    VITIS_LOOP_14_1: 
/home/ubuntu2004/527_final/mini_ae_project/myproject_prj/solution1/.autopilot/db/myproject.pp.0.cpp:58306:5: note: FIX-IT applied suggested code changes
/home/ubuntu2004/527_final/mini_ae_project/myproject_prj/solution1/.autopilot/db/myproject.pp.0.cpp:58366:9: warning: Added loop label VITIS_LOOP_74_1:   [xilinx-label-all-loops]
        for (int im = 0; im < CONFIG_T::n_out; im++) {
        ^~~
        VITIS_LOOP_74_1: 
/home/ubuntu2004/527_final/mini_ae_project/myproject_prj/solution1/.autopilot/db/myproject.pp.0.cpp:58366:9: note: FIX-IT applied suggested code changes
