

================================================================
== Vitis HLS Report for 'myproject'
================================================================
* Date:           Sun Dec 14 15:51:31 2025

* Version:        2023.1 (Build 3854077 on May  4 2023)
* Project:        myproject_prj
* Solution:       solution1 (Vivado IP Flow Target)
* Product family: zynq
* Target device:  xc7z020-clg400-1


================================================================
== Performance Estimates
================================================================
+ Timing: 
    * Summary: 
    +--------+----------+----------+------------+
    |  Clock |  Target  | Estimated| Uncertainty|
    +--------+----------+----------+------------+
    |ap_clk  |  10.00 ns|  9.242 ns|     0.62 ns|
    +--------+----------+----------+------------+

+ Latency: 
    * Summary: 
    +---------+---------+----------+----------+-----+-----+----------+
    |  Latency (cycles) |  Latency (absolute) |  Interval | Pipeline |
    |   min   |   max   |    min   |    max   | min | max |   Type   |
    +---------+---------+----------+----------+-----+-----+----------+
    |       39|       41|  0.390 us|  0.410 us|   16|   16|  dataflow|
    +---------+---------+----------+----------+-----+-----+----------+

    + Detail: 
        * Instance: 
        +--------------------------------------------------------------------+-------------------------------------------------------------------+---------+---------+-----------+-----------+-----+-----+------------------------------------------+
        |                                                                    |                                                                   |  Latency (cycles) |   Latency (absolute)  |  Interval |                 Pipeline                 |
        |                              Instance                              |                               Module                              |   min   |   max   |    min    |    max    | min | max |                   Type                   |
        +--------------------------------------------------------------------+-------------------------------------------------------------------+---------+---------+-----------+-----------+-----+-----+------------------------------------------+
        |dense_resource_ap_fixed_16_6_5_3_0_ap_fixed_16_6_5_3_0_config2_U0   |dense_resource_ap_fixed_16_6_5_3_0_ap_fixed_16_6_5_3_0_config2_s   |       17|       18|   0.170 us|   0.180 us|   16|   16|  loop rewind stp(delay=0 clock cycles(s))|
        |relu_ap_fixed_16_6_5_3_0_ap_fixed_16_6_5_3_0_relu_config3_U0        |relu_ap_fixed_16_6_5_3_0_ap_fixed_16_6_5_3_0_relu_config3_s        |        0|        0|       0 ns|       0 ns|    1|    1|                                       yes|
        |dense_resource_ap_fixed_16_6_5_3_0_ap_fixed_16_6_5_3_0_config4_U0   |dense_resource_ap_fixed_16_6_5_3_0_ap_fixed_16_6_5_3_0_config4_s   |       17|       18|   0.170 us|   0.180 us|   16|   16|  loop rewind stp(delay=0 clock cycles(s))|
        |sigmoid_ap_fixed_16_6_5_3_0_ap_fixed_16_6_5_3_0_sigmoid_config5_U0  |sigmoid_ap_fixed_16_6_5_3_0_ap_fixed_16_6_5_3_0_sigmoid_config5_s  |        2|        2|  20.000 ns|  20.000 ns|    1|    1|                                       yes|
        +--------------------------------------------------------------------+-------------------------------------------------------------------+---------+---------+-----------+-----------+-----+-----+------------------------------------------+

        * Loop: 
        N/A



================================================================
== Utilization Estimates
================================================================
* Summary: 
+-----------------+---------+-----+--------+-------+-----+
|       Name      | BRAM_18K| DSP |   FF   |  LUT  | URAM|
+-----------------+---------+-----+--------+-------+-----+
|DSP              |        -|    -|       -|      -|    -|
|Expression       |        -|    -|       0|    398|    -|
|FIFO             |        -|    -|    9504|   6528|    -|
|Instance         |       90|  128|    7864|  25605|    -|
|Memory           |        -|    -|       -|      -|    -|
|Multiplexer      |        -|    -|       -|    864|    -|
|Register         |        -|    -|      96|      -|    -|
+-----------------+---------+-----+--------+-------+-----+
|Total            |       90|  128|   17464|  33395|    0|
+-----------------+---------+-----+--------+-------+-----+
|Available        |      280|  220|  106400|  53200|    0|
+-----------------+---------+-----+--------+-------+-----+
|Utilization (%)  |       32|   58|      16|     62|    0|
+-----------------+---------+-----+--------+-------+-----+

+ Detail: 
    * Instance: 
    +--------------------------------------------------------------------+-------------------------------------------------------------------+---------+----+------+-------+-----+
    |                              Instance                              |                               Module                              | BRAM_18K| DSP|  FF  |  LUT  | URAM|
    +--------------------------------------------------------------------+-------------------------------------------------------------------+---------+----+------+-------+-----+
    |dense_resource_ap_fixed_16_6_5_3_0_ap_fixed_16_6_5_3_0_config2_U0   |dense_resource_ap_fixed_16_6_5_3_0_ap_fixed_16_6_5_3_0_config2_s   |       29|  64|  2642|  10874|    0|
    |dense_resource_ap_fixed_16_6_5_3_0_ap_fixed_16_6_5_3_0_config4_U0   |dense_resource_ap_fixed_16_6_5_3_0_ap_fixed_16_6_5_3_0_config4_s   |       29|  64|  3568|   4163|    0|
    |relu_ap_fixed_16_6_5_3_0_ap_fixed_16_6_5_3_0_relu_config3_U0        |relu_ap_fixed_16_6_5_3_0_ap_fixed_16_6_5_3_0_relu_config3_s        |        0|   0|   242|    763|    0|
    |sigmoid_ap_fixed_16_6_5_3_0_ap_fixed_16_6_5_3_0_sigmoid_config5_U0  |sigmoid_ap_fixed_16_6_5_3_0_ap_fixed_16_6_5_3_0_sigmoid_config5_s  |       32|   0|  1412|   9805|    0|
    +--------------------------------------------------------------------+-------------------------------------------------------------------+---------+----+------+-------+-----+
    |Total                                                               |                                                                   |       90| 128|  7864|  25605|    0|
    +--------------------------------------------------------------------+-------------------------------------------------------------------+---------+----+------+-------+-----+

    * DSP: 
    N/A

    * Memory: 
    N/A

    * FIFO: 
    +-----------------+---------+----+----+-----+------+-----+---------+
    |       Name      | BRAM_18K| FF | LUT| URAM| Depth| Bits| Size:D*B|
    +-----------------+---------+----+----+-----+------+-----+---------+
    |layer2_out_10_U  |        0|  99|   0|    -|     2|   16|       32|
    |layer2_out_11_U  |        0|  99|   0|    -|     2|   16|       32|
    |layer2_out_12_U  |        0|  99|   0|    -|     2|   16|       32|
    |layer2_out_13_U  |        0|  99|   0|    -|     2|   16|       32|
    |layer2_out_14_U  |        0|  99|   0|    -|     2|   16|       32|
    |layer2_out_15_U  |        0|  99|   0|    -|     2|   16|       32|
    |layer2_out_1_U   |        0|  99|   0|    -|     2|   16|       32|
    |layer2_out_2_U   |        0|  99|   0|    -|     2|   16|       32|
    |layer2_out_3_U   |        0|  99|   0|    -|     2|   16|       32|
    |layer2_out_4_U   |        0|  99|   0|    -|     2|   16|       32|
    |layer2_out_5_U   |        0|  99|   0|    -|     2|   16|       32|
    |layer2_out_6_U   |        0|  99|   0|    -|     2|   16|       32|
    |layer2_out_7_U   |        0|  99|   0|    -|     2|   16|       32|
    |layer2_out_8_U   |        0|  99|   0|    -|     2|   16|       32|
    |layer2_out_9_U   |        0|  99|   0|    -|     2|   16|       32|
    |layer2_out_U     |        0|  99|   0|    -|     2|   16|       32|
    |layer3_out_10_U  |        0|  99|   0|    -|     2|   15|       30|
    |layer3_out_11_U  |        0|  99|   0|    -|     2|   15|       30|
    |layer3_out_12_U  |        0|  99|   0|    -|     2|   15|       30|
    |layer3_out_13_U  |        0|  99|   0|    -|     2|   15|       30|
    |layer3_out_14_U  |        0|  99|   0|    -|     2|   15|       30|
    |layer3_out_15_U  |        0|  99|   0|    -|     2|   15|       30|
    |layer3_out_1_U   |        0|  99|   0|    -|     2|   15|       30|
    |layer3_out_2_U   |        0|  99|   0|    -|     2|   15|       30|
    |layer3_out_3_U   |        0|  99|   0|    -|     2|   15|       30|
    |layer3_out_4_U   |        0|  99|   0|    -|     2|   15|       30|
    |layer3_out_5_U   |        0|  99|   0|    -|     2|   15|       30|
    |layer3_out_6_U   |        0|  99|   0|    -|     2|   15|       30|
    |layer3_out_7_U   |        0|  99|   0|    -|     2|   15|       30|
    |layer3_out_8_U   |        0|  99|   0|    -|     2|   15|       30|
    |layer3_out_9_U   |        0|  99|   0|    -|     2|   15|       30|
    |layer3_out_U     |        0|  99|   0|    -|     2|   15|       30|
    |layer4_out_10_U  |        0|  99|   0|    -|     2|   16|       32|
    |layer4_out_11_U  |        0|  99|   0|    -|     2|   16|       32|
    |layer4_out_12_U  |        0|  99|   0|    -|     2|   16|       32|
    |layer4_out_13_U  |        0|  99|   0|    -|     2|   16|       32|
    |layer4_out_14_U  |        0|  99|   0|    -|     2|   16|       32|
    |layer4_out_15_U  |        0|  99|   0|    -|     2|   16|       32|
    |layer4_out_16_U  |        0|  99|   0|    -|     2|   16|       32|
    |layer4_out_17_U  |        0|  99|   0|    -|     2|   16|       32|
    |layer4_out_18_U  |        0|  99|   0|    -|     2|   16|       32|
    |layer4_out_19_U  |        0|  99|   0|    -|     2|   16|       32|
    |layer4_out_1_U   |        0|  99|   0|    -|     2|   16|       32|
    |layer4_out_20_U  |        0|  99|   0|    -|     2|   16|       32|
    |layer4_out_21_U  |        0|  99|   0|    -|     2|   16|       32|
    |layer4_out_22_U  |        0|  99|   0|    -|     2|   16|       32|
    |layer4_out_23_U  |        0|  99|   0|    -|     2|   16|       32|
    |layer4_out_24_U  |        0|  99|   0|    -|     2|   16|       32|
    |layer4_out_25_U  |        0|  99|   0|    -|     2|   16|       32|
    |layer4_out_26_U  |        0|  99|   0|    -|     2|   16|       32|
    |layer4_out_27_U  |        0|  99|   0|    -|     2|   16|       32|
    |layer4_out_28_U  |        0|  99|   0|    -|     2|   16|       32|
    |layer4_out_29_U  |        0|  99|   0|    -|     2|   16|       32|
    |layer4_out_2_U   |        0|  99|   0|    -|     2|   16|       32|
    |layer4_out_30_U  |        0|  99|   0|    -|     2|   16|       32|
    |layer4_out_31_U  |        0|  99|   0|    -|     2|   16|       32|
    |layer4_out_32_U  |        0|  99|   0|    -|     2|   16|       32|
    |layer4_out_33_U  |        0|  99|   0|    -|     2|   16|       32|
    |layer4_out_34_U  |        0|  99|   0|    -|     2|   16|       32|
    |layer4_out_35_U  |        0|  99|   0|    -|     2|   16|       32|
    |layer4_out_36_U  |        0|  99|   0|    -|     2|   16|       32|
    |layer4_out_37_U  |        0|  99|   0|    -|     2|   16|       32|
    |layer4_out_38_U  |        0|  99|   0|    -|     2|   16|       32|
    |layer4_out_39_U  |        0|  99|   0|    -|     2|   16|       32|
    |layer4_out_3_U   |        0|  99|   0|    -|     2|   16|       32|
    |layer4_out_40_U  |        0|  99|   0|    -|     2|   16|       32|
    |layer4_out_41_U  |        0|  99|   0|    -|     2|   16|       32|
    |layer4_out_42_U  |        0|  99|   0|    -|     2|   16|       32|
    |layer4_out_43_U  |        0|  99|   0|    -|     2|   16|       32|
    |layer4_out_44_U  |        0|  99|   0|    -|     2|   16|       32|
    |layer4_out_45_U  |        0|  99|   0|    -|     2|   16|       32|
    |layer4_out_46_U  |        0|  99|   0|    -|     2|   16|       32|
    |layer4_out_47_U  |        0|  99|   0|    -|     2|   16|       32|
    |layer4_out_48_U  |        0|  99|   0|    -|     2|   16|       32|
    |layer4_out_49_U  |        0|  99|   0|    -|     2|   16|       32|
    |layer4_out_4_U   |        0|  99|   0|    -|     2|   16|       32|
    |layer4_out_50_U  |        0|  99|   0|    -|     2|   16|       32|
    |layer4_out_51_U  |        0|  99|   0|    -|     2|   16|       32|
    |layer4_out_52_U  |        0|  99|   0|    -|     2|   16|       32|
    |layer4_out_53_U  |        0|  99|   0|    -|     2|   16|       32|
    |layer4_out_54_U  |        0|  99|   0|    -|     2|   16|       32|
    |layer4_out_55_U  |        0|  99|   0|    -|     2|   16|       32|
    |layer4_out_56_U  |        0|  99|   0|    -|     2|   16|       32|
    |layer4_out_57_U  |        0|  99|   0|    -|     2|   16|       32|
    |layer4_out_58_U  |        0|  99|   0|    -|     2|   16|       32|
    |layer4_out_59_U  |        0|  99|   0|    -|     2|   16|       32|
    |layer4_out_5_U   |        0|  99|   0|    -|     2|   16|       32|
    |layer4_out_60_U  |        0|  99|   0|    -|     2|   16|       32|
    |layer4_out_61_U  |        0|  99|   0|    -|     2|   16|       32|
    |layer4_out_62_U  |        0|  99|   0|    -|     2|   16|       32|
    |layer4_out_63_U  |        0|  99|   0|    -|     2|   16|       32|
    |layer4_out_6_U   |        0|  99|   0|    -|     2|   16|       32|
    |layer4_out_7_U   |        0|  99|   0|    -|     2|   16|       32|
    |layer4_out_8_U   |        0|  99|   0|    -|     2|   16|       32|
    |layer4_out_9_U   |        0|  99|   0|    -|     2|   16|       32|
    |layer4_out_U     |        0|  99|   0|    -|     2|   16|       32|
    +-----------------+---------+----+----+-----+------+-----+---------+
    |Total            |        0|9504|   0|    0|   192| 1520|     3040|
    +-----------------+---------+----+----+-----+------+-----+---------+

    * Expression: 
    +-------------------------------------------------------------------------------+----------+----+---+----+------------+------------+
    |                                 Variable Name                                 | Operation| DSP| FF| LUT| Bitwidth P0| Bitwidth P1|
    +-------------------------------------------------------------------------------+----------+----+---+----+------------+------------+
    |ap_channel_done_layer2_out                                                     |       and|   0|  0|   2|           1|           1|
    |ap_channel_done_layer2_out_1                                                   |       and|   0|  0|   2|           1|           1|
    |ap_channel_done_layer2_out_10                                                  |       and|   0|  0|   2|           1|           1|
    |ap_channel_done_layer2_out_11                                                  |       and|   0|  0|   2|           1|           1|
    |ap_channel_done_layer2_out_12                                                  |       and|   0|  0|   2|           1|           1|
    |ap_channel_done_layer2_out_13                                                  |       and|   0|  0|   2|           1|           1|
    |ap_channel_done_layer2_out_14                                                  |       and|   0|  0|   2|           1|           1|
    |ap_channel_done_layer2_out_15                                                  |       and|   0|  0|   2|           1|           1|
    |ap_channel_done_layer2_out_2                                                   |       and|   0|  0|   2|           1|           1|
    |ap_channel_done_layer2_out_3                                                   |       and|   0|  0|   2|           1|           1|
    |ap_channel_done_layer2_out_4                                                   |       and|   0|  0|   2|           1|           1|
    |ap_channel_done_layer2_out_5                                                   |       and|   0|  0|   2|           1|           1|
    |ap_channel_done_layer2_out_6                                                   |       and|   0|  0|   2|           1|           1|
    |ap_channel_done_layer2_out_7                                                   |       and|   0|  0|   2|           1|           1|
    |ap_channel_done_layer2_out_8                                                   |       and|   0|  0|   2|           1|           1|
    |ap_channel_done_layer2_out_9                                                   |       and|   0|  0|   2|           1|           1|
    |ap_channel_done_layer3_out                                                     |       and|   0|  0|   2|           1|           1|
    |ap_channel_done_layer3_out_1                                                   |       and|   0|  0|   2|           1|           1|
    |ap_channel_done_layer3_out_10                                                  |       and|   0|  0|   2|           1|           1|
    |ap_channel_done_layer3_out_11                                                  |       and|   0|  0|   2|           1|           1|
    |ap_channel_done_layer3_out_12                                                  |       and|   0|  0|   2|           1|           1|
    |ap_channel_done_layer3_out_13                                                  |       and|   0|  0|   2|           1|           1|
    |ap_channel_done_layer3_out_14                                                  |       and|   0|  0|   2|           1|           1|
    |ap_channel_done_layer3_out_15                                                  |       and|   0|  0|   2|           1|           1|
    |ap_channel_done_layer3_out_2                                                   |       and|   0|  0|   2|           1|           1|
    |ap_channel_done_layer3_out_3                                                   |       and|   0|  0|   2|           1|           1|
    |ap_channel_done_layer3_out_4                                                   |       and|   0|  0|   2|           1|           1|
    |ap_channel_done_layer3_out_5                                                   |       and|   0|  0|   2|           1|           1|
    |ap_channel_done_layer3_out_6                                                   |       and|   0|  0|   2|           1|           1|
    |ap_channel_done_layer3_out_7                                                   |       and|   0|  0|   2|           1|           1|
    |ap_channel_done_layer3_out_8                                                   |       and|   0|  0|   2|           1|           1|
    |ap_channel_done_layer3_out_9                                                   |       and|   0|  0|   2|           1|           1|
    |ap_channel_done_layer4_out                                                     |       and|   0|  0|   2|           1|           1|
    |ap_channel_done_layer4_out_1                                                   |       and|   0|  0|   2|           1|           1|
    |ap_channel_done_layer4_out_10                                                  |       and|   0|  0|   2|           1|           1|
    |ap_channel_done_layer4_out_11                                                  |       and|   0|  0|   2|           1|           1|
    |ap_channel_done_layer4_out_12                                                  |       and|   0|  0|   2|           1|           1|
    |ap_channel_done_layer4_out_13                                                  |       and|   0|  0|   2|           1|           1|
    |ap_channel_done_layer4_out_14                                                  |       and|   0|  0|   2|           1|           1|
    |ap_channel_done_layer4_out_15                                                  |       and|   0|  0|   2|           1|           1|
    |ap_channel_done_layer4_out_16                                                  |       and|   0|  0|   2|           1|           1|
    |ap_channel_done_layer4_out_17                                                  |       and|   0|  0|   2|           1|           1|
    |ap_channel_done_layer4_out_18                                                  |       and|   0|  0|   2|           1|           1|
    |ap_channel_done_layer4_out_19                                                  |       and|   0|  0|   2|           1|           1|
    |ap_channel_done_layer4_out_2                                                   |       and|   0|  0|   2|           1|           1|
    |ap_channel_done_layer4_out_20                                                  |       and|   0|  0|   2|           1|           1|
    |ap_channel_done_layer4_out_21                                                  |       and|   0|  0|   2|           1|           1|
    |ap_channel_done_layer4_out_22                                                  |       and|   0|  0|   2|           1|           1|
    |ap_channel_done_layer4_out_23                                                  |       and|   0|  0|   2|           1|           1|
    |ap_channel_done_layer4_out_24                                                  |       and|   0|  0|   2|           1|           1|
    |ap_channel_done_layer4_out_25                                                  |       and|   0|  0|   2|           1|           1|
    |ap_channel_done_layer4_out_26                                                  |       and|   0|  0|   2|           1|           1|
    |ap_channel_done_layer4_out_27                                                  |       and|   0|  0|   2|           1|           1|
    |ap_channel_done_layer4_out_28                                                  |       and|   0|  0|   2|           1|           1|
    |ap_channel_done_layer4_out_29                                                  |       and|   0|  0|   2|           1|           1|
    |ap_channel_done_layer4_out_3                                                   |       and|   0|  0|   2|           1|           1|
    |ap_channel_done_layer4_out_30                                                  |       and|   0|  0|   2|           1|           1|
    |ap_channel_done_layer4_out_31                                                  |       and|   0|  0|   2|           1|           1|
    |ap_channel_done_layer4_out_32                                                  |       and|   0|  0|   2|           1|           1|
    |ap_channel_done_layer4_out_33                                                  |       and|   0|  0|   2|           1|           1|
    |ap_channel_done_layer4_out_34                                                  |       and|   0|  0|   2|           1|           1|
    |ap_channel_done_layer4_out_35                                                  |       and|   0|  0|   2|           1|           1|
    |ap_channel_done_layer4_out_36                                                  |       and|   0|  0|   2|           1|           1|
    |ap_channel_done_layer4_out_37                                                  |       and|   0|  0|   2|           1|           1|
    |ap_channel_done_layer4_out_38                                                  |       and|   0|  0|   2|           1|           1|
    |ap_channel_done_layer4_out_39                                                  |       and|   0|  0|   2|           1|           1|
    |ap_channel_done_layer4_out_4                                                   |       and|   0|  0|   2|           1|           1|
    |ap_channel_done_layer4_out_40                                                  |       and|   0|  0|   2|           1|           1|
    |ap_channel_done_layer4_out_41                                                  |       and|   0|  0|   2|           1|           1|
    |ap_channel_done_layer4_out_42                                                  |       and|   0|  0|   2|           1|           1|
    |ap_channel_done_layer4_out_43                                                  |       and|   0|  0|   2|           1|           1|
    |ap_channel_done_layer4_out_44                                                  |       and|   0|  0|   2|           1|           1|
    |ap_channel_done_layer4_out_45                                                  |       and|   0|  0|   2|           1|           1|
    |ap_channel_done_layer4_out_46                                                  |       and|   0|  0|   2|           1|           1|
    |ap_channel_done_layer4_out_47                                                  |       and|   0|  0|   2|           1|           1|
    |ap_channel_done_layer4_out_48                                                  |       and|   0|  0|   2|           1|           1|
    |ap_channel_done_layer4_out_49                                                  |       and|   0|  0|   2|           1|           1|
    |ap_channel_done_layer4_out_5                                                   |       and|   0|  0|   2|           1|           1|
    |ap_channel_done_layer4_out_50                                                  |       and|   0|  0|   2|           1|           1|
    |ap_channel_done_layer4_out_51                                                  |       and|   0|  0|   2|           1|           1|
    |ap_channel_done_layer4_out_52                                                  |       and|   0|  0|   2|           1|           1|
    |ap_channel_done_layer4_out_53                                                  |       and|   0|  0|   2|           1|           1|
    |ap_channel_done_layer4_out_54                                                  |       and|   0|  0|   2|           1|           1|
    |ap_channel_done_layer4_out_55                                                  |       and|   0|  0|   2|           1|           1|
    |ap_channel_done_layer4_out_56                                                  |       and|   0|  0|   2|           1|           1|
    |ap_channel_done_layer4_out_57                                                  |       and|   0|  0|   2|           1|           1|
    |ap_channel_done_layer4_out_58                                                  |       and|   0|  0|   2|           1|           1|
    |ap_channel_done_layer4_out_59                                                  |       and|   0|  0|   2|           1|           1|
    |ap_channel_done_layer4_out_6                                                   |       and|   0|  0|   2|           1|           1|
    |ap_channel_done_layer4_out_60                                                  |       and|   0|  0|   2|           1|           1|
    |ap_channel_done_layer4_out_61                                                  |       and|   0|  0|   2|           1|           1|
    |ap_channel_done_layer4_out_62                                                  |       and|   0|  0|   2|           1|           1|
    |ap_channel_done_layer4_out_63                                                  |       and|   0|  0|   2|           1|           1|
    |ap_channel_done_layer4_out_7                                                   |       and|   0|  0|   2|           1|           1|
    |ap_channel_done_layer4_out_8                                                   |       and|   0|  0|   2|           1|           1|
    |ap_channel_done_layer4_out_9                                                   |       and|   0|  0|   2|           1|           1|
    |ap_idle                                                                        |       and|   0|  0|   2|           1|           1|
    |dense_resource_ap_fixed_16_6_5_3_0_ap_fixed_16_6_5_3_0_config2_U0_ap_continue  |       and|   0|  0|   2|           1|           1|
    |dense_resource_ap_fixed_16_6_5_3_0_ap_fixed_16_6_5_3_0_config4_U0_ap_continue  |       and|   0|  0|   2|           1|           1|
    |dense_resource_ap_fixed_16_6_5_3_0_ap_fixed_16_6_5_3_0_config4_U0_ap_start     |       and|   0|  0|   2|           1|           1|
    |relu_ap_fixed_16_6_5_3_0_ap_fixed_16_6_5_3_0_relu_config3_U0_ap_continue       |       and|   0|  0|   2|           1|           1|
    |relu_ap_fixed_16_6_5_3_0_ap_fixed_16_6_5_3_0_relu_config3_U0_ap_start          |       and|   0|  0|   2|           1|           1|
    |sigmoid_ap_fixed_16_6_5_3_0_ap_fixed_16_6_5_3_0_sigmoid_config5_U0_ap_start    |       and|   0|  0|   2|           1|           1|
    |ap_sync_channel_write_layer2_out                                               |        or|   0|  0|   2|           1|           1|
    |ap_sync_channel_write_layer2_out_1                                             |        or|   0|  0|   2|           1|           1|
    |ap_sync_channel_write_layer2_out_10                                            |        or|   0|  0|   2|           1|           1|
    |ap_sync_channel_write_layer2_out_11                                            |        or|   0|  0|   2|           1|           1|
    |ap_sync_channel_write_layer2_out_12                                            |        or|   0|  0|   2|           1|           1|
    |ap_sync_channel_write_layer2_out_13                                            |        or|   0|  0|   2|           1|           1|
    |ap_sync_channel_write_layer2_out_14                                            |        or|   0|  0|   2|           1|           1|
    |ap_sync_channel_write_layer2_out_15                                            |        or|   0|  0|   2|           1|           1|
    |ap_sync_channel_write_layer2_out_2                                             |        or|   0|  0|   2|           1|           1|
    |ap_sync_channel_write_layer2_out_3                                             |        or|   0|  0|   2|           1|           1|
    |ap_sync_channel_write_layer2_out_4                                             |        or|   0|  0|   2|           1|           1|
    |ap_sync_channel_write_layer2_out_5                                             |        or|   0|  0|   2|           1|           1|
    |ap_sync_channel_write_layer2_out_6                                             |        or|   0|  0|   2|           1|           1|
    |ap_sync_channel_write_layer2_out_7                                             |        or|   0|  0|   2|           1|           1|
    |ap_sync_channel_write_layer2_out_8                                             |        or|   0|  0|   2|           1|           1|
    |ap_sync_channel_write_layer2_out_9                                             |        or|   0|  0|   2|           1|           1|
    |ap_sync_channel_write_layer3_out                                               |        or|   0|  0|   2|           1|           1|
    |ap_sync_channel_write_layer3_out_1                                             |        or|   0|  0|   2|           1|           1|
    |ap_sync_channel_write_layer3_out_10                                            |        or|   0|  0|   2|           1|           1|
    |ap_sync_channel_write_layer3_out_11                                            |        or|   0|  0|   2|           1|           1|
    |ap_sync_channel_write_layer3_out_12                                            |        or|   0|  0|   2|           1|           1|
    |ap_sync_channel_write_layer3_out_13                                            |        or|   0|  0|   2|           1|           1|
    |ap_sync_channel_write_layer3_out_14                                            |        or|   0|  0|   2|           1|           1|
    |ap_sync_channel_write_layer3_out_15                                            |        or|   0|  0|   2|           1|           1|
    |ap_sync_channel_write_layer3_out_2                                             |        or|   0|  0|   2|           1|           1|
    |ap_sync_channel_write_layer3_out_3                                             |        or|   0|  0|   2|           1|           1|
    |ap_sync_channel_write_layer3_out_4                                             |        or|   0|  0|   2|           1|           1|
    |ap_sync_channel_write_layer3_out_5                                             |        or|   0|  0|   2|           1|           1|
    |ap_sync_channel_write_layer3_out_6                                             |        or|   0|  0|   2|           1|           1|
    |ap_sync_channel_write_layer3_out_7                                             |        or|   0|  0|   2|           1|           1|
    |ap_sync_channel_write_layer3_out_8                                             |        or|   0|  0|   2|           1|           1|
    |ap_sync_channel_write_layer3_out_9                                             |        or|   0|  0|   2|           1|           1|
    |ap_sync_channel_write_layer4_out                                               |        or|   0|  0|   2|           1|           1|
    |ap_sync_channel_write_layer4_out_1                                             |        or|   0|  0|   2|           1|           1|
    |ap_sync_channel_write_layer4_out_10                                            |        or|   0|  0|   2|           1|           1|
    |ap_sync_channel_write_layer4_out_11                                            |        or|   0|  0|   2|           1|           1|
    |ap_sync_channel_write_layer4_out_12                                            |        or|   0|  0|   2|           1|           1|
    |ap_sync_channel_write_layer4_out_13                                            |        or|   0|  0|   2|           1|           1|
    |ap_sync_channel_write_layer4_out_14                                            |        or|   0|  0|   2|           1|           1|
    |ap_sync_channel_write_layer4_out_15                                            |        or|   0|  0|   2|           1|           1|
    |ap_sync_channel_write_layer4_out_16                                            |        or|   0|  0|   2|           1|           1|
    |ap_sync_channel_write_layer4_out_17                                            |        or|   0|  0|   2|           1|           1|
    |ap_sync_channel_write_layer4_out_18                                            |        or|   0|  0|   2|           1|           1|
    |ap_sync_channel_write_layer4_out_19                                            |        or|   0|  0|   2|           1|           1|
    |ap_sync_channel_write_layer4_out_2                                             |        or|   0|  0|   2|           1|           1|
    |ap_sync_channel_write_layer4_out_20                                            |        or|   0|  0|   2|           1|           1|
    |ap_sync_channel_write_layer4_out_21                                            |        or|   0|  0|   2|           1|           1|
    |ap_sync_channel_write_layer4_out_22                                            |        or|   0|  0|   2|           1|           1|
    |ap_sync_channel_write_layer4_out_23                                            |        or|   0|  0|   2|           1|           1|
    |ap_sync_channel_write_layer4_out_24                                            |        or|   0|  0|   2|           1|           1|
    |ap_sync_channel_write_layer4_out_25                                            |        or|   0|  0|   2|           1|           1|
    |ap_sync_channel_write_layer4_out_26                                            |        or|   0|  0|   2|           1|           1|
    |ap_sync_channel_write_layer4_out_27                                            |        or|   0|  0|   2|           1|           1|
    |ap_sync_channel_write_layer4_out_28                                            |        or|   0|  0|   2|           1|           1|
    |ap_sync_channel_write_layer4_out_29                                            |        or|   0|  0|   2|           1|           1|
    |ap_sync_channel_write_layer4_out_3                                             |        or|   0|  0|   2|           1|           1|
    |ap_sync_channel_write_layer4_out_30                                            |        or|   0|  0|   2|           1|           1|
    |ap_sync_channel_write_layer4_out_31                                            |        or|   0|  0|   2|           1|           1|
    |ap_sync_channel_write_layer4_out_32                                            |        or|   0|  0|   2|           1|           1|
    |ap_sync_channel_write_layer4_out_33                                            |        or|   0|  0|   2|           1|           1|
    |ap_sync_channel_write_layer4_out_34                                            |        or|   0|  0|   2|           1|           1|
    |ap_sync_channel_write_layer4_out_35                                            |        or|   0|  0|   2|           1|           1|
    |ap_sync_channel_write_layer4_out_36                                            |        or|   0|  0|   2|           1|           1|
    |ap_sync_channel_write_layer4_out_37                                            |        or|   0|  0|   2|           1|           1|
    |ap_sync_channel_write_layer4_out_38                                            |        or|   0|  0|   2|           1|           1|
    |ap_sync_channel_write_layer4_out_39                                            |        or|   0|  0|   2|           1|           1|
    |ap_sync_channel_write_layer4_out_4                                             |        or|   0|  0|   2|           1|           1|
    |ap_sync_channel_write_layer4_out_40                                            |        or|   0|  0|   2|           1|           1|
    |ap_sync_channel_write_layer4_out_41                                            |        or|   0|  0|   2|           1|           1|
    |ap_sync_channel_write_layer4_out_42                                            |        or|   0|  0|   2|           1|           1|
    |ap_sync_channel_write_layer4_out_43                                            |        or|   0|  0|   2|           1|           1|
    |ap_sync_channel_write_layer4_out_44                                            |        or|   0|  0|   2|           1|           1|
    |ap_sync_channel_write_layer4_out_45                                            |        or|   0|  0|   2|           1|           1|
    |ap_sync_channel_write_layer4_out_46                                            |        or|   0|  0|   2|           1|           1|
    |ap_sync_channel_write_layer4_out_47                                            |        or|   0|  0|   2|           1|           1|
    |ap_sync_channel_write_layer4_out_48                                            |        or|   0|  0|   2|           1|           1|
    |ap_sync_channel_write_layer4_out_49                                            |        or|   0|  0|   2|           1|           1|
    |ap_sync_channel_write_layer4_out_5                                             |        or|   0|  0|   2|           1|           1|
    |ap_sync_channel_write_layer4_out_50                                            |        or|   0|  0|   2|           1|           1|
    |ap_sync_channel_write_layer4_out_51                                            |        or|   0|  0|   2|           1|           1|
    |ap_sync_channel_write_layer4_out_52                                            |        or|   0|  0|   2|           1|           1|
    |ap_sync_channel_write_layer4_out_53                                            |        or|   0|  0|   2|           1|           1|
    |ap_sync_channel_write_layer4_out_54                                            |        or|   0|  0|   2|           1|           1|
    |ap_sync_channel_write_layer4_out_55                                            |        or|   0|  0|   2|           1|           1|
    |ap_sync_channel_write_layer4_out_56                                            |        or|   0|  0|   2|           1|           1|
    |ap_sync_channel_write_layer4_out_57                                            |        or|   0|  0|   2|           1|           1|
    |ap_sync_channel_write_layer4_out_58                                            |        or|   0|  0|   2|           1|           1|
    |ap_sync_channel_write_layer4_out_59                                            |        or|   0|  0|   2|           1|           1|
    |ap_sync_channel_write_layer4_out_6                                             |        or|   0|  0|   2|           1|           1|
    |ap_sync_channel_write_layer4_out_60                                            |        or|   0|  0|   2|           1|           1|
    |ap_sync_channel_write_layer4_out_61                                            |        or|   0|  0|   2|           1|           1|
    |ap_sync_channel_write_layer4_out_62                                            |        or|   0|  0|   2|           1|           1|
    |ap_sync_channel_write_layer4_out_63                                            |        or|   0|  0|   2|           1|           1|
    |ap_sync_channel_write_layer4_out_7                                             |        or|   0|  0|   2|           1|           1|
    |ap_sync_channel_write_layer4_out_8                                             |        or|   0|  0|   2|           1|           1|
    |ap_sync_channel_write_layer4_out_9                                             |        or|   0|  0|   2|           1|           1|
    +-------------------------------------------------------------------------------+----------+----+---+----+------------+------------+
    |Total                                                                          |          |   0|  0| 398|         199|         199|
    +-------------------------------------------------------------------------------+----------+----+---+----+------------+------------+

    * Multiplexer: 
    +-----------------------------------------+----+-----------+-----+-----------+
    |                   Name                  | LUT| Input Size| Bits| Total Bits|
    +-----------------------------------------+----+-----------+-----+-----------+
    |ap_sync_reg_channel_write_layer2_out     |   9|          2|    1|          2|
    |ap_sync_reg_channel_write_layer2_out_1   |   9|          2|    1|          2|
    |ap_sync_reg_channel_write_layer2_out_10  |   9|          2|    1|          2|
    |ap_sync_reg_channel_write_layer2_out_11  |   9|          2|    1|          2|
    |ap_sync_reg_channel_write_layer2_out_12  |   9|          2|    1|          2|
    |ap_sync_reg_channel_write_layer2_out_13  |   9|          2|    1|          2|
    |ap_sync_reg_channel_write_layer2_out_14  |   9|          2|    1|          2|
    |ap_sync_reg_channel_write_layer2_out_15  |   9|          2|    1|          2|
    |ap_sync_reg_channel_write_layer2_out_2   |   9|          2|    1|          2|
    |ap_sync_reg_channel_write_layer2_out_3   |   9|          2|    1|          2|
    |ap_sync_reg_channel_write_layer2_out_4   |   9|          2|    1|          2|
    |ap_sync_reg_channel_write_layer2_out_5   |   9|          2|    1|          2|
    |ap_sync_reg_channel_write_layer2_out_6   |   9|          2|    1|          2|
    |ap_sync_reg_channel_write_layer2_out_7   |   9|          2|    1|          2|
    |ap_sync_reg_channel_write_layer2_out_8   |   9|          2|    1|          2|
    |ap_sync_reg_channel_write_layer2_out_9   |   9|          2|    1|          2|
    |ap_sync_reg_channel_write_layer3_out     |   9|          2|    1|          2|
    |ap_sync_reg_channel_write_layer3_out_1   |   9|          2|    1|          2|
    |ap_sync_reg_channel_write_layer3_out_10  |   9|          2|    1|          2|
    |ap_sync_reg_channel_write_layer3_out_11  |   9|          2|    1|          2|
    |ap_sync_reg_channel_write_layer3_out_12  |   9|          2|    1|          2|
    |ap_sync_reg_channel_write_layer3_out_13  |   9|          2|    1|          2|
    |ap_sync_reg_channel_write_layer3_out_14  |   9|          2|    1|          2|
    |ap_sync_reg_channel_write_layer3_out_15  |   9|          2|    1|          2|
    |ap_sync_reg_channel_write_layer3_out_2   |   9|          2|    1|          2|
    |ap_sync_reg_channel_write_layer3_out_3   |   9|          2|    1|          2|
    |ap_sync_reg_channel_write_layer3_out_4   |   9|          2|    1|          2|
    |ap_sync_reg_channel_write_layer3_out_5   |   9|          2|    1|          2|
    |ap_sync_reg_channel_write_layer3_out_6   |   9|          2|    1|          2|
    |ap_sync_reg_channel_write_layer3_out_7   |   9|          2|    1|          2|
    |ap_sync_reg_channel_write_layer3_out_8   |   9|          2|    1|          2|
    |ap_sync_reg_channel_write_layer3_out_9   |   9|          2|    1|          2|
    |ap_sync_reg_channel_write_layer4_out     |   9|          2|    1|          2|
    |ap_sync_reg_channel_write_layer4_out_1   |   9|          2|    1|          2|
    |ap_sync_reg_channel_write_layer4_out_10  |   9|          2|    1|          2|
    |ap_sync_reg_channel_write_layer4_out_11  |   9|          2|    1|          2|
    |ap_sync_reg_channel_write_layer4_out_12  |   9|          2|    1|          2|
    |ap_sync_reg_channel_write_layer4_out_13  |   9|          2|    1|          2|
    |ap_sync_reg_channel_write_layer4_out_14  |   9|          2|    1|          2|
    |ap_sync_reg_channel_write_layer4_out_15  |   9|          2|    1|          2|
    |ap_sync_reg_channel_write_layer4_out_16  |   9|          2|    1|          2|
    |ap_sync_reg_channel_write_layer4_out_17  |   9|          2|    1|          2|
    |ap_sync_reg_channel_write_layer4_out_18  |   9|          2|    1|          2|
    |ap_sync_reg_channel_write_layer4_out_19  |   9|          2|    1|          2|
    |ap_sync_reg_channel_write_layer4_out_2   |   9|          2|    1|          2|
    |ap_sync_reg_channel_write_layer4_out_20  |   9|          2|    1|          2|
    |ap_sync_reg_channel_write_layer4_out_21  |   9|          2|    1|          2|
    |ap_sync_reg_channel_write_layer4_out_22  |   9|          2|    1|          2|
    |ap_sync_reg_channel_write_layer4_out_23  |   9|          2|    1|          2|
    |ap_sync_reg_channel_write_layer4_out_24  |   9|          2|    1|          2|
    |ap_sync_reg_channel_write_layer4_out_25  |   9|          2|    1|          2|
    |ap_sync_reg_channel_write_layer4_out_26  |   9|          2|    1|          2|
    |ap_sync_reg_channel_write_layer4_out_27  |   9|          2|    1|          2|
    |ap_sync_reg_channel_write_layer4_out_28  |   9|          2|    1|          2|
    |ap_sync_reg_channel_write_layer4_out_29  |   9|          2|    1|          2|
    |ap_sync_reg_channel_write_layer4_out_3   |   9|          2|    1|          2|
    |ap_sync_reg_channel_write_layer4_out_30  |   9|          2|    1|          2|
    |ap_sync_reg_channel_write_layer4_out_31  |   9|          2|    1|          2|
    |ap_sync_reg_channel_write_layer4_out_32  |   9|          2|    1|          2|
    |ap_sync_reg_channel_write_layer4_out_33  |   9|          2|    1|          2|
    |ap_sync_reg_channel_write_layer4_out_34  |   9|          2|    1|          2|
    |ap_sync_reg_channel_write_layer4_out_35  |   9|          2|    1|          2|
    |ap_sync_reg_channel_write_layer4_out_36  |   9|          2|    1|          2|
    |ap_sync_reg_channel_write_layer4_out_37  |   9|          2|    1|          2|
    |ap_sync_reg_channel_write_layer4_out_38  |   9|          2|    1|          2|
    |ap_sync_reg_channel_write_layer4_out_39  |   9|          2|    1|          2|
    |ap_sync_reg_channel_write_layer4_out_4   |   9|          2|    1|          2|
    |ap_sync_reg_channel_write_layer4_out_40  |   9|          2|    1|          2|
    |ap_sync_reg_channel_write_layer4_out_41  |   9|          2|    1|          2|
    |ap_sync_reg_channel_write_layer4_out_42  |   9|          2|    1|          2|
    |ap_sync_reg_channel_write_layer4_out_43  |   9|          2|    1|          2|
    |ap_sync_reg_channel_write_layer4_out_44  |   9|          2|    1|          2|
    |ap_sync_reg_channel_write_layer4_out_45  |   9|          2|    1|          2|
    |ap_sync_reg_channel_write_layer4_out_46  |   9|          2|    1|          2|
    |ap_sync_reg_channel_write_layer4_out_47  |   9|          2|    1|          2|
    |ap_sync_reg_channel_write_layer4_out_48  |   9|          2|    1|          2|
    |ap_sync_reg_channel_write_layer4_out_49  |   9|          2|    1|          2|
    |ap_sync_reg_channel_write_layer4_out_5   |   9|          2|    1|          2|
    |ap_sync_reg_channel_write_layer4_out_50  |   9|          2|    1|          2|
    |ap_sync_reg_channel_write_layer4_out_51  |   9|          2|    1|          2|
    |ap_sync_reg_channel_write_layer4_out_52  |   9|          2|    1|          2|
    |ap_sync_reg_channel_write_layer4_out_53  |   9|          2|    1|          2|
    |ap_sync_reg_channel_write_layer4_out_54  |   9|          2|    1|          2|
    |ap_sync_reg_channel_write_layer4_out_55  |   9|          2|    1|          2|
    |ap_sync_reg_channel_write_layer4_out_56  |   9|          2|    1|          2|
    |ap_sync_reg_channel_write_layer4_out_57  |   9|          2|    1|          2|
    |ap_sync_reg_channel_write_layer4_out_58  |   9|          2|    1|          2|
    |ap_sync_reg_channel_write_layer4_out_59  |   9|          2|    1|          2|
    |ap_sync_reg_channel_write_layer4_out_6   |   9|          2|    1|          2|
    |ap_sync_reg_channel_write_layer4_out_60  |   9|          2|    1|          2|
    |ap_sync_reg_channel_write_layer4_out_61  |   9|          2|    1|          2|
    |ap_sync_reg_channel_write_layer4_out_62  |   9|          2|    1|          2|
    |ap_sync_reg_channel_write_layer4_out_63  |   9|          2|    1|          2|
    |ap_sync_reg_channel_write_layer4_out_7   |   9|          2|    1|          2|
    |ap_sync_reg_channel_write_layer4_out_8   |   9|          2|    1|          2|
    |ap_sync_reg_channel_write_layer4_out_9   |   9|          2|    1|          2|
    +-----------------------------------------+----+-----------+-----+-----------+
    |Total                                    | 864|        192|   96|        192|
    +-----------------------------------------+----+-----------+-----+-----------+

    * Register: 
    +-----------------------------------------+---+----+-----+-----------+
    |                   Name                  | FF| LUT| Bits| Const Bits|
    +-----------------------------------------+---+----+-----+-----------+
    |ap_sync_reg_channel_write_layer2_out     |  1|   0|    1|          0|
    |ap_sync_reg_channel_write_layer2_out_1   |  1|   0|    1|          0|
    |ap_sync_reg_channel_write_layer2_out_10  |  1|   0|    1|          0|
    |ap_sync_reg_channel_write_layer2_out_11  |  1|   0|    1|          0|
    |ap_sync_reg_channel_write_layer2_out_12  |  1|   0|    1|          0|
    |ap_sync_reg_channel_write_layer2_out_13  |  1|   0|    1|          0|
    |ap_sync_reg_channel_write_layer2_out_14  |  1|   0|    1|          0|
    |ap_sync_reg_channel_write_layer2_out_15  |  1|   0|    1|          0|
    |ap_sync_reg_channel_write_layer2_out_2   |  1|   0|    1|          0|
    |ap_sync_reg_channel_write_layer2_out_3   |  1|   0|    1|          0|
    |ap_sync_reg_channel_write_layer2_out_4   |  1|   0|    1|          0|
    |ap_sync_reg_channel_write_layer2_out_5   |  1|   0|    1|          0|
    |ap_sync_reg_channel_write_layer2_out_6   |  1|   0|    1|          0|
    |ap_sync_reg_channel_write_layer2_out_7   |  1|   0|    1|          0|
    |ap_sync_reg_channel_write_layer2_out_8   |  1|   0|    1|          0|
    |ap_sync_reg_channel_write_layer2_out_9   |  1|   0|    1|          0|
    |ap_sync_reg_channel_write_layer3_out     |  1|   0|    1|          0|
    |ap_sync_reg_channel_write_layer3_out_1   |  1|   0|    1|          0|
    |ap_sync_reg_channel_write_layer3_out_10  |  1|   0|    1|          0|
    |ap_sync_reg_channel_write_layer3_out_11  |  1|   0|    1|          0|
    |ap_sync_reg_channel_write_layer3_out_12  |  1|   0|    1|          0|
    |ap_sync_reg_channel_write_layer3_out_13  |  1|   0|    1|          0|
    |ap_sync_reg_channel_write_layer3_out_14  |  1|   0|    1|          0|
    |ap_sync_reg_channel_write_layer3_out_15  |  1|   0|    1|          0|
    |ap_sync_reg_channel_write_layer3_out_2   |  1|   0|    1|          0|
    |ap_sync_reg_channel_write_layer3_out_3   |  1|   0|    1|          0|
    |ap_sync_reg_channel_write_layer3_out_4   |  1|   0|    1|          0|
    |ap_sync_reg_channel_write_layer3_out_5   |  1|   0|    1|          0|
    |ap_sync_reg_channel_write_layer3_out_6   |  1|   0|    1|          0|
    |ap_sync_reg_channel_write_layer3_out_7   |  1|   0|    1|          0|
    |ap_sync_reg_channel_write_layer3_out_8   |  1|   0|    1|          0|
    |ap_sync_reg_channel_write_layer3_out_9   |  1|   0|    1|          0|
    |ap_sync_reg_channel_write_layer4_out     |  1|   0|    1|          0|
    |ap_sync_reg_channel_write_layer4_out_1   |  1|   0|    1|          0|
    |ap_sync_reg_channel_write_layer4_out_10  |  1|   0|    1|          0|
    |ap_sync_reg_channel_write_layer4_out_11  |  1|   0|    1|          0|
    |ap_sync_reg_channel_write_layer4_out_12  |  1|   0|    1|          0|
    |ap_sync_reg_channel_write_layer4_out_13  |  1|   0|    1|          0|
    |ap_sync_reg_channel_write_layer4_out_14  |  1|   0|    1|          0|
    |ap_sync_reg_channel_write_layer4_out_15  |  1|   0|    1|          0|
    |ap_sync_reg_channel_write_layer4_out_16  |  1|   0|    1|          0|
    |ap_sync_reg_channel_write_layer4_out_17  |  1|   0|    1|          0|
    |ap_sync_reg_channel_write_layer4_out_18  |  1|   0|    1|          0|
    |ap_sync_reg_channel_write_layer4_out_19  |  1|   0|    1|          0|
    |ap_sync_reg_channel_write_layer4_out_2   |  1|   0|    1|          0|
    |ap_sync_reg_channel_write_layer4_out_20  |  1|   0|    1|          0|
    |ap_sync_reg_channel_write_layer4_out_21  |  1|   0|    1|          0|
    |ap_sync_reg_channel_write_layer4_out_22  |  1|   0|    1|          0|
    |ap_sync_reg_channel_write_layer4_out_23  |  1|   0|    1|          0|
    |ap_sync_reg_channel_write_layer4_out_24  |  1|   0|    1|          0|
    |ap_sync_reg_channel_write_layer4_out_25  |  1|   0|    1|          0|
    |ap_sync_reg_channel_write_layer4_out_26  |  1|   0|    1|          0|
    |ap_sync_reg_channel_write_layer4_out_27  |  1|   0|    1|          0|
    |ap_sync_reg_channel_write_layer4_out_28  |  1|   0|    1|          0|
    |ap_sync_reg_channel_write_layer4_out_29  |  1|   0|    1|          0|
    |ap_sync_reg_channel_write_layer4_out_3   |  1|   0|    1|          0|
    |ap_sync_reg_channel_write_layer4_out_30  |  1|   0|    1|          0|
    |ap_sync_reg_channel_write_layer4_out_31  |  1|   0|    1|          0|
    |ap_sync_reg_channel_write_layer4_out_32  |  1|   0|    1|          0|
    |ap_sync_reg_channel_write_layer4_out_33  |  1|   0|    1|          0|
    |ap_sync_reg_channel_write_layer4_out_34  |  1|   0|    1|          0|
    |ap_sync_reg_channel_write_layer4_out_35  |  1|   0|    1|          0|
    |ap_sync_reg_channel_write_layer4_out_36  |  1|   0|    1|          0|
    |ap_sync_reg_channel_write_layer4_out_37  |  1|   0|    1|          0|
    |ap_sync_reg_channel_write_layer4_out_38  |  1|   0|    1|          0|
    |ap_sync_reg_channel_write_layer4_out_39  |  1|   0|    1|          0|
    |ap_sync_reg_channel_write_layer4_out_4   |  1|   0|    1|          0|
    |ap_sync_reg_channel_write_layer4_out_40  |  1|   0|    1|          0|
    |ap_sync_reg_channel_write_layer4_out_41  |  1|   0|    1|          0|
    |ap_sync_reg_channel_write_layer4_out_42  |  1|   0|    1|          0|
    |ap_sync_reg_channel_write_layer4_out_43  |  1|   0|    1|          0|
    |ap_sync_reg_channel_write_layer4_out_44  |  1|   0|    1|          0|
    |ap_sync_reg_channel_write_layer4_out_45  |  1|   0|    1|          0|
    |ap_sync_reg_channel_write_layer4_out_46  |  1|   0|    1|          0|
    |ap_sync_reg_channel_write_layer4_out_47  |  1|   0|    1|          0|
    |ap_sync_reg_channel_write_layer4_out_48  |  1|   0|    1|          0|
    |ap_sync_reg_channel_write_layer4_out_49  |  1|   0|    1|          0|
    |ap_sync_reg_channel_write_layer4_out_5   |  1|   0|    1|          0|
    |ap_sync_reg_channel_write_layer4_out_50  |  1|   0|    1|          0|
    |ap_sync_reg_channel_write_layer4_out_51  |  1|   0|    1|          0|
    |ap_sync_reg_channel_write_layer4_out_52  |  1|   0|    1|          0|
    |ap_sync_reg_channel_write_layer4_out_53  |  1|   0|    1|          0|
    |ap_sync_reg_channel_write_layer4_out_54  |  1|   0|    1|          0|
    |ap_sync_reg_channel_write_layer4_out_55  |  1|   0|    1|          0|
    |ap_sync_reg_channel_write_layer4_out_56  |  1|   0|    1|          0|
    |ap_sync_reg_channel_write_layer4_out_57  |  1|   0|    1|          0|
    |ap_sync_reg_channel_write_layer4_out_58  |  1|   0|    1|          0|
    |ap_sync_reg_channel_write_layer4_out_59  |  1|   0|    1|          0|
    |ap_sync_reg_channel_write_layer4_out_6   |  1|   0|    1|          0|
    |ap_sync_reg_channel_write_layer4_out_60  |  1|   0|    1|          0|
    |ap_sync_reg_channel_write_layer4_out_61  |  1|   0|    1|          0|
    |ap_sync_reg_channel_write_layer4_out_62  |  1|   0|    1|          0|
    |ap_sync_reg_channel_write_layer4_out_63  |  1|   0|    1|          0|
    |ap_sync_reg_channel_write_layer4_out_7   |  1|   0|    1|          0|
    |ap_sync_reg_channel_write_layer4_out_8   |  1|   0|    1|          0|
    |ap_sync_reg_channel_write_layer4_out_9   |  1|   0|    1|          0|
    +-----------------------------------------+---+----+-----+-----------+
    |Total                                    | 96|   0|   96|          0|
    +-----------------------------------------+---+----+-----+-----------+



================================================================
== Interface
================================================================
* Summary: 
+----------------------+-----+------+------------+---------------+--------------+
|       RTL Ports      | Dir | Bits |  Protocol  | Source Object |    C Type    |
+----------------------+-----+------+------------+---------------+--------------+
|input_1               |   in|  1024|      ap_vld|        input_1|       pointer|
|input_1_ap_vld        |   in|     1|      ap_vld|        input_1|       pointer|
|layer5_out_0          |  out|    16|      ap_vld|   layer5_out_0|       pointer|
|layer5_out_0_ap_vld   |  out|     1|      ap_vld|   layer5_out_0|       pointer|
|layer5_out_1          |  out|    16|      ap_vld|   layer5_out_1|       pointer|
|layer5_out_1_ap_vld   |  out|     1|      ap_vld|   layer5_out_1|       pointer|
|layer5_out_2          |  out|    16|      ap_vld|   layer5_out_2|       pointer|
|layer5_out_2_ap_vld   |  out|     1|      ap_vld|   layer5_out_2|       pointer|
|layer5_out_3          |  out|    16|      ap_vld|   layer5_out_3|       pointer|
|layer5_out_3_ap_vld   |  out|     1|      ap_vld|   layer5_out_3|       pointer|
|layer5_out_4          |  out|    16|      ap_vld|   layer5_out_4|       pointer|
|layer5_out_4_ap_vld   |  out|     1|      ap_vld|   layer5_out_4|       pointer|
|layer5_out_5          |  out|    16|      ap_vld|   layer5_out_5|       pointer|
|layer5_out_5_ap_vld   |  out|     1|      ap_vld|   layer5_out_5|       pointer|
|layer5_out_6          |  out|    16|      ap_vld|   layer5_out_6|       pointer|
|layer5_out_6_ap_vld   |  out|     1|      ap_vld|   layer5_out_6|       pointer|
|layer5_out_7          |  out|    16|      ap_vld|   layer5_out_7|       pointer|
|layer5_out_7_ap_vld   |  out|     1|      ap_vld|   layer5_out_7|       pointer|
|layer5_out_8          |  out|    16|      ap_vld|   layer5_out_8|       pointer|
|layer5_out_8_ap_vld   |  out|     1|      ap_vld|   layer5_out_8|       pointer|
|layer5_out_9          |  out|    16|      ap_vld|   layer5_out_9|       pointer|
|layer5_out_9_ap_vld   |  out|     1|      ap_vld|   layer5_out_9|       pointer|
|layer5_out_10         |  out|    16|      ap_vld|  layer5_out_10|       pointer|
|layer5_out_10_ap_vld  |  out|     1|      ap_vld|  layer5_out_10|       pointer|
|layer5_out_11         |  out|    16|      ap_vld|  layer5_out_11|       pointer|
|layer5_out_11_ap_vld  |  out|     1|      ap_vld|  layer5_out_11|       pointer|
|layer5_out_12         |  out|    16|      ap_vld|  layer5_out_12|       pointer|
|layer5_out_12_ap_vld  |  out|     1|      ap_vld|  layer5_out_12|       pointer|
|layer5_out_13         |  out|    16|      ap_vld|  layer5_out_13|       pointer|
|layer5_out_13_ap_vld  |  out|     1|      ap_vld|  layer5_out_13|       pointer|
|layer5_out_14         |  out|    16|      ap_vld|  layer5_out_14|       pointer|
|layer5_out_14_ap_vld  |  out|     1|      ap_vld|  layer5_out_14|       pointer|
|layer5_out_15         |  out|    16|      ap_vld|  layer5_out_15|       pointer|
|layer5_out_15_ap_vld  |  out|     1|      ap_vld|  layer5_out_15|       pointer|
|layer5_out_16         |  out|    16|      ap_vld|  layer5_out_16|       pointer|
|layer5_out_16_ap_vld  |  out|     1|      ap_vld|  layer5_out_16|       pointer|
|layer5_out_17         |  out|    16|      ap_vld|  layer5_out_17|       pointer|
|layer5_out_17_ap_vld  |  out|     1|      ap_vld|  layer5_out_17|       pointer|
|layer5_out_18         |  out|    16|      ap_vld|  layer5_out_18|       pointer|
|layer5_out_18_ap_vld  |  out|     1|      ap_vld|  layer5_out_18|       pointer|
|layer5_out_19         |  out|    16|      ap_vld|  layer5_out_19|       pointer|
|layer5_out_19_ap_vld  |  out|     1|      ap_vld|  layer5_out_19|       pointer|
|layer5_out_20         |  out|    16|      ap_vld|  layer5_out_20|       pointer|
|layer5_out_20_ap_vld  |  out|     1|      ap_vld|  layer5_out_20|       pointer|
|layer5_out_21         |  out|    16|      ap_vld|  layer5_out_21|       pointer|
|layer5_out_21_ap_vld  |  out|     1|      ap_vld|  layer5_out_21|       pointer|
|layer5_out_22         |  out|    16|      ap_vld|  layer5_out_22|       pointer|
|layer5_out_22_ap_vld  |  out|     1|      ap_vld|  layer5_out_22|       pointer|
|layer5_out_23         |  out|    16|      ap_vld|  layer5_out_23|       pointer|
|layer5_out_23_ap_vld  |  out|     1|      ap_vld|  layer5_out_23|       pointer|
|layer5_out_24         |  out|    16|      ap_vld|  layer5_out_24|       pointer|
|layer5_out_24_ap_vld  |  out|     1|      ap_vld|  layer5_out_24|       pointer|
|layer5_out_25         |  out|    16|      ap_vld|  layer5_out_25|       pointer|
|layer5_out_25_ap_vld  |  out|     1|      ap_vld|  layer5_out_25|       pointer|
|layer5_out_26         |  out|    16|      ap_vld|  layer5_out_26|       pointer|
|layer5_out_26_ap_vld  |  out|     1|      ap_vld|  layer5_out_26|       pointer|
|layer5_out_27         |  out|    16|      ap_vld|  layer5_out_27|       pointer|
|layer5_out_27_ap_vld  |  out|     1|      ap_vld|  layer5_out_27|       pointer|
|layer5_out_28         |  out|    16|      ap_vld|  layer5_out_28|       pointer|
|layer5_out_28_ap_vld  |  out|     1|      ap_vld|  layer5_out_28|       pointer|
|layer5_out_29         |  out|    16|      ap_vld|  layer5_out_29|       pointer|
|layer5_out_29_ap_vld  |  out|     1|      ap_vld|  layer5_out_29|       pointer|
|layer5_out_30         |  out|    16|      ap_vld|  layer5_out_30|       pointer|
|layer5_out_30_ap_vld  |  out|     1|      ap_vld|  layer5_out_30|       pointer|
|layer5_out_31         |  out|    16|      ap_vld|  layer5_out_31|       pointer|
|layer5_out_31_ap_vld  |  out|     1|      ap_vld|  layer5_out_31|       pointer|
|layer5_out_32         |  out|    16|      ap_vld|  layer5_out_32|       pointer|
|layer5_out_32_ap_vld  |  out|     1|      ap_vld|  layer5_out_32|       pointer|
|layer5_out_33         |  out|    16|      ap_vld|  layer5_out_33|       pointer|
|layer5_out_33_ap_vld  |  out|     1|      ap_vld|  layer5_out_33|       pointer|
|layer5_out_34         |  out|    16|      ap_vld|  layer5_out_34|       pointer|
|layer5_out_34_ap_vld  |  out|     1|      ap_vld|  layer5_out_34|       pointer|
|layer5_out_35         |  out|    16|      ap_vld|  layer5_out_35|       pointer|
|layer5_out_35_ap_vld  |  out|     1|      ap_vld|  layer5_out_35|       pointer|
|layer5_out_36         |  out|    16|      ap_vld|  layer5_out_36|       pointer|
|layer5_out_36_ap_vld  |  out|     1|      ap_vld|  layer5_out_36|       pointer|
|layer5_out_37         |  out|    16|      ap_vld|  layer5_out_37|       pointer|
|layer5_out_37_ap_vld  |  out|     1|      ap_vld|  layer5_out_37|       pointer|
|layer5_out_38         |  out|    16|      ap_vld|  layer5_out_38|       pointer|
|layer5_out_38_ap_vld  |  out|     1|      ap_vld|  layer5_out_38|       pointer|
|layer5_out_39         |  out|    16|      ap_vld|  layer5_out_39|       pointer|
|layer5_out_39_ap_vld  |  out|     1|      ap_vld|  layer5_out_39|       pointer|
|layer5_out_40         |  out|    16|      ap_vld|  layer5_out_40|       pointer|
|layer5_out_40_ap_vld  |  out|     1|      ap_vld|  layer5_out_40|       pointer|
|layer5_out_41         |  out|    16|      ap_vld|  layer5_out_41|       pointer|
|layer5_out_41_ap_vld  |  out|     1|      ap_vld|  layer5_out_41|       pointer|
|layer5_out_42         |  out|    16|      ap_vld|  layer5_out_42|       pointer|
|layer5_out_42_ap_vld  |  out|     1|      ap_vld|  layer5_out_42|       pointer|
|layer5_out_43         |  out|    16|      ap_vld|  layer5_out_43|       pointer|
|layer5_out_43_ap_vld  |  out|     1|      ap_vld|  layer5_out_43|       pointer|
|layer5_out_44         |  out|    16|      ap_vld|  layer5_out_44|       pointer|
|layer5_out_44_ap_vld  |  out|     1|      ap_vld|  layer5_out_44|       pointer|
|layer5_out_45         |  out|    16|      ap_vld|  layer5_out_45|       pointer|
|layer5_out_45_ap_vld  |  out|     1|      ap_vld|  layer5_out_45|       pointer|
|layer5_out_46         |  out|    16|      ap_vld|  layer5_out_46|       pointer|
|layer5_out_46_ap_vld  |  out|     1|      ap_vld|  layer5_out_46|       pointer|
|layer5_out_47         |  out|    16|      ap_vld|  layer5_out_47|       pointer|
|layer5_out_47_ap_vld  |  out|     1|      ap_vld|  layer5_out_47|       pointer|
|layer5_out_48         |  out|    16|      ap_vld|  layer5_out_48|       pointer|
|layer5_out_48_ap_vld  |  out|     1|      ap_vld|  layer5_out_48|       pointer|
|layer5_out_49         |  out|    16|      ap_vld|  layer5_out_49|       pointer|
|layer5_out_49_ap_vld  |  out|     1|      ap_vld|  layer5_out_49|       pointer|
|layer5_out_50         |  out|    16|      ap_vld|  layer5_out_50|       pointer|
|layer5_out_50_ap_vld  |  out|     1|      ap_vld|  layer5_out_50|       pointer|
|layer5_out_51         |  out|    16|      ap_vld|  layer5_out_51|       pointer|
|layer5_out_51_ap_vld  |  out|     1|      ap_vld|  layer5_out_51|       pointer|
|layer5_out_52         |  out|    16|      ap_vld|  layer5_out_52|       pointer|
|layer5_out_52_ap_vld  |  out|     1|      ap_vld|  layer5_out_52|       pointer|
|layer5_out_53         |  out|    16|      ap_vld|  layer5_out_53|       pointer|
|layer5_out_53_ap_vld  |  out|     1|      ap_vld|  layer5_out_53|       pointer|
|layer5_out_54         |  out|    16|      ap_vld|  layer5_out_54|       pointer|
|layer5_out_54_ap_vld  |  out|     1|      ap_vld|  layer5_out_54|       pointer|
|layer5_out_55         |  out|    16|      ap_vld|  layer5_out_55|       pointer|
|layer5_out_55_ap_vld  |  out|     1|      ap_vld|  layer5_out_55|       pointer|
|layer5_out_56         |  out|    16|      ap_vld|  layer5_out_56|       pointer|
|layer5_out_56_ap_vld  |  out|     1|      ap_vld|  layer5_out_56|       pointer|
|layer5_out_57         |  out|    16|      ap_vld|  layer5_out_57|       pointer|
|layer5_out_57_ap_vld  |  out|     1|      ap_vld|  layer5_out_57|       pointer|
|layer5_out_58         |  out|    16|      ap_vld|  layer5_out_58|       pointer|
|layer5_out_58_ap_vld  |  out|     1|      ap_vld|  layer5_out_58|       pointer|
|layer5_out_59         |  out|    16|      ap_vld|  layer5_out_59|       pointer|
|layer5_out_59_ap_vld  |  out|     1|      ap_vld|  layer5_out_59|       pointer|
|layer5_out_60         |  out|    16|      ap_vld|  layer5_out_60|       pointer|
|layer5_out_60_ap_vld  |  out|     1|      ap_vld|  layer5_out_60|       pointer|
|layer5_out_61         |  out|    16|      ap_vld|  layer5_out_61|       pointer|
|layer5_out_61_ap_vld  |  out|     1|      ap_vld|  layer5_out_61|       pointer|
|layer5_out_62         |  out|    16|      ap_vld|  layer5_out_62|       pointer|
|layer5_out_62_ap_vld  |  out|     1|      ap_vld|  layer5_out_62|       pointer|
|layer5_out_63         |  out|    16|      ap_vld|  layer5_out_63|       pointer|
|layer5_out_63_ap_vld  |  out|     1|      ap_vld|  layer5_out_63|       pointer|
|ap_clk                |   in|     1|  ap_ctrl_hs|      myproject|  return value|
|ap_rst                |   in|     1|  ap_ctrl_hs|      myproject|  return value|
|ap_start              |   in|     1|  ap_ctrl_hs|      myproject|  return value|
|ap_done               |  out|     1|  ap_ctrl_hs|      myproject|  return value|
|ap_ready              |  out|     1|  ap_ctrl_hs|      myproject|  return value|
|ap_idle               |  out|     1|  ap_ctrl_hs|      myproject|  return value|
+----------------------+-----+------+------------+---------------+--------------+

