

================================================================
== Vitis HLS Report for 'dense_resource_ap_fixed_32_6_5_3_0_ap_fixed_32_6_5_3_0_config2_s'
================================================================
* Date:           Sun Dec  7 22:01:36 2025

* Version:        2023.1 (Build 3854077 on May  4 2023)
* Project:        myproject_prj
* Solution:       solution1 (Vivado IP Flow Target)
* Product family: zynq
* Target device:  xc7z020-clg400-1


================================================================
== Performance Estimates
================================================================
+ Timing: 
    * Summary: 
    +--------+---------+----------+------------+
    |  Clock |  Target | Estimated| Uncertainty|
    +--------+---------+----------+------------+
    |ap_clk  |  5.00 ns|  7.212 ns|     0.62 ns|
    +--------+---------+----------+------------+

+ Latency: 
    * Summary: 
    +---------+---------+----------+----------+-----+-----+------------------------------------------+
    |  Latency (cycles) |  Latency (absolute) |  Interval |                 Pipeline                 |
    |   min   |   max   |    min   |    max   | min | max |                   Type                   |
    +---------+---------+----------+----------+-----+-----+------------------------------------------+
    |      138|      139|  0.995 us|  1.002 us|  128|  128|  loop rewind stp(delay=0 clock cycles(s))|
    +---------+---------+----------+----------+-----+-----+------------------------------------------+

    + Detail: 
        * Instance: 
        N/A

        * Loop: 
        +-------------+---------+---------+----------+-----------+-----------+------+----------+
        |             |  Latency (cycles) | Iteration|  Initiation Interval  | Trip |          |
        |  Loop Name  |   min   |   max   |  Latency |  achieved |   target  | Count| Pipelined|
        +-------------+---------+---------+----------+-----------+-----------+------+----------+
        |- ReuseLoop  |      138|      138|        12|          1|          1|   128|       yes|
        +-------------+---------+---------+----------+-----------+-----------+------+----------+

============================================================
+ Verbose Summary: Synthesis Manager
============================================================
InlineROM: 1
ExposeGlobal: 0
============================================================
+ Verbose Summary: CDFG Model
============================================================
IsTopModel: 0
ResetActiveHigh: 1
IsCombinational: 2
IsDatapathOnly: 0
HasWiredReturn: 1
HasMFsm: 2
HasVarLatency: 1
IsPipeline: 0
IsRtlPipelined: 0
IsInstanceOverlapped: 0
IsDontTouch: 0
HasImplIP: 0
IsGatedGlobalClock: 0

+ Individual pipeline summary: 
  * Pipeline-0: initiation interval (II) = 1, depth = 12


============================================================
+ Verbose Summary: Schedule
============================================================
* Number of FSM states : 12
* Pipeline : 1
  Pipeline-0 : II = 1, D = 12, States = { 1 2 3 4 5 6 7 8 9 10 11 12 }
* Dataflow Pipeline: 0

* FSM state transitions: 
1 --> 2 
2 --> 3 
3 --> 4 
4 --> 5 
5 --> 6 
6 --> 7 
7 --> 8 
8 --> 9 
9 --> 10 
10 --> 11 
11 --> 12 
12 --> 

* FSM state operations: 

State 1 <SV = 0> <Delay = 7.21>
ST_1 : Operation 14 [1/1] (1.58ns)   --->   "%br_ln129 = br void %rewind_header" [firmware/nnet_utils/nnet_dense_resource.h:129->firmware/nnet_utils/nnet_dense_resource.h:255]   --->   Operation 14 'br' 'br_ln129' <Predicate = true> <Delay = 1.58>
ST_1 : Operation 15 [1/1] (0.00ns)   --->   "%do_init = phi i1 1, void %entry, i1 0, void %for.body27.split.i_ifconv, i1 1, void %dense_resource_rf_gt_nin_rem0<ap_fixed<32, 6, 5, 3, 0>, ap_fixed<32, 6, 5, 3, 0>, config2>.exit"   --->   Operation 15 'phi' 'do_init' <Predicate = true> <Delay = 0.00>
ST_1 : Operation 16 [1/1] (0.00ns)   --->   "%input_1_load_rewind = phi i2048 0, void %entry, i2048 %input_1_load_phi, void %for.body27.split.i_ifconv, i2048 0, void %dense_resource_rf_gt_nin_rem0<ap_fixed<32, 6, 5, 3, 0>, ap_fixed<32, 6, 5, 3, 0>, config2>.exit"   --->   Operation 16 'phi' 'input_1_load_rewind' <Predicate = true> <Delay = 0.00>
ST_1 : Operation 17 [1/1] (0.00ns)   --->   "%in_index42 = phi i32 0, void %entry, i32 %in_index, void %for.body27.split.i_ifconv, i32 0, void %dense_resource_rf_gt_nin_rem0<ap_fixed<32, 6, 5, 3, 0>, ap_fixed<32, 6, 5, 3, 0>, config2>.exit"   --->   Operation 17 'phi' 'in_index42' <Predicate = true> <Delay = 0.00>
ST_1 : Operation 18 [1/1] (0.00ns)   --->   "%w_index41 = phi i7 0, void %entry, i7 %w_index, void %for.body27.split.i_ifconv, i7 0, void %dense_resource_rf_gt_nin_rem0<ap_fixed<32, 6, 5, 3, 0>, ap_fixed<32, 6, 5, 3, 0>, config2>.exit"   --->   Operation 18 'phi' 'w_index41' <Predicate = true> <Delay = 0.00>
ST_1 : Operation 19 [1/1] (1.58ns)   --->   "%br_ln0 = br i1 %do_init, void %for.body27.split.i_ifconv, void %rewind_init"   --->   Operation 19 'br' 'br_ln0' <Predicate = true> <Delay = 1.58>
ST_1 : Operation 20 [1/1] (0.00ns)   --->   "%input_1_read = read i2048 @_ssdm_op_Read.ap_auto.i2048P0A, i2048 %input_1"   --->   Operation 20 'read' 'input_1_read' <Predicate = (do_init)> <Delay = 0.00>
ST_1 : Operation 21 [1/1] (1.58ns)   --->   "%br_ln129 = br void %for.body27.split.i_ifconv" [firmware/nnet_utils/nnet_dense_resource.h:129->firmware/nnet_utils/nnet_dense_resource.h:255]   --->   Operation 21 'br' 'br_ln129' <Predicate = (do_init)> <Delay = 1.58>
ST_1 : Operation 22 [1/1] (0.00ns)   --->   "%input_1_load_phi = phi i2048 %input_1_read, void %rewind_init, i2048 %input_1_load_rewind, void %rewind_header"   --->   Operation 22 'phi' 'input_1_load_phi' <Predicate = true> <Delay = 0.00>
ST_1 : Operation 23 [1/1] (0.00ns)   --->   "%empty = trunc i32 %in_index42" [firmware/nnet_utils/nnet_dense_resource.h:148->firmware/nnet_utils/nnet_dense_resource.h:255]   --->   Operation 23 'trunc' 'empty' <Predicate = true> <Delay = 0.00>
ST_1 : Operation 24 [1/1] (0.00ns)   --->   "%tmp_256 = bitconcatenate i11 @_ssdm_op_BitConcatenate.i11.i6.i5, i6 %empty, i5 0" [firmware/nnet_utils/nnet_dense_resource.h:148->firmware/nnet_utils/nnet_dense_resource.h:255]   --->   Operation 24 'bitconcatenate' 'tmp_256' <Predicate = true> <Delay = 0.00>
ST_1 : Operation 25 [1/1] (0.00ns)   --->   "%empty_13 = zext i11 %tmp_256" [firmware/nnet_utils/nnet_dense_resource.h:148->firmware/nnet_utils/nnet_dense_resource.h:255]   --->   Operation 25 'zext' 'empty_13' <Predicate = true> <Delay = 0.00>
ST_1 : Operation 26 [6/6] (3.89ns)   --->   "%empty_14 = lshr i2048 %input_1_load_phi, i2048 %empty_13" [firmware/nnet_utils/nnet_dense_resource.h:148->firmware/nnet_utils/nnet_dense_resource.h:255]   --->   Operation 26 'lshr' 'empty_14' <Predicate = true> <Delay = 3.89> <CoreInst = "Shifter">   --->   Core 75 'Shifter' <Latency = 5> <II = 1> <Delay = 3.89> <FuncUnit> <Opcode : 'shl' 'lshr' 'ashr'> <InPorts = 2> <OutPorts = 1>
ST_1 : Operation 27 [1/1] (2.55ns)   --->   "%in_index_2 = add i32 %in_index42, i32 1" [firmware/nnet_utils/nnet_dense_resource.h:147->firmware/nnet_utils/nnet_dense_resource.h:255]   --->   Operation 27 'add' 'in_index_2' <Predicate = true> <Delay = 2.55> <CoreInst = "Adder">   --->   Core 1 'Adder' <Latency = 0> <II = 1> <Delay = 2.55> <FuncUnit> <Opcode : 'add' 'sub'> <InPorts = 2> <OutPorts = 1>
ST_1 : Operation 28 [1/1] (0.00ns)   --->   "%tmp_257 = partselect i26 @_ssdm_op_PartSelect.i26.i32.i32.i32, i32 %in_index_2, i32 6, i32 31" [firmware/nnet_utils/nnet_dense_resource.h:148->firmware/nnet_utils/nnet_dense_resource.h:255]   --->   Operation 28 'partselect' 'tmp_257' <Predicate = true> <Delay = 0.00>
ST_1 : Operation 29 [1/1] (2.37ns)   --->   "%icmp_ln148 = icmp_sgt  i26 %tmp_257, i26 0" [firmware/nnet_utils/nnet_dense_resource.h:148->firmware/nnet_utils/nnet_dense_resource.h:255]   --->   Operation 29 'icmp' 'icmp_ln148' <Predicate = true> <Delay = 2.37> <CoreInst = "Cmp">   --->   Core 9 'Cmp' <Latency = 0> <II = 1> <Delay = 2.37> <FuncUnit> <Opcode : 'icmp'> <InPorts = 2> <OutPorts = 1>
ST_1 : Operation 30 [1/1] (0.69ns)   --->   "%in_index = select i1 %icmp_ln148, i32 0, i32 %in_index_2" [firmware/nnet_utils/nnet_dense_resource.h:148->firmware/nnet_utils/nnet_dense_resource.h:255]   --->   Operation 30 'select' 'in_index' <Predicate = true> <Delay = 0.69> <CoreInst = "Sel">   --->   Core 73 'Sel' <Latency = 0> <II = 1> <Delay = 0.69> <FuncUnit> <Opcode : 'select'> <InPorts = 3> <OutPorts = 1>
ST_1 : Operation 31 [1/1] (1.87ns)   --->   "%w_index = add i7 %w_index41, i7 1" [firmware/nnet_utils/nnet_dense_resource.h:129->firmware/nnet_utils/nnet_dense_resource.h:255]   --->   Operation 31 'add' 'w_index' <Predicate = true> <Delay = 1.87> <CoreInst = "Adder">   --->   Core 1 'Adder' <Latency = 0> <II = 1> <Delay = 1.87> <FuncUnit> <Opcode : 'add' 'sub'> <InPorts = 2> <OutPorts = 1>
ST_1 : Operation 32 [1/1] (1.87ns)   --->   "%icmp_ln129 = icmp_eq  i7 %w_index41, i7 127" [firmware/nnet_utils/nnet_dense_resource.h:129->firmware/nnet_utils/nnet_dense_resource.h:255]   --->   Operation 32 'icmp' 'icmp_ln129' <Predicate = true> <Delay = 1.87> <CoreInst = "Cmp">   --->   Core 9 'Cmp' <Latency = 0> <II = 1> <Delay = 1.87> <FuncUnit> <Opcode : 'icmp'> <InPorts = 2> <OutPorts = 1>
ST_1 : Operation 33 [1/1] (0.00ns)   --->   "%br_ln129 = br i1 %icmp_ln129, void %rewind_header, void %dense_resource_rf_gt_nin_rem0<ap_fixed<32, 6, 5, 3, 0>, ap_fixed<32, 6, 5, 3, 0>, config2>.exit" [firmware/nnet_utils/nnet_dense_resource.h:129->firmware/nnet_utils/nnet_dense_resource.h:255]   --->   Operation 33 'br' 'br_ln129' <Predicate = true> <Delay = 0.00>
ST_1 : Operation 34 [1/1] (0.00ns)   --->   "%br_ln259 = br void %rewind_header" [firmware/nnet_utils/nnet_dense_resource.h:259]   --->   Operation 34 'br' 'br_ln259' <Predicate = (icmp_ln129)> <Delay = 0.00>

State 2 <SV = 1> <Delay = 3.89>
ST_2 : Operation 35 [5/6] (3.89ns)   --->   "%empty_14 = lshr i2048 %input_1_load_phi, i2048 %empty_13" [firmware/nnet_utils/nnet_dense_resource.h:148->firmware/nnet_utils/nnet_dense_resource.h:255]   --->   Operation 35 'lshr' 'empty_14' <Predicate = true> <Delay = 3.89> <CoreInst = "Shifter">   --->   Core 75 'Shifter' <Latency = 5> <II = 1> <Delay = 3.89> <FuncUnit> <Opcode : 'shl' 'lshr' 'ashr'> <InPorts = 2> <OutPorts = 1>

State 3 <SV = 2> <Delay = 3.89>
ST_3 : Operation 36 [4/6] (3.89ns)   --->   "%empty_14 = lshr i2048 %input_1_load_phi, i2048 %empty_13" [firmware/nnet_utils/nnet_dense_resource.h:148->firmware/nnet_utils/nnet_dense_resource.h:255]   --->   Operation 36 'lshr' 'empty_14' <Predicate = true> <Delay = 3.89> <CoreInst = "Shifter">   --->   Core 75 'Shifter' <Latency = 5> <II = 1> <Delay = 3.89> <FuncUnit> <Opcode : 'shl' 'lshr' 'ashr'> <InPorts = 2> <OutPorts = 1>

State 4 <SV = 3> <Delay = 3.89>
ST_4 : Operation 37 [3/6] (3.89ns)   --->   "%empty_14 = lshr i2048 %input_1_load_phi, i2048 %empty_13" [firmware/nnet_utils/nnet_dense_resource.h:148->firmware/nnet_utils/nnet_dense_resource.h:255]   --->   Operation 37 'lshr' 'empty_14' <Predicate = true> <Delay = 3.89> <CoreInst = "Shifter">   --->   Core 75 'Shifter' <Latency = 5> <II = 1> <Delay = 3.89> <FuncUnit> <Opcode : 'shl' 'lshr' 'ashr'> <InPorts = 2> <OutPorts = 1>

State 5 <SV = 4> <Delay = 3.89>
ST_5 : Operation 38 [1/1] (0.00ns)   --->   "%zext_ln129 = zext i7 %w_index41" [firmware/nnet_utils/nnet_dense_resource.h:129->firmware/nnet_utils/nnet_dense_resource.h:255]   --->   Operation 38 'zext' 'zext_ln129' <Predicate = true> <Delay = 0.00>
ST_5 : Operation 39 [1/1] (0.00ns)   --->   "%outidx_1_addr = getelementptr i1 %outidx_1, i64 0, i64 %zext_ln129" [firmware/nnet_utils/nnet_dense_resource.h:133->firmware/nnet_utils/nnet_dense_resource.h:255]   --->   Operation 39 'getelementptr' 'outidx_1_addr' <Predicate = true> <Delay = 0.00>
ST_5 : Operation 40 [2/2] (2.32ns)   --->   "%out_index = load i7 %outidx_1_addr" [firmware/nnet_utils/nnet_dense_resource.h:115->firmware/nnet_utils/nnet_dense_resource.h:255]   --->   Operation 40 'load' 'out_index' <Predicate = true> <Delay = 2.32> <CoreInst = "ROM">   --->   Core 95 'ROM' <Latency = 1> <II = 1> <Delay = 2.32> <Storage> <Opcode : 'load'> <Ports = 0> <Width = 1> <Depth = 128> <ROM>
ST_5 : Operation 41 [2/6] (3.89ns)   --->   "%empty_14 = lshr i2048 %input_1_load_phi, i2048 %empty_13" [firmware/nnet_utils/nnet_dense_resource.h:148->firmware/nnet_utils/nnet_dense_resource.h:255]   --->   Operation 41 'lshr' 'empty_14' <Predicate = true> <Delay = 3.89> <CoreInst = "Shifter">   --->   Core 75 'Shifter' <Latency = 5> <II = 1> <Delay = 3.89> <FuncUnit> <Opcode : 'shl' 'lshr' 'ashr'> <InPorts = 2> <OutPorts = 1>
ST_5 : Operation 42 [1/1] (0.00ns)   --->   "%w2_86_addr = getelementptr i252 %w2_86, i64 0, i64 %zext_ln129" [firmware/nnet_utils/nnet_dense_resource.h:139->firmware/nnet_utils/nnet_dense_resource.h:255]   --->   Operation 42 'getelementptr' 'w2_86_addr' <Predicate = true> <Delay = 0.00>
ST_5 : Operation 43 [2/2] (3.25ns)   --->   "%w2_86_load = load i7 %w2_86_addr" [firmware/nnet_utils/nnet_dense_resource.h:139->firmware/nnet_utils/nnet_dense_resource.h:255]   --->   Operation 43 'load' 'w2_86_load' <Predicate = true> <Delay = 3.25> <CoreInst = "ROM">   --->   Core 95 'ROM' <Latency = 1> <II = 1> <Delay = 3.25> <Storage> <Opcode : 'load'> <Ports = 0> <Width = 252> <Depth = 128> <ROM>

State 6 <SV = 5> <Delay = 3.89>
ST_6 : Operation 44 [1/2] (2.32ns)   --->   "%out_index = load i7 %outidx_1_addr" [firmware/nnet_utils/nnet_dense_resource.h:115->firmware/nnet_utils/nnet_dense_resource.h:255]   --->   Operation 44 'load' 'out_index' <Predicate = true> <Delay = 2.32> <CoreInst = "ROM">   --->   Core 95 'ROM' <Latency = 1> <II = 1> <Delay = 2.32> <Storage> <Opcode : 'load'> <Ports = 0> <Width = 1> <Depth = 128> <ROM>
ST_6 : Operation 45 [1/6] (3.89ns)   --->   "%empty_14 = lshr i2048 %input_1_load_phi, i2048 %empty_13" [firmware/nnet_utils/nnet_dense_resource.h:148->firmware/nnet_utils/nnet_dense_resource.h:255]   --->   Operation 45 'lshr' 'empty_14' <Predicate = true> <Delay = 3.89> <CoreInst = "Shifter">   --->   Core 75 'Shifter' <Latency = 5> <II = 1> <Delay = 3.89> <FuncUnit> <Opcode : 'shl' 'lshr' 'ashr'> <InPorts = 2> <OutPorts = 1>
ST_6 : Operation 46 [1/1] (0.00ns)   --->   "%a = trunc i2048 %empty_14" [firmware/nnet_utils/nnet_dense_resource.h:148->firmware/nnet_utils/nnet_dense_resource.h:255]   --->   Operation 46 'trunc' 'a' <Predicate = true> <Delay = 0.00>
ST_6 : Operation 47 [1/2] (3.25ns)   --->   "%w2_86_load = load i7 %w2_86_addr" [firmware/nnet_utils/nnet_dense_resource.h:139->firmware/nnet_utils/nnet_dense_resource.h:255]   --->   Operation 47 'load' 'w2_86_load' <Predicate = true> <Delay = 3.25> <CoreInst = "ROM">   --->   Core 95 'ROM' <Latency = 1> <II = 1> <Delay = 3.25> <Storage> <Opcode : 'load'> <Ports = 0> <Width = 252> <Depth = 128> <ROM>
ST_6 : Operation 48 [1/1] (0.00ns)   --->   "%w = trunc i252 %w2_86_load" [firmware/nnet_utils/nnet_dense_resource.h:139->firmware/nnet_utils/nnet_dense_resource.h:255]   --->   Operation 48 'trunc' 'w' <Predicate = true> <Delay = 0.00>
ST_6 : Operation 49 [1/1] (0.00ns)   --->   "%w_7 = partselect i32 @_ssdm_op_PartSelect.i32.i252.i32.i32, i252 %w2_86_load, i32 32, i32 63" [firmware/nnet_utils/nnet_dense_resource.h:139->firmware/nnet_utils/nnet_dense_resource.h:255]   --->   Operation 49 'partselect' 'w_7' <Predicate = true> <Delay = 0.00>
ST_6 : Operation 50 [1/1] (0.00ns)   --->   "%w_8 = partselect i32 @_ssdm_op_PartSelect.i32.i252.i32.i32, i252 %w2_86_load, i32 64, i32 95" [firmware/nnet_utils/nnet_dense_resource.h:139->firmware/nnet_utils/nnet_dense_resource.h:255]   --->   Operation 50 'partselect' 'w_8' <Predicate = true> <Delay = 0.00>
ST_6 : Operation 51 [1/1] (0.00ns)   --->   "%w_9 = partselect i32 @_ssdm_op_PartSelect.i32.i252.i32.i32, i252 %w2_86_load, i32 96, i32 127" [firmware/nnet_utils/nnet_dense_resource.h:139->firmware/nnet_utils/nnet_dense_resource.h:255]   --->   Operation 51 'partselect' 'w_9' <Predicate = true> <Delay = 0.00>
ST_6 : Operation 52 [1/1] (0.00ns)   --->   "%w_10 = partselect i32 @_ssdm_op_PartSelect.i32.i252.i32.i32, i252 %w2_86_load, i32 128, i32 159" [firmware/nnet_utils/nnet_dense_resource.h:139->firmware/nnet_utils/nnet_dense_resource.h:255]   --->   Operation 52 'partselect' 'w_10' <Predicate = true> <Delay = 0.00>
ST_6 : Operation 53 [1/1] (0.00ns)   --->   "%w_11 = partselect i32 @_ssdm_op_PartSelect.i32.i252.i32.i32, i252 %w2_86_load, i32 160, i32 191" [firmware/nnet_utils/nnet_dense_resource.h:139->firmware/nnet_utils/nnet_dense_resource.h:255]   --->   Operation 53 'partselect' 'w_11' <Predicate = true> <Delay = 0.00>
ST_6 : Operation 54 [1/1] (0.00ns)   --->   "%w_12 = partselect i32 @_ssdm_op_PartSelect.i32.i252.i32.i32, i252 %w2_86_load, i32 192, i32 223" [firmware/nnet_utils/nnet_dense_resource.h:139->firmware/nnet_utils/nnet_dense_resource.h:255]   --->   Operation 54 'partselect' 'w_12' <Predicate = true> <Delay = 0.00>
ST_6 : Operation 55 [1/1] (0.00ns)   --->   "%tmp = partselect i28 @_ssdm_op_PartSelect.i28.i252.i32.i32, i252 %w2_86_load, i32 224, i32 251" [firmware/nnet_utils/nnet_dense_resource.h:139->firmware/nnet_utils/nnet_dense_resource.h:255]   --->   Operation 55 'partselect' 'tmp' <Predicate = true> <Delay = 0.00>

State 7 <SV = 6> <Delay = 3.95>
ST_7 : Operation 56 [1/1] (0.00ns)   --->   "%sext_ln73 = sext i32 %a" [firmware/nnet_utils/nnet_mult.h:73->firmware/nnet_utils/nnet_dense_resource.h:139->firmware/nnet_utils/nnet_dense_resource.h:255]   --->   Operation 56 'sext' 'sext_ln73' <Predicate = true> <Delay = 0.00>
ST_7 : Operation 57 [1/1] (0.00ns)   --->   "%sext_ln73_8 = sext i32 %w" [firmware/nnet_utils/nnet_mult.h:73->firmware/nnet_utils/nnet_dense_resource.h:139->firmware/nnet_utils/nnet_dense_resource.h:255]   --->   Operation 57 'sext' 'sext_ln73_8' <Predicate = true> <Delay = 0.00>
ST_7 : [1/1] (2.18ns)   --->   Input mux for Operation 58 '%mul_ln73 = mul i58 %sext_ln73_8, i58 %sext_ln73'
ST_7 : Operation 58 [5/5] (1.76ns)   --->   "%mul_ln73 = mul i58 %sext_ln73_8, i58 %sext_ln73" [firmware/nnet_utils/nnet_mult.h:73->firmware/nnet_utils/nnet_dense_resource.h:139->firmware/nnet_utils/nnet_dense_resource.h:255]   --->   Operation 58 'mul' 'mul_ln73' <Predicate = true> <Delay = 1.76> <CoreInst = "Multiplier">   --->   Core 3 'Multiplier' <Latency = 4> <II = 1> <Delay = 3.95> <FuncUnit> <Opcode : 'mul'> <InPorts = 2> <OutPorts = 1>
ST_7 : Operation 59 [1/1] (0.00ns)   --->   "%sext_ln73_9 = sext i32 %w_7" [firmware/nnet_utils/nnet_mult.h:73->firmware/nnet_utils/nnet_dense_resource.h:139->firmware/nnet_utils/nnet_dense_resource.h:255]   --->   Operation 59 'sext' 'sext_ln73_9' <Predicate = true> <Delay = 0.00>
ST_7 : [1/1] (2.18ns)   --->   Input mux for Operation 60 '%mul_ln73_8 = mul i58 %sext_ln73_9, i58 %sext_ln73'
ST_7 : Operation 60 [5/5] (1.76ns)   --->   "%mul_ln73_8 = mul i58 %sext_ln73_9, i58 %sext_ln73" [firmware/nnet_utils/nnet_mult.h:73->firmware/nnet_utils/nnet_dense_resource.h:139->firmware/nnet_utils/nnet_dense_resource.h:255]   --->   Operation 60 'mul' 'mul_ln73_8' <Predicate = true> <Delay = 1.76> <CoreInst = "Multiplier">   --->   Core 3 'Multiplier' <Latency = 4> <II = 1> <Delay = 3.95> <FuncUnit> <Opcode : 'mul'> <InPorts = 2> <OutPorts = 1>
ST_7 : Operation 61 [1/1] (0.00ns)   --->   "%sext_ln73_10 = sext i32 %w_8" [firmware/nnet_utils/nnet_mult.h:73->firmware/nnet_utils/nnet_dense_resource.h:139->firmware/nnet_utils/nnet_dense_resource.h:255]   --->   Operation 61 'sext' 'sext_ln73_10' <Predicate = true> <Delay = 0.00>
ST_7 : [1/1] (2.18ns)   --->   Input mux for Operation 62 '%mul_ln73_9 = mul i58 %sext_ln73_10, i58 %sext_ln73'
ST_7 : Operation 62 [5/5] (1.76ns)   --->   "%mul_ln73_9 = mul i58 %sext_ln73_10, i58 %sext_ln73" [firmware/nnet_utils/nnet_mult.h:73->firmware/nnet_utils/nnet_dense_resource.h:139->firmware/nnet_utils/nnet_dense_resource.h:255]   --->   Operation 62 'mul' 'mul_ln73_9' <Predicate = true> <Delay = 1.76> <CoreInst = "Multiplier">   --->   Core 3 'Multiplier' <Latency = 4> <II = 1> <Delay = 3.95> <FuncUnit> <Opcode : 'mul'> <InPorts = 2> <OutPorts = 1>
ST_7 : Operation 63 [1/1] (0.00ns)   --->   "%sext_ln73_11 = sext i32 %w_9" [firmware/nnet_utils/nnet_mult.h:73->firmware/nnet_utils/nnet_dense_resource.h:139->firmware/nnet_utils/nnet_dense_resource.h:255]   --->   Operation 63 'sext' 'sext_ln73_11' <Predicate = true> <Delay = 0.00>
ST_7 : [1/1] (2.18ns)   --->   Input mux for Operation 64 '%mul_ln73_10 = mul i58 %sext_ln73_11, i58 %sext_ln73'
ST_7 : Operation 64 [5/5] (1.76ns)   --->   "%mul_ln73_10 = mul i58 %sext_ln73_11, i58 %sext_ln73" [firmware/nnet_utils/nnet_mult.h:73->firmware/nnet_utils/nnet_dense_resource.h:139->firmware/nnet_utils/nnet_dense_resource.h:255]   --->   Operation 64 'mul' 'mul_ln73_10' <Predicate = true> <Delay = 1.76> <CoreInst = "Multiplier">   --->   Core 3 'Multiplier' <Latency = 4> <II = 1> <Delay = 3.95> <FuncUnit> <Opcode : 'mul'> <InPorts = 2> <OutPorts = 1>
ST_7 : Operation 65 [1/1] (0.00ns)   --->   "%sext_ln73_12 = sext i32 %w_10" [firmware/nnet_utils/nnet_mult.h:73->firmware/nnet_utils/nnet_dense_resource.h:139->firmware/nnet_utils/nnet_dense_resource.h:255]   --->   Operation 65 'sext' 'sext_ln73_12' <Predicate = true> <Delay = 0.00>
ST_7 : [1/1] (2.18ns)   --->   Input mux for Operation 66 '%mul_ln73_11 = mul i58 %sext_ln73_12, i58 %sext_ln73'
ST_7 : Operation 66 [5/5] (1.76ns)   --->   "%mul_ln73_11 = mul i58 %sext_ln73_12, i58 %sext_ln73" [firmware/nnet_utils/nnet_mult.h:73->firmware/nnet_utils/nnet_dense_resource.h:139->firmware/nnet_utils/nnet_dense_resource.h:255]   --->   Operation 66 'mul' 'mul_ln73_11' <Predicate = true> <Delay = 1.76> <CoreInst = "Multiplier">   --->   Core 3 'Multiplier' <Latency = 4> <II = 1> <Delay = 3.95> <FuncUnit> <Opcode : 'mul'> <InPorts = 2> <OutPorts = 1>
ST_7 : Operation 67 [1/1] (0.00ns)   --->   "%sext_ln73_13 = sext i32 %w_11" [firmware/nnet_utils/nnet_mult.h:73->firmware/nnet_utils/nnet_dense_resource.h:139->firmware/nnet_utils/nnet_dense_resource.h:255]   --->   Operation 67 'sext' 'sext_ln73_13' <Predicate = true> <Delay = 0.00>
ST_7 : [1/1] (2.18ns)   --->   Input mux for Operation 68 '%mul_ln73_12 = mul i58 %sext_ln73_13, i58 %sext_ln73'
ST_7 : Operation 68 [5/5] (1.76ns)   --->   "%mul_ln73_12 = mul i58 %sext_ln73_13, i58 %sext_ln73" [firmware/nnet_utils/nnet_mult.h:73->firmware/nnet_utils/nnet_dense_resource.h:139->firmware/nnet_utils/nnet_dense_resource.h:255]   --->   Operation 68 'mul' 'mul_ln73_12' <Predicate = true> <Delay = 1.76> <CoreInst = "Multiplier">   --->   Core 3 'Multiplier' <Latency = 4> <II = 1> <Delay = 3.95> <FuncUnit> <Opcode : 'mul'> <InPorts = 2> <OutPorts = 1>
ST_7 : Operation 69 [1/1] (0.00ns)   --->   "%sext_ln73_14 = sext i32 %w_12" [firmware/nnet_utils/nnet_mult.h:73->firmware/nnet_utils/nnet_dense_resource.h:139->firmware/nnet_utils/nnet_dense_resource.h:255]   --->   Operation 69 'sext' 'sext_ln73_14' <Predicate = true> <Delay = 0.00>
ST_7 : [1/1] (2.18ns)   --->   Input mux for Operation 70 '%mul_ln73_13 = mul i58 %sext_ln73_14, i58 %sext_ln73'
ST_7 : Operation 70 [5/5] (1.76ns)   --->   "%mul_ln73_13 = mul i58 %sext_ln73_14, i58 %sext_ln73" [firmware/nnet_utils/nnet_mult.h:73->firmware/nnet_utils/nnet_dense_resource.h:139->firmware/nnet_utils/nnet_dense_resource.h:255]   --->   Operation 70 'mul' 'mul_ln73_13' <Predicate = true> <Delay = 1.76> <CoreInst = "Multiplier">   --->   Core 3 'Multiplier' <Latency = 4> <II = 1> <Delay = 3.95> <FuncUnit> <Opcode : 'mul'> <InPorts = 2> <OutPorts = 1>
ST_7 : Operation 71 [1/1] (0.00ns)   --->   "%sext_ln73_15 = sext i28 %tmp" [firmware/nnet_utils/nnet_mult.h:73->firmware/nnet_utils/nnet_dense_resource.h:139->firmware/nnet_utils/nnet_dense_resource.h:255]   --->   Operation 71 'sext' 'sext_ln73_15' <Predicate = true> <Delay = 0.00>
ST_7 : Operation 72 [5/5] (3.95ns)   --->   "%mul_ln73_14 = mul i58 %sext_ln73, i58 %sext_ln73_15" [firmware/nnet_utils/nnet_mult.h:73->firmware/nnet_utils/nnet_dense_resource.h:139->firmware/nnet_utils/nnet_dense_resource.h:255]   --->   Operation 72 'mul' 'mul_ln73_14' <Predicate = true> <Delay = 3.95> <CoreInst = "Multiplier">   --->   Core 3 'Multiplier' <Latency = 4> <II = 1> <Delay = 3.95> <FuncUnit> <Opcode : 'mul'> <InPorts = 2> <OutPorts = 1>

State 8 <SV = 7> <Delay = 3.95>
ST_8 : Operation 73 [4/5] (3.95ns)   --->   "%mul_ln73 = mul i58 %sext_ln73_8, i58 %sext_ln73" [firmware/nnet_utils/nnet_mult.h:73->firmware/nnet_utils/nnet_dense_resource.h:139->firmware/nnet_utils/nnet_dense_resource.h:255]   --->   Operation 73 'mul' 'mul_ln73' <Predicate = true> <Delay = 3.95> <CoreInst = "Multiplier">   --->   Core 3 'Multiplier' <Latency = 4> <II = 1> <Delay = 3.95> <FuncUnit> <Opcode : 'mul'> <InPorts = 2> <OutPorts = 1>
ST_8 : Operation 74 [4/5] (3.95ns)   --->   "%mul_ln73_8 = mul i58 %sext_ln73_9, i58 %sext_ln73" [firmware/nnet_utils/nnet_mult.h:73->firmware/nnet_utils/nnet_dense_resource.h:139->firmware/nnet_utils/nnet_dense_resource.h:255]   --->   Operation 74 'mul' 'mul_ln73_8' <Predicate = true> <Delay = 3.95> <CoreInst = "Multiplier">   --->   Core 3 'Multiplier' <Latency = 4> <II = 1> <Delay = 3.95> <FuncUnit> <Opcode : 'mul'> <InPorts = 2> <OutPorts = 1>
ST_8 : Operation 75 [4/5] (3.95ns)   --->   "%mul_ln73_9 = mul i58 %sext_ln73_10, i58 %sext_ln73" [firmware/nnet_utils/nnet_mult.h:73->firmware/nnet_utils/nnet_dense_resource.h:139->firmware/nnet_utils/nnet_dense_resource.h:255]   --->   Operation 75 'mul' 'mul_ln73_9' <Predicate = true> <Delay = 3.95> <CoreInst = "Multiplier">   --->   Core 3 'Multiplier' <Latency = 4> <II = 1> <Delay = 3.95> <FuncUnit> <Opcode : 'mul'> <InPorts = 2> <OutPorts = 1>
ST_8 : Operation 76 [4/5] (3.95ns)   --->   "%mul_ln73_10 = mul i58 %sext_ln73_11, i58 %sext_ln73" [firmware/nnet_utils/nnet_mult.h:73->firmware/nnet_utils/nnet_dense_resource.h:139->firmware/nnet_utils/nnet_dense_resource.h:255]   --->   Operation 76 'mul' 'mul_ln73_10' <Predicate = true> <Delay = 3.95> <CoreInst = "Multiplier">   --->   Core 3 'Multiplier' <Latency = 4> <II = 1> <Delay = 3.95> <FuncUnit> <Opcode : 'mul'> <InPorts = 2> <OutPorts = 1>
ST_8 : Operation 77 [4/5] (3.95ns)   --->   "%mul_ln73_11 = mul i58 %sext_ln73_12, i58 %sext_ln73" [firmware/nnet_utils/nnet_mult.h:73->firmware/nnet_utils/nnet_dense_resource.h:139->firmware/nnet_utils/nnet_dense_resource.h:255]   --->   Operation 77 'mul' 'mul_ln73_11' <Predicate = true> <Delay = 3.95> <CoreInst = "Multiplier">   --->   Core 3 'Multiplier' <Latency = 4> <II = 1> <Delay = 3.95> <FuncUnit> <Opcode : 'mul'> <InPorts = 2> <OutPorts = 1>
ST_8 : Operation 78 [4/5] (3.95ns)   --->   "%mul_ln73_12 = mul i58 %sext_ln73_13, i58 %sext_ln73" [firmware/nnet_utils/nnet_mult.h:73->firmware/nnet_utils/nnet_dense_resource.h:139->firmware/nnet_utils/nnet_dense_resource.h:255]   --->   Operation 78 'mul' 'mul_ln73_12' <Predicate = true> <Delay = 3.95> <CoreInst = "Multiplier">   --->   Core 3 'Multiplier' <Latency = 4> <II = 1> <Delay = 3.95> <FuncUnit> <Opcode : 'mul'> <InPorts = 2> <OutPorts = 1>
ST_8 : Operation 79 [4/5] (3.95ns)   --->   "%mul_ln73_13 = mul i58 %sext_ln73_14, i58 %sext_ln73" [firmware/nnet_utils/nnet_mult.h:73->firmware/nnet_utils/nnet_dense_resource.h:139->firmware/nnet_utils/nnet_dense_resource.h:255]   --->   Operation 79 'mul' 'mul_ln73_13' <Predicate = true> <Delay = 3.95> <CoreInst = "Multiplier">   --->   Core 3 'Multiplier' <Latency = 4> <II = 1> <Delay = 3.95> <FuncUnit> <Opcode : 'mul'> <InPorts = 2> <OutPorts = 1>
ST_8 : Operation 80 [4/5] (3.95ns)   --->   "%mul_ln73_14 = mul i58 %sext_ln73, i58 %sext_ln73_15" [firmware/nnet_utils/nnet_mult.h:73->firmware/nnet_utils/nnet_dense_resource.h:139->firmware/nnet_utils/nnet_dense_resource.h:255]   --->   Operation 80 'mul' 'mul_ln73_14' <Predicate = true> <Delay = 3.95> <CoreInst = "Multiplier">   --->   Core 3 'Multiplier' <Latency = 4> <II = 1> <Delay = 3.95> <FuncUnit> <Opcode : 'mul'> <InPorts = 2> <OutPorts = 1>

State 9 <SV = 8> <Delay = 3.95>
ST_9 : Operation 81 [3/5] (3.95ns)   --->   "%mul_ln73 = mul i58 %sext_ln73_8, i58 %sext_ln73" [firmware/nnet_utils/nnet_mult.h:73->firmware/nnet_utils/nnet_dense_resource.h:139->firmware/nnet_utils/nnet_dense_resource.h:255]   --->   Operation 81 'mul' 'mul_ln73' <Predicate = true> <Delay = 3.95> <CoreInst = "Multiplier">   --->   Core 3 'Multiplier' <Latency = 4> <II = 1> <Delay = 3.95> <FuncUnit> <Opcode : 'mul'> <InPorts = 2> <OutPorts = 1>
ST_9 : Operation 82 [3/5] (3.95ns)   --->   "%mul_ln73_8 = mul i58 %sext_ln73_9, i58 %sext_ln73" [firmware/nnet_utils/nnet_mult.h:73->firmware/nnet_utils/nnet_dense_resource.h:139->firmware/nnet_utils/nnet_dense_resource.h:255]   --->   Operation 82 'mul' 'mul_ln73_8' <Predicate = true> <Delay = 3.95> <CoreInst = "Multiplier">   --->   Core 3 'Multiplier' <Latency = 4> <II = 1> <Delay = 3.95> <FuncUnit> <Opcode : 'mul'> <InPorts = 2> <OutPorts = 1>
ST_9 : Operation 83 [3/5] (3.95ns)   --->   "%mul_ln73_9 = mul i58 %sext_ln73_10, i58 %sext_ln73" [firmware/nnet_utils/nnet_mult.h:73->firmware/nnet_utils/nnet_dense_resource.h:139->firmware/nnet_utils/nnet_dense_resource.h:255]   --->   Operation 83 'mul' 'mul_ln73_9' <Predicate = true> <Delay = 3.95> <CoreInst = "Multiplier">   --->   Core 3 'Multiplier' <Latency = 4> <II = 1> <Delay = 3.95> <FuncUnit> <Opcode : 'mul'> <InPorts = 2> <OutPorts = 1>
ST_9 : Operation 84 [3/5] (3.95ns)   --->   "%mul_ln73_10 = mul i58 %sext_ln73_11, i58 %sext_ln73" [firmware/nnet_utils/nnet_mult.h:73->firmware/nnet_utils/nnet_dense_resource.h:139->firmware/nnet_utils/nnet_dense_resource.h:255]   --->   Operation 84 'mul' 'mul_ln73_10' <Predicate = true> <Delay = 3.95> <CoreInst = "Multiplier">   --->   Core 3 'Multiplier' <Latency = 4> <II = 1> <Delay = 3.95> <FuncUnit> <Opcode : 'mul'> <InPorts = 2> <OutPorts = 1>
ST_9 : Operation 85 [3/5] (3.95ns)   --->   "%mul_ln73_11 = mul i58 %sext_ln73_12, i58 %sext_ln73" [firmware/nnet_utils/nnet_mult.h:73->firmware/nnet_utils/nnet_dense_resource.h:139->firmware/nnet_utils/nnet_dense_resource.h:255]   --->   Operation 85 'mul' 'mul_ln73_11' <Predicate = true> <Delay = 3.95> <CoreInst = "Multiplier">   --->   Core 3 'Multiplier' <Latency = 4> <II = 1> <Delay = 3.95> <FuncUnit> <Opcode : 'mul'> <InPorts = 2> <OutPorts = 1>
ST_9 : Operation 86 [3/5] (3.95ns)   --->   "%mul_ln73_12 = mul i58 %sext_ln73_13, i58 %sext_ln73" [firmware/nnet_utils/nnet_mult.h:73->firmware/nnet_utils/nnet_dense_resource.h:139->firmware/nnet_utils/nnet_dense_resource.h:255]   --->   Operation 86 'mul' 'mul_ln73_12' <Predicate = true> <Delay = 3.95> <CoreInst = "Multiplier">   --->   Core 3 'Multiplier' <Latency = 4> <II = 1> <Delay = 3.95> <FuncUnit> <Opcode : 'mul'> <InPorts = 2> <OutPorts = 1>
ST_9 : Operation 87 [3/5] (3.95ns)   --->   "%mul_ln73_13 = mul i58 %sext_ln73_14, i58 %sext_ln73" [firmware/nnet_utils/nnet_mult.h:73->firmware/nnet_utils/nnet_dense_resource.h:139->firmware/nnet_utils/nnet_dense_resource.h:255]   --->   Operation 87 'mul' 'mul_ln73_13' <Predicate = true> <Delay = 3.95> <CoreInst = "Multiplier">   --->   Core 3 'Multiplier' <Latency = 4> <II = 1> <Delay = 3.95> <FuncUnit> <Opcode : 'mul'> <InPorts = 2> <OutPorts = 1>
ST_9 : Operation 88 [3/5] (3.95ns)   --->   "%mul_ln73_14 = mul i58 %sext_ln73, i58 %sext_ln73_15" [firmware/nnet_utils/nnet_mult.h:73->firmware/nnet_utils/nnet_dense_resource.h:139->firmware/nnet_utils/nnet_dense_resource.h:255]   --->   Operation 88 'mul' 'mul_ln73_14' <Predicate = true> <Delay = 3.95> <CoreInst = "Multiplier">   --->   Core 3 'Multiplier' <Latency = 4> <II = 1> <Delay = 3.95> <FuncUnit> <Opcode : 'mul'> <InPorts = 2> <OutPorts = 1>

State 10 <SV = 9> <Delay = 3.95>
ST_10 : Operation 89 [2/5] (3.95ns)   --->   "%mul_ln73 = mul i58 %sext_ln73_8, i58 %sext_ln73" [firmware/nnet_utils/nnet_mult.h:73->firmware/nnet_utils/nnet_dense_resource.h:139->firmware/nnet_utils/nnet_dense_resource.h:255]   --->   Operation 89 'mul' 'mul_ln73' <Predicate = true> <Delay = 3.95> <CoreInst = "Multiplier">   --->   Core 3 'Multiplier' <Latency = 4> <II = 1> <Delay = 3.95> <FuncUnit> <Opcode : 'mul'> <InPorts = 2> <OutPorts = 1>
ST_10 : Operation 90 [2/5] (3.95ns)   --->   "%mul_ln73_8 = mul i58 %sext_ln73_9, i58 %sext_ln73" [firmware/nnet_utils/nnet_mult.h:73->firmware/nnet_utils/nnet_dense_resource.h:139->firmware/nnet_utils/nnet_dense_resource.h:255]   --->   Operation 90 'mul' 'mul_ln73_8' <Predicate = true> <Delay = 3.95> <CoreInst = "Multiplier">   --->   Core 3 'Multiplier' <Latency = 4> <II = 1> <Delay = 3.95> <FuncUnit> <Opcode : 'mul'> <InPorts = 2> <OutPorts = 1>
ST_10 : Operation 91 [2/5] (3.95ns)   --->   "%mul_ln73_9 = mul i58 %sext_ln73_10, i58 %sext_ln73" [firmware/nnet_utils/nnet_mult.h:73->firmware/nnet_utils/nnet_dense_resource.h:139->firmware/nnet_utils/nnet_dense_resource.h:255]   --->   Operation 91 'mul' 'mul_ln73_9' <Predicate = true> <Delay = 3.95> <CoreInst = "Multiplier">   --->   Core 3 'Multiplier' <Latency = 4> <II = 1> <Delay = 3.95> <FuncUnit> <Opcode : 'mul'> <InPorts = 2> <OutPorts = 1>
ST_10 : Operation 92 [2/5] (3.95ns)   --->   "%mul_ln73_10 = mul i58 %sext_ln73_11, i58 %sext_ln73" [firmware/nnet_utils/nnet_mult.h:73->firmware/nnet_utils/nnet_dense_resource.h:139->firmware/nnet_utils/nnet_dense_resource.h:255]   --->   Operation 92 'mul' 'mul_ln73_10' <Predicate = true> <Delay = 3.95> <CoreInst = "Multiplier">   --->   Core 3 'Multiplier' <Latency = 4> <II = 1> <Delay = 3.95> <FuncUnit> <Opcode : 'mul'> <InPorts = 2> <OutPorts = 1>
ST_10 : Operation 93 [2/5] (3.95ns)   --->   "%mul_ln73_11 = mul i58 %sext_ln73_12, i58 %sext_ln73" [firmware/nnet_utils/nnet_mult.h:73->firmware/nnet_utils/nnet_dense_resource.h:139->firmware/nnet_utils/nnet_dense_resource.h:255]   --->   Operation 93 'mul' 'mul_ln73_11' <Predicate = true> <Delay = 3.95> <CoreInst = "Multiplier">   --->   Core 3 'Multiplier' <Latency = 4> <II = 1> <Delay = 3.95> <FuncUnit> <Opcode : 'mul'> <InPorts = 2> <OutPorts = 1>
ST_10 : Operation 94 [2/5] (3.95ns)   --->   "%mul_ln73_12 = mul i58 %sext_ln73_13, i58 %sext_ln73" [firmware/nnet_utils/nnet_mult.h:73->firmware/nnet_utils/nnet_dense_resource.h:139->firmware/nnet_utils/nnet_dense_resource.h:255]   --->   Operation 94 'mul' 'mul_ln73_12' <Predicate = true> <Delay = 3.95> <CoreInst = "Multiplier">   --->   Core 3 'Multiplier' <Latency = 4> <II = 1> <Delay = 3.95> <FuncUnit> <Opcode : 'mul'> <InPorts = 2> <OutPorts = 1>
ST_10 : Operation 95 [2/5] (3.95ns)   --->   "%mul_ln73_13 = mul i58 %sext_ln73_14, i58 %sext_ln73" [firmware/nnet_utils/nnet_mult.h:73->firmware/nnet_utils/nnet_dense_resource.h:139->firmware/nnet_utils/nnet_dense_resource.h:255]   --->   Operation 95 'mul' 'mul_ln73_13' <Predicate = true> <Delay = 3.95> <CoreInst = "Multiplier">   --->   Core 3 'Multiplier' <Latency = 4> <II = 1> <Delay = 3.95> <FuncUnit> <Opcode : 'mul'> <InPorts = 2> <OutPorts = 1>
ST_10 : Operation 96 [2/5] (3.95ns)   --->   "%mul_ln73_14 = mul i58 %sext_ln73, i58 %sext_ln73_15" [firmware/nnet_utils/nnet_mult.h:73->firmware/nnet_utils/nnet_dense_resource.h:139->firmware/nnet_utils/nnet_dense_resource.h:255]   --->   Operation 96 'mul' 'mul_ln73_14' <Predicate = true> <Delay = 3.95> <CoreInst = "Multiplier">   --->   Core 3 'Multiplier' <Latency = 4> <II = 1> <Delay = 3.95> <FuncUnit> <Opcode : 'mul'> <InPorts = 2> <OutPorts = 1>

State 11 <SV = 10> <Delay = 3.95>
ST_11 : Operation 97 [1/1] (0.00ns)   --->   "%acc40 = phi i32 79804976, void %entry, i32 %acc_181, void %for.body27.split.i_ifconv, i32 79804976, void %dense_resource_rf_gt_nin_rem0<ap_fixed<32, 6, 5, 3, 0>, ap_fixed<32, 6, 5, 3, 0>, config2>.exit"   --->   Operation 97 'phi' 'acc40' <Predicate = true> <Delay = 0.00>
ST_11 : Operation 98 [1/1] (0.00ns)   --->   "%acc_14438 = phi i32 82054352, void %entry, i32 %acc_182, void %for.body27.split.i_ifconv, i32 82054352, void %dense_resource_rf_gt_nin_rem0<ap_fixed<32, 6, 5, 3, 0>, ap_fixed<32, 6, 5, 3, 0>, config2>.exit"   --->   Operation 98 'phi' 'acc_14438' <Predicate = true> <Delay = 0.00>
ST_11 : Operation 99 [1/1] (0.00ns)   --->   "%acc_14536 = phi i32 46805572, void %entry, i32 %acc_183, void %for.body27.split.i_ifconv, i32 46805572, void %dense_resource_rf_gt_nin_rem0<ap_fixed<32, 6, 5, 3, 0>, ap_fixed<32, 6, 5, 3, 0>, config2>.exit"   --->   Operation 99 'phi' 'acc_14536' <Predicate = true> <Delay = 0.00>
ST_11 : Operation 100 [1/1] (0.00ns)   --->   "%acc_14634 = phi i32 108430976, void %entry, i32 %acc_184, void %for.body27.split.i_ifconv, i32 108430976, void %dense_resource_rf_gt_nin_rem0<ap_fixed<32, 6, 5, 3, 0>, ap_fixed<32, 6, 5, 3, 0>, config2>.exit"   --->   Operation 100 'phi' 'acc_14634' <Predicate = true> <Delay = 0.00>
ST_11 : Operation 101 [1/1] (0.00ns)   --->   "%acc_14732 = phi i32 67839712, void %entry, i32 %acc_185, void %for.body27.split.i_ifconv, i32 67839712, void %dense_resource_rf_gt_nin_rem0<ap_fixed<32, 6, 5, 3, 0>, ap_fixed<32, 6, 5, 3, 0>, config2>.exit"   --->   Operation 101 'phi' 'acc_14732' <Predicate = true> <Delay = 0.00>
ST_11 : Operation 102 [1/1] (0.00ns)   --->   "%acc_14830 = phi i32 101503696, void %entry, i32 %acc_186, void %for.body27.split.i_ifconv, i32 101503696, void %dense_resource_rf_gt_nin_rem0<ap_fixed<32, 6, 5, 3, 0>, ap_fixed<32, 6, 5, 3, 0>, config2>.exit"   --->   Operation 102 'phi' 'acc_14830' <Predicate = true> <Delay = 0.00>
ST_11 : Operation 103 [1/1] (0.00ns)   --->   "%acc_14928 = phi i32 109891344, void %entry, i32 %acc_187, void %for.body27.split.i_ifconv, i32 109891344, void %dense_resource_rf_gt_nin_rem0<ap_fixed<32, 6, 5, 3, 0>, ap_fixed<32, 6, 5, 3, 0>, config2>.exit"   --->   Operation 103 'phi' 'acc_14928' <Predicate = true> <Delay = 0.00>
ST_11 : Operation 104 [1/1] (0.00ns)   --->   "%acc_15026 = phi i32 92863000, void %entry, i32 %acc_188, void %for.body27.split.i_ifconv, i32 92863000, void %dense_resource_rf_gt_nin_rem0<ap_fixed<32, 6, 5, 3, 0>, ap_fixed<32, 6, 5, 3, 0>, config2>.exit"   --->   Operation 104 'phi' 'acc_15026' <Predicate = true> <Delay = 0.00>
ST_11 : Operation 105 [1/1] (0.00ns)   --->   "%acc_15124 = phi i32 11457830, void %entry, i32 %acc_189, void %for.body27.split.i_ifconv, i32 11457830, void %dense_resource_rf_gt_nin_rem0<ap_fixed<32, 6, 5, 3, 0>, ap_fixed<32, 6, 5, 3, 0>, config2>.exit"   --->   Operation 105 'phi' 'acc_15124' <Predicate = true> <Delay = 0.00>
ST_11 : Operation 106 [1/1] (0.00ns)   --->   "%acc_15222 = phi i32 106089208, void %entry, i32 %acc_190, void %for.body27.split.i_ifconv, i32 106089208, void %dense_resource_rf_gt_nin_rem0<ap_fixed<32, 6, 5, 3, 0>, ap_fixed<32, 6, 5, 3, 0>, config2>.exit"   --->   Operation 106 'phi' 'acc_15222' <Predicate = true> <Delay = 0.00>
ST_11 : Operation 107 [1/1] (0.00ns)   --->   "%acc_15320 = phi i32 102826920, void %entry, i32 %acc_191, void %for.body27.split.i_ifconv, i32 102826920, void %dense_resource_rf_gt_nin_rem0<ap_fixed<32, 6, 5, 3, 0>, ap_fixed<32, 6, 5, 3, 0>, config2>.exit"   --->   Operation 107 'phi' 'acc_15320' <Predicate = true> <Delay = 0.00>
ST_11 : Operation 108 [1/1] (0.00ns)   --->   "%acc_15418 = phi i32 92101440, void %entry, i32 %acc_192, void %for.body27.split.i_ifconv, i32 92101440, void %dense_resource_rf_gt_nin_rem0<ap_fixed<32, 6, 5, 3, 0>, ap_fixed<32, 6, 5, 3, 0>, config2>.exit"   --->   Operation 108 'phi' 'acc_15418' <Predicate = true> <Delay = 0.00>
ST_11 : Operation 109 [1/1] (0.00ns)   --->   "%acc_15516 = phi i32 98554280, void %entry, i32 %acc_193, void %for.body27.split.i_ifconv, i32 98554280, void %dense_resource_rf_gt_nin_rem0<ap_fixed<32, 6, 5, 3, 0>, ap_fixed<32, 6, 5, 3, 0>, config2>.exit"   --->   Operation 109 'phi' 'acc_15516' <Predicate = true> <Delay = 0.00>
ST_11 : Operation 110 [1/1] (0.00ns)   --->   "%acc_15614 = phi i32 84158264, void %entry, i32 %acc_194, void %for.body27.split.i_ifconv, i32 84158264, void %dense_resource_rf_gt_nin_rem0<ap_fixed<32, 6, 5, 3, 0>, ap_fixed<32, 6, 5, 3, 0>, config2>.exit"   --->   Operation 110 'phi' 'acc_15614' <Predicate = true> <Delay = 0.00>
ST_11 : Operation 111 [1/1] (0.00ns)   --->   "%acc_15712 = phi i32 100940856, void %entry, i32 %acc_195, void %for.body27.split.i_ifconv, i32 100940856, void %dense_resource_rf_gt_nin_rem0<ap_fixed<32, 6, 5, 3, 0>, ap_fixed<32, 6, 5, 3, 0>, config2>.exit"   --->   Operation 111 'phi' 'acc_15712' <Predicate = true> <Delay = 0.00>
ST_11 : Operation 112 [1/1] (0.00ns)   --->   "%acc_15810 = phi i32 53044472, void %entry, i32 %acc_196, void %for.body27.split.i_ifconv, i32 53044472, void %dense_resource_rf_gt_nin_rem0<ap_fixed<32, 6, 5, 3, 0>, ap_fixed<32, 6, 5, 3, 0>, config2>.exit"   --->   Operation 112 'phi' 'acc_15810' <Predicate = true> <Delay = 0.00>
ST_11 : Operation 113 [1/5] (3.95ns)   --->   "%mul_ln73 = mul i58 %sext_ln73_8, i58 %sext_ln73" [firmware/nnet_utils/nnet_mult.h:73->firmware/nnet_utils/nnet_dense_resource.h:139->firmware/nnet_utils/nnet_dense_resource.h:255]   --->   Operation 113 'mul' 'mul_ln73' <Predicate = true> <Delay = 3.95> <CoreInst = "Multiplier">   --->   Core 3 'Multiplier' <Latency = 4> <II = 1> <Delay = 3.95> <FuncUnit> <Opcode : 'mul'> <InPorts = 2> <OutPorts = 1>
ST_11 : Operation 114 [1/1] (0.00ns)   --->   "%trunc_ln = partselect i32 @_ssdm_op_PartSelect.i32.i58.i32.i32, i58 %mul_ln73, i32 26, i32 57" [firmware/nnet_utils/nnet_dense_resource.h:138->firmware/nnet_utils/nnet_dense_resource.h:255]   --->   Operation 114 'partselect' 'trunc_ln' <Predicate = true> <Delay = 0.00>
ST_11 : Operation 115 [1/1] (0.69ns)   --->   "%select_ln138 = select i1 %out_index, i32 %acc_14438, i32 %acc40" [firmware/nnet_utils/nnet_dense_resource.h:138->firmware/nnet_utils/nnet_dense_resource.h:255]   --->   Operation 115 'select' 'select_ln138' <Predicate = true> <Delay = 0.69> <CoreInst = "Sel">   --->   Core 73 'Sel' <Latency = 0> <II = 1> <Delay = 0.69> <FuncUnit> <Opcode : 'select'> <InPorts = 3> <OutPorts = 1>
ST_11 : Operation 116 [1/1] (0.00ns)   --->   "%sext_ln138 = sext i32 %select_ln138" [firmware/nnet_utils/nnet_dense_resource.h:138->firmware/nnet_utils/nnet_dense_resource.h:255]   --->   Operation 116 'sext' 'sext_ln138' <Predicate = true> <Delay = 0.00>
ST_11 : Operation 117 [1/1] (2.55ns)   --->   "%sub_ln138 = sub i33 0, i33 %sext_ln138" [firmware/nnet_utils/nnet_dense_resource.h:138->firmware/nnet_utils/nnet_dense_resource.h:255]   --->   Operation 117 'sub' 'sub_ln138' <Predicate = true> <Delay = 2.55> <CoreInst = "Adder">   --->   Core 1 'Adder' <Latency = 0> <II = 1> <Delay = 2.55> <FuncUnit> <Opcode : 'add' 'sub'> <InPorts = 2> <OutPorts = 1>
ST_11 : Operation 118 [1/5] (3.95ns)   --->   "%mul_ln73_8 = mul i58 %sext_ln73_9, i58 %sext_ln73" [firmware/nnet_utils/nnet_mult.h:73->firmware/nnet_utils/nnet_dense_resource.h:139->firmware/nnet_utils/nnet_dense_resource.h:255]   --->   Operation 118 'mul' 'mul_ln73_8' <Predicate = true> <Delay = 3.95> <CoreInst = "Multiplier">   --->   Core 3 'Multiplier' <Latency = 4> <II = 1> <Delay = 3.95> <FuncUnit> <Opcode : 'mul'> <InPorts = 2> <OutPorts = 1>
ST_11 : Operation 119 [1/1] (0.00ns)   --->   "%trunc_ln138_8 = partselect i32 @_ssdm_op_PartSelect.i32.i58.i32.i32, i58 %mul_ln73_8, i32 26, i32 57" [firmware/nnet_utils/nnet_dense_resource.h:138->firmware/nnet_utils/nnet_dense_resource.h:255]   --->   Operation 119 'partselect' 'trunc_ln138_8' <Predicate = true> <Delay = 0.00>
ST_11 : Operation 120 [1/1] (0.69ns)   --->   "%select_ln138_3 = select i1 %out_index, i32 %acc_14634, i32 %acc_14536" [firmware/nnet_utils/nnet_dense_resource.h:138->firmware/nnet_utils/nnet_dense_resource.h:255]   --->   Operation 120 'select' 'select_ln138_3' <Predicate = true> <Delay = 0.69> <CoreInst = "Sel">   --->   Core 73 'Sel' <Latency = 0> <II = 1> <Delay = 0.69> <FuncUnit> <Opcode : 'select'> <InPorts = 3> <OutPorts = 1>
ST_11 : Operation 121 [1/1] (0.00ns)   --->   "%sext_ln138_17 = sext i32 %select_ln138_3" [firmware/nnet_utils/nnet_dense_resource.h:138->firmware/nnet_utils/nnet_dense_resource.h:255]   --->   Operation 121 'sext' 'sext_ln138_17' <Predicate = true> <Delay = 0.00>
ST_11 : Operation 122 [1/1] (2.55ns)   --->   "%sub_ln138_8 = sub i33 0, i33 %sext_ln138_17" [firmware/nnet_utils/nnet_dense_resource.h:138->firmware/nnet_utils/nnet_dense_resource.h:255]   --->   Operation 122 'sub' 'sub_ln138_8' <Predicate = true> <Delay = 2.55> <CoreInst = "Adder">   --->   Core 1 'Adder' <Latency = 0> <II = 1> <Delay = 2.55> <FuncUnit> <Opcode : 'add' 'sub'> <InPorts = 2> <OutPorts = 1>
ST_11 : Operation 123 [1/5] (3.95ns)   --->   "%mul_ln73_9 = mul i58 %sext_ln73_10, i58 %sext_ln73" [firmware/nnet_utils/nnet_mult.h:73->firmware/nnet_utils/nnet_dense_resource.h:139->firmware/nnet_utils/nnet_dense_resource.h:255]   --->   Operation 123 'mul' 'mul_ln73_9' <Predicate = true> <Delay = 3.95> <CoreInst = "Multiplier">   --->   Core 3 'Multiplier' <Latency = 4> <II = 1> <Delay = 3.95> <FuncUnit> <Opcode : 'mul'> <InPorts = 2> <OutPorts = 1>
ST_11 : Operation 124 [1/1] (0.00ns)   --->   "%trunc_ln138_9 = partselect i32 @_ssdm_op_PartSelect.i32.i58.i32.i32, i58 %mul_ln73_9, i32 26, i32 57" [firmware/nnet_utils/nnet_dense_resource.h:138->firmware/nnet_utils/nnet_dense_resource.h:255]   --->   Operation 124 'partselect' 'trunc_ln138_9' <Predicate = true> <Delay = 0.00>
ST_11 : Operation 125 [1/1] (0.69ns)   --->   "%select_ln138_8 = select i1 %out_index, i32 %acc_14830, i32 %acc_14732" [firmware/nnet_utils/nnet_dense_resource.h:138->firmware/nnet_utils/nnet_dense_resource.h:255]   --->   Operation 125 'select' 'select_ln138_8' <Predicate = true> <Delay = 0.69> <CoreInst = "Sel">   --->   Core 73 'Sel' <Latency = 0> <II = 1> <Delay = 0.69> <FuncUnit> <Opcode : 'select'> <InPorts = 3> <OutPorts = 1>
ST_11 : Operation 126 [1/1] (0.00ns)   --->   "%sext_ln138_19 = sext i32 %select_ln138_8" [firmware/nnet_utils/nnet_dense_resource.h:138->firmware/nnet_utils/nnet_dense_resource.h:255]   --->   Operation 126 'sext' 'sext_ln138_19' <Predicate = true> <Delay = 0.00>
ST_11 : Operation 127 [1/1] (2.55ns)   --->   "%sub_ln138_9 = sub i33 0, i33 %sext_ln138_19" [firmware/nnet_utils/nnet_dense_resource.h:138->firmware/nnet_utils/nnet_dense_resource.h:255]   --->   Operation 127 'sub' 'sub_ln138_9' <Predicate = true> <Delay = 2.55> <CoreInst = "Adder">   --->   Core 1 'Adder' <Latency = 0> <II = 1> <Delay = 2.55> <FuncUnit> <Opcode : 'add' 'sub'> <InPorts = 2> <OutPorts = 1>
ST_11 : Operation 128 [1/5] (3.95ns)   --->   "%mul_ln73_10 = mul i58 %sext_ln73_11, i58 %sext_ln73" [firmware/nnet_utils/nnet_mult.h:73->firmware/nnet_utils/nnet_dense_resource.h:139->firmware/nnet_utils/nnet_dense_resource.h:255]   --->   Operation 128 'mul' 'mul_ln73_10' <Predicate = true> <Delay = 3.95> <CoreInst = "Multiplier">   --->   Core 3 'Multiplier' <Latency = 4> <II = 1> <Delay = 3.95> <FuncUnit> <Opcode : 'mul'> <InPorts = 2> <OutPorts = 1>
ST_11 : Operation 129 [1/1] (0.00ns)   --->   "%trunc_ln138_s = partselect i32 @_ssdm_op_PartSelect.i32.i58.i32.i32, i58 %mul_ln73_10, i32 26, i32 57" [firmware/nnet_utils/nnet_dense_resource.h:138->firmware/nnet_utils/nnet_dense_resource.h:255]   --->   Operation 129 'partselect' 'trunc_ln138_s' <Predicate = true> <Delay = 0.00>
ST_11 : Operation 130 [1/1] (0.69ns)   --->   "%select_ln138_13 = select i1 %out_index, i32 %acc_15026, i32 %acc_14928" [firmware/nnet_utils/nnet_dense_resource.h:138->firmware/nnet_utils/nnet_dense_resource.h:255]   --->   Operation 130 'select' 'select_ln138_13' <Predicate = true> <Delay = 0.69> <CoreInst = "Sel">   --->   Core 73 'Sel' <Latency = 0> <II = 1> <Delay = 0.69> <FuncUnit> <Opcode : 'select'> <InPorts = 3> <OutPorts = 1>
ST_11 : Operation 131 [1/1] (0.00ns)   --->   "%sext_ln138_21 = sext i32 %select_ln138_13" [firmware/nnet_utils/nnet_dense_resource.h:138->firmware/nnet_utils/nnet_dense_resource.h:255]   --->   Operation 131 'sext' 'sext_ln138_21' <Predicate = true> <Delay = 0.00>
ST_11 : Operation 132 [1/1] (2.55ns)   --->   "%sub_ln138_10 = sub i33 0, i33 %sext_ln138_21" [firmware/nnet_utils/nnet_dense_resource.h:138->firmware/nnet_utils/nnet_dense_resource.h:255]   --->   Operation 132 'sub' 'sub_ln138_10' <Predicate = true> <Delay = 2.55> <CoreInst = "Adder">   --->   Core 1 'Adder' <Latency = 0> <II = 1> <Delay = 2.55> <FuncUnit> <Opcode : 'add' 'sub'> <InPorts = 2> <OutPorts = 1>
ST_11 : Operation 133 [1/5] (3.95ns)   --->   "%mul_ln73_11 = mul i58 %sext_ln73_12, i58 %sext_ln73" [firmware/nnet_utils/nnet_mult.h:73->firmware/nnet_utils/nnet_dense_resource.h:139->firmware/nnet_utils/nnet_dense_resource.h:255]   --->   Operation 133 'mul' 'mul_ln73_11' <Predicate = true> <Delay = 3.95> <CoreInst = "Multiplier">   --->   Core 3 'Multiplier' <Latency = 4> <II = 1> <Delay = 3.95> <FuncUnit> <Opcode : 'mul'> <InPorts = 2> <OutPorts = 1>
ST_11 : Operation 134 [1/1] (0.00ns)   --->   "%trunc_ln138_1 = partselect i32 @_ssdm_op_PartSelect.i32.i58.i32.i32, i58 %mul_ln73_11, i32 26, i32 57" [firmware/nnet_utils/nnet_dense_resource.h:138->firmware/nnet_utils/nnet_dense_resource.h:255]   --->   Operation 134 'partselect' 'trunc_ln138_1' <Predicate = true> <Delay = 0.00>
ST_11 : Operation 135 [1/1] (0.69ns)   --->   "%select_ln138_18 = select i1 %out_index, i32 %acc_15222, i32 %acc_15124" [firmware/nnet_utils/nnet_dense_resource.h:138->firmware/nnet_utils/nnet_dense_resource.h:255]   --->   Operation 135 'select' 'select_ln138_18' <Predicate = true> <Delay = 0.69> <CoreInst = "Sel">   --->   Core 73 'Sel' <Latency = 0> <II = 1> <Delay = 0.69> <FuncUnit> <Opcode : 'select'> <InPorts = 3> <OutPorts = 1>
ST_11 : Operation 136 [1/1] (0.00ns)   --->   "%sext_ln138_23 = sext i32 %select_ln138_18" [firmware/nnet_utils/nnet_dense_resource.h:138->firmware/nnet_utils/nnet_dense_resource.h:255]   --->   Operation 136 'sext' 'sext_ln138_23' <Predicate = true> <Delay = 0.00>
ST_11 : Operation 137 [1/1] (2.55ns)   --->   "%sub_ln138_11 = sub i33 0, i33 %sext_ln138_23" [firmware/nnet_utils/nnet_dense_resource.h:138->firmware/nnet_utils/nnet_dense_resource.h:255]   --->   Operation 137 'sub' 'sub_ln138_11' <Predicate = true> <Delay = 2.55> <CoreInst = "Adder">   --->   Core 1 'Adder' <Latency = 0> <II = 1> <Delay = 2.55> <FuncUnit> <Opcode : 'add' 'sub'> <InPorts = 2> <OutPorts = 1>
ST_11 : Operation 138 [1/5] (3.95ns)   --->   "%mul_ln73_12 = mul i58 %sext_ln73_13, i58 %sext_ln73" [firmware/nnet_utils/nnet_mult.h:73->firmware/nnet_utils/nnet_dense_resource.h:139->firmware/nnet_utils/nnet_dense_resource.h:255]   --->   Operation 138 'mul' 'mul_ln73_12' <Predicate = true> <Delay = 3.95> <CoreInst = "Multiplier">   --->   Core 3 'Multiplier' <Latency = 4> <II = 1> <Delay = 3.95> <FuncUnit> <Opcode : 'mul'> <InPorts = 2> <OutPorts = 1>
ST_11 : Operation 139 [1/1] (0.00ns)   --->   "%trunc_ln138_2 = partselect i32 @_ssdm_op_PartSelect.i32.i58.i32.i32, i58 %mul_ln73_12, i32 26, i32 57" [firmware/nnet_utils/nnet_dense_resource.h:138->firmware/nnet_utils/nnet_dense_resource.h:255]   --->   Operation 139 'partselect' 'trunc_ln138_2' <Predicate = true> <Delay = 0.00>
ST_11 : Operation 140 [1/1] (0.69ns)   --->   "%select_ln138_23 = select i1 %out_index, i32 %acc_15418, i32 %acc_15320" [firmware/nnet_utils/nnet_dense_resource.h:138->firmware/nnet_utils/nnet_dense_resource.h:255]   --->   Operation 140 'select' 'select_ln138_23' <Predicate = true> <Delay = 0.69> <CoreInst = "Sel">   --->   Core 73 'Sel' <Latency = 0> <II = 1> <Delay = 0.69> <FuncUnit> <Opcode : 'select'> <InPorts = 3> <OutPorts = 1>
ST_11 : Operation 141 [1/1] (0.00ns)   --->   "%sext_ln138_25 = sext i32 %select_ln138_23" [firmware/nnet_utils/nnet_dense_resource.h:138->firmware/nnet_utils/nnet_dense_resource.h:255]   --->   Operation 141 'sext' 'sext_ln138_25' <Predicate = true> <Delay = 0.00>
ST_11 : Operation 142 [1/1] (2.55ns)   --->   "%sub_ln138_12 = sub i33 0, i33 %sext_ln138_25" [firmware/nnet_utils/nnet_dense_resource.h:138->firmware/nnet_utils/nnet_dense_resource.h:255]   --->   Operation 142 'sub' 'sub_ln138_12' <Predicate = true> <Delay = 2.55> <CoreInst = "Adder">   --->   Core 1 'Adder' <Latency = 0> <II = 1> <Delay = 2.55> <FuncUnit> <Opcode : 'add' 'sub'> <InPorts = 2> <OutPorts = 1>
ST_11 : Operation 143 [1/5] (3.95ns)   --->   "%mul_ln73_13 = mul i58 %sext_ln73_14, i58 %sext_ln73" [firmware/nnet_utils/nnet_mult.h:73->firmware/nnet_utils/nnet_dense_resource.h:139->firmware/nnet_utils/nnet_dense_resource.h:255]   --->   Operation 143 'mul' 'mul_ln73_13' <Predicate = true> <Delay = 3.95> <CoreInst = "Multiplier">   --->   Core 3 'Multiplier' <Latency = 4> <II = 1> <Delay = 3.95> <FuncUnit> <Opcode : 'mul'> <InPorts = 2> <OutPorts = 1>
ST_11 : Operation 144 [1/1] (0.00ns)   --->   "%trunc_ln138_3 = partselect i32 @_ssdm_op_PartSelect.i32.i58.i32.i32, i58 %mul_ln73_13, i32 26, i32 57" [firmware/nnet_utils/nnet_dense_resource.h:138->firmware/nnet_utils/nnet_dense_resource.h:255]   --->   Operation 144 'partselect' 'trunc_ln138_3' <Predicate = true> <Delay = 0.00>
ST_11 : Operation 145 [1/1] (0.69ns)   --->   "%select_ln138_28 = select i1 %out_index, i32 %acc_15614, i32 %acc_15516" [firmware/nnet_utils/nnet_dense_resource.h:138->firmware/nnet_utils/nnet_dense_resource.h:255]   --->   Operation 145 'select' 'select_ln138_28' <Predicate = true> <Delay = 0.69> <CoreInst = "Sel">   --->   Core 73 'Sel' <Latency = 0> <II = 1> <Delay = 0.69> <FuncUnit> <Opcode : 'select'> <InPorts = 3> <OutPorts = 1>
ST_11 : Operation 146 [1/1] (0.00ns)   --->   "%sext_ln138_27 = sext i32 %select_ln138_28" [firmware/nnet_utils/nnet_dense_resource.h:138->firmware/nnet_utils/nnet_dense_resource.h:255]   --->   Operation 146 'sext' 'sext_ln138_27' <Predicate = true> <Delay = 0.00>
ST_11 : Operation 147 [1/1] (2.55ns)   --->   "%sub_ln138_13 = sub i33 0, i33 %sext_ln138_27" [firmware/nnet_utils/nnet_dense_resource.h:138->firmware/nnet_utils/nnet_dense_resource.h:255]   --->   Operation 147 'sub' 'sub_ln138_13' <Predicate = true> <Delay = 2.55> <CoreInst = "Adder">   --->   Core 1 'Adder' <Latency = 0> <II = 1> <Delay = 2.55> <FuncUnit> <Opcode : 'add' 'sub'> <InPorts = 2> <OutPorts = 1>
ST_11 : Operation 148 [1/5] (3.95ns)   --->   "%mul_ln73_14 = mul i58 %sext_ln73, i58 %sext_ln73_15" [firmware/nnet_utils/nnet_mult.h:73->firmware/nnet_utils/nnet_dense_resource.h:139->firmware/nnet_utils/nnet_dense_resource.h:255]   --->   Operation 148 'mul' 'mul_ln73_14' <Predicate = true> <Delay = 3.95> <CoreInst = "Multiplier">   --->   Core 3 'Multiplier' <Latency = 4> <II = 1> <Delay = 3.95> <FuncUnit> <Opcode : 'mul'> <InPorts = 2> <OutPorts = 1>
ST_11 : Operation 149 [1/1] (0.00ns)   --->   "%trunc_ln138_4 = partselect i32 @_ssdm_op_PartSelect.i32.i58.i32.i32, i58 %mul_ln73_14, i32 26, i32 57" [firmware/nnet_utils/nnet_dense_resource.h:138->firmware/nnet_utils/nnet_dense_resource.h:255]   --->   Operation 149 'partselect' 'trunc_ln138_4' <Predicate = true> <Delay = 0.00>
ST_11 : Operation 150 [1/1] (0.69ns)   --->   "%select_ln138_33 = select i1 %out_index, i32 %acc_15810, i32 %acc_15712" [firmware/nnet_utils/nnet_dense_resource.h:138->firmware/nnet_utils/nnet_dense_resource.h:255]   --->   Operation 150 'select' 'select_ln138_33' <Predicate = true> <Delay = 0.69> <CoreInst = "Sel">   --->   Core 73 'Sel' <Latency = 0> <II = 1> <Delay = 0.69> <FuncUnit> <Opcode : 'select'> <InPorts = 3> <OutPorts = 1>
ST_11 : Operation 151 [1/1] (0.00ns)   --->   "%sext_ln138_29 = sext i32 %select_ln138_33" [firmware/nnet_utils/nnet_dense_resource.h:138->firmware/nnet_utils/nnet_dense_resource.h:255]   --->   Operation 151 'sext' 'sext_ln138_29' <Predicate = true> <Delay = 0.00>
ST_11 : Operation 152 [1/1] (2.55ns)   --->   "%sub_ln138_14 = sub i33 0, i33 %sext_ln138_29" [firmware/nnet_utils/nnet_dense_resource.h:138->firmware/nnet_utils/nnet_dense_resource.h:255]   --->   Operation 152 'sub' 'sub_ln138_14' <Predicate = true> <Delay = 2.55> <CoreInst = "Adder">   --->   Core 1 'Adder' <Latency = 0> <II = 1> <Delay = 2.55> <FuncUnit> <Opcode : 'add' 'sub'> <InPorts = 2> <OutPorts = 1>

State 12 <SV = 11> <Delay = 6.54>
ST_12 : Operation 153 [1/1] (0.00ns)   --->   "%specpipeline_ln130 = specpipeline void @_ssdm_op_SpecPipeline, i32 1, i32 0, i32 0, i32 0, void @empty_0" [firmware/nnet_utils/nnet_dense_resource.h:130->firmware/nnet_utils/nnet_dense_resource.h:255]   --->   Operation 153 'specpipeline' 'specpipeline_ln130' <Predicate = true> <Delay = 0.00>
ST_12 : Operation 154 [1/1] (0.00ns)   --->   "%speclooptripcount_ln104 = speclooptripcount void @_ssdm_op_SpecLoopTripCount, i64 128, i64 128, i64 128" [firmware/nnet_utils/nnet_dense_resource.h:104->firmware/nnet_utils/nnet_dense_resource.h:255]   --->   Operation 154 'speclooptripcount' 'speclooptripcount_ln104' <Predicate = true> <Delay = 0.00>
ST_12 : Operation 155 [1/1] (0.00ns)   --->   "%specloopname_ln129 = specloopname void @_ssdm_op_SpecLoopName, void @empty_1" [firmware/nnet_utils/nnet_dense_resource.h:129->firmware/nnet_utils/nnet_dense_resource.h:255]   --->   Operation 155 'specloopname' 'specloopname_ln129' <Predicate = true> <Delay = 0.00>
ST_12 : Operation 156 [1/1] (0.00ns)   --->   "%sext_ln138_16 = sext i32 %trunc_ln" [firmware/nnet_utils/nnet_dense_resource.h:138->firmware/nnet_utils/nnet_dense_resource.h:255]   --->   Operation 156 'sext' 'sext_ln138_16' <Predicate = true> <Delay = 0.00>
ST_12 : Operation 157 [1/1] (2.59ns)   --->   "%icmp_ln138 = icmp_eq  i33 %sext_ln138_16, i33 %sub_ln138" [firmware/nnet_utils/nnet_dense_resource.h:138->firmware/nnet_utils/nnet_dense_resource.h:255]   --->   Operation 157 'icmp' 'icmp_ln138' <Predicate = true> <Delay = 2.59> <CoreInst = "Cmp">   --->   Core 9 'Cmp' <Latency = 0> <II = 1> <Delay = 2.59> <FuncUnit> <Opcode : 'icmp'> <InPorts = 2> <OutPorts = 1>
ST_12 : Operation 158 [1/1] (0.00ns) (grouped into LUT with out node acc_182)   --->   "%select_ln138_1 = select i1 %out_index, i32 0, i32 %acc_14438" [firmware/nnet_utils/nnet_dense_resource.h:138->firmware/nnet_utils/nnet_dense_resource.h:255]   --->   Operation 158 'select' 'select_ln138_1' <Predicate = (!out_index)> <Delay = 0.00> <CoreInst = "Sel">   --->   Core 73 'Sel' <Latency = 0> <II = 1> <Delay = 0.69> <FuncUnit> <Opcode : 'select'> <InPorts = 3> <OutPorts = 1>
ST_12 : Operation 159 [1/1] (0.00ns) (grouped into LUT with out node acc_181)   --->   "%select_ln138_2 = select i1 %out_index, i32 %acc40, i32 0" [firmware/nnet_utils/nnet_dense_resource.h:138->firmware/nnet_utils/nnet_dense_resource.h:255]   --->   Operation 159 'select' 'select_ln138_2' <Predicate = (out_index)> <Delay = 0.00> <CoreInst = "Sel">   --->   Core 73 'Sel' <Latency = 0> <II = 1> <Delay = 0.69> <FuncUnit> <Opcode : 'select'> <InPorts = 3> <OutPorts = 1>
ST_12 : Operation 160 [1/1] (0.00ns) (grouped into LUT with out node acc_182)   --->   "%acc_159 = select i1 %icmp_ln138, i32 %select_ln138_1, i32 %acc_14438" [firmware/nnet_utils/nnet_dense_resource.h:138->firmware/nnet_utils/nnet_dense_resource.h:255]   --->   Operation 160 'select' 'acc_159' <Predicate = (!out_index)> <Delay = 0.00> <CoreInst = "Sel">   --->   Core 73 'Sel' <Latency = 0> <II = 1> <Delay = 0.69> <FuncUnit> <Opcode : 'select'> <InPorts = 3> <OutPorts = 1>
ST_12 : Operation 161 [1/1] (0.00ns) (grouped into LUT with out node acc_181)   --->   "%acc_158 = select i1 %icmp_ln138, i32 %select_ln138_2, i32 %acc40" [firmware/nnet_utils/nnet_dense_resource.h:138->firmware/nnet_utils/nnet_dense_resource.h:255]   --->   Operation 161 'select' 'acc_158' <Predicate = (out_index)> <Delay = 0.00> <CoreInst = "Sel">   --->   Core 73 'Sel' <Latency = 0> <II = 1> <Delay = 0.69> <FuncUnit> <Opcode : 'select'> <InPorts = 3> <OutPorts = 1>
ST_12 : Operation 162 [1/1] (2.55ns)   --->   "%acc_160 = add i32 %trunc_ln, i32 %select_ln138" [firmware/nnet_utils/nnet_dense_resource.h:138->firmware/nnet_utils/nnet_dense_resource.h:255]   --->   Operation 162 'add' 'acc_160' <Predicate = true> <Delay = 2.55> <CoreInst = "Adder">   --->   Core 1 'Adder' <Latency = 0> <II = 1> <Delay = 2.55> <FuncUnit> <Opcode : 'add' 'sub'> <InPorts = 2> <OutPorts = 1>
ST_12 : Operation 163 [1/1] (0.69ns) (out node of the LUT)   --->   "%acc_182 = select i1 %out_index, i32 %acc_160, i32 %acc_159" [firmware/nnet_utils/nnet_dense_resource.h:138->firmware/nnet_utils/nnet_dense_resource.h:255]   --->   Operation 163 'select' 'acc_182' <Predicate = true> <Delay = 0.69> <CoreInst = "Sel">   --->   Core 73 'Sel' <Latency = 0> <II = 1> <Delay = 0.69> <FuncUnit> <Opcode : 'select'> <InPorts = 3> <OutPorts = 1>
ST_12 : Operation 164 [1/1] (0.69ns) (out node of the LUT)   --->   "%acc_181 = select i1 %out_index, i32 %acc_158, i32 %acc_160" [firmware/nnet_utils/nnet_dense_resource.h:138->firmware/nnet_utils/nnet_dense_resource.h:255]   --->   Operation 164 'select' 'acc_181' <Predicate = true> <Delay = 0.69> <CoreInst = "Sel">   --->   Core 73 'Sel' <Latency = 0> <II = 1> <Delay = 0.69> <FuncUnit> <Opcode : 'select'> <InPorts = 3> <OutPorts = 1>
ST_12 : Operation 165 [1/1] (0.00ns)   --->   "%sext_ln138_18 = sext i32 %trunc_ln138_8" [firmware/nnet_utils/nnet_dense_resource.h:138->firmware/nnet_utils/nnet_dense_resource.h:255]   --->   Operation 165 'sext' 'sext_ln138_18' <Predicate = true> <Delay = 0.00>
ST_12 : Operation 166 [1/1] (2.59ns)   --->   "%icmp_ln138_8 = icmp_eq  i33 %sext_ln138_18, i33 %sub_ln138_8" [firmware/nnet_utils/nnet_dense_resource.h:138->firmware/nnet_utils/nnet_dense_resource.h:255]   --->   Operation 166 'icmp' 'icmp_ln138_8' <Predicate = true> <Delay = 2.59> <CoreInst = "Cmp">   --->   Core 9 'Cmp' <Latency = 0> <II = 1> <Delay = 2.59> <FuncUnit> <Opcode : 'icmp'> <InPorts = 2> <OutPorts = 1>
ST_12 : Operation 167 [1/1] (0.00ns) (grouped into LUT with out node acc_184)   --->   "%select_ln138_6 = select i1 %out_index, i32 0, i32 %acc_14634" [firmware/nnet_utils/nnet_dense_resource.h:138->firmware/nnet_utils/nnet_dense_resource.h:255]   --->   Operation 167 'select' 'select_ln138_6' <Predicate = (!out_index)> <Delay = 0.00> <CoreInst = "Sel">   --->   Core 73 'Sel' <Latency = 0> <II = 1> <Delay = 0.69> <FuncUnit> <Opcode : 'select'> <InPorts = 3> <OutPorts = 1>
ST_12 : Operation 168 [1/1] (0.00ns) (grouped into LUT with out node acc_183)   --->   "%select_ln138_7 = select i1 %out_index, i32 %acc_14536, i32 0" [firmware/nnet_utils/nnet_dense_resource.h:138->firmware/nnet_utils/nnet_dense_resource.h:255]   --->   Operation 168 'select' 'select_ln138_7' <Predicate = (out_index)> <Delay = 0.00> <CoreInst = "Sel">   --->   Core 73 'Sel' <Latency = 0> <II = 1> <Delay = 0.69> <FuncUnit> <Opcode : 'select'> <InPorts = 3> <OutPorts = 1>
ST_12 : Operation 169 [1/1] (0.00ns) (grouped into LUT with out node acc_184)   --->   "%acc_161 = select i1 %icmp_ln138_8, i32 %select_ln138_6, i32 %acc_14634" [firmware/nnet_utils/nnet_dense_resource.h:138->firmware/nnet_utils/nnet_dense_resource.h:255]   --->   Operation 169 'select' 'acc_161' <Predicate = (!out_index)> <Delay = 0.00> <CoreInst = "Sel">   --->   Core 73 'Sel' <Latency = 0> <II = 1> <Delay = 0.69> <FuncUnit> <Opcode : 'select'> <InPorts = 3> <OutPorts = 1>
ST_12 : Operation 170 [1/1] (0.00ns) (grouped into LUT with out node acc_183)   --->   "%acc = select i1 %icmp_ln138_8, i32 %select_ln138_7, i32 %acc_14536" [firmware/nnet_utils/nnet_dense_resource.h:138->firmware/nnet_utils/nnet_dense_resource.h:255]   --->   Operation 170 'select' 'acc' <Predicate = (out_index)> <Delay = 0.00> <CoreInst = "Sel">   --->   Core 73 'Sel' <Latency = 0> <II = 1> <Delay = 0.69> <FuncUnit> <Opcode : 'select'> <InPorts = 3> <OutPorts = 1>
ST_12 : Operation 171 [1/1] (2.55ns)   --->   "%acc_162 = add i32 %trunc_ln138_8, i32 %select_ln138_3" [firmware/nnet_utils/nnet_dense_resource.h:138->firmware/nnet_utils/nnet_dense_resource.h:255]   --->   Operation 171 'add' 'acc_162' <Predicate = true> <Delay = 2.55> <CoreInst = "Adder">   --->   Core 1 'Adder' <Latency = 0> <II = 1> <Delay = 2.55> <FuncUnit> <Opcode : 'add' 'sub'> <InPorts = 2> <OutPorts = 1>
ST_12 : Operation 172 [1/1] (0.69ns) (out node of the LUT)   --->   "%acc_184 = select i1 %out_index, i32 %acc_162, i32 %acc_161" [firmware/nnet_utils/nnet_dense_resource.h:138->firmware/nnet_utils/nnet_dense_resource.h:255]   --->   Operation 172 'select' 'acc_184' <Predicate = true> <Delay = 0.69> <CoreInst = "Sel">   --->   Core 73 'Sel' <Latency = 0> <II = 1> <Delay = 0.69> <FuncUnit> <Opcode : 'select'> <InPorts = 3> <OutPorts = 1>
ST_12 : Operation 173 [1/1] (0.69ns) (out node of the LUT)   --->   "%acc_183 = select i1 %out_index, i32 %acc, i32 %acc_162" [firmware/nnet_utils/nnet_dense_resource.h:138->firmware/nnet_utils/nnet_dense_resource.h:255]   --->   Operation 173 'select' 'acc_183' <Predicate = true> <Delay = 0.69> <CoreInst = "Sel">   --->   Core 73 'Sel' <Latency = 0> <II = 1> <Delay = 0.69> <FuncUnit> <Opcode : 'select'> <InPorts = 3> <OutPorts = 1>
ST_12 : Operation 174 [1/1] (0.00ns)   --->   "%sext_ln138_20 = sext i32 %trunc_ln138_9" [firmware/nnet_utils/nnet_dense_resource.h:138->firmware/nnet_utils/nnet_dense_resource.h:255]   --->   Operation 174 'sext' 'sext_ln138_20' <Predicate = true> <Delay = 0.00>
ST_12 : Operation 175 [1/1] (2.59ns)   --->   "%icmp_ln138_9 = icmp_eq  i33 %sext_ln138_20, i33 %sub_ln138_9" [firmware/nnet_utils/nnet_dense_resource.h:138->firmware/nnet_utils/nnet_dense_resource.h:255]   --->   Operation 175 'icmp' 'icmp_ln138_9' <Predicate = true> <Delay = 2.59> <CoreInst = "Cmp">   --->   Core 9 'Cmp' <Latency = 0> <II = 1> <Delay = 2.59> <FuncUnit> <Opcode : 'icmp'> <InPorts = 2> <OutPorts = 1>
ST_12 : Operation 176 [1/1] (0.00ns) (grouped into LUT with out node acc_186)   --->   "%select_ln138_11 = select i1 %out_index, i32 0, i32 %acc_14830" [firmware/nnet_utils/nnet_dense_resource.h:138->firmware/nnet_utils/nnet_dense_resource.h:255]   --->   Operation 176 'select' 'select_ln138_11' <Predicate = (!out_index)> <Delay = 0.00> <CoreInst = "Sel">   --->   Core 73 'Sel' <Latency = 0> <II = 1> <Delay = 0.69> <FuncUnit> <Opcode : 'select'> <InPorts = 3> <OutPorts = 1>
ST_12 : Operation 177 [1/1] (0.00ns) (grouped into LUT with out node acc_185)   --->   "%select_ln138_12 = select i1 %out_index, i32 %acc_14732, i32 0" [firmware/nnet_utils/nnet_dense_resource.h:138->firmware/nnet_utils/nnet_dense_resource.h:255]   --->   Operation 177 'select' 'select_ln138_12' <Predicate = (out_index)> <Delay = 0.00> <CoreInst = "Sel">   --->   Core 73 'Sel' <Latency = 0> <II = 1> <Delay = 0.69> <FuncUnit> <Opcode : 'select'> <InPorts = 3> <OutPorts = 1>
ST_12 : Operation 178 [1/1] (0.00ns) (grouped into LUT with out node acc_186)   --->   "%acc_164 = select i1 %icmp_ln138_9, i32 %select_ln138_11, i32 %acc_14830" [firmware/nnet_utils/nnet_dense_resource.h:138->firmware/nnet_utils/nnet_dense_resource.h:255]   --->   Operation 178 'select' 'acc_164' <Predicate = (!out_index)> <Delay = 0.00> <CoreInst = "Sel">   --->   Core 73 'Sel' <Latency = 0> <II = 1> <Delay = 0.69> <FuncUnit> <Opcode : 'select'> <InPorts = 3> <OutPorts = 1>
ST_12 : Operation 179 [1/1] (0.00ns) (grouped into LUT with out node acc_185)   --->   "%acc_163 = select i1 %icmp_ln138_9, i32 %select_ln138_12, i32 %acc_14732" [firmware/nnet_utils/nnet_dense_resource.h:138->firmware/nnet_utils/nnet_dense_resource.h:255]   --->   Operation 179 'select' 'acc_163' <Predicate = (out_index)> <Delay = 0.00> <CoreInst = "Sel">   --->   Core 73 'Sel' <Latency = 0> <II = 1> <Delay = 0.69> <FuncUnit> <Opcode : 'select'> <InPorts = 3> <OutPorts = 1>
ST_12 : Operation 180 [1/1] (2.55ns)   --->   "%acc_165 = add i32 %trunc_ln138_9, i32 %select_ln138_8" [firmware/nnet_utils/nnet_dense_resource.h:138->firmware/nnet_utils/nnet_dense_resource.h:255]   --->   Operation 180 'add' 'acc_165' <Predicate = true> <Delay = 2.55> <CoreInst = "Adder">   --->   Core 1 'Adder' <Latency = 0> <II = 1> <Delay = 2.55> <FuncUnit> <Opcode : 'add' 'sub'> <InPorts = 2> <OutPorts = 1>
ST_12 : Operation 181 [1/1] (0.69ns) (out node of the LUT)   --->   "%acc_186 = select i1 %out_index, i32 %acc_165, i32 %acc_164" [firmware/nnet_utils/nnet_dense_resource.h:138->firmware/nnet_utils/nnet_dense_resource.h:255]   --->   Operation 181 'select' 'acc_186' <Predicate = true> <Delay = 0.69> <CoreInst = "Sel">   --->   Core 73 'Sel' <Latency = 0> <II = 1> <Delay = 0.69> <FuncUnit> <Opcode : 'select'> <InPorts = 3> <OutPorts = 1>
ST_12 : Operation 182 [1/1] (0.69ns) (out node of the LUT)   --->   "%acc_185 = select i1 %out_index, i32 %acc_163, i32 %acc_165" [firmware/nnet_utils/nnet_dense_resource.h:138->firmware/nnet_utils/nnet_dense_resource.h:255]   --->   Operation 182 'select' 'acc_185' <Predicate = true> <Delay = 0.69> <CoreInst = "Sel">   --->   Core 73 'Sel' <Latency = 0> <II = 1> <Delay = 0.69> <FuncUnit> <Opcode : 'select'> <InPorts = 3> <OutPorts = 1>
ST_12 : Operation 183 [1/1] (0.00ns)   --->   "%sext_ln138_22 = sext i32 %trunc_ln138_s" [firmware/nnet_utils/nnet_dense_resource.h:138->firmware/nnet_utils/nnet_dense_resource.h:255]   --->   Operation 183 'sext' 'sext_ln138_22' <Predicate = true> <Delay = 0.00>
ST_12 : Operation 184 [1/1] (2.59ns)   --->   "%icmp_ln138_10 = icmp_eq  i33 %sext_ln138_22, i33 %sub_ln138_10" [firmware/nnet_utils/nnet_dense_resource.h:138->firmware/nnet_utils/nnet_dense_resource.h:255]   --->   Operation 184 'icmp' 'icmp_ln138_10' <Predicate = true> <Delay = 2.59> <CoreInst = "Cmp">   --->   Core 9 'Cmp' <Latency = 0> <II = 1> <Delay = 2.59> <FuncUnit> <Opcode : 'icmp'> <InPorts = 2> <OutPorts = 1>
ST_12 : Operation 185 [1/1] (0.00ns) (grouped into LUT with out node acc_188)   --->   "%select_ln138_16 = select i1 %out_index, i32 0, i32 %acc_15026" [firmware/nnet_utils/nnet_dense_resource.h:138->firmware/nnet_utils/nnet_dense_resource.h:255]   --->   Operation 185 'select' 'select_ln138_16' <Predicate = (!out_index)> <Delay = 0.00> <CoreInst = "Sel">   --->   Core 73 'Sel' <Latency = 0> <II = 1> <Delay = 0.69> <FuncUnit> <Opcode : 'select'> <InPorts = 3> <OutPorts = 1>
ST_12 : Operation 186 [1/1] (0.00ns) (grouped into LUT with out node acc_187)   --->   "%select_ln138_17 = select i1 %out_index, i32 %acc_14928, i32 0" [firmware/nnet_utils/nnet_dense_resource.h:138->firmware/nnet_utils/nnet_dense_resource.h:255]   --->   Operation 186 'select' 'select_ln138_17' <Predicate = (out_index)> <Delay = 0.00> <CoreInst = "Sel">   --->   Core 73 'Sel' <Latency = 0> <II = 1> <Delay = 0.69> <FuncUnit> <Opcode : 'select'> <InPorts = 3> <OutPorts = 1>
ST_12 : Operation 187 [1/1] (0.00ns) (grouped into LUT with out node acc_188)   --->   "%acc_167 = select i1 %icmp_ln138_10, i32 %select_ln138_16, i32 %acc_15026" [firmware/nnet_utils/nnet_dense_resource.h:138->firmware/nnet_utils/nnet_dense_resource.h:255]   --->   Operation 187 'select' 'acc_167' <Predicate = (!out_index)> <Delay = 0.00> <CoreInst = "Sel">   --->   Core 73 'Sel' <Latency = 0> <II = 1> <Delay = 0.69> <FuncUnit> <Opcode : 'select'> <InPorts = 3> <OutPorts = 1>
ST_12 : Operation 188 [1/1] (0.00ns) (grouped into LUT with out node acc_187)   --->   "%acc_166 = select i1 %icmp_ln138_10, i32 %select_ln138_17, i32 %acc_14928" [firmware/nnet_utils/nnet_dense_resource.h:138->firmware/nnet_utils/nnet_dense_resource.h:255]   --->   Operation 188 'select' 'acc_166' <Predicate = (out_index)> <Delay = 0.00> <CoreInst = "Sel">   --->   Core 73 'Sel' <Latency = 0> <II = 1> <Delay = 0.69> <FuncUnit> <Opcode : 'select'> <InPorts = 3> <OutPorts = 1>
ST_12 : Operation 189 [1/1] (2.55ns)   --->   "%acc_168 = add i32 %trunc_ln138_s, i32 %select_ln138_13" [firmware/nnet_utils/nnet_dense_resource.h:138->firmware/nnet_utils/nnet_dense_resource.h:255]   --->   Operation 189 'add' 'acc_168' <Predicate = true> <Delay = 2.55> <CoreInst = "Adder">   --->   Core 1 'Adder' <Latency = 0> <II = 1> <Delay = 2.55> <FuncUnit> <Opcode : 'add' 'sub'> <InPorts = 2> <OutPorts = 1>
ST_12 : Operation 190 [1/1] (0.69ns) (out node of the LUT)   --->   "%acc_188 = select i1 %out_index, i32 %acc_168, i32 %acc_167" [firmware/nnet_utils/nnet_dense_resource.h:138->firmware/nnet_utils/nnet_dense_resource.h:255]   --->   Operation 190 'select' 'acc_188' <Predicate = true> <Delay = 0.69> <CoreInst = "Sel">   --->   Core 73 'Sel' <Latency = 0> <II = 1> <Delay = 0.69> <FuncUnit> <Opcode : 'select'> <InPorts = 3> <OutPorts = 1>
ST_12 : Operation 191 [1/1] (0.69ns) (out node of the LUT)   --->   "%acc_187 = select i1 %out_index, i32 %acc_166, i32 %acc_168" [firmware/nnet_utils/nnet_dense_resource.h:138->firmware/nnet_utils/nnet_dense_resource.h:255]   --->   Operation 191 'select' 'acc_187' <Predicate = true> <Delay = 0.69> <CoreInst = "Sel">   --->   Core 73 'Sel' <Latency = 0> <II = 1> <Delay = 0.69> <FuncUnit> <Opcode : 'select'> <InPorts = 3> <OutPorts = 1>
ST_12 : Operation 192 [1/1] (0.00ns)   --->   "%sext_ln138_24 = sext i32 %trunc_ln138_1" [firmware/nnet_utils/nnet_dense_resource.h:138->firmware/nnet_utils/nnet_dense_resource.h:255]   --->   Operation 192 'sext' 'sext_ln138_24' <Predicate = true> <Delay = 0.00>
ST_12 : Operation 193 [1/1] (2.59ns)   --->   "%icmp_ln138_11 = icmp_eq  i33 %sext_ln138_24, i33 %sub_ln138_11" [firmware/nnet_utils/nnet_dense_resource.h:138->firmware/nnet_utils/nnet_dense_resource.h:255]   --->   Operation 193 'icmp' 'icmp_ln138_11' <Predicate = true> <Delay = 2.59> <CoreInst = "Cmp">   --->   Core 9 'Cmp' <Latency = 0> <II = 1> <Delay = 2.59> <FuncUnit> <Opcode : 'icmp'> <InPorts = 2> <OutPorts = 1>
ST_12 : Operation 194 [1/1] (0.00ns) (grouped into LUT with out node acc_190)   --->   "%select_ln138_21 = select i1 %out_index, i32 0, i32 %acc_15222" [firmware/nnet_utils/nnet_dense_resource.h:138->firmware/nnet_utils/nnet_dense_resource.h:255]   --->   Operation 194 'select' 'select_ln138_21' <Predicate = (!out_index)> <Delay = 0.00> <CoreInst = "Sel">   --->   Core 73 'Sel' <Latency = 0> <II = 1> <Delay = 0.69> <FuncUnit> <Opcode : 'select'> <InPorts = 3> <OutPorts = 1>
ST_12 : Operation 195 [1/1] (0.00ns) (grouped into LUT with out node acc_189)   --->   "%select_ln138_22 = select i1 %out_index, i32 %acc_15124, i32 0" [firmware/nnet_utils/nnet_dense_resource.h:138->firmware/nnet_utils/nnet_dense_resource.h:255]   --->   Operation 195 'select' 'select_ln138_22' <Predicate = (out_index)> <Delay = 0.00> <CoreInst = "Sel">   --->   Core 73 'Sel' <Latency = 0> <II = 1> <Delay = 0.69> <FuncUnit> <Opcode : 'select'> <InPorts = 3> <OutPorts = 1>
ST_12 : Operation 196 [1/1] (0.00ns) (grouped into LUT with out node acc_190)   --->   "%acc_170 = select i1 %icmp_ln138_11, i32 %select_ln138_21, i32 %acc_15222" [firmware/nnet_utils/nnet_dense_resource.h:138->firmware/nnet_utils/nnet_dense_resource.h:255]   --->   Operation 196 'select' 'acc_170' <Predicate = (!out_index)> <Delay = 0.00> <CoreInst = "Sel">   --->   Core 73 'Sel' <Latency = 0> <II = 1> <Delay = 0.69> <FuncUnit> <Opcode : 'select'> <InPorts = 3> <OutPorts = 1>
ST_12 : Operation 197 [1/1] (0.00ns) (grouped into LUT with out node acc_189)   --->   "%acc_169 = select i1 %icmp_ln138_11, i32 %select_ln138_22, i32 %acc_15124" [firmware/nnet_utils/nnet_dense_resource.h:138->firmware/nnet_utils/nnet_dense_resource.h:255]   --->   Operation 197 'select' 'acc_169' <Predicate = (out_index)> <Delay = 0.00> <CoreInst = "Sel">   --->   Core 73 'Sel' <Latency = 0> <II = 1> <Delay = 0.69> <FuncUnit> <Opcode : 'select'> <InPorts = 3> <OutPorts = 1>
ST_12 : Operation 198 [1/1] (2.55ns)   --->   "%acc_171 = add i32 %trunc_ln138_1, i32 %select_ln138_18" [firmware/nnet_utils/nnet_dense_resource.h:138->firmware/nnet_utils/nnet_dense_resource.h:255]   --->   Operation 198 'add' 'acc_171' <Predicate = true> <Delay = 2.55> <CoreInst = "Adder">   --->   Core 1 'Adder' <Latency = 0> <II = 1> <Delay = 2.55> <FuncUnit> <Opcode : 'add' 'sub'> <InPorts = 2> <OutPorts = 1>
ST_12 : Operation 199 [1/1] (0.69ns) (out node of the LUT)   --->   "%acc_190 = select i1 %out_index, i32 %acc_171, i32 %acc_170" [firmware/nnet_utils/nnet_dense_resource.h:138->firmware/nnet_utils/nnet_dense_resource.h:255]   --->   Operation 199 'select' 'acc_190' <Predicate = true> <Delay = 0.69> <CoreInst = "Sel">   --->   Core 73 'Sel' <Latency = 0> <II = 1> <Delay = 0.69> <FuncUnit> <Opcode : 'select'> <InPorts = 3> <OutPorts = 1>
ST_12 : Operation 200 [1/1] (0.69ns) (out node of the LUT)   --->   "%acc_189 = select i1 %out_index, i32 %acc_169, i32 %acc_171" [firmware/nnet_utils/nnet_dense_resource.h:138->firmware/nnet_utils/nnet_dense_resource.h:255]   --->   Operation 200 'select' 'acc_189' <Predicate = true> <Delay = 0.69> <CoreInst = "Sel">   --->   Core 73 'Sel' <Latency = 0> <II = 1> <Delay = 0.69> <FuncUnit> <Opcode : 'select'> <InPorts = 3> <OutPorts = 1>
ST_12 : Operation 201 [1/1] (0.00ns)   --->   "%sext_ln138_26 = sext i32 %trunc_ln138_2" [firmware/nnet_utils/nnet_dense_resource.h:138->firmware/nnet_utils/nnet_dense_resource.h:255]   --->   Operation 201 'sext' 'sext_ln138_26' <Predicate = true> <Delay = 0.00>
ST_12 : Operation 202 [1/1] (2.59ns)   --->   "%icmp_ln138_12 = icmp_eq  i33 %sext_ln138_26, i33 %sub_ln138_12" [firmware/nnet_utils/nnet_dense_resource.h:138->firmware/nnet_utils/nnet_dense_resource.h:255]   --->   Operation 202 'icmp' 'icmp_ln138_12' <Predicate = true> <Delay = 2.59> <CoreInst = "Cmp">   --->   Core 9 'Cmp' <Latency = 0> <II = 1> <Delay = 2.59> <FuncUnit> <Opcode : 'icmp'> <InPorts = 2> <OutPorts = 1>
ST_12 : Operation 203 [1/1] (0.00ns) (grouped into LUT with out node acc_192)   --->   "%select_ln138_26 = select i1 %out_index, i32 0, i32 %acc_15418" [firmware/nnet_utils/nnet_dense_resource.h:138->firmware/nnet_utils/nnet_dense_resource.h:255]   --->   Operation 203 'select' 'select_ln138_26' <Predicate = (!out_index)> <Delay = 0.00> <CoreInst = "Sel">   --->   Core 73 'Sel' <Latency = 0> <II = 1> <Delay = 0.69> <FuncUnit> <Opcode : 'select'> <InPorts = 3> <OutPorts = 1>
ST_12 : Operation 204 [1/1] (0.00ns) (grouped into LUT with out node acc_191)   --->   "%select_ln138_27 = select i1 %out_index, i32 %acc_15320, i32 0" [firmware/nnet_utils/nnet_dense_resource.h:138->firmware/nnet_utils/nnet_dense_resource.h:255]   --->   Operation 204 'select' 'select_ln138_27' <Predicate = (out_index)> <Delay = 0.00> <CoreInst = "Sel">   --->   Core 73 'Sel' <Latency = 0> <II = 1> <Delay = 0.69> <FuncUnit> <Opcode : 'select'> <InPorts = 3> <OutPorts = 1>
ST_12 : Operation 205 [1/1] (0.00ns) (grouped into LUT with out node acc_192)   --->   "%acc_173 = select i1 %icmp_ln138_12, i32 %select_ln138_26, i32 %acc_15418" [firmware/nnet_utils/nnet_dense_resource.h:138->firmware/nnet_utils/nnet_dense_resource.h:255]   --->   Operation 205 'select' 'acc_173' <Predicate = (!out_index)> <Delay = 0.00> <CoreInst = "Sel">   --->   Core 73 'Sel' <Latency = 0> <II = 1> <Delay = 0.69> <FuncUnit> <Opcode : 'select'> <InPorts = 3> <OutPorts = 1>
ST_12 : Operation 206 [1/1] (0.00ns) (grouped into LUT with out node acc_191)   --->   "%acc_172 = select i1 %icmp_ln138_12, i32 %select_ln138_27, i32 %acc_15320" [firmware/nnet_utils/nnet_dense_resource.h:138->firmware/nnet_utils/nnet_dense_resource.h:255]   --->   Operation 206 'select' 'acc_172' <Predicate = (out_index)> <Delay = 0.00> <CoreInst = "Sel">   --->   Core 73 'Sel' <Latency = 0> <II = 1> <Delay = 0.69> <FuncUnit> <Opcode : 'select'> <InPorts = 3> <OutPorts = 1>
ST_12 : Operation 207 [1/1] (2.55ns)   --->   "%acc_174 = add i32 %trunc_ln138_2, i32 %select_ln138_23" [firmware/nnet_utils/nnet_dense_resource.h:138->firmware/nnet_utils/nnet_dense_resource.h:255]   --->   Operation 207 'add' 'acc_174' <Predicate = true> <Delay = 2.55> <CoreInst = "Adder">   --->   Core 1 'Adder' <Latency = 0> <II = 1> <Delay = 2.55> <FuncUnit> <Opcode : 'add' 'sub'> <InPorts = 2> <OutPorts = 1>
ST_12 : Operation 208 [1/1] (0.69ns) (out node of the LUT)   --->   "%acc_192 = select i1 %out_index, i32 %acc_174, i32 %acc_173" [firmware/nnet_utils/nnet_dense_resource.h:138->firmware/nnet_utils/nnet_dense_resource.h:255]   --->   Operation 208 'select' 'acc_192' <Predicate = true> <Delay = 0.69> <CoreInst = "Sel">   --->   Core 73 'Sel' <Latency = 0> <II = 1> <Delay = 0.69> <FuncUnit> <Opcode : 'select'> <InPorts = 3> <OutPorts = 1>
ST_12 : Operation 209 [1/1] (0.69ns) (out node of the LUT)   --->   "%acc_191 = select i1 %out_index, i32 %acc_172, i32 %acc_174" [firmware/nnet_utils/nnet_dense_resource.h:138->firmware/nnet_utils/nnet_dense_resource.h:255]   --->   Operation 209 'select' 'acc_191' <Predicate = true> <Delay = 0.69> <CoreInst = "Sel">   --->   Core 73 'Sel' <Latency = 0> <II = 1> <Delay = 0.69> <FuncUnit> <Opcode : 'select'> <InPorts = 3> <OutPorts = 1>
ST_12 : Operation 210 [1/1] (0.00ns)   --->   "%sext_ln138_28 = sext i32 %trunc_ln138_3" [firmware/nnet_utils/nnet_dense_resource.h:138->firmware/nnet_utils/nnet_dense_resource.h:255]   --->   Operation 210 'sext' 'sext_ln138_28' <Predicate = true> <Delay = 0.00>
ST_12 : Operation 211 [1/1] (2.59ns)   --->   "%icmp_ln138_13 = icmp_eq  i33 %sext_ln138_28, i33 %sub_ln138_13" [firmware/nnet_utils/nnet_dense_resource.h:138->firmware/nnet_utils/nnet_dense_resource.h:255]   --->   Operation 211 'icmp' 'icmp_ln138_13' <Predicate = true> <Delay = 2.59> <CoreInst = "Cmp">   --->   Core 9 'Cmp' <Latency = 0> <II = 1> <Delay = 2.59> <FuncUnit> <Opcode : 'icmp'> <InPorts = 2> <OutPorts = 1>
ST_12 : Operation 212 [1/1] (0.00ns) (grouped into LUT with out node acc_194)   --->   "%select_ln138_31 = select i1 %out_index, i32 0, i32 %acc_15614" [firmware/nnet_utils/nnet_dense_resource.h:138->firmware/nnet_utils/nnet_dense_resource.h:255]   --->   Operation 212 'select' 'select_ln138_31' <Predicate = (!out_index)> <Delay = 0.00> <CoreInst = "Sel">   --->   Core 73 'Sel' <Latency = 0> <II = 1> <Delay = 0.69> <FuncUnit> <Opcode : 'select'> <InPorts = 3> <OutPorts = 1>
ST_12 : Operation 213 [1/1] (0.00ns) (grouped into LUT with out node acc_193)   --->   "%select_ln138_32 = select i1 %out_index, i32 %acc_15516, i32 0" [firmware/nnet_utils/nnet_dense_resource.h:138->firmware/nnet_utils/nnet_dense_resource.h:255]   --->   Operation 213 'select' 'select_ln138_32' <Predicate = (out_index)> <Delay = 0.00> <CoreInst = "Sel">   --->   Core 73 'Sel' <Latency = 0> <II = 1> <Delay = 0.69> <FuncUnit> <Opcode : 'select'> <InPorts = 3> <OutPorts = 1>
ST_12 : Operation 214 [1/1] (0.00ns) (grouped into LUT with out node acc_194)   --->   "%acc_176 = select i1 %icmp_ln138_13, i32 %select_ln138_31, i32 %acc_15614" [firmware/nnet_utils/nnet_dense_resource.h:138->firmware/nnet_utils/nnet_dense_resource.h:255]   --->   Operation 214 'select' 'acc_176' <Predicate = (!out_index)> <Delay = 0.00> <CoreInst = "Sel">   --->   Core 73 'Sel' <Latency = 0> <II = 1> <Delay = 0.69> <FuncUnit> <Opcode : 'select'> <InPorts = 3> <OutPorts = 1>
ST_12 : Operation 215 [1/1] (0.00ns) (grouped into LUT with out node acc_193)   --->   "%acc_175 = select i1 %icmp_ln138_13, i32 %select_ln138_32, i32 %acc_15516" [firmware/nnet_utils/nnet_dense_resource.h:138->firmware/nnet_utils/nnet_dense_resource.h:255]   --->   Operation 215 'select' 'acc_175' <Predicate = (out_index)> <Delay = 0.00> <CoreInst = "Sel">   --->   Core 73 'Sel' <Latency = 0> <II = 1> <Delay = 0.69> <FuncUnit> <Opcode : 'select'> <InPorts = 3> <OutPorts = 1>
ST_12 : Operation 216 [1/1] (2.55ns)   --->   "%acc_177 = add i32 %trunc_ln138_3, i32 %select_ln138_28" [firmware/nnet_utils/nnet_dense_resource.h:138->firmware/nnet_utils/nnet_dense_resource.h:255]   --->   Operation 216 'add' 'acc_177' <Predicate = true> <Delay = 2.55> <CoreInst = "Adder">   --->   Core 1 'Adder' <Latency = 0> <II = 1> <Delay = 2.55> <FuncUnit> <Opcode : 'add' 'sub'> <InPorts = 2> <OutPorts = 1>
ST_12 : Operation 217 [1/1] (0.69ns) (out node of the LUT)   --->   "%acc_194 = select i1 %out_index, i32 %acc_177, i32 %acc_176" [firmware/nnet_utils/nnet_dense_resource.h:138->firmware/nnet_utils/nnet_dense_resource.h:255]   --->   Operation 217 'select' 'acc_194' <Predicate = true> <Delay = 0.69> <CoreInst = "Sel">   --->   Core 73 'Sel' <Latency = 0> <II = 1> <Delay = 0.69> <FuncUnit> <Opcode : 'select'> <InPorts = 3> <OutPorts = 1>
ST_12 : Operation 218 [1/1] (0.69ns) (out node of the LUT)   --->   "%acc_193 = select i1 %out_index, i32 %acc_175, i32 %acc_177" [firmware/nnet_utils/nnet_dense_resource.h:138->firmware/nnet_utils/nnet_dense_resource.h:255]   --->   Operation 218 'select' 'acc_193' <Predicate = true> <Delay = 0.69> <CoreInst = "Sel">   --->   Core 73 'Sel' <Latency = 0> <II = 1> <Delay = 0.69> <FuncUnit> <Opcode : 'select'> <InPorts = 3> <OutPorts = 1>
ST_12 : Operation 219 [1/1] (0.00ns)   --->   "%sext_ln138_30 = sext i32 %trunc_ln138_4" [firmware/nnet_utils/nnet_dense_resource.h:138->firmware/nnet_utils/nnet_dense_resource.h:255]   --->   Operation 219 'sext' 'sext_ln138_30' <Predicate = true> <Delay = 0.00>
ST_12 : Operation 220 [1/1] (2.59ns)   --->   "%icmp_ln138_14 = icmp_eq  i33 %sext_ln138_30, i33 %sub_ln138_14" [firmware/nnet_utils/nnet_dense_resource.h:138->firmware/nnet_utils/nnet_dense_resource.h:255]   --->   Operation 220 'icmp' 'icmp_ln138_14' <Predicate = true> <Delay = 2.59> <CoreInst = "Cmp">   --->   Core 9 'Cmp' <Latency = 0> <II = 1> <Delay = 2.59> <FuncUnit> <Opcode : 'icmp'> <InPorts = 2> <OutPorts = 1>
ST_12 : Operation 221 [1/1] (0.00ns) (grouped into LUT with out node acc_196)   --->   "%select_ln138_36 = select i1 %out_index, i32 0, i32 %acc_15810" [firmware/nnet_utils/nnet_dense_resource.h:138->firmware/nnet_utils/nnet_dense_resource.h:255]   --->   Operation 221 'select' 'select_ln138_36' <Predicate = (!out_index)> <Delay = 0.00> <CoreInst = "Sel">   --->   Core 73 'Sel' <Latency = 0> <II = 1> <Delay = 0.69> <FuncUnit> <Opcode : 'select'> <InPorts = 3> <OutPorts = 1>
ST_12 : Operation 222 [1/1] (0.00ns) (grouped into LUT with out node acc_195)   --->   "%select_ln138_37 = select i1 %out_index, i32 %acc_15712, i32 0" [firmware/nnet_utils/nnet_dense_resource.h:138->firmware/nnet_utils/nnet_dense_resource.h:255]   --->   Operation 222 'select' 'select_ln138_37' <Predicate = (out_index)> <Delay = 0.00> <CoreInst = "Sel">   --->   Core 73 'Sel' <Latency = 0> <II = 1> <Delay = 0.69> <FuncUnit> <Opcode : 'select'> <InPorts = 3> <OutPorts = 1>
ST_12 : Operation 223 [1/1] (0.00ns) (grouped into LUT with out node acc_196)   --->   "%acc_179 = select i1 %icmp_ln138_14, i32 %select_ln138_36, i32 %acc_15810" [firmware/nnet_utils/nnet_dense_resource.h:138->firmware/nnet_utils/nnet_dense_resource.h:255]   --->   Operation 223 'select' 'acc_179' <Predicate = (!out_index)> <Delay = 0.00> <CoreInst = "Sel">   --->   Core 73 'Sel' <Latency = 0> <II = 1> <Delay = 0.69> <FuncUnit> <Opcode : 'select'> <InPorts = 3> <OutPorts = 1>
ST_12 : Operation 224 [1/1] (0.00ns) (grouped into LUT with out node acc_195)   --->   "%acc_178 = select i1 %icmp_ln138_14, i32 %select_ln138_37, i32 %acc_15712" [firmware/nnet_utils/nnet_dense_resource.h:138->firmware/nnet_utils/nnet_dense_resource.h:255]   --->   Operation 224 'select' 'acc_178' <Predicate = (out_index)> <Delay = 0.00> <CoreInst = "Sel">   --->   Core 73 'Sel' <Latency = 0> <II = 1> <Delay = 0.69> <FuncUnit> <Opcode : 'select'> <InPorts = 3> <OutPorts = 1>
ST_12 : Operation 225 [1/1] (2.55ns)   --->   "%acc_180 = add i32 %trunc_ln138_4, i32 %select_ln138_33" [firmware/nnet_utils/nnet_dense_resource.h:138->firmware/nnet_utils/nnet_dense_resource.h:255]   --->   Operation 225 'add' 'acc_180' <Predicate = true> <Delay = 2.55> <CoreInst = "Adder">   --->   Core 1 'Adder' <Latency = 0> <II = 1> <Delay = 2.55> <FuncUnit> <Opcode : 'add' 'sub'> <InPorts = 2> <OutPorts = 1>
ST_12 : Operation 226 [1/1] (0.69ns) (out node of the LUT)   --->   "%acc_196 = select i1 %out_index, i32 %acc_180, i32 %acc_179" [firmware/nnet_utils/nnet_dense_resource.h:138->firmware/nnet_utils/nnet_dense_resource.h:255]   --->   Operation 226 'select' 'acc_196' <Predicate = true> <Delay = 0.69> <CoreInst = "Sel">   --->   Core 73 'Sel' <Latency = 0> <II = 1> <Delay = 0.69> <FuncUnit> <Opcode : 'select'> <InPorts = 3> <OutPorts = 1>
ST_12 : Operation 227 [1/1] (0.69ns) (out node of the LUT)   --->   "%acc_195 = select i1 %out_index, i32 %acc_178, i32 %acc_180" [firmware/nnet_utils/nnet_dense_resource.h:138->firmware/nnet_utils/nnet_dense_resource.h:255]   --->   Operation 227 'select' 'acc_195' <Predicate = true> <Delay = 0.69> <CoreInst = "Sel">   --->   Core 73 'Sel' <Latency = 0> <II = 1> <Delay = 0.69> <FuncUnit> <Opcode : 'select'> <InPorts = 3> <OutPorts = 1>
ST_12 : Operation 228 [1/1] (0.00ns)   --->   "%mrv = insertvalue i512 <undef>, i32 %acc_181" [firmware/nnet_utils/nnet_dense_resource.h:259]   --->   Operation 228 'insertvalue' 'mrv' <Predicate = (icmp_ln129)> <Delay = 0.00>
ST_12 : Operation 229 [1/1] (0.00ns)   --->   "%mrv_1 = insertvalue i512 %mrv, i32 %acc_182" [firmware/nnet_utils/nnet_dense_resource.h:259]   --->   Operation 229 'insertvalue' 'mrv_1' <Predicate = (icmp_ln129)> <Delay = 0.00>
ST_12 : Operation 230 [1/1] (0.00ns)   --->   "%mrv_2 = insertvalue i512 %mrv_1, i32 %acc_183" [firmware/nnet_utils/nnet_dense_resource.h:259]   --->   Operation 230 'insertvalue' 'mrv_2' <Predicate = (icmp_ln129)> <Delay = 0.00>
ST_12 : Operation 231 [1/1] (0.00ns)   --->   "%mrv_3 = insertvalue i512 %mrv_2, i32 %acc_184" [firmware/nnet_utils/nnet_dense_resource.h:259]   --->   Operation 231 'insertvalue' 'mrv_3' <Predicate = (icmp_ln129)> <Delay = 0.00>
ST_12 : Operation 232 [1/1] (0.00ns)   --->   "%mrv_4 = insertvalue i512 %mrv_3, i32 %acc_185" [firmware/nnet_utils/nnet_dense_resource.h:259]   --->   Operation 232 'insertvalue' 'mrv_4' <Predicate = (icmp_ln129)> <Delay = 0.00>
ST_12 : Operation 233 [1/1] (0.00ns)   --->   "%mrv_5 = insertvalue i512 %mrv_4, i32 %acc_186" [firmware/nnet_utils/nnet_dense_resource.h:259]   --->   Operation 233 'insertvalue' 'mrv_5' <Predicate = (icmp_ln129)> <Delay = 0.00>
ST_12 : Operation 234 [1/1] (0.00ns)   --->   "%mrv_6 = insertvalue i512 %mrv_5, i32 %acc_187" [firmware/nnet_utils/nnet_dense_resource.h:259]   --->   Operation 234 'insertvalue' 'mrv_6' <Predicate = (icmp_ln129)> <Delay = 0.00>
ST_12 : Operation 235 [1/1] (0.00ns)   --->   "%mrv_7 = insertvalue i512 %mrv_6, i32 %acc_188" [firmware/nnet_utils/nnet_dense_resource.h:259]   --->   Operation 235 'insertvalue' 'mrv_7' <Predicate = (icmp_ln129)> <Delay = 0.00>
ST_12 : Operation 236 [1/1] (0.00ns)   --->   "%mrv_8 = insertvalue i512 %mrv_7, i32 %acc_189" [firmware/nnet_utils/nnet_dense_resource.h:259]   --->   Operation 236 'insertvalue' 'mrv_8' <Predicate = (icmp_ln129)> <Delay = 0.00>
ST_12 : Operation 237 [1/1] (0.00ns)   --->   "%mrv_9 = insertvalue i512 %mrv_8, i32 %acc_190" [firmware/nnet_utils/nnet_dense_resource.h:259]   --->   Operation 237 'insertvalue' 'mrv_9' <Predicate = (icmp_ln129)> <Delay = 0.00>
ST_12 : Operation 238 [1/1] (0.00ns)   --->   "%mrv_10 = insertvalue i512 %mrv_9, i32 %acc_191" [firmware/nnet_utils/nnet_dense_resource.h:259]   --->   Operation 238 'insertvalue' 'mrv_10' <Predicate = (icmp_ln129)> <Delay = 0.00>
ST_12 : Operation 239 [1/1] (0.00ns)   --->   "%mrv_11 = insertvalue i512 %mrv_10, i32 %acc_192" [firmware/nnet_utils/nnet_dense_resource.h:259]   --->   Operation 239 'insertvalue' 'mrv_11' <Predicate = (icmp_ln129)> <Delay = 0.00>
ST_12 : Operation 240 [1/1] (0.00ns)   --->   "%mrv_12 = insertvalue i512 %mrv_11, i32 %acc_193" [firmware/nnet_utils/nnet_dense_resource.h:259]   --->   Operation 240 'insertvalue' 'mrv_12' <Predicate = (icmp_ln129)> <Delay = 0.00>
ST_12 : Operation 241 [1/1] (0.00ns)   --->   "%mrv_13 = insertvalue i512 %mrv_12, i32 %acc_194" [firmware/nnet_utils/nnet_dense_resource.h:259]   --->   Operation 241 'insertvalue' 'mrv_13' <Predicate = (icmp_ln129)> <Delay = 0.00>
ST_12 : Operation 242 [1/1] (0.00ns)   --->   "%mrv_14 = insertvalue i512 %mrv_13, i32 %acc_195" [firmware/nnet_utils/nnet_dense_resource.h:259]   --->   Operation 242 'insertvalue' 'mrv_14' <Predicate = (icmp_ln129)> <Delay = 0.00>
ST_12 : Operation 243 [1/1] (0.00ns)   --->   "%mrv_15 = insertvalue i512 %mrv_14, i32 %acc_196" [firmware/nnet_utils/nnet_dense_resource.h:259]   --->   Operation 243 'insertvalue' 'mrv_15' <Predicate = (icmp_ln129)> <Delay = 0.00>
ST_12 : Operation 244 [1/1] (0.00ns)   --->   "%return_ln259 = return void @_ssdm_op_Return, i512 %mrv_15" [firmware/nnet_utils/nnet_dense_resource.h:259]   --->   Operation 244 'return' 'return_ln259' <Predicate = (icmp_ln129)> <Delay = 0.00>


============================================================
+ Verbose Summary: Timing violations
============================================================
Target clock period: 5.000ns, clock uncertainty: 0.625ns.

 <State 1>: 7.212ns
The critical path consists of the following:
	multiplexor before 'phi' operation ('in_index') with incoming values : ('in_index', firmware/nnet_utils/nnet_dense_resource.h:148->firmware/nnet_utils/nnet_dense_resource.h:255) [8]  (1.588 ns)
	'phi' operation ('in_index') with incoming values : ('in_index', firmware/nnet_utils/nnet_dense_resource.h:148->firmware/nnet_utils/nnet_dense_resource.h:255) [8]  (0.000 ns)
	'add' operation ('in_index', firmware/nnet_utils/nnet_dense_resource.h:147->firmware/nnet_utils/nnet_dense_resource.h:255) [174]  (2.552 ns)
	'icmp' operation ('icmp_ln148', firmware/nnet_utils/nnet_dense_resource.h:148->firmware/nnet_utils/nnet_dense_resource.h:255) [176]  (2.374 ns)
	'select' operation ('in_index', firmware/nnet_utils/nnet_dense_resource.h:148->firmware/nnet_utils/nnet_dense_resource.h:255) [177]  (0.698 ns)

 <State 2>: 3.893ns
The critical path consists of the following:
	'lshr' operation ('empty_14', firmware/nnet_utils/nnet_dense_resource.h:148->firmware/nnet_utils/nnet_dense_resource.h:255) [41]  (3.893 ns)

 <State 3>: 3.893ns
The critical path consists of the following:
	'lshr' operation ('empty_14', firmware/nnet_utils/nnet_dense_resource.h:148->firmware/nnet_utils/nnet_dense_resource.h:255) [41]  (3.893 ns)

 <State 4>: 3.893ns
The critical path consists of the following:
	'lshr' operation ('empty_14', firmware/nnet_utils/nnet_dense_resource.h:148->firmware/nnet_utils/nnet_dense_resource.h:255) [41]  (3.893 ns)

 <State 5>: 3.893ns
The critical path consists of the following:
	'lshr' operation ('empty_14', firmware/nnet_utils/nnet_dense_resource.h:148->firmware/nnet_utils/nnet_dense_resource.h:255) [41]  (3.893 ns)

 <State 6>: 3.893ns
The critical path consists of the following:
	'lshr' operation ('empty_14', firmware/nnet_utils/nnet_dense_resource.h:148->firmware/nnet_utils/nnet_dense_resource.h:255) [41]  (3.893 ns)

 <State 7>: 3.950ns
The critical path consists of the following:
	multiplexor before operation 'mul' with delay (2.184 ns)
'mul' operation ('mul_ln73', firmware/nnet_utils/nnet_mult.h:73->firmware/nnet_utils/nnet_dense_resource.h:139->firmware/nnet_utils/nnet_dense_resource.h:255) [48]  (1.766 ns)

 <State 8>: 3.950ns
The critical path consists of the following:
	'mul' operation ('mul_ln73', firmware/nnet_utils/nnet_mult.h:73->firmware/nnet_utils/nnet_dense_resource.h:139->firmware/nnet_utils/nnet_dense_resource.h:255) [48]  (3.950 ns)

 <State 9>: 3.950ns
The critical path consists of the following:
	'mul' operation ('mul_ln73', firmware/nnet_utils/nnet_mult.h:73->firmware/nnet_utils/nnet_dense_resource.h:139->firmware/nnet_utils/nnet_dense_resource.h:255) [48]  (3.950 ns)

 <State 10>: 3.950ns
The critical path consists of the following:
	'mul' operation ('mul_ln73', firmware/nnet_utils/nnet_mult.h:73->firmware/nnet_utils/nnet_dense_resource.h:139->firmware/nnet_utils/nnet_dense_resource.h:255) [48]  (3.950 ns)

 <State 11>: 3.950ns
The critical path consists of the following:
	'mul' operation ('mul_ln73', firmware/nnet_utils/nnet_mult.h:73->firmware/nnet_utils/nnet_dense_resource.h:139->firmware/nnet_utils/nnet_dense_resource.h:255) [48]  (3.950 ns)

 <State 12>: 6.541ns
The critical path consists of the following:
	'icmp' operation ('icmp_ln138', firmware/nnet_utils/nnet_dense_resource.h:138->firmware/nnet_utils/nnet_dense_resource.h:255) [54]  (2.593 ns)
	'select' operation ('acc', firmware/nnet_utils/nnet_dense_resource.h:138->firmware/nnet_utils/nnet_dense_resource.h:255) [57]  (0.000 ns)
	'select' operation ('acc_182', firmware/nnet_utils/nnet_dense_resource.h:138->firmware/nnet_utils/nnet_dense_resource.h:255) [65]  (0.698 ns)
	'phi' operation ('acc') with incoming values : ('acc_182', firmware/nnet_utils/nnet_dense_resource.h:138->firmware/nnet_utils/nnet_dense_resource.h:255) [11]  (0.000 ns)
	'select' operation ('select_ln138', firmware/nnet_utils/nnet_dense_resource.h:138->firmware/nnet_utils/nnet_dense_resource.h:255) [50]  (0.698 ns)
	'sub' operation ('sub_ln138', firmware/nnet_utils/nnet_dense_resource.h:138->firmware/nnet_utils/nnet_dense_resource.h:255) [53]  (2.552 ns)


============================================================
+ Verbose Summary: Binding
============================================================
N/A
* FSMD analyzer results:
  - Output states:
 - Input state : 
  - Chain level:
	State 1
	State 2
	State 3
	State 4
	State 5
	State 6
	State 7
	State 8
	State 9
	State 10
	State 11
	State 12


============================================================
+ Verbose Summary: Datapath Resource usage 
============================================================
N/A
