

================================================================
== Vitis HLS Report for 'relu_ap_fixed_32_6_5_3_0_ap_fixed_32_6_5_3_0_relu_config3_s'
================================================================
* Date:           Sun Dec  7 22:01:36 2025

* Version:        2023.1 (Build 3854077 on May  4 2023)
* Project:        myproject_prj
* Solution:       solution1 (Vivado IP Flow Target)
* Product family: zynq
* Target device:  xc7z020-clg400-1


================================================================
== Performance Estimates
================================================================
+ Timing: 
    * Summary: 
    +--------+---------+----------+------------+
    |  Clock |  Target | Estimated| Uncertainty|
    +--------+---------+----------+------------+
    |ap_clk  |  5.00 ns|  3.285 ns|     0.62 ns|
    +--------+---------+----------+------------+

+ Latency: 
    * Summary: 
    +---------+---------+----------+----------+-----+-----+---------+
    |  Latency (cycles) |  Latency (absolute) |  Interval | Pipeline|
    |   min   |   max   |    min   |    max   | min | max |   Type  |
    +---------+---------+----------+----------+-----+-----+---------+
    |        1|        1|  5.000 ns|  5.000 ns|    1|    1|      yes|
    +---------+---------+----------+----------+-----+-----+---------+

    + Detail: 
        * Instance: 
        N/A

        * Loop: 
        N/A

============================================================
+ Verbose Summary: Synthesis Manager
============================================================
InlineROM: 1
ExposeGlobal: 0
============================================================
+ Verbose Summary: CDFG Model
============================================================
IsTopModel: 0
ResetActiveHigh: 1
IsCombinational: 2
IsDatapathOnly: 0
HasWiredReturn: 1
HasMFsm: 2
HasVarLatency: 0
IsPipeline: 1
IsRtlPipelined: 1
IsInstanceOverlapped: 0
IsDontTouch: 0
HasImplIP: 0
IsGatedGlobalClock: 0

+ Individual pipeline summary: 
  * Pipeline-0: initiation interval (II) = 1, depth = 2


============================================================
+ Verbose Summary: Schedule
============================================================
* Number of FSM states : 2
* Pipeline : 1
  Pipeline-0 : II = 1, D = 2, States = { 1 2 }
* Dataflow Pipeline: 0

* FSM state transitions: 
1 --> 2 
2 --> 

* FSM state operations: 

State 1 <SV = 0> <Delay = 2.18>
ST_1 : Operation 3 [1/1] (2.18ns)   --->   "%p_read_65 = read i32 @_ssdm_op_Read.ap_auto.i32, i32 %p_read15" [firmware/nnet_utils/nnet_activation.h:42]   --->   Operation 3 'read' 'p_read_65' <Predicate = true> <Delay = 2.18> <CoreInst = "FIFO_SRL">   --->   Core 81 'FIFO_SRL' <Latency = 0> <II = 1> <Delay = 3.63> <Storage> <Opcode : 'read' 'write' 'nbread' 'nbwrite'> <Ports = 0> <Width = -1> <Depth = -1> <FIFO>
ST_1 : Operation 4 [1/1] (2.18ns)   --->   "%p_read_66 = read i32 @_ssdm_op_Read.ap_auto.i32, i32 %p_read14" [firmware/nnet_utils/nnet_activation.h:42]   --->   Operation 4 'read' 'p_read_66' <Predicate = true> <Delay = 2.18> <CoreInst = "FIFO_SRL">   --->   Core 81 'FIFO_SRL' <Latency = 0> <II = 1> <Delay = 3.63> <Storage> <Opcode : 'read' 'write' 'nbread' 'nbwrite'> <Ports = 0> <Width = -1> <Depth = -1> <FIFO>
ST_1 : Operation 5 [1/1] (2.18ns)   --->   "%p_read_67 = read i32 @_ssdm_op_Read.ap_auto.i32, i32 %p_read13" [firmware/nnet_utils/nnet_activation.h:42]   --->   Operation 5 'read' 'p_read_67' <Predicate = true> <Delay = 2.18> <CoreInst = "FIFO_SRL">   --->   Core 81 'FIFO_SRL' <Latency = 0> <II = 1> <Delay = 3.63> <Storage> <Opcode : 'read' 'write' 'nbread' 'nbwrite'> <Ports = 0> <Width = -1> <Depth = -1> <FIFO>
ST_1 : Operation 6 [1/1] (2.18ns)   --->   "%p_read_68 = read i32 @_ssdm_op_Read.ap_auto.i32, i32 %p_read12" [firmware/nnet_utils/nnet_activation.h:42]   --->   Operation 6 'read' 'p_read_68' <Predicate = true> <Delay = 2.18> <CoreInst = "FIFO_SRL">   --->   Core 81 'FIFO_SRL' <Latency = 0> <II = 1> <Delay = 3.63> <Storage> <Opcode : 'read' 'write' 'nbread' 'nbwrite'> <Ports = 0> <Width = -1> <Depth = -1> <FIFO>
ST_1 : Operation 7 [1/1] (2.18ns)   --->   "%p_read_69 = read i32 @_ssdm_op_Read.ap_auto.i32, i32 %p_read11" [firmware/nnet_utils/nnet_activation.h:42]   --->   Operation 7 'read' 'p_read_69' <Predicate = true> <Delay = 2.18> <CoreInst = "FIFO_SRL">   --->   Core 81 'FIFO_SRL' <Latency = 0> <II = 1> <Delay = 3.63> <Storage> <Opcode : 'read' 'write' 'nbread' 'nbwrite'> <Ports = 0> <Width = -1> <Depth = -1> <FIFO>
ST_1 : Operation 8 [1/1] (2.18ns)   --->   "%p_read1026 = read i32 @_ssdm_op_Read.ap_auto.i32, i32 %p_read10" [firmware/nnet_utils/nnet_activation.h:42]   --->   Operation 8 'read' 'p_read1026' <Predicate = true> <Delay = 2.18> <CoreInst = "FIFO_SRL">   --->   Core 81 'FIFO_SRL' <Latency = 0> <II = 1> <Delay = 3.63> <Storage> <Opcode : 'read' 'write' 'nbread' 'nbwrite'> <Ports = 0> <Width = -1> <Depth = -1> <FIFO>
ST_1 : Operation 9 [1/1] (2.18ns)   --->   "%p_read925 = read i32 @_ssdm_op_Read.ap_auto.i32, i32 %p_read9" [firmware/nnet_utils/nnet_activation.h:42]   --->   Operation 9 'read' 'p_read925' <Predicate = true> <Delay = 2.18> <CoreInst = "FIFO_SRL">   --->   Core 81 'FIFO_SRL' <Latency = 0> <II = 1> <Delay = 3.63> <Storage> <Opcode : 'read' 'write' 'nbread' 'nbwrite'> <Ports = 0> <Width = -1> <Depth = -1> <FIFO>
ST_1 : Operation 10 [1/1] (2.18ns)   --->   "%p_read824 = read i32 @_ssdm_op_Read.ap_auto.i32, i32 %p_read8" [firmware/nnet_utils/nnet_activation.h:42]   --->   Operation 10 'read' 'p_read824' <Predicate = true> <Delay = 2.18> <CoreInst = "FIFO_SRL">   --->   Core 81 'FIFO_SRL' <Latency = 0> <II = 1> <Delay = 3.63> <Storage> <Opcode : 'read' 'write' 'nbread' 'nbwrite'> <Ports = 0> <Width = -1> <Depth = -1> <FIFO>
ST_1 : Operation 11 [1/1] (2.18ns)   --->   "%p_read723 = read i32 @_ssdm_op_Read.ap_auto.i32, i32 %p_read7" [firmware/nnet_utils/nnet_activation.h:42]   --->   Operation 11 'read' 'p_read723' <Predicate = true> <Delay = 2.18> <CoreInst = "FIFO_SRL">   --->   Core 81 'FIFO_SRL' <Latency = 0> <II = 1> <Delay = 3.63> <Storage> <Opcode : 'read' 'write' 'nbread' 'nbwrite'> <Ports = 0> <Width = -1> <Depth = -1> <FIFO>
ST_1 : Operation 12 [1/1] (2.18ns)   --->   "%p_read622 = read i32 @_ssdm_op_Read.ap_auto.i32, i32 %p_read6" [firmware/nnet_utils/nnet_activation.h:42]   --->   Operation 12 'read' 'p_read622' <Predicate = true> <Delay = 2.18> <CoreInst = "FIFO_SRL">   --->   Core 81 'FIFO_SRL' <Latency = 0> <II = 1> <Delay = 3.63> <Storage> <Opcode : 'read' 'write' 'nbread' 'nbwrite'> <Ports = 0> <Width = -1> <Depth = -1> <FIFO>
ST_1 : Operation 13 [1/1] (2.18ns)   --->   "%p_read521 = read i32 @_ssdm_op_Read.ap_auto.i32, i32 %p_read5" [firmware/nnet_utils/nnet_activation.h:42]   --->   Operation 13 'read' 'p_read521' <Predicate = true> <Delay = 2.18> <CoreInst = "FIFO_SRL">   --->   Core 81 'FIFO_SRL' <Latency = 0> <II = 1> <Delay = 3.63> <Storage> <Opcode : 'read' 'write' 'nbread' 'nbwrite'> <Ports = 0> <Width = -1> <Depth = -1> <FIFO>
ST_1 : Operation 14 [1/1] (2.18ns)   --->   "%p_read420 = read i32 @_ssdm_op_Read.ap_auto.i32, i32 %p_read4" [firmware/nnet_utils/nnet_activation.h:42]   --->   Operation 14 'read' 'p_read420' <Predicate = true> <Delay = 2.18> <CoreInst = "FIFO_SRL">   --->   Core 81 'FIFO_SRL' <Latency = 0> <II = 1> <Delay = 3.63> <Storage> <Opcode : 'read' 'write' 'nbread' 'nbwrite'> <Ports = 0> <Width = -1> <Depth = -1> <FIFO>
ST_1 : Operation 15 [1/1] (2.18ns)   --->   "%p_read319 = read i32 @_ssdm_op_Read.ap_auto.i32, i32 %p_read3" [firmware/nnet_utils/nnet_activation.h:42]   --->   Operation 15 'read' 'p_read319' <Predicate = true> <Delay = 2.18> <CoreInst = "FIFO_SRL">   --->   Core 81 'FIFO_SRL' <Latency = 0> <II = 1> <Delay = 3.63> <Storage> <Opcode : 'read' 'write' 'nbread' 'nbwrite'> <Ports = 0> <Width = -1> <Depth = -1> <FIFO>
ST_1 : Operation 16 [1/1] (2.18ns)   --->   "%p_read218 = read i32 @_ssdm_op_Read.ap_auto.i32, i32 %p_read2" [firmware/nnet_utils/nnet_activation.h:42]   --->   Operation 16 'read' 'p_read218' <Predicate = true> <Delay = 2.18> <CoreInst = "FIFO_SRL">   --->   Core 81 'FIFO_SRL' <Latency = 0> <II = 1> <Delay = 3.63> <Storage> <Opcode : 'read' 'write' 'nbread' 'nbwrite'> <Ports = 0> <Width = -1> <Depth = -1> <FIFO>
ST_1 : Operation 17 [1/1] (2.18ns)   --->   "%p_read117 = read i32 @_ssdm_op_Read.ap_auto.i32, i32 %p_read1" [firmware/nnet_utils/nnet_activation.h:42]   --->   Operation 17 'read' 'p_read117' <Predicate = true> <Delay = 2.18> <CoreInst = "FIFO_SRL">   --->   Core 81 'FIFO_SRL' <Latency = 0> <II = 1> <Delay = 3.63> <Storage> <Opcode : 'read' 'write' 'nbread' 'nbwrite'> <Ports = 0> <Width = -1> <Depth = -1> <FIFO>
ST_1 : Operation 18 [1/1] (2.18ns)   --->   "%p_read16 = read i32 @_ssdm_op_Read.ap_auto.i32, i32 %p_read" [firmware/nnet_utils/nnet_activation.h:42]   --->   Operation 18 'read' 'p_read16' <Predicate = true> <Delay = 2.18> <CoreInst = "FIFO_SRL">   --->   Core 81 'FIFO_SRL' <Latency = 0> <II = 1> <Delay = 3.63> <Storage> <Opcode : 'read' 'write' 'nbread' 'nbwrite'> <Ports = 0> <Width = -1> <Depth = -1> <FIFO>
ST_1 : Operation 19 [1/1] (0.00ns)   --->   "%trunc_ln42 = trunc i32 %p_read16" [firmware/nnet_utils/nnet_activation.h:42]   --->   Operation 19 'trunc' 'trunc_ln42' <Predicate = true> <Delay = 0.00>
ST_1 : Operation 20 [1/1] (0.00ns)   --->   "%trunc_ln42_1 = trunc i32 %p_read117" [firmware/nnet_utils/nnet_activation.h:42]   --->   Operation 20 'trunc' 'trunc_ln42_1' <Predicate = true> <Delay = 0.00>
ST_1 : Operation 21 [1/1] (0.00ns)   --->   "%trunc_ln42_2 = trunc i32 %p_read218" [firmware/nnet_utils/nnet_activation.h:42]   --->   Operation 21 'trunc' 'trunc_ln42_2' <Predicate = true> <Delay = 0.00>
ST_1 : Operation 22 [1/1] (0.00ns)   --->   "%trunc_ln42_3 = trunc i32 %p_read319" [firmware/nnet_utils/nnet_activation.h:42]   --->   Operation 22 'trunc' 'trunc_ln42_3' <Predicate = true> <Delay = 0.00>
ST_1 : Operation 23 [1/1] (0.00ns)   --->   "%trunc_ln42_4 = trunc i32 %p_read420" [firmware/nnet_utils/nnet_activation.h:42]   --->   Operation 23 'trunc' 'trunc_ln42_4' <Predicate = true> <Delay = 0.00>
ST_1 : Operation 24 [1/1] (0.00ns)   --->   "%trunc_ln42_5 = trunc i32 %p_read521" [firmware/nnet_utils/nnet_activation.h:42]   --->   Operation 24 'trunc' 'trunc_ln42_5' <Predicate = true> <Delay = 0.00>
ST_1 : Operation 25 [1/1] (0.00ns)   --->   "%trunc_ln42_6 = trunc i32 %p_read622" [firmware/nnet_utils/nnet_activation.h:42]   --->   Operation 25 'trunc' 'trunc_ln42_6' <Predicate = true> <Delay = 0.00>
ST_1 : Operation 26 [1/1] (0.00ns)   --->   "%trunc_ln42_7 = trunc i32 %p_read723" [firmware/nnet_utils/nnet_activation.h:42]   --->   Operation 26 'trunc' 'trunc_ln42_7' <Predicate = true> <Delay = 0.00>
ST_1 : Operation 27 [1/1] (0.00ns)   --->   "%trunc_ln42_8 = trunc i32 %p_read824" [firmware/nnet_utils/nnet_activation.h:42]   --->   Operation 27 'trunc' 'trunc_ln42_8' <Predicate = true> <Delay = 0.00>
ST_1 : Operation 28 [1/1] (0.00ns)   --->   "%trunc_ln42_9 = trunc i32 %p_read925" [firmware/nnet_utils/nnet_activation.h:42]   --->   Operation 28 'trunc' 'trunc_ln42_9' <Predicate = true> <Delay = 0.00>
ST_1 : Operation 29 [1/1] (0.00ns)   --->   "%trunc_ln42_10 = trunc i32 %p_read1026" [firmware/nnet_utils/nnet_activation.h:42]   --->   Operation 29 'trunc' 'trunc_ln42_10' <Predicate = true> <Delay = 0.00>
ST_1 : Operation 30 [1/1] (0.00ns)   --->   "%trunc_ln42_11 = trunc i32 %p_read_69" [firmware/nnet_utils/nnet_activation.h:42]   --->   Operation 30 'trunc' 'trunc_ln42_11' <Predicate = true> <Delay = 0.00>
ST_1 : Operation 31 [1/1] (0.00ns)   --->   "%trunc_ln42_12 = trunc i32 %p_read_68" [firmware/nnet_utils/nnet_activation.h:42]   --->   Operation 31 'trunc' 'trunc_ln42_12' <Predicate = true> <Delay = 0.00>
ST_1 : Operation 32 [1/1] (0.00ns)   --->   "%trunc_ln42_13 = trunc i32 %p_read_67" [firmware/nnet_utils/nnet_activation.h:42]   --->   Operation 32 'trunc' 'trunc_ln42_13' <Predicate = true> <Delay = 0.00>
ST_1 : Operation 33 [1/1] (0.00ns)   --->   "%trunc_ln42_14 = trunc i32 %p_read_66" [firmware/nnet_utils/nnet_activation.h:42]   --->   Operation 33 'trunc' 'trunc_ln42_14' <Predicate = true> <Delay = 0.00>
ST_1 : Operation 34 [1/1] (0.00ns)   --->   "%trunc_ln42_15 = trunc i32 %p_read_65" [firmware/nnet_utils/nnet_activation.h:42]   --->   Operation 34 'trunc' 'trunc_ln42_15' <Predicate = true> <Delay = 0.00>

State 2 <SV = 1> <Delay = 3.28>
ST_2 : Operation 35 [1/1] (0.00ns)   --->   "%specpipeline_ln40 = specpipeline void @_ssdm_op_SpecPipeline, i32 4294967295, i32 0, i32 0, i32 0, void @empty_0" [firmware/nnet_utils/nnet_activation.h:40]   --->   Operation 35 'specpipeline' 'specpipeline_ln40' <Predicate = true> <Delay = 0.00>
ST_2 : Operation 36 [1/1] (2.55ns)   --->   "%icmp_ln45 = icmp_sgt  i32 %p_read16, i32 0" [firmware/nnet_utils/nnet_activation.h:45]   --->   Operation 36 'icmp' 'icmp_ln45' <Predicate = true> <Delay = 2.55> <CoreInst = "Cmp">   --->   Core 9 'Cmp' <Latency = 0> <II = 1> <Delay = 2.55> <FuncUnit> <Opcode : 'icmp'> <InPorts = 2> <OutPorts = 1>
ST_2 : Operation 37 [1/1] (0.73ns)   --->   "%datareg = select i1 %icmp_ln45, i31 %trunc_ln42, i31 0" [firmware/nnet_utils/nnet_activation.h:45]   --->   Operation 37 'select' 'datareg' <Predicate = true> <Delay = 0.73> <CoreInst = "Sel">   --->   Core 73 'Sel' <Latency = 0> <II = 1> <Delay = 0.73> <FuncUnit> <Opcode : 'select'> <InPorts = 3> <OutPorts = 1>
ST_2 : Operation 38 [1/1] (2.55ns)   --->   "%icmp_ln45_1 = icmp_sgt  i32 %p_read117, i32 0" [firmware/nnet_utils/nnet_activation.h:45]   --->   Operation 38 'icmp' 'icmp_ln45_1' <Predicate = true> <Delay = 2.55> <CoreInst = "Cmp">   --->   Core 9 'Cmp' <Latency = 0> <II = 1> <Delay = 2.55> <FuncUnit> <Opcode : 'icmp'> <InPorts = 2> <OutPorts = 1>
ST_2 : Operation 39 [1/1] (0.73ns)   --->   "%datareg_1 = select i1 %icmp_ln45_1, i31 %trunc_ln42_1, i31 0" [firmware/nnet_utils/nnet_activation.h:45]   --->   Operation 39 'select' 'datareg_1' <Predicate = true> <Delay = 0.73> <CoreInst = "Sel">   --->   Core 73 'Sel' <Latency = 0> <II = 1> <Delay = 0.73> <FuncUnit> <Opcode : 'select'> <InPorts = 3> <OutPorts = 1>
ST_2 : Operation 40 [1/1] (2.55ns)   --->   "%icmp_ln45_2 = icmp_sgt  i32 %p_read218, i32 0" [firmware/nnet_utils/nnet_activation.h:45]   --->   Operation 40 'icmp' 'icmp_ln45_2' <Predicate = true> <Delay = 2.55> <CoreInst = "Cmp">   --->   Core 9 'Cmp' <Latency = 0> <II = 1> <Delay = 2.55> <FuncUnit> <Opcode : 'icmp'> <InPorts = 2> <OutPorts = 1>
ST_2 : Operation 41 [1/1] (0.73ns)   --->   "%datareg_2 = select i1 %icmp_ln45_2, i31 %trunc_ln42_2, i31 0" [firmware/nnet_utils/nnet_activation.h:45]   --->   Operation 41 'select' 'datareg_2' <Predicate = true> <Delay = 0.73> <CoreInst = "Sel">   --->   Core 73 'Sel' <Latency = 0> <II = 1> <Delay = 0.73> <FuncUnit> <Opcode : 'select'> <InPorts = 3> <OutPorts = 1>
ST_2 : Operation 42 [1/1] (2.55ns)   --->   "%icmp_ln45_3 = icmp_sgt  i32 %p_read319, i32 0" [firmware/nnet_utils/nnet_activation.h:45]   --->   Operation 42 'icmp' 'icmp_ln45_3' <Predicate = true> <Delay = 2.55> <CoreInst = "Cmp">   --->   Core 9 'Cmp' <Latency = 0> <II = 1> <Delay = 2.55> <FuncUnit> <Opcode : 'icmp'> <InPorts = 2> <OutPorts = 1>
ST_2 : Operation 43 [1/1] (0.73ns)   --->   "%datareg_3 = select i1 %icmp_ln45_3, i31 %trunc_ln42_3, i31 0" [firmware/nnet_utils/nnet_activation.h:45]   --->   Operation 43 'select' 'datareg_3' <Predicate = true> <Delay = 0.73> <CoreInst = "Sel">   --->   Core 73 'Sel' <Latency = 0> <II = 1> <Delay = 0.73> <FuncUnit> <Opcode : 'select'> <InPorts = 3> <OutPorts = 1>
ST_2 : Operation 44 [1/1] (2.55ns)   --->   "%icmp_ln45_4 = icmp_sgt  i32 %p_read420, i32 0" [firmware/nnet_utils/nnet_activation.h:45]   --->   Operation 44 'icmp' 'icmp_ln45_4' <Predicate = true> <Delay = 2.55> <CoreInst = "Cmp">   --->   Core 9 'Cmp' <Latency = 0> <II = 1> <Delay = 2.55> <FuncUnit> <Opcode : 'icmp'> <InPorts = 2> <OutPorts = 1>
ST_2 : Operation 45 [1/1] (0.73ns)   --->   "%datareg_4 = select i1 %icmp_ln45_4, i31 %trunc_ln42_4, i31 0" [firmware/nnet_utils/nnet_activation.h:45]   --->   Operation 45 'select' 'datareg_4' <Predicate = true> <Delay = 0.73> <CoreInst = "Sel">   --->   Core 73 'Sel' <Latency = 0> <II = 1> <Delay = 0.73> <FuncUnit> <Opcode : 'select'> <InPorts = 3> <OutPorts = 1>
ST_2 : Operation 46 [1/1] (2.55ns)   --->   "%icmp_ln45_5 = icmp_sgt  i32 %p_read521, i32 0" [firmware/nnet_utils/nnet_activation.h:45]   --->   Operation 46 'icmp' 'icmp_ln45_5' <Predicate = true> <Delay = 2.55> <CoreInst = "Cmp">   --->   Core 9 'Cmp' <Latency = 0> <II = 1> <Delay = 2.55> <FuncUnit> <Opcode : 'icmp'> <InPorts = 2> <OutPorts = 1>
ST_2 : Operation 47 [1/1] (0.73ns)   --->   "%datareg_5 = select i1 %icmp_ln45_5, i31 %trunc_ln42_5, i31 0" [firmware/nnet_utils/nnet_activation.h:45]   --->   Operation 47 'select' 'datareg_5' <Predicate = true> <Delay = 0.73> <CoreInst = "Sel">   --->   Core 73 'Sel' <Latency = 0> <II = 1> <Delay = 0.73> <FuncUnit> <Opcode : 'select'> <InPorts = 3> <OutPorts = 1>
ST_2 : Operation 48 [1/1] (2.55ns)   --->   "%icmp_ln45_6 = icmp_sgt  i32 %p_read622, i32 0" [firmware/nnet_utils/nnet_activation.h:45]   --->   Operation 48 'icmp' 'icmp_ln45_6' <Predicate = true> <Delay = 2.55> <CoreInst = "Cmp">   --->   Core 9 'Cmp' <Latency = 0> <II = 1> <Delay = 2.55> <FuncUnit> <Opcode : 'icmp'> <InPorts = 2> <OutPorts = 1>
ST_2 : Operation 49 [1/1] (0.73ns)   --->   "%datareg_6 = select i1 %icmp_ln45_6, i31 %trunc_ln42_6, i31 0" [firmware/nnet_utils/nnet_activation.h:45]   --->   Operation 49 'select' 'datareg_6' <Predicate = true> <Delay = 0.73> <CoreInst = "Sel">   --->   Core 73 'Sel' <Latency = 0> <II = 1> <Delay = 0.73> <FuncUnit> <Opcode : 'select'> <InPorts = 3> <OutPorts = 1>
ST_2 : Operation 50 [1/1] (2.55ns)   --->   "%icmp_ln45_7 = icmp_sgt  i32 %p_read723, i32 0" [firmware/nnet_utils/nnet_activation.h:45]   --->   Operation 50 'icmp' 'icmp_ln45_7' <Predicate = true> <Delay = 2.55> <CoreInst = "Cmp">   --->   Core 9 'Cmp' <Latency = 0> <II = 1> <Delay = 2.55> <FuncUnit> <Opcode : 'icmp'> <InPorts = 2> <OutPorts = 1>
ST_2 : Operation 51 [1/1] (0.73ns)   --->   "%datareg_7 = select i1 %icmp_ln45_7, i31 %trunc_ln42_7, i31 0" [firmware/nnet_utils/nnet_activation.h:45]   --->   Operation 51 'select' 'datareg_7' <Predicate = true> <Delay = 0.73> <CoreInst = "Sel">   --->   Core 73 'Sel' <Latency = 0> <II = 1> <Delay = 0.73> <FuncUnit> <Opcode : 'select'> <InPorts = 3> <OutPorts = 1>
ST_2 : Operation 52 [1/1] (2.55ns)   --->   "%icmp_ln45_8 = icmp_sgt  i32 %p_read824, i32 0" [firmware/nnet_utils/nnet_activation.h:45]   --->   Operation 52 'icmp' 'icmp_ln45_8' <Predicate = true> <Delay = 2.55> <CoreInst = "Cmp">   --->   Core 9 'Cmp' <Latency = 0> <II = 1> <Delay = 2.55> <FuncUnit> <Opcode : 'icmp'> <InPorts = 2> <OutPorts = 1>
ST_2 : Operation 53 [1/1] (0.73ns)   --->   "%datareg_8 = select i1 %icmp_ln45_8, i31 %trunc_ln42_8, i31 0" [firmware/nnet_utils/nnet_activation.h:45]   --->   Operation 53 'select' 'datareg_8' <Predicate = true> <Delay = 0.73> <CoreInst = "Sel">   --->   Core 73 'Sel' <Latency = 0> <II = 1> <Delay = 0.73> <FuncUnit> <Opcode : 'select'> <InPorts = 3> <OutPorts = 1>
ST_2 : Operation 54 [1/1] (2.55ns)   --->   "%icmp_ln45_9 = icmp_sgt  i32 %p_read925, i32 0" [firmware/nnet_utils/nnet_activation.h:45]   --->   Operation 54 'icmp' 'icmp_ln45_9' <Predicate = true> <Delay = 2.55> <CoreInst = "Cmp">   --->   Core 9 'Cmp' <Latency = 0> <II = 1> <Delay = 2.55> <FuncUnit> <Opcode : 'icmp'> <InPorts = 2> <OutPorts = 1>
ST_2 : Operation 55 [1/1] (0.73ns)   --->   "%datareg_9 = select i1 %icmp_ln45_9, i31 %trunc_ln42_9, i31 0" [firmware/nnet_utils/nnet_activation.h:45]   --->   Operation 55 'select' 'datareg_9' <Predicate = true> <Delay = 0.73> <CoreInst = "Sel">   --->   Core 73 'Sel' <Latency = 0> <II = 1> <Delay = 0.73> <FuncUnit> <Opcode : 'select'> <InPorts = 3> <OutPorts = 1>
ST_2 : Operation 56 [1/1] (2.55ns)   --->   "%icmp_ln45_10 = icmp_sgt  i32 %p_read1026, i32 0" [firmware/nnet_utils/nnet_activation.h:45]   --->   Operation 56 'icmp' 'icmp_ln45_10' <Predicate = true> <Delay = 2.55> <CoreInst = "Cmp">   --->   Core 9 'Cmp' <Latency = 0> <II = 1> <Delay = 2.55> <FuncUnit> <Opcode : 'icmp'> <InPorts = 2> <OutPorts = 1>
ST_2 : Operation 57 [1/1] (0.73ns)   --->   "%datareg_10 = select i1 %icmp_ln45_10, i31 %trunc_ln42_10, i31 0" [firmware/nnet_utils/nnet_activation.h:45]   --->   Operation 57 'select' 'datareg_10' <Predicate = true> <Delay = 0.73> <CoreInst = "Sel">   --->   Core 73 'Sel' <Latency = 0> <II = 1> <Delay = 0.73> <FuncUnit> <Opcode : 'select'> <InPorts = 3> <OutPorts = 1>
ST_2 : Operation 58 [1/1] (2.55ns)   --->   "%icmp_ln45_11 = icmp_sgt  i32 %p_read_69, i32 0" [firmware/nnet_utils/nnet_activation.h:45]   --->   Operation 58 'icmp' 'icmp_ln45_11' <Predicate = true> <Delay = 2.55> <CoreInst = "Cmp">   --->   Core 9 'Cmp' <Latency = 0> <II = 1> <Delay = 2.55> <FuncUnit> <Opcode : 'icmp'> <InPorts = 2> <OutPorts = 1>
ST_2 : Operation 59 [1/1] (0.73ns)   --->   "%datareg_11 = select i1 %icmp_ln45_11, i31 %trunc_ln42_11, i31 0" [firmware/nnet_utils/nnet_activation.h:45]   --->   Operation 59 'select' 'datareg_11' <Predicate = true> <Delay = 0.73> <CoreInst = "Sel">   --->   Core 73 'Sel' <Latency = 0> <II = 1> <Delay = 0.73> <FuncUnit> <Opcode : 'select'> <InPorts = 3> <OutPorts = 1>
ST_2 : Operation 60 [1/1] (2.55ns)   --->   "%icmp_ln45_12 = icmp_sgt  i32 %p_read_68, i32 0" [firmware/nnet_utils/nnet_activation.h:45]   --->   Operation 60 'icmp' 'icmp_ln45_12' <Predicate = true> <Delay = 2.55> <CoreInst = "Cmp">   --->   Core 9 'Cmp' <Latency = 0> <II = 1> <Delay = 2.55> <FuncUnit> <Opcode : 'icmp'> <InPorts = 2> <OutPorts = 1>
ST_2 : Operation 61 [1/1] (0.73ns)   --->   "%datareg_12 = select i1 %icmp_ln45_12, i31 %trunc_ln42_12, i31 0" [firmware/nnet_utils/nnet_activation.h:45]   --->   Operation 61 'select' 'datareg_12' <Predicate = true> <Delay = 0.73> <CoreInst = "Sel">   --->   Core 73 'Sel' <Latency = 0> <II = 1> <Delay = 0.73> <FuncUnit> <Opcode : 'select'> <InPorts = 3> <OutPorts = 1>
ST_2 : Operation 62 [1/1] (2.55ns)   --->   "%icmp_ln45_13 = icmp_sgt  i32 %p_read_67, i32 0" [firmware/nnet_utils/nnet_activation.h:45]   --->   Operation 62 'icmp' 'icmp_ln45_13' <Predicate = true> <Delay = 2.55> <CoreInst = "Cmp">   --->   Core 9 'Cmp' <Latency = 0> <II = 1> <Delay = 2.55> <FuncUnit> <Opcode : 'icmp'> <InPorts = 2> <OutPorts = 1>
ST_2 : Operation 63 [1/1] (0.73ns)   --->   "%datareg_13 = select i1 %icmp_ln45_13, i31 %trunc_ln42_13, i31 0" [firmware/nnet_utils/nnet_activation.h:45]   --->   Operation 63 'select' 'datareg_13' <Predicate = true> <Delay = 0.73> <CoreInst = "Sel">   --->   Core 73 'Sel' <Latency = 0> <II = 1> <Delay = 0.73> <FuncUnit> <Opcode : 'select'> <InPorts = 3> <OutPorts = 1>
ST_2 : Operation 64 [1/1] (2.55ns)   --->   "%icmp_ln45_14 = icmp_sgt  i32 %p_read_66, i32 0" [firmware/nnet_utils/nnet_activation.h:45]   --->   Operation 64 'icmp' 'icmp_ln45_14' <Predicate = true> <Delay = 2.55> <CoreInst = "Cmp">   --->   Core 9 'Cmp' <Latency = 0> <II = 1> <Delay = 2.55> <FuncUnit> <Opcode : 'icmp'> <InPorts = 2> <OutPorts = 1>
ST_2 : Operation 65 [1/1] (0.73ns)   --->   "%datareg_14 = select i1 %icmp_ln45_14, i31 %trunc_ln42_14, i31 0" [firmware/nnet_utils/nnet_activation.h:45]   --->   Operation 65 'select' 'datareg_14' <Predicate = true> <Delay = 0.73> <CoreInst = "Sel">   --->   Core 73 'Sel' <Latency = 0> <II = 1> <Delay = 0.73> <FuncUnit> <Opcode : 'select'> <InPorts = 3> <OutPorts = 1>
ST_2 : Operation 66 [1/1] (2.55ns)   --->   "%icmp_ln45_15 = icmp_sgt  i32 %p_read_65, i32 0" [firmware/nnet_utils/nnet_activation.h:45]   --->   Operation 66 'icmp' 'icmp_ln45_15' <Predicate = true> <Delay = 2.55> <CoreInst = "Cmp">   --->   Core 9 'Cmp' <Latency = 0> <II = 1> <Delay = 2.55> <FuncUnit> <Opcode : 'icmp'> <InPorts = 2> <OutPorts = 1>
ST_2 : Operation 67 [1/1] (0.73ns)   --->   "%datareg_15 = select i1 %icmp_ln45_15, i31 %trunc_ln42_15, i31 0" [firmware/nnet_utils/nnet_activation.h:45]   --->   Operation 67 'select' 'datareg_15' <Predicate = true> <Delay = 0.73> <CoreInst = "Sel">   --->   Core 73 'Sel' <Latency = 0> <II = 1> <Delay = 0.73> <FuncUnit> <Opcode : 'select'> <InPorts = 3> <OutPorts = 1>
ST_2 : Operation 68 [1/1] (0.00ns)   --->   "%mrv = insertvalue i496 <undef>, i31 %datareg" [firmware/nnet_utils/nnet_activation.h:50]   --->   Operation 68 'insertvalue' 'mrv' <Predicate = true> <Delay = 0.00>
ST_2 : Operation 69 [1/1] (0.00ns)   --->   "%mrv_1 = insertvalue i496 %mrv, i31 %datareg_1" [firmware/nnet_utils/nnet_activation.h:50]   --->   Operation 69 'insertvalue' 'mrv_1' <Predicate = true> <Delay = 0.00>
ST_2 : Operation 70 [1/1] (0.00ns)   --->   "%mrv_2 = insertvalue i496 %mrv_1, i31 %datareg_2" [firmware/nnet_utils/nnet_activation.h:50]   --->   Operation 70 'insertvalue' 'mrv_2' <Predicate = true> <Delay = 0.00>
ST_2 : Operation 71 [1/1] (0.00ns)   --->   "%mrv_3 = insertvalue i496 %mrv_2, i31 %datareg_3" [firmware/nnet_utils/nnet_activation.h:50]   --->   Operation 71 'insertvalue' 'mrv_3' <Predicate = true> <Delay = 0.00>
ST_2 : Operation 72 [1/1] (0.00ns)   --->   "%mrv_4 = insertvalue i496 %mrv_3, i31 %datareg_4" [firmware/nnet_utils/nnet_activation.h:50]   --->   Operation 72 'insertvalue' 'mrv_4' <Predicate = true> <Delay = 0.00>
ST_2 : Operation 73 [1/1] (0.00ns)   --->   "%mrv_5 = insertvalue i496 %mrv_4, i31 %datareg_5" [firmware/nnet_utils/nnet_activation.h:50]   --->   Operation 73 'insertvalue' 'mrv_5' <Predicate = true> <Delay = 0.00>
ST_2 : Operation 74 [1/1] (0.00ns)   --->   "%mrv_6 = insertvalue i496 %mrv_5, i31 %datareg_6" [firmware/nnet_utils/nnet_activation.h:50]   --->   Operation 74 'insertvalue' 'mrv_6' <Predicate = true> <Delay = 0.00>
ST_2 : Operation 75 [1/1] (0.00ns)   --->   "%mrv_7 = insertvalue i496 %mrv_6, i31 %datareg_7" [firmware/nnet_utils/nnet_activation.h:50]   --->   Operation 75 'insertvalue' 'mrv_7' <Predicate = true> <Delay = 0.00>
ST_2 : Operation 76 [1/1] (0.00ns)   --->   "%mrv_8 = insertvalue i496 %mrv_7, i31 %datareg_8" [firmware/nnet_utils/nnet_activation.h:50]   --->   Operation 76 'insertvalue' 'mrv_8' <Predicate = true> <Delay = 0.00>
ST_2 : Operation 77 [1/1] (0.00ns)   --->   "%mrv_9 = insertvalue i496 %mrv_8, i31 %datareg_9" [firmware/nnet_utils/nnet_activation.h:50]   --->   Operation 77 'insertvalue' 'mrv_9' <Predicate = true> <Delay = 0.00>
ST_2 : Operation 78 [1/1] (0.00ns)   --->   "%mrv_s = insertvalue i496 %mrv_9, i31 %datareg_10" [firmware/nnet_utils/nnet_activation.h:50]   --->   Operation 78 'insertvalue' 'mrv_s' <Predicate = true> <Delay = 0.00>
ST_2 : Operation 79 [1/1] (0.00ns)   --->   "%mrv_10 = insertvalue i496 %mrv_s, i31 %datareg_11" [firmware/nnet_utils/nnet_activation.h:50]   --->   Operation 79 'insertvalue' 'mrv_10' <Predicate = true> <Delay = 0.00>
ST_2 : Operation 80 [1/1] (0.00ns)   --->   "%mrv_11 = insertvalue i496 %mrv_10, i31 %datareg_12" [firmware/nnet_utils/nnet_activation.h:50]   --->   Operation 80 'insertvalue' 'mrv_11' <Predicate = true> <Delay = 0.00>
ST_2 : Operation 81 [1/1] (0.00ns)   --->   "%mrv_12 = insertvalue i496 %mrv_11, i31 %datareg_13" [firmware/nnet_utils/nnet_activation.h:50]   --->   Operation 81 'insertvalue' 'mrv_12' <Predicate = true> <Delay = 0.00>
ST_2 : Operation 82 [1/1] (0.00ns)   --->   "%mrv_13 = insertvalue i496 %mrv_12, i31 %datareg_14" [firmware/nnet_utils/nnet_activation.h:50]   --->   Operation 82 'insertvalue' 'mrv_13' <Predicate = true> <Delay = 0.00>
ST_2 : Operation 83 [1/1] (0.00ns)   --->   "%mrv_14 = insertvalue i496 %mrv_13, i31 %datareg_15" [firmware/nnet_utils/nnet_activation.h:50]   --->   Operation 83 'insertvalue' 'mrv_14' <Predicate = true> <Delay = 0.00>
ST_2 : Operation 84 [1/1] (0.00ns)   --->   "%ret_ln50 = ret i496 %mrv_14" [firmware/nnet_utils/nnet_activation.h:50]   --->   Operation 84 'ret' 'ret_ln50' <Predicate = true> <Delay = 0.00>


============================================================
+ Verbose Summary: Timing violations
============================================================
Target clock period: 5.000ns, clock uncertainty: 0.625ns.

 <State 1>: 2.188ns
The critical path consists of the following:
	wire read operation ('p_read_65', firmware/nnet_utils/nnet_activation.h:42) on port 'p_read15' (firmware/nnet_utils/nnet_activation.h:42) [18]  (2.188 ns)

 <State 2>: 3.285ns
The critical path consists of the following:
	'icmp' operation ('icmp_ln45', firmware/nnet_utils/nnet_activation.h:45) [35]  (2.552 ns)
	'select' operation ('datareg', firmware/nnet_utils/nnet_activation.h:45) [36]  (0.733 ns)


============================================================
+ Verbose Summary: Binding
============================================================
N/A
* FSMD analyzer results:
  - Output states:
 - Input state : 
  - Chain level:
	State 1
	State 2


============================================================
+ Verbose Summary: Datapath Resource usage 
============================================================
N/A
