

================================================================
== Vitis HLS Report for 'relu_ap_fixed_32_6_5_3_0_ap_fixed_32_6_5_3_0_relu_config3_s'
================================================================
* Date:           Sun Dec  7 22:01:36 2025

* Version:        2023.1 (Build 3854077 on May  4 2023)
* Project:        myproject_prj
* Solution:       solution1 (Vivado IP Flow Target)
* Product family: zynq
* Target device:  xc7z020-clg400-1


================================================================
== Performance Estimates
================================================================
+ Timing: 
    * Summary: 
    +--------+---------+----------+------------+
    |  Clock |  Target | Estimated| Uncertainty|
    +--------+---------+----------+------------+
    |ap_clk  |  5.00 ns|  3.285 ns|     0.62 ns|
    +--------+---------+----------+------------+

+ Latency: 
    * Summary: 
    +---------+---------+----------+----------+-----+-----+---------+
    |  Latency (cycles) |  Latency (absolute) |  Interval | Pipeline|
    |   min   |   max   |    min   |    max   | min | max |   Type  |
    +---------+---------+----------+----------+-----+-----+---------+
    |        1|        1|  5.000 ns|  5.000 ns|    1|    1|      yes|
    +---------+---------+----------+----------+-----+-----+---------+

    + Detail: 
        * Instance: 
        N/A

        * Loop: 
        N/A

============================================================
+ Verbose Summary: Synthesis Manager
============================================================
InlineROM: 1
ExposeGlobal: 0
============================================================
+ Verbose Summary: CDFG Model
============================================================
IsTopModel: 0
ResetActiveHigh: 1
IsCombinational: 2
IsDatapathOnly: 0
HasWiredReturn: 1
HasMFsm: 2
HasVarLatency: 0
IsPipeline: 1
IsRtlPipelined: 1
IsInstanceOverlapped: 0
IsDontTouch: 0
HasImplIP: 0
IsGatedGlobalClock: 0

+ Individual pipeline summary: 
  * Pipeline-0: initiation interval (II) = 1, depth = 2


============================================================
+ Verbose Summary: Schedule
============================================================
* Number of FSM states : 2
* Pipeline : 1
  Pipeline-0 : II = 1, D = 2, States = { 1 2 }
* Dataflow Pipeline: 0

* FSM state transitions: 
1 --> 2 
2 --> 

* FSM state operations: 

State 1 <SV = 0> <Delay = 2.18>
ST_1 : Operation 3 [1/1] (2.18ns)   --->   "%p_read_65 = read i32 @_ssdm_op_Read.ap_auto.i32, i32 %p_read15" [firmware/nnet_utils/nnet_activation.h:42]   --->   Operation 3 'read' 'p_read_65' <Predicate = true> <Delay = 2.18> <CoreInst = "FIFO_SRL">   --->   Core 81 'FIFO_SRL' <Latency = 0> <II = 1> <Delay = 3.63> <Storage> <Opcode : 'read' 'write' 'nbread' 'nbwrite'> <Ports = 0> <Width = -1> <Depth = -1> <FIFO>
ST_1 : Operation 4 [1/1] (2.18ns)   --->   "%p_read_66 = read i32 @_ssdm_op_Read.ap_auto.i32, i32 %p_read14" [firmware/nnet_utils/nnet_activation.h:42]   --->   Operation 4 'read' 'p_read_66' <Predicate = true> <Delay = 2.18> <CoreInst = "FIFO_SRL">   --->   Core 81 'FIFO_SRL' <Latency = 0> <II = 1> <Delay = 3.63> <Storage> <Opcode : 'read' 'write' 'nbread' 'nbwrite'> <Ports = 0> <Width = -1> <Depth = -1> <FIFO>
ST_1 : Operation 5 [1/1] (2.18ns)   --->   "%p_read_67 = read i32 @_ssdm_op_Read.ap_auto.i32, i32 %p_read13" [firmware/nnet_utils/nnet_activation.h:42]   --->   Operation 5 'read' 'p_read_67' <Predicate = true> <Delay = 2.18> <CoreInst = "FIFO_SRL">   --->   Core 81 'FIFO_SRL' <Latency = 0> <II = 1> <Delay = 3.63> <Storage> <Opcode : 'read' 'write' 'nbread' 'nbwrite'> <Ports = 0> <Width = -1> <Depth = -1> <FIFO>
ST_1 : Operation 6 [1/1] (2.18ns)   --->   "%p_read_68 = read i32 @_ssdm_op_Read.ap_auto.i32, i32 %p_read12" [firmware/nnet_utils/nnet_activation.h:42]   --->   Operation 6 'read' 'p_read_68' <Predicate = true> <Delay = 2.18> <CoreInst = "FIFO_SRL">   --->   Core 81 'FIFO_SRL' <Latency = 0> <II = 1> <Delay = 3.63> <Storage> <Opcode : 'read' 'write' 'nbread' 'nbwrite'> <Ports = 0> <Width = -1> <Depth = -1> <FIFO>
ST_1 : Operation 7 [1/1] (2.18ns)   --->   "%p_read_69 = read i32 @_ssdm_op_Read.ap_auto.i32, i32 %p_read11" [firmware/nnet_utils/nnet_activation.h:42]   --->   Operation 7 'read' 'p_read_69' <Predicate = true> <Delay = 2.18> <CoreInst = "FIFO_SRL">   --->   Core 81 'FIFO_SRL' <Latency = 0> <II = 1> <Delay = 3.63> <Storage> <Opcode : 'read' 'write' 'nbread' 'nbwrite'> <Ports = 0> <Width = -1> <Depth = -1> <FIFO>
ST_1 : Operation 8 [1/1] (2.18ns)   --->   "%p_read1026 = read i32 @_ssdm_op_Read.ap_auto.i32, i32 %p_read10" [firmware/nnet_utils/nnet_activation.h:42]   --->   Operation 8 'read' 'p_read1026' <Predicate = true> <Delay = 2.18> <CoreInst = "FIFO_SRL">   --->   Core 81 'FIFO_SRL' <Latency = 0> <II = 1> <Delay = 3.63> <Storage> <Opcode : 'read' 'write' 'nbread' 'nbwrite'> <Ports = 0> <Width = -1> <Depth = -1> <FIFO>
ST_1 : Operation 9 [1/1] (2.18ns)   --->   "%p_read925 = read i32 @_ssdm_op_Read.ap_auto.i32, i32 %p_read9" [firmware/nnet_utils/nnet_activation.h:42]   --->   Operation 9 'read' 'p_read925' <Predicate = true> <Delay = 2.18> <CoreInst = "FIFO_SRL">   --->   Core 81 'FIFO_SRL' <Latency = 0> <II = 1> <Delay = 3.63> <Storage> <Opcode : 'read' 'write' 'nbread' 'nbwrite'> <Ports = 0> <Width = -1> <Depth = -1> <FIFO>
ST_1 : Operation 10 [1/1] (2.18ns)   --->   "%p_read824 = read i32 @_ssdm_op_Read.ap_auto.i32, i32 %p_read8" [firmware/nnet_utils/nnet_activation.h:42]   --->   Operation 10 'read' 'p_read824' <Predicate = true> <Delay = 2.18> <CoreInst = "FIFO_SRL">   --->   Core 81 'FIFO_SRL' <Latency = 0> <II = 1> <Delay = 3.63> <Storage> <Opcode : 'read' 'write' 'nbread' 'nbwrite'> <Ports = 0> <Width = -1> <Depth = -1> <FIFO>
ST_1 : Operation 11 [1/1] (2.18ns)   --->   "%p_read723 = read i32 @_ssdm_op_Read.ap_auto.i32, i32 %p_read7" [firmware/nnet_utils/nnet_activation.h:42]   --->   Operation 11 'read' 'p_read723' <Predicate = true> <Delay = 2.18> <CoreInst = "FIFO_SRL">   --->   Core 81 'FIFO_SRL' <Latency = 0> <II = 1> <Delay = 3.63> <Storage> <Opcode : 'read' 'write' 'nbread' 'nbwrite'> <Ports = 0> <Width = -1> <Depth = -1> <FIFO>
ST_1 : Operation 12 [1/1] (2.18ns)   --->   "%p_read622 = read i32 @_ssdm_op_Read.ap_auto.i32, i32 %p_read6" [firmware/nnet_utils/nnet_activation.h:42]   --->   Operation 12 'read' 'p_read622' <Predicate = true> <Delay = 2.18> <CoreInst = "FIFO_SRL">   --->   Core 81 'FIFO_SRL' <Latency = 0> <II = 1> <Delay = 3.63> <Storage> <Opcode : 'read' 'write' 'nbread' 'nbwrite'> <Ports = 0> <Width = -1> <Depth = -1> <FIFO>
ST_1 : Operation 13 [1/1] (2.18ns)   --->   "%p_read521 = read i32 @_ssdm_op_Read.ap_auto.i32, i32 %p_read5" [firmware/nnet_utils/nnet_activation.h:42]   --->   Operation 13 'read' 'p_read521' <Predicate = true> <Delay = 2.18> <CoreInst = "FIFO_SRL">   --->   Core 81 'FIFO_SRL' <Latency = 0> <II = 1> <Delay = 3.63> <Storage> <Opcode : 'read' 'write' 'nbread' 'nbwrite'> <Ports = 0> <Width = -1> <Depth = -1> <FIFO>
ST_1 : Operation 14 [1/1] (2.18ns)   --->   "%p_read420 = read i32 @_ssdm_op_Read.ap_auto.i32, i32 %p_read4" [firmware/nnet_utils/nnet_activation.h:42]   --->   Operation 14 'read' 'p_read420' <Predicate = true> <Delay = 2.18> <CoreInst = "FIFO_SRL">   --->   Core 81 'FIFO_SRL' <Latency = 0> <II = 1> <Delay = 3.63> <Storage> <Opcode : 'read' 'write' 'nbread' 'nbwrite'> <Ports = 0> <Width = -1> <Depth = -1> <FIFO>
ST_1 : Operation 15 [1/1] (2.18ns)   --->   "%p_read319 = read i32 @_ssdm_op_Read.ap_auto.i32, i32 %p_read3" [firmware/nnet_utils/nnet_activation.h:42]   --->   Operation 15 'read' 'p_read319' <Predicate = true> <Delay = 2.18> <CoreInst = "FIFO_SRL">   --->   Core 81 'FIFO_SRL' <Latency = 0> <II = 1> <Delay = 3.63> <Storage> <Opcode : 'read' 'write' 'nbread' 'nbwrite'> <Ports = 0> <Width = -1> <Depth = -1> <FIFO>
ST_1 : Operation 16 [1/1] (2.18ns)   --->   "%p_read218 = read i32 @_ssdm_op_Read.ap_auto.i32, i32 %p_read2" [firmware/nnet_utils/nnet_activation.h:42]   --->   Operation 16 'read' 'p_read218' <Predicate = true> <Delay = 2.18> <CoreInst = "FIFO_SRL">   --->   Core 81 'FIFO_SRL' <Latency = 0> <II = 1> <Delay = 3.63> <Storage> <Opcode : 'read' 'write' 'nbread' 'nbwrite'> <Ports = 0> <Width = -1> <Depth = -1> <FIFO>
ST_1 : Operation 17 [1/1] (2.18ns)   --->   "%p_read117 = read i32 @_ssdm_op_Read.ap_auto.i32, i32 %p_read1" [firmware/nnet_utils/nnet_activation.h:42]   --->   Operation 17 'read' 'p_read117' <Predicate = true> <Delay = 2.18> <CoreInst = "FIFO_SRL">   --->   Core 81 'FIFO_SRL' <Latency = 0> <II = 1> <Delay = 3.63> <Storage> <Opcode : 'read' 'write' 'nbread' 'nbwrite'> <Ports = 0> <Width = -1> <Depth = -1> <FIFO>
ST_1 : Operation 18 [1/1] (2.18ns)   --->   "%p_read16 = read i32 @_ssdm_op_Read.ap_auto.i32, i32 %p_read" [firmware/nnet_utils/nnet_activation.h:42]   --->   Operation 18 'read' 'p_read16' <Predicate = true> <Delay = 2.18> <CoreInst = "FIFO_SRL">   --->   Core 81 'FIFO_SRL' <Latency = 0> <II = 1> <Delay = 3.63> <Storage> <Opcode : 'read' 'write' 'nbread' 'nbwrite'> <Ports = 0> <Width = -1> <Depth = -1> <FIFO>
ST_1 : Operation 19 [1/1] (0.00ns)   --->   "%trunc_ln42 = trunc i32 %p_read16" [firmware/nnet_utils/nnet_activation.h:42]   --->   Operation 19 'trunc' 'trunc_ln42' <Predicate = true> <Delay = 0.00>
ST_1 : Operation 20 [1/1] (0.00ns)   --->   "%trunc_ln42_1 = trunc i32 %p_read117" [firmware/nnet_utils/nnet_activation.h:42]   --->   Operation 20 'trunc' 'trunc_ln42_1' <Predicate = true> <Delay = 0.00>
ST_1 : Operation 21 [1/1] (0.00ns)   --->   "%trunc_ln42_2 = trunc i32 %p_read218" [firmware/nnet_utils/nnet_activation.h:42]   --->   Operation 21 'trunc' 'trunc_ln42_2' <Predicate = true> <Delay = 0.00>
ST_1 : Operation 22 [1/1] (0.00ns)   --->   "%trunc_ln42_3 = trunc i32 %p_read319" [firmware/nnet_utils/nnet_activation.h:42]   --->   Operation 22 'trunc' 'trunc_ln42_3' <Predicate = true> <Delay = 0.00>
ST_1 : Operation 23 [1/1] (0.00ns)   --->   "%trunc_ln42_4 = trunc i32 %p_read420" [firmware/nnet_utils/nnet_activation.h:42]   --->   Operation 23 'trunc' 'trunc_ln42_4' <Predicate = true> <Delay = 0.00>
ST_1 : Operation 24 [1/1] (0.00ns)   --->   "%trunc_ln42_5 = trunc i32 %p_read521" [firmware/nnet_utils/nnet_activation.h:42]   --->   Operation 24 'trunc' 'trunc_ln42_5' <Predicate = true> <Delay = 0.00>
ST_1 : Operation 25 [1/1] (0.00ns)   --->   "%trunc_ln42_6 = trunc i32 %p_read622" [firmware/nnet_utils/nnet_activation.h:42]   --->   Operation 25 'trunc' 'trunc_ln42_6' <Predicate = true> <Delay = 0.00>
ST_1 : Operation 26 [1/1] (0.00ns)   --->   "%trunc_ln42_7 = trunc i32 %p_read723" [firmware/nnet_utils/nnet_activation.h:42]   --->   Operation 26 'trunc' 'trunc_ln42_7' <Predicate = true> <Delay = 0.00>
ST_1 : Operation 27 [1/1] (0.00ns)   --->   "%trunc_ln42_8 = trunc i32 %p_read824" [firmware/nnet_utils/nnet_activation.h:42]   --->   Operation 27 'trunc' 'trunc_ln42_8' <Predicate = true> <Delay = 0.00>
ST_1 : Operation 28 [1/1] (0.00ns)   --->   "%trunc_ln42_9 = trunc i32 %p_read925" [firmware/nnet_utils/nnet_activation.h:42]   --->   Operation 28 'trunc' 'trunc_ln42_9' <Predicate = true> <Delay = 0.00>
ST_1 : Operation 29 [1/1] (0.00ns)   --->   "%trunc_ln42_10 = trunc i32 %p_read1026" [firmware/nnet_utils/nnet_activation.h:42]   --->   Operation 29 'trunc' 'trunc_ln42_10' <Predicate = true> <Delay = 0.00>
ST_1 : Operation 30 [1/1] (0.00ns)   --->   "%trunc_ln42_11 = trunc i32 %p_read_69" [firmware/nnet_utils/nnet_activation.h:42]   --->   Operation 30 'trunc' 'trunc_ln42_11' <Predicate = true> <Delay = 0.00>
ST_1 : Operation 31 [1/1] (0.00ns)   --->   "%trunc_ln42_12 = trunc i32 %p_read_68" [firmware/nnet_utils/nnet_activation.h:42]   --->   Operation 31 'trunc' 'trunc_ln42_12' <Predicate = true> <Delay = 0.00>
ST_1 : Operation 32 [1/1] (0.00ns)   --->   "%trunc_ln42_13 = trunc i32 %p_read_67" [firmware/nnet_utils/nnet_activation.h:42]   --->   Operation 32 'trunc' 'trunc_ln42_13' <Predicate = true> <Delay = 0.00>
ST_1 : Operation 33 [1/1] (0.00ns)   --->   "%trunc_ln42_14 = trunc i32 %p_read_66" [firmware/nnet_utils/nnet_activation.h:42]   --->   Operation 33 'trunc' 'trunc_ln42_14' <Predicate = true> <Delay = 0.00>
ST_1 : Operation 34 [1/1] (0.00ns)   --->   "%trunc_ln42_15 = trunc i32 %p_read_65" [firmware/nnet_utils/nnet_activation.h:42]   --->   Operation 34 'trunc' 'trunc_ln42_15' <Predicate = true> <Delay = 0.00>

State 2 <SV = 1> <Delay = 3.28>
ST_2 : Operation 35 [1/1] (0.00ns)   --->   "%specpipeline_ln40 = specpipeline void @_ssdm_op_SpecPipeline, i32 4294967295, i32 0, i32 0, i32 0, void @empty_0" [firmware/nnet_utils/nnet_activation.h:40]   --->   Operation 35 'specpipeline' 'specpipeline_ln40' <Predicate = true> <Delay = 0.00>
ST_2 : Operation 36 [1/1] (2.55ns)   --->   "%icmp_ln45 = icmp_sgt  i32 %p_read16, i32 0" [firmware/nnet_utils/nnet_activation.h:45]   --->   Operation 36 'icmp' 'icmp_ln45' <Predicate = true> <Delay = 2.55> <CoreInst = "Cmp">   --->   Core 9 'Cmp' <Latency = 0> <II = 1> <Delay = 2.55> <FuncUnit> <Opcode : 'icmp'> <InPorts = 2> <OutPorts = 1>
ST_2 : Operation 37 [1/1] (0.73ns)   --->   "%datareg = select i1 %icmp_ln45, i31 %trunc_ln42, i31 0" [firmware/nnet_utils/nnet_activation.h:45]   --->   Operation 37 'select' 'datareg' <Predicate = true> <Delay = 0.73> <CoreInst = "Sel">   --->   Core 73 'Sel' <Latency = 0> <II = 1> <Delay = 0.73> <FuncUnit> <Opcode : 'select'> <InPorts = 3> <OutPorts = 1>
ST_2 : Operation 38 [1/1] (2.55ns)   --->   "%icmp_ln45_1 = icmp_sgt  i32 %p_read117, i32 0" [firmware/nnet_utils/nnet_activation.h:45]   --->   Operation 38 'icmp' 'icmp_ln45_1' <Predicate = true> <Delay = 2.55> <CoreInst = "Cmp">   --->   Core 9 'Cmp' <Latency = 0> <II = 1> <Delay = 2.55> <FuncUnit> <Opcode : 'icmp'> <InPorts = 2> <OutPorts = 1>
ST_2 : Operation 39 [1/1] (0.73ns)   --->   "%datareg_1 = select i1 %icmp_ln45_1, i31 %trunc_ln42_1, i31 0" [firmware/nnet_utils/nnet_activation.h:45]   --->   Operation 39 'select' 'datareg_1' <Predicate = true> <Delay = 0.73> <CoreInst = "Sel">   --->   Core 73 'Sel' <Latency = 0> <II = 1> <Delay = 0.73> <FuncUnit> <Opcode : 'select'> <InPorts = 3> <OutPorts = 1>
ST_2 : Operation 40 [1/1] (2.55ns)   --->   "%icmp_ln45_2 = icmp_sgt  i32 %p_read218, i32 0" [firmware/nnet_utils/nnet_activation.h:45]   --->   Operation 40 'icmp' 'icmp_ln45_2' <Predicate = true> <Delay = 2.55> <CoreInst = "Cmp">   --->   Core 9 'Cmp' <Latency = 0> <II = 1> <Delay = 2.55> <FuncUnit> <Opcode : 'icmp'> <InPorts = 2> <OutPorts = 1>
ST_2 : Operation 41 [1/1] (0.73ns)   --->   "%datareg_2 = select i1 %icmp_ln45_2, i31 %trunc_ln42_2, i31 0" [firmware/nnet_utils/nnet_activation.h:45]   --->   Operation 41 'select' 'datareg_2' <Predicate = true> <Delay = 0.73> <CoreInst = "Sel">   --->   Core 73 'Sel' <Latency = 0> <II = 1> <Delay = 0.73> <FuncUnit> <Opcode : 'select'> <InPorts = 3> <OutPorts = 1>
ST_2 : Operation 42 [1/1] (2.55ns)   --->   "%icmp_ln45_3 = icmp_sgt  i32 %p_read319, i32 0" [firmware/nnet_utils/nnet_activation.h:45]   --->   Operation 42 'icmp' 'icmp_ln45_3' <Predicate = true> <Delay = 2.55> <CoreInst = "Cmp">   --->   Core 9 'Cmp' <Latency = 0> <II = 1> <Delay = 2.55> <FuncUnit> <Opcode : 'icmp'> <InPorts = 2> <OutPorts = 1>
ST_2 : Operation 43 [1/1] (0.73ns)   --->   "%datareg_3 = select i1 %icmp_ln45_3, i31 %trunc_ln42_3, i31 0" [firmware/nnet_utils/nnet_activation.h:45]   --->   Operation 43 'select' 'datareg_3' <Predicate = true> <Delay = 0.73> <CoreInst = "Sel">   --->   Core 73 'Sel' <Latency = 0> <II = 1> <Delay = 0.73> <FuncUnit> <Opcode : 'select'> <InPorts = 3> <OutPorts = 1>
ST_2 : Operation 44 [1/1] (2.55ns)   --->   "%icmp_ln45_4 = icmp_sgt  i32 %p_read420, i32 0" [firmware/nnet_utils/nnet_activation.h:45]   --->   Operation 44 'icmp' 'icmp_ln45_4' <Predicate = true> <Delay = 2.55> <CoreInst = "Cmp">   --->   Core 9 'Cmp' <Latency = 0> <II = 1> <Delay = 2.55> <FuncUnit> <Opcode : 'icmp'> <InPorts = 2> <OutPorts = 1>
ST_2 : Operation 45 [1/1] (0.73ns)   --->   "%datareg_4 = select i1 %icmp_ln45_4, i31 %trunc_ln42_4, i31 0" [firmware/nnet_utils/nnet_activation.h:45]   --->   Operation 45 'select' 'datareg_4' <Predicate = true> <Delay = 0.73> <CoreInst = "Sel">   --->   Core 73 'Sel' <Latency = 0> <II = 1> <Delay = 0.73> <FuncUnit> <Opcode : 'select'> <InPorts = 3> <OutPorts = 1>
ST_2 : Operation 46 [1/1] (2.55ns)   --->   "%icmp_ln45_5 = icmp_sgt  i32 %p_read521, i32 0" [firmware/nnet_utils/nnet_activation.h:45]   --->   Operation 46 'icmp' 'icmp_ln45_5' <Predicate = true> <Delay = 2.55> <CoreInst = "Cmp">   --->   Core 9 'Cmp' <Latency = 0> <II = 1> <Delay = 2.55> <FuncUnit> <Opcode : 'icmp'> <InPorts = 2> <OutPorts = 1>
ST_2 : Operation 47 [1/1] (0.73ns)   --->   "%datareg_5 = select i1 %icmp_ln45_5, i31 %trunc_ln42_5, i31 0" [firmware/nnet_utils/nnet_activation.h:45]   --->   Operation 47 'select' 'datareg_5' <Predicate = true> <Delay = 0.73> <CoreInst = "Sel">   --->   Core 73 'Sel' <Latency = 0> <II = 1> <Delay = 0.73> <FuncUnit> <Opcode : 'select'> <InPorts = 3> <OutPorts = 1>
ST_2 : Operation 48 [1/1] (2.55ns)   --->   "%icmp_ln45_6 = icmp_sgt  i32 %p_read622, i32 0" [firmware/nnet_utils/nnet_activation.h:45]   --->   Operation 48 'icmp' 'icmp_ln45_6' <Predicate = true> <Delay = 2.55> <CoreInst = "Cmp">   --->   Core 9 'Cmp' <Latency = 0> <II = 1> <Delay = 2.55> <FuncUnit> <Opcode : 'icmp'> <InPorts = 2> <OutPorts = 1>
ST_2 : Operation 49 [1/1] (0.73ns)   --->   "%datareg_6 = select i1 %icmp_ln45_6, i31 %trunc_ln42_6, i31 0" [firmware/nnet_utils/nnet_activation.h:45]   --->   Operation 49 'select' 'datareg_6' <Predicate = true> <Delay = 0.73> <CoreInst = "Sel">   --->   Core 73 'Sel' <Latency = 0> <II = 1> <Delay = 0.73> <FuncUnit> <Opcode : 'select'> <InPorts = 3> <OutPorts = 1>
ST_2 : Operation 50 [1/1] (2.55ns)   --->   "%icmp_ln45_7 = icmp_sgt  i32 %p_read723, i32 0" [firmware/nnet_utils/nnet_activation.h:45]   --->   Operation 50 'icmp' 'icmp_ln45_7' <Predicate = true> <Delay = 2.55> <CoreInst = "Cmp">   --->   Core 9 'Cmp' <Latency = 0> <II = 1> <Delay = 2.55> <FuncUnit> <Opcode : 'icmp'> <InPorts = 2> <OutPorts = 1>
ST_2 : Operation 51 [1/1] (0.73ns)   --->   "%datareg_7 = select i1 %icmp_ln45_7, i31 %trunc_ln42_7, i31 0" [firmware/nnet_utils/nnet_activation.h:45]   --->   Operation 51 'select' 'datareg_7' <Predicate = true> <Delay = 0.73> <CoreInst = "Sel">   --->   Core 73 'Sel' <Latency = 0> <II = 1> <Delay = 0.73> <FuncUnit> <Opcode : 'select'> <InPorts = 3> <OutPorts = 1>
ST_2 : Operation 52 [1/1] (2.55ns)   --->   "%icmp_ln45_8 = icmp_sgt  i32 %p_read824, i32 0" [firmware/nnet_utils/nnet_activation.h:45]   --->   Operation 52 'icmp' 'icmp_ln45_8' <Predicate = true> <Delay = 2.55> <CoreInst = "Cmp">   --->   Core 9 'Cmp' <Latency = 0> <II = 1> <Delay = 2.55> <FuncUnit> <Opcode : 'icmp'> <InPorts = 2> <OutPorts = 1>
ST_2 : Operation 53 [1/1] (0.73ns)   --->   "%datareg_8 = select i1 %icmp_ln45_8, i31 %trunc_ln42_8, i31 0" [firmware/nnet_utils/nnet_activation.h:45]   --->   Operation 53 'select' 'datareg_8' <Predicate = true> <Delay = 0.73> <CoreInst = "Sel">   --->   Core 73 'Sel' <Latency = 0> <II = 1> <Delay = 0.73> <FuncUnit> <Opcode : 'select'> <InPorts = 3> <OutPorts = 1>
ST_2 : Operation 54 [1/1] (2.55ns)   --->   "%icmp_ln45_9 = icmp_sgt  i32 %p_read925, i32 0" [firmware/nnet_utils/nnet_activation.h:45]   --->   Operation 54 'icmp' 'icmp_ln45_9' <Predicate = true> <Delay = 2.55> <CoreInst = "Cmp">   --->   Core 9 'Cmp' <Latency = 0> <II = 1> <Delay = 2.55> <FuncUnit> <Opcode : 'icmp'> <InPorts = 2> <OutPorts = 1>
ST_2 : Operation 55 [1/1] (0.73ns)   --->   "%datareg_9 = select i1 %icmp_ln45_9, i31 %trunc_ln42_9, i31 0" [firmware/nnet_utils/nnet_activation.h:45]   --->   Operation 55 'select' 'datareg_9' <Predicate = true> <Delay = 0.73> <CoreInst = "Sel">   --->   Core 73 'Sel' <Latency = 0> <II = 1> <Delay = 0.73> <FuncUnit> <Opcode : 'select'> <InPorts = 3> <OutPorts = 1>
ST_2 : Operation 56 [1/1] (2.55ns)   --->   "%icmp_ln45_10 = icmp_sgt  i32 %p_read1026, i32 0" [firmware/nnet_utils/nnet_activation.h:45]   --->   Operation 56 'icmp' 'icmp_ln45_10' <Predicate = true> <Delay = 2.55> <CoreInst = "Cmp">   --->   Core 9 'Cmp' <Latency = 0> <II = 1> <Delay = 2.55> <FuncUnit> <Opcode : 'icmp'> <InPorts = 2> <OutPorts = 1>
ST_2 : Operation 57 [1/1] (0.73ns)   --->   "%datareg_10 = select i1 %icmp_ln45_10, i31 %trunc_ln42_10, i31 0" [firmware/nnet_utils/nnet_activation.h:45]   --->   Operation 57 'select' 'datareg_10' <Predicate = true> <Delay = 0.73> <CoreInst = "Sel">   --->   Core 73 'Sel' <Latency = 0> <II = 1> <Delay = 0.73> <FuncUnit> <Opcode : 'select'> <InPorts = 3> <OutPorts = 1>
ST_2 : Operation 58 [1/1] (2.55ns)   --->   "%icmp_ln45_11 = icmp_sgt  i32 %p_read_69, i32 0" [firmware/nnet_utils/nnet_activation.h:45]   --->   Operation 58 'icmp' 'icmp_ln45_11' <Predicate = true> <Delay = 2.55> <CoreInst = "Cmp">   --->   Core 9 'Cmp' <Latency = 0> <II = 1> <Delay = 2.55> <FuncUnit> <Opcode : 'icmp'> <InPorts = 2> <OutPorts = 1>
ST_2 : Operation 59 [1/1] (0.73ns)   --->   "%datareg_11 = select i1 %icmp_ln45_11, i31 %trunc_ln42_11, i31 0" [firmware/nnet_utils/nnet_activation.h:45]   --->   Operation 59 'select' 'datareg_11' <Predicate = true> <Delay = 0.73> <CoreInst = "Sel">   --->   Core 73 'Sel' <Latency = 0> <II = 1> <Delay = 0.73> <FuncUnit> <Opcode : 'select'> <InPorts = 3> <OutPorts = 1>
ST_2 : Operation 60 [1/1] (2.55ns)   --->   "%icmp_ln45_12 = icmp_sgt  i32 %p_read_68, i32 0" [firmware/nnet_utils/nnet_activation.h:45]   --->   Operation 60 'icmp' 'icmp_ln45_12' <Predicate = true> <Delay = 2.55> <CoreInst = "Cmp">   --->   Core 9 'Cmp' <Latency = 0> <II = 1> <Delay = 2.55> <FuncUnit> <Opcode : 'icmp'> <InPorts = 2> <OutPorts = 1>
ST_2 : Operation 61 [1/1] (0.73ns)   --->   "%datareg_12 = select i1 %icmp_ln45_12, i31 %trunc_ln42_12, i31 0" [firmware/nnet_utils/nnet_activation.h:45]   --->   Operation 61 'select' 'datareg_12' <Predicate = true> <Delay = 0.73> <CoreInst = "Sel">   --->   Core 73 'Sel' <Latency = 0> <II = 1> <Delay = 0.73> <FuncUnit> <Opcode : 'select'> <InPorts = 3> <OutPorts = 1>
ST_2 : Operation 62 [1/1] (2.55ns)   --->   "%icmp_ln45_13 = icmp_sgt  i32 %p_read_67, i32 0" [firmware/nnet_utils/nnet_activation.h:45]   --->   Operation 62 'icmp' 'icmp_ln45_13' <Predicate = true> <Delay = 2.55> <CoreInst = "Cmp">   --->   Core 9 'Cmp' <Latency = 0> <II = 1> <Delay = 2.55> <FuncUnit> <Opcode : 'icmp'> <InPorts = 2> <OutPorts = 1>
ST_2 : Operation 63 [1/1] (0.73ns)   --->   "%datareg_13 = select i1 %icmp_ln45_13, i31 %trunc_ln42_13, i31 0" [firmware/nnet_utils/nnet_activation.h:45]   --->   Operation 63 'select' 'datareg_13' <Predicate = true> <Delay = 0.73> <CoreInst = "Sel">   --->   Core 73 'Sel' <Latency = 0> <II = 1> <Delay = 0.73> <FuncUnit> <Opcode : 'select'> <InPorts = 3> <OutPorts = 1>
ST_2 : Operation 64 [1/1] (2.55ns)   --->   "%icmp_ln45_14 = icmp_sgt  i32 %p_read_66, i32 0" [firmware/nnet_utils/nnet_activation.h:45]   --->   Operation 64 'icmp' 'icmp_ln45_14' <Predicate = true> <Delay = 2.55> <CoreInst = "Cmp">   --->   Core 9 'Cmp' <Latency = 0> <II = 1> <Delay = 2.55> <FuncUnit> <Opcode : 'icmp'> <InPorts = 2> <OutPorts = 1>
ST_2 : Operation 65 [1/1] (0.73ns)   --->   "%datareg_14 = select i1 %icmp_ln45_14, i31 %trunc_ln42_14, i31 0" [firmware/nnet_utils/nnet_activation.h:45]   --->   Operation 65 'select' 'datareg_14' <Predicate = true> <Delay = 0.73> <CoreInst = "Sel">   --->   Core 73 'Sel' <Latency = 0> <II = 1> <Delay = 0.73> <FuncUnit> <Opcode : 'select'> <InPorts = 3> <OutPorts = 1>
ST_2 : Operation 66 [1/1] (2.55ns)   --->   "%icmp_ln45_15 = icmp_sgt  i32 %p_read_65, i32 0" [firmware/nnet_utils/nnet_activation.h:45]   --->   Operation 66 'icmp' 'icmp_ln45_15' <Predicate = true> <Delay = 2.55> <CoreInst = "Cmp">   --->   Core 9 'Cmp' <Latency = 0> <II = 1> <Delay = 2.55> <FuncUnit> <Opcode : 'icmp'> <InPorts = 2> <OutPorts = 1>
ST_2 : Operation 67 [1/1] (0.73ns)   --->   "%datareg_15 = select i1 %icmp_ln45_15, i31 %trunc_ln42_15, i31 0" [firmware/nnet_utils/nnet_activation.h:45]   --->   Operation 67 'select' 'datareg_15' <Predicate = true> <Delay = 0.73> <CoreInst = "Sel">   --->   Core 73 'Sel' <Latency = 0> <II = 1> <Delay = 0.73> <FuncUnit> <Opcode : 'select'> <InPorts = 3> <OutPorts = 1>
ST_2 : Operation 68 [1/1] (0.00ns)   --->   "%mrv = insertvalue i496 <undef>, i31 %datareg" [firmware/nnet_utils/nnet_activation.h:50]   --->   Operation 68 'insertvalue' 'mrv' <Predicate = true> <Delay = 0.00>
ST_2 : Operation 69 [1/1] (0.00ns)   --->   "%mrv_1 = insertvalue i496 %mrv, i31 %datareg_1" [firmware/nnet_utils/nnet_activation.h:50]   --->   Operation 69 'insertvalue' 'mrv_1' <Predicate = true> <Delay = 0.00>
ST_2 : Operation 70 [1/1] (0.00ns)   --->   "%mrv_2 = insertvalue i496 %mrv_1, i31 %datareg_2" [firmware/nnet_utils/nnet_activation.h:50]   --->   Operation 70 'insertvalue' 'mrv_2' <Predicate = true> <Delay = 0.00>
ST_2 : Operation 71 [1/1] (0.00ns)   --->   "%mrv_3 = insertvalue i496 %mrv_2, i31 %datareg_3" [firmware/nnet_utils/nnet_activation.h:50]   --->   Operation 71 'insertvalue' 'mrv_3' <Predicate = true> <Delay = 0.00>
ST_2 : Operation 72 [1/1] (0.00ns)   --->   "%mrv_4 = insertvalue i496 %mrv_3, i31 %datareg_4" [firmware/nnet_utils/nnet_activation.h:50]   --->   Operation 72 'insertvalue' 'mrv_4' <Predicate = true> <Delay = 0.00>
ST_2 : Operation 73 [1/1] (0.00ns)   --->   "%mrv_5 = insertvalue i496 %mrv_4, i31 %datareg_5" [firmware/nnet_utils/nnet_activation.h:50]   --->   Operation 73 'insertvalue' 'mrv_5' <Predicate = true> <Delay = 0.00>
ST_2 : Operation 74 [1/1] (0.00ns)   --->   "%mrv_6 = insertvalue i496 %mrv_5, i31 %datareg_6" [firmware/nnet_utils/nnet_activation.h:50]   --->   Operation 74 'insertvalue' 'mrv_6' <Predicate = true> <Delay = 0.00>
ST_2 : Operation 75 [1/1] (0.00ns)   --->   "%mrv_7 = insertvalue i496 %mrv_6, i31 %datareg_7" [firmware/nnet_utils/nnet_activation.h:50]   --->   Operation 75 'insertvalue' 'mrv_7' <Predicate = true> <Delay = 0.00>
ST_2 : Operation 76 [1/1] (0.00ns)   --->   "%mrv_8 = insertvalue i496 %mrv_7, i31 %datareg_8" [firmware/nnet_utils/nnet_activation.h:50]   --->   Operation 76 'insertvalue' 'mrv_8' <Predicate = true> <Delay = 0.00>
ST_2 : Operation 77 [1/1] (0.00ns)   --->   "%mrv_9 = insertvalue i496 %mrv_8, i31 %datareg_9" [firmware/nnet_utils/nnet_activation.h:50]   --->   Operation 77 'insertvalue' 'mrv_9' <Predicate = true> <Delay = 0.00>
ST_2 : Operation 78 [1/1] (0.00ns)   --->   "%mrv_s = insertvalue i496 %mrv_9, i31 %datareg_10" [firmware/nnet_utils/nnet_activation.h:50]   --->   Operation 78 'insertvalue' 'mrv_s' <Predicate = true> <Delay = 0.00>
ST_2 : Operation 79 [1/1] (0.00ns)   --->   "%mrv_10 = insertvalue i496 %mrv_s, i31 %datareg_11" [firmware/nnet_utils/nnet_activation.h:50]   --->   Operation 79 'insertvalue' 'mrv_10' <Predicate = true> <Delay = 0.00>
ST_2 : Operation 80 [1/1] (0.00ns)   --->   "%mrv_11 = insertvalue i496 %mrv_10, i31 %datareg_12" [firmware/nnet_utils/nnet_activation.h:50]   --->   Operation 80 'insertvalue' 'mrv_11' <Predicate = true> <Delay = 0.00>
ST_2 : Operation 81 [1/1] (0.00ns)   --->   "%mrv_12 = insertvalue i496 %mrv_11, i31 %datareg_13" [firmware/nnet_utils/nnet_activation.h:50]   --->   Operation 81 'insertvalue' 'mrv_12' <Predicate = true> <Delay = 0.00>
ST_2 : Operation 82 [1/1] (0.00ns)   --->   "%mrv_13 = insertvalue i496 %mrv_12, i31 %datareg_14" [firmware/nnet_utils/nnet_activation.h:50]   --->   Operation 82 'insertvalue' 'mrv_13' <Predicate = true> <Delay = 0.00>
ST_2 : Operation 83 [1/1] (0.00ns)   --->   "%mrv_14 = insertvalue i496 %mrv_13, i31 %datareg_15" [firmware/nnet_utils/nnet_activation.h:50]   --->   Operation 83 'insertvalue' 'mrv_14' <Predicate = true> <Delay = 0.00>
ST_2 : Operation 84 [1/1] (0.00ns)   --->   "%ret_ln50 = ret i496 %mrv_14" [firmware/nnet_utils/nnet_activation.h:50]   --->   Operation 84 'ret' 'ret_ln50' <Predicate = true> <Delay = 0.00>


============================================================
+ Verbose Summary: Binding
============================================================
STG Binding: 
---------------- STG Properties BEGIN ----------------
- Is combinational: 0
- Is one-state seq: 0
- Is datapath-only: 0
- Is pipelined: 1
- Is top level: 0
Port [ Return ] is wired: 1; IO mode=ap_ctrl_hs:ce=0
Port [ p_read]:  wired=1; compound=0; hidden=0; nouse=0; global=0; static=0; extern=0; dir=0; type=0; pingpong=0; private_global=0; IO mode=ap_none:ce=0
Port [ p_read1]:  wired=1; compound=0; hidden=0; nouse=0; global=0; static=0; extern=0; dir=0; type=0; pingpong=0; private_global=0; IO mode=ap_none:ce=0
Port [ p_read2]:  wired=1; compound=0; hidden=0; nouse=0; global=0; static=0; extern=0; dir=0; type=0; pingpong=0; private_global=0; IO mode=ap_none:ce=0
Port [ p_read3]:  wired=1; compound=0; hidden=0; nouse=0; global=0; static=0; extern=0; dir=0; type=0; pingpong=0; private_global=0; IO mode=ap_none:ce=0
Port [ p_read4]:  wired=1; compound=0; hidden=0; nouse=0; global=0; static=0; extern=0; dir=0; type=0; pingpong=0; private_global=0; IO mode=ap_none:ce=0
Port [ p_read5]:  wired=1; compound=0; hidden=0; nouse=0; global=0; static=0; extern=0; dir=0; type=0; pingpong=0; private_global=0; IO mode=ap_none:ce=0
Port [ p_read6]:  wired=1; compound=0; hidden=0; nouse=0; global=0; static=0; extern=0; dir=0; type=0; pingpong=0; private_global=0; IO mode=ap_none:ce=0
Port [ p_read7]:  wired=1; compound=0; hidden=0; nouse=0; global=0; static=0; extern=0; dir=0; type=0; pingpong=0; private_global=0; IO mode=ap_none:ce=0
Port [ p_read8]:  wired=1; compound=0; hidden=0; nouse=0; global=0; static=0; extern=0; dir=0; type=0; pingpong=0; private_global=0; IO mode=ap_none:ce=0
Port [ p_read9]:  wired=1; compound=0; hidden=0; nouse=0; global=0; static=0; extern=0; dir=0; type=0; pingpong=0; private_global=0; IO mode=ap_none:ce=0
Port [ p_read10]:  wired=1; compound=0; hidden=0; nouse=0; global=0; static=0; extern=0; dir=0; type=0; pingpong=0; private_global=0; IO mode=ap_none:ce=0
Port [ p_read11]:  wired=1; compound=0; hidden=0; nouse=0; global=0; static=0; extern=0; dir=0; type=0; pingpong=0; private_global=0; IO mode=ap_none:ce=0
Port [ p_read12]:  wired=1; compound=0; hidden=0; nouse=0; global=0; static=0; extern=0; dir=0; type=0; pingpong=0; private_global=0; IO mode=ap_none:ce=0
Port [ p_read13]:  wired=1; compound=0; hidden=0; nouse=0; global=0; static=0; extern=0; dir=0; type=0; pingpong=0; private_global=0; IO mode=ap_none:ce=0
Port [ p_read14]:  wired=1; compound=0; hidden=0; nouse=0; global=0; static=0; extern=0; dir=0; type=0; pingpong=0; private_global=0; IO mode=ap_none:ce=0
Port [ p_read15]:  wired=1; compound=0; hidden=0; nouse=0; global=0; static=0; extern=0; dir=0; type=0; pingpong=0; private_global=0; IO mode=ap_none:ce=0
---------------- STG Properties END ------------------

---------------- Datapath Model BEGIN ----------------

<LifeTime>
<method=bitvector/>
p_read_65         (read        ) [ 011]
p_read_66         (read        ) [ 011]
p_read_67         (read        ) [ 011]
p_read_68         (read        ) [ 011]
p_read_69         (read        ) [ 011]
p_read1026        (read        ) [ 011]
p_read925         (read        ) [ 011]
p_read824         (read        ) [ 011]
p_read723         (read        ) [ 011]
p_read622         (read        ) [ 011]
p_read521         (read        ) [ 011]
p_read420         (read        ) [ 011]
p_read319         (read        ) [ 011]
p_read218         (read        ) [ 011]
p_read117         (read        ) [ 011]
p_read16          (read        ) [ 011]
trunc_ln42        (trunc       ) [ 011]
trunc_ln42_1      (trunc       ) [ 011]
trunc_ln42_2      (trunc       ) [ 011]
trunc_ln42_3      (trunc       ) [ 011]
trunc_ln42_4      (trunc       ) [ 011]
trunc_ln42_5      (trunc       ) [ 011]
trunc_ln42_6      (trunc       ) [ 011]
trunc_ln42_7      (trunc       ) [ 011]
trunc_ln42_8      (trunc       ) [ 011]
trunc_ln42_9      (trunc       ) [ 011]
trunc_ln42_10     (trunc       ) [ 011]
trunc_ln42_11     (trunc       ) [ 011]
trunc_ln42_12     (trunc       ) [ 011]
trunc_ln42_13     (trunc       ) [ 011]
trunc_ln42_14     (trunc       ) [ 011]
trunc_ln42_15     (trunc       ) [ 011]
specpipeline_ln40 (specpipeline) [ 000]
icmp_ln45         (icmp        ) [ 000]
datareg           (select      ) [ 000]
icmp_ln45_1       (icmp        ) [ 000]
datareg_1         (select      ) [ 000]
icmp_ln45_2       (icmp        ) [ 000]
datareg_2         (select      ) [ 000]
icmp_ln45_3       (icmp        ) [ 000]
datareg_3         (select      ) [ 000]
icmp_ln45_4       (icmp        ) [ 000]
datareg_4         (select      ) [ 000]
icmp_ln45_5       (icmp        ) [ 000]
datareg_5         (select      ) [ 000]
icmp_ln45_6       (icmp        ) [ 000]
datareg_6         (select      ) [ 000]
icmp_ln45_7       (icmp        ) [ 000]
datareg_7         (select      ) [ 000]
icmp_ln45_8       (icmp        ) [ 000]
datareg_8         (select      ) [ 000]
icmp_ln45_9       (icmp        ) [ 000]
datareg_9         (select      ) [ 000]
icmp_ln45_10      (icmp        ) [ 000]
datareg_10        (select      ) [ 000]
icmp_ln45_11      (icmp        ) [ 000]
datareg_11        (select      ) [ 000]
icmp_ln45_12      (icmp        ) [ 000]
datareg_12        (select      ) [ 000]
icmp_ln45_13      (icmp        ) [ 000]
datareg_13        (select      ) [ 000]
icmp_ln45_14      (icmp        ) [ 000]
datareg_14        (select      ) [ 000]
icmp_ln45_15      (icmp        ) [ 000]
datareg_15        (select      ) [ 000]
mrv               (insertvalue ) [ 000]
mrv_1             (insertvalue ) [ 000]
mrv_2             (insertvalue ) [ 000]
mrv_3             (insertvalue ) [ 000]
mrv_4             (insertvalue ) [ 000]
mrv_5             (insertvalue ) [ 000]
mrv_6             (insertvalue ) [ 000]
mrv_7             (insertvalue ) [ 000]
mrv_8             (insertvalue ) [ 000]
mrv_9             (insertvalue ) [ 000]
mrv_s             (insertvalue ) [ 000]
mrv_10            (insertvalue ) [ 000]
mrv_11            (insertvalue ) [ 000]
mrv_12            (insertvalue ) [ 000]
mrv_13            (insertvalue ) [ 000]
mrv_14            (insertvalue ) [ 000]
ret_ln50          (ret         ) [ 000]
</LifeTime>

<model>

<comp_list>
<comp id="0" class="1000" name="p_read">
<pin_list>
<pin id="1" dir="1" index="0" bw="1" slack="0"/>
</pin_list>
<bind>
<StgValue><ssdm name="p_read"/></StgValue>
</bind>
</comp>

<comp id="2" class="1000" name="p_read1">
<pin_list>
<pin id="3" dir="1" index="0" bw="1" slack="0"/>
</pin_list>
<bind>
<StgValue><ssdm name="p_read1"/></StgValue>
</bind>
</comp>

<comp id="4" class="1000" name="p_read2">
<pin_list>
<pin id="5" dir="1" index="0" bw="1" slack="0"/>
</pin_list>
<bind>
<StgValue><ssdm name="p_read2"/></StgValue>
</bind>
</comp>

<comp id="6" class="1000" name="p_read3">
<pin_list>
<pin id="7" dir="1" index="0" bw="1" slack="0"/>
</pin_list>
<bind>
<StgValue><ssdm name="p_read3"/></StgValue>
</bind>
</comp>

<comp id="8" class="1000" name="p_read4">
<pin_list>
<pin id="9" dir="1" index="0" bw="1" slack="0"/>
</pin_list>
<bind>
<StgValue><ssdm name="p_read4"/></StgValue>
</bind>
</comp>

<comp id="10" class="1000" name="p_read5">
<pin_list>
<pin id="11" dir="1" index="0" bw="1" slack="0"/>
</pin_list>
<bind>
<StgValue><ssdm name="p_read5"/></StgValue>
</bind>
</comp>

<comp id="12" class="1000" name="p_read6">
<pin_list>
<pin id="13" dir="1" index="0" bw="1" slack="0"/>
</pin_list>
<bind>
<StgValue><ssdm name="p_read6"/></StgValue>
</bind>
</comp>

<comp id="14" class="1000" name="p_read7">
<pin_list>
<pin id="15" dir="1" index="0" bw="1" slack="0"/>
</pin_list>
<bind>
<StgValue><ssdm name="p_read7"/></StgValue>
</bind>
</comp>

<comp id="16" class="1000" name="p_read8">
<pin_list>
<pin id="17" dir="1" index="0" bw="1" slack="0"/>
</pin_list>
<bind>
<StgValue><ssdm name="p_read8"/></StgValue>
</bind>
</comp>

<comp id="18" class="1000" name="p_read9">
<pin_list>
<pin id="19" dir="1" index="0" bw="1" slack="0"/>
</pin_list>
<bind>
<StgValue><ssdm name="p_read9"/></StgValue>
</bind>
</comp>

<comp id="20" class="1000" name="p_read10">
<pin_list>
<pin id="21" dir="1" index="0" bw="1" slack="0"/>
</pin_list>
<bind>
<StgValue><ssdm name="p_read10"/></StgValue>
</bind>
</comp>

<comp id="22" class="1000" name="p_read11">
<pin_list>
<pin id="23" dir="1" index="0" bw="1" slack="0"/>
</pin_list>
<bind>
<StgValue><ssdm name="p_read11"/></StgValue>
</bind>
</comp>

<comp id="24" class="1000" name="p_read12">
<pin_list>
<pin id="25" dir="1" index="0" bw="1" slack="0"/>
</pin_list>
<bind>
<StgValue><ssdm name="p_read12"/></StgValue>
</bind>
</comp>

<comp id="26" class="1000" name="p_read13">
<pin_list>
<pin id="27" dir="1" index="0" bw="1" slack="0"/>
</pin_list>
<bind>
<StgValue><ssdm name="p_read13"/></StgValue>
</bind>
</comp>

<comp id="28" class="1000" name="p_read14">
<pin_list>
<pin id="29" dir="1" index="0" bw="1" slack="0"/>
</pin_list>
<bind>
<StgValue><ssdm name="p_read14"/></StgValue>
</bind>
</comp>

<comp id="30" class="1000" name="p_read15">
<pin_list>
<pin id="31" dir="1" index="0" bw="1" slack="0"/>
</pin_list>
<bind>
<StgValue><ssdm name="p_read15"/></StgValue>
</bind>
</comp>

<comp id="32" class="1001" name="const_32">
<pin_list>
<pin id="33" dir="1" index="0" bw="1" slack="0"/>
</pin_list>
<bind>
<StgValue><ssdm name="_ssdm_op_Read.ap_auto.i32"/></StgValue>
</bind>
</comp>

<comp id="34" class="1001" name="const_34">
<pin_list>
<pin id="35" dir="1" index="0" bw="1" slack="2147483647"/>
</pin_list>
<bind>
<StgValue><ssdm name="_ssdm_op_SpecPipeline"/></StgValue>
</bind>
</comp>

<comp id="36" class="1001" name="const_36">
<pin_list>
<pin id="37" dir="1" index="0" bw="1" slack="2147483647"/>
</pin_list>
<bind>
<StgValue><ssdm name=""/></StgValue>
</bind>
</comp>

<comp id="38" class="1001" name="const_38">
<pin_list>
<pin id="39" dir="1" index="0" bw="1" slack="0"/>
</pin_list>
<bind>
<StgValue><ssdm name=""/></StgValue>
</bind>
</comp>

<comp id="40" class="1001" name="const_40">
<pin_list>
<pin id="41" dir="1" index="0" bw="1" slack="2147483647"/>
</pin_list>
<bind>
<StgValue><ssdm name="empty_0"/></StgValue>
</bind>
</comp>

<comp id="42" class="1001" name="const_42">
<pin_list>
<pin id="43" dir="1" index="0" bw="1" slack="0"/>
</pin_list>
<bind>
<StgValue><ssdm name=""/></StgValue>
</bind>
</comp>

<comp id="44" class="1001" name="const_44">
<pin_list>
<pin id="45" dir="1" index="0" bw="1" slack="0"/>
</pin_list>
<bind>
<StgValue><ssdm name=""/></StgValue>
</bind>
</comp>

<comp id="46" class="1004" name="p_read_65_read_fu_46">
<pin_list>
<pin id="47" dir="0" index="0" bw="32" slack="0"/>
<pin id="48" dir="0" index="1" bw="32" slack="0"/>
<pin id="49" dir="1" index="2" bw="32" slack="0"/>
</pin_list>
<bind>
<opcode="read(1150) " fcode="read"/>
<opset="p_read_65/1 "/>
</bind>
</comp>

<comp id="52" class="1004" name="p_read_66_read_fu_52">
<pin_list>
<pin id="53" dir="0" index="0" bw="32" slack="0"/>
<pin id="54" dir="0" index="1" bw="32" slack="0"/>
<pin id="55" dir="1" index="2" bw="32" slack="0"/>
</pin_list>
<bind>
<opcode="read(1150) " fcode="read"/>
<opset="p_read_66/1 "/>
</bind>
</comp>

<comp id="58" class="1004" name="p_read_67_read_fu_58">
<pin_list>
<pin id="59" dir="0" index="0" bw="32" slack="0"/>
<pin id="60" dir="0" index="1" bw="32" slack="0"/>
<pin id="61" dir="1" index="2" bw="32" slack="0"/>
</pin_list>
<bind>
<opcode="read(1150) " fcode="read"/>
<opset="p_read_67/1 "/>
</bind>
</comp>

<comp id="64" class="1004" name="p_read_68_read_fu_64">
<pin_list>
<pin id="65" dir="0" index="0" bw="32" slack="0"/>
<pin id="66" dir="0" index="1" bw="32" slack="0"/>
<pin id="67" dir="1" index="2" bw="32" slack="0"/>
</pin_list>
<bind>
<opcode="read(1150) " fcode="read"/>
<opset="p_read_68/1 "/>
</bind>
</comp>

<comp id="70" class="1004" name="p_read_69_read_fu_70">
<pin_list>
<pin id="71" dir="0" index="0" bw="32" slack="0"/>
<pin id="72" dir="0" index="1" bw="32" slack="0"/>
<pin id="73" dir="1" index="2" bw="32" slack="0"/>
</pin_list>
<bind>
<opcode="read(1150) " fcode="read"/>
<opset="p_read_69/1 "/>
</bind>
</comp>

<comp id="76" class="1004" name="p_read1026_read_fu_76">
<pin_list>
<pin id="77" dir="0" index="0" bw="32" slack="0"/>
<pin id="78" dir="0" index="1" bw="32" slack="0"/>
<pin id="79" dir="1" index="2" bw="32" slack="0"/>
</pin_list>
<bind>
<opcode="read(1150) " fcode="read"/>
<opset="p_read1026/1 "/>
</bind>
</comp>

<comp id="82" class="1004" name="p_read925_read_fu_82">
<pin_list>
<pin id="83" dir="0" index="0" bw="32" slack="0"/>
<pin id="84" dir="0" index="1" bw="32" slack="0"/>
<pin id="85" dir="1" index="2" bw="32" slack="0"/>
</pin_list>
<bind>
<opcode="read(1150) " fcode="read"/>
<opset="p_read925/1 "/>
</bind>
</comp>

<comp id="88" class="1004" name="p_read824_read_fu_88">
<pin_list>
<pin id="89" dir="0" index="0" bw="32" slack="0"/>
<pin id="90" dir="0" index="1" bw="32" slack="0"/>
<pin id="91" dir="1" index="2" bw="32" slack="0"/>
</pin_list>
<bind>
<opcode="read(1150) " fcode="read"/>
<opset="p_read824/1 "/>
</bind>
</comp>

<comp id="94" class="1004" name="p_read723_read_fu_94">
<pin_list>
<pin id="95" dir="0" index="0" bw="32" slack="0"/>
<pin id="96" dir="0" index="1" bw="32" slack="0"/>
<pin id="97" dir="1" index="2" bw="32" slack="0"/>
</pin_list>
<bind>
<opcode="read(1150) " fcode="read"/>
<opset="p_read723/1 "/>
</bind>
</comp>

<comp id="100" class="1004" name="p_read622_read_fu_100">
<pin_list>
<pin id="101" dir="0" index="0" bw="32" slack="0"/>
<pin id="102" dir="0" index="1" bw="32" slack="0"/>
<pin id="103" dir="1" index="2" bw="32" slack="0"/>
</pin_list>
<bind>
<opcode="read(1150) " fcode="read"/>
<opset="p_read622/1 "/>
</bind>
</comp>

<comp id="106" class="1004" name="p_read521_read_fu_106">
<pin_list>
<pin id="107" dir="0" index="0" bw="32" slack="0"/>
<pin id="108" dir="0" index="1" bw="32" slack="0"/>
<pin id="109" dir="1" index="2" bw="32" slack="0"/>
</pin_list>
<bind>
<opcode="read(1150) " fcode="read"/>
<opset="p_read521/1 "/>
</bind>
</comp>

<comp id="112" class="1004" name="p_read420_read_fu_112">
<pin_list>
<pin id="113" dir="0" index="0" bw="32" slack="0"/>
<pin id="114" dir="0" index="1" bw="32" slack="0"/>
<pin id="115" dir="1" index="2" bw="32" slack="0"/>
</pin_list>
<bind>
<opcode="read(1150) " fcode="read"/>
<opset="p_read420/1 "/>
</bind>
</comp>

<comp id="118" class="1004" name="p_read319_read_fu_118">
<pin_list>
<pin id="119" dir="0" index="0" bw="32" slack="0"/>
<pin id="120" dir="0" index="1" bw="32" slack="0"/>
<pin id="121" dir="1" index="2" bw="32" slack="0"/>
</pin_list>
<bind>
<opcode="read(1150) " fcode="read"/>
<opset="p_read319/1 "/>
</bind>
</comp>

<comp id="124" class="1004" name="p_read218_read_fu_124">
<pin_list>
<pin id="125" dir="0" index="0" bw="32" slack="0"/>
<pin id="126" dir="0" index="1" bw="32" slack="0"/>
<pin id="127" dir="1" index="2" bw="32" slack="0"/>
</pin_list>
<bind>
<opcode="read(1150) " fcode="read"/>
<opset="p_read218/1 "/>
</bind>
</comp>

<comp id="130" class="1004" name="p_read117_read_fu_130">
<pin_list>
<pin id="131" dir="0" index="0" bw="32" slack="0"/>
<pin id="132" dir="0" index="1" bw="32" slack="0"/>
<pin id="133" dir="1" index="2" bw="32" slack="0"/>
</pin_list>
<bind>
<opcode="read(1150) " fcode="read"/>
<opset="p_read117/1 "/>
</bind>
</comp>

<comp id="136" class="1004" name="p_read16_read_fu_136">
<pin_list>
<pin id="137" dir="0" index="0" bw="32" slack="0"/>
<pin id="138" dir="0" index="1" bw="32" slack="0"/>
<pin id="139" dir="1" index="2" bw="32" slack="0"/>
</pin_list>
<bind>
<opcode="read(1150) " fcode="read"/>
<opset="p_read16/1 "/>
</bind>
</comp>

<comp id="142" class="1004" name="trunc_ln42_fu_142">
<pin_list>
<pin id="143" dir="0" index="0" bw="32" slack="0"/>
<pin id="144" dir="1" index="1" bw="31" slack="1"/>
</pin_list>
<bind>
<opcode="trunc(33) " fcode="trunc"/>
<opset="trunc_ln42/1 "/>
</bind>
</comp>

<comp id="146" class="1004" name="trunc_ln42_1_fu_146">
<pin_list>
<pin id="147" dir="0" index="0" bw="32" slack="0"/>
<pin id="148" dir="1" index="1" bw="31" slack="1"/>
</pin_list>
<bind>
<opcode="trunc(33) " fcode="trunc"/>
<opset="trunc_ln42_1/1 "/>
</bind>
</comp>

<comp id="150" class="1004" name="trunc_ln42_2_fu_150">
<pin_list>
<pin id="151" dir="0" index="0" bw="32" slack="0"/>
<pin id="152" dir="1" index="1" bw="31" slack="1"/>
</pin_list>
<bind>
<opcode="trunc(33) " fcode="trunc"/>
<opset="trunc_ln42_2/1 "/>
</bind>
</comp>

<comp id="154" class="1004" name="trunc_ln42_3_fu_154">
<pin_list>
<pin id="155" dir="0" index="0" bw="32" slack="0"/>
<pin id="156" dir="1" index="1" bw="31" slack="1"/>
</pin_list>
<bind>
<opcode="trunc(33) " fcode="trunc"/>
<opset="trunc_ln42_3/1 "/>
</bind>
</comp>

<comp id="158" class="1004" name="trunc_ln42_4_fu_158">
<pin_list>
<pin id="159" dir="0" index="0" bw="32" slack="0"/>
<pin id="160" dir="1" index="1" bw="31" slack="1"/>
</pin_list>
<bind>
<opcode="trunc(33) " fcode="trunc"/>
<opset="trunc_ln42_4/1 "/>
</bind>
</comp>

<comp id="162" class="1004" name="trunc_ln42_5_fu_162">
<pin_list>
<pin id="163" dir="0" index="0" bw="32" slack="0"/>
<pin id="164" dir="1" index="1" bw="31" slack="1"/>
</pin_list>
<bind>
<opcode="trunc(33) " fcode="trunc"/>
<opset="trunc_ln42_5/1 "/>
</bind>
</comp>

<comp id="166" class="1004" name="trunc_ln42_6_fu_166">
<pin_list>
<pin id="167" dir="0" index="0" bw="32" slack="0"/>
<pin id="168" dir="1" index="1" bw="31" slack="1"/>
</pin_list>
<bind>
<opcode="trunc(33) " fcode="trunc"/>
<opset="trunc_ln42_6/1 "/>
</bind>
</comp>

<comp id="170" class="1004" name="trunc_ln42_7_fu_170">
<pin_list>
<pin id="171" dir="0" index="0" bw="32" slack="0"/>
<pin id="172" dir="1" index="1" bw="31" slack="1"/>
</pin_list>
<bind>
<opcode="trunc(33) " fcode="trunc"/>
<opset="trunc_ln42_7/1 "/>
</bind>
</comp>

<comp id="174" class="1004" name="trunc_ln42_8_fu_174">
<pin_list>
<pin id="175" dir="0" index="0" bw="32" slack="0"/>
<pin id="176" dir="1" index="1" bw="31" slack="1"/>
</pin_list>
<bind>
<opcode="trunc(33) " fcode="trunc"/>
<opset="trunc_ln42_8/1 "/>
</bind>
</comp>

<comp id="178" class="1004" name="trunc_ln42_9_fu_178">
<pin_list>
<pin id="179" dir="0" index="0" bw="32" slack="0"/>
<pin id="180" dir="1" index="1" bw="31" slack="1"/>
</pin_list>
<bind>
<opcode="trunc(33) " fcode="trunc"/>
<opset="trunc_ln42_9/1 "/>
</bind>
</comp>

<comp id="182" class="1004" name="trunc_ln42_10_fu_182">
<pin_list>
<pin id="183" dir="0" index="0" bw="32" slack="0"/>
<pin id="184" dir="1" index="1" bw="31" slack="1"/>
</pin_list>
<bind>
<opcode="trunc(33) " fcode="trunc"/>
<opset="trunc_ln42_10/1 "/>
</bind>
</comp>

<comp id="186" class="1004" name="trunc_ln42_11_fu_186">
<pin_list>
<pin id="187" dir="0" index="0" bw="32" slack="0"/>
<pin id="188" dir="1" index="1" bw="31" slack="1"/>
</pin_list>
<bind>
<opcode="trunc(33) " fcode="trunc"/>
<opset="trunc_ln42_11/1 "/>
</bind>
</comp>

<comp id="190" class="1004" name="trunc_ln42_12_fu_190">
<pin_list>
<pin id="191" dir="0" index="0" bw="32" slack="0"/>
<pin id="192" dir="1" index="1" bw="31" slack="1"/>
</pin_list>
<bind>
<opcode="trunc(33) " fcode="trunc"/>
<opset="trunc_ln42_12/1 "/>
</bind>
</comp>

<comp id="194" class="1004" name="trunc_ln42_13_fu_194">
<pin_list>
<pin id="195" dir="0" index="0" bw="32" slack="0"/>
<pin id="196" dir="1" index="1" bw="31" slack="1"/>
</pin_list>
<bind>
<opcode="trunc(33) " fcode="trunc"/>
<opset="trunc_ln42_13/1 "/>
</bind>
</comp>

<comp id="198" class="1004" name="trunc_ln42_14_fu_198">
<pin_list>
<pin id="199" dir="0" index="0" bw="32" slack="0"/>
<pin id="200" dir="1" index="1" bw="31" slack="1"/>
</pin_list>
<bind>
<opcode="trunc(33) " fcode="trunc"/>
<opset="trunc_ln42_14/1 "/>
</bind>
</comp>

<comp id="202" class="1004" name="trunc_ln42_15_fu_202">
<pin_list>
<pin id="203" dir="0" index="0" bw="32" slack="0"/>
<pin id="204" dir="1" index="1" bw="31" slack="1"/>
</pin_list>
<bind>
<opcode="trunc(33) " fcode="trunc"/>
<opset="trunc_ln42_15/1 "/>
</bind>
</comp>

<comp id="206" class="1004" name="icmp_ln45_fu_206">
<pin_list>
<pin id="207" dir="0" index="0" bw="32" slack="1"/>
<pin id="208" dir="0" index="1" bw="1" slack="0"/>
<pin id="209" dir="1" index="2" bw="1" slack="0"/>
</pin_list>
<bind>
<opcode="icmp(45) " fcode="icmp"/>
<opset="icmp_ln45/2 "/>
</bind>
</comp>

<comp id="211" class="1004" name="datareg_fu_211">
<pin_list>
<pin id="212" dir="0" index="0" bw="1" slack="0"/>
<pin id="213" dir="0" index="1" bw="31" slack="1"/>
<pin id="214" dir="0" index="2" bw="1" slack="0"/>
<pin id="215" dir="1" index="3" bw="31" slack="0"/>
</pin_list>
<bind>
<opcode="select(49) " fcode="select"/>
<opset="datareg/2 "/>
</bind>
</comp>

<comp id="218" class="1004" name="icmp_ln45_1_fu_218">
<pin_list>
<pin id="219" dir="0" index="0" bw="32" slack="1"/>
<pin id="220" dir="0" index="1" bw="1" slack="0"/>
<pin id="221" dir="1" index="2" bw="1" slack="0"/>
</pin_list>
<bind>
<opcode="icmp(45) " fcode="icmp"/>
<opset="icmp_ln45_1/2 "/>
</bind>
</comp>

<comp id="223" class="1004" name="datareg_1_fu_223">
<pin_list>
<pin id="224" dir="0" index="0" bw="1" slack="0"/>
<pin id="225" dir="0" index="1" bw="31" slack="1"/>
<pin id="226" dir="0" index="2" bw="1" slack="0"/>
<pin id="227" dir="1" index="3" bw="31" slack="0"/>
</pin_list>
<bind>
<opcode="select(49) " fcode="select"/>
<opset="datareg_1/2 "/>
</bind>
</comp>

<comp id="230" class="1004" name="icmp_ln45_2_fu_230">
<pin_list>
<pin id="231" dir="0" index="0" bw="32" slack="1"/>
<pin id="232" dir="0" index="1" bw="1" slack="0"/>
<pin id="233" dir="1" index="2" bw="1" slack="0"/>
</pin_list>
<bind>
<opcode="icmp(45) " fcode="icmp"/>
<opset="icmp_ln45_2/2 "/>
</bind>
</comp>

<comp id="235" class="1004" name="datareg_2_fu_235">
<pin_list>
<pin id="236" dir="0" index="0" bw="1" slack="0"/>
<pin id="237" dir="0" index="1" bw="31" slack="1"/>
<pin id="238" dir="0" index="2" bw="1" slack="0"/>
<pin id="239" dir="1" index="3" bw="31" slack="0"/>
</pin_list>
<bind>
<opcode="select(49) " fcode="select"/>
<opset="datareg_2/2 "/>
</bind>
</comp>

<comp id="242" class="1004" name="icmp_ln45_3_fu_242">
<pin_list>
<pin id="243" dir="0" index="0" bw="32" slack="1"/>
<pin id="244" dir="0" index="1" bw="1" slack="0"/>
<pin id="245" dir="1" index="2" bw="1" slack="0"/>
</pin_list>
<bind>
<opcode="icmp(45) " fcode="icmp"/>
<opset="icmp_ln45_3/2 "/>
</bind>
</comp>

<comp id="247" class="1004" name="datareg_3_fu_247">
<pin_list>
<pin id="248" dir="0" index="0" bw="1" slack="0"/>
<pin id="249" dir="0" index="1" bw="31" slack="1"/>
<pin id="250" dir="0" index="2" bw="1" slack="0"/>
<pin id="251" dir="1" index="3" bw="31" slack="0"/>
</pin_list>
<bind>
<opcode="select(49) " fcode="select"/>
<opset="datareg_3/2 "/>
</bind>
</comp>

<comp id="254" class="1004" name="icmp_ln45_4_fu_254">
<pin_list>
<pin id="255" dir="0" index="0" bw="32" slack="1"/>
<pin id="256" dir="0" index="1" bw="1" slack="0"/>
<pin id="257" dir="1" index="2" bw="1" slack="0"/>
</pin_list>
<bind>
<opcode="icmp(45) " fcode="icmp"/>
<opset="icmp_ln45_4/2 "/>
</bind>
</comp>

<comp id="259" class="1004" name="datareg_4_fu_259">
<pin_list>
<pin id="260" dir="0" index="0" bw="1" slack="0"/>
<pin id="261" dir="0" index="1" bw="31" slack="1"/>
<pin id="262" dir="0" index="2" bw="1" slack="0"/>
<pin id="263" dir="1" index="3" bw="31" slack="0"/>
</pin_list>
<bind>
<opcode="select(49) " fcode="select"/>
<opset="datareg_4/2 "/>
</bind>
</comp>

<comp id="266" class="1004" name="icmp_ln45_5_fu_266">
<pin_list>
<pin id="267" dir="0" index="0" bw="32" slack="1"/>
<pin id="268" dir="0" index="1" bw="1" slack="0"/>
<pin id="269" dir="1" index="2" bw="1" slack="0"/>
</pin_list>
<bind>
<opcode="icmp(45) " fcode="icmp"/>
<opset="icmp_ln45_5/2 "/>
</bind>
</comp>

<comp id="271" class="1004" name="datareg_5_fu_271">
<pin_list>
<pin id="272" dir="0" index="0" bw="1" slack="0"/>
<pin id="273" dir="0" index="1" bw="31" slack="1"/>
<pin id="274" dir="0" index="2" bw="1" slack="0"/>
<pin id="275" dir="1" index="3" bw="31" slack="0"/>
</pin_list>
<bind>
<opcode="select(49) " fcode="select"/>
<opset="datareg_5/2 "/>
</bind>
</comp>

<comp id="278" class="1004" name="icmp_ln45_6_fu_278">
<pin_list>
<pin id="279" dir="0" index="0" bw="32" slack="1"/>
<pin id="280" dir="0" index="1" bw="1" slack="0"/>
<pin id="281" dir="1" index="2" bw="1" slack="0"/>
</pin_list>
<bind>
<opcode="icmp(45) " fcode="icmp"/>
<opset="icmp_ln45_6/2 "/>
</bind>
</comp>

<comp id="283" class="1004" name="datareg_6_fu_283">
<pin_list>
<pin id="284" dir="0" index="0" bw="1" slack="0"/>
<pin id="285" dir="0" index="1" bw="31" slack="1"/>
<pin id="286" dir="0" index="2" bw="1" slack="0"/>
<pin id="287" dir="1" index="3" bw="31" slack="0"/>
</pin_list>
<bind>
<opcode="select(49) " fcode="select"/>
<opset="datareg_6/2 "/>
</bind>
</comp>

<comp id="290" class="1004" name="icmp_ln45_7_fu_290">
<pin_list>
<pin id="291" dir="0" index="0" bw="32" slack="1"/>
<pin id="292" dir="0" index="1" bw="1" slack="0"/>
<pin id="293" dir="1" index="2" bw="1" slack="0"/>
</pin_list>
<bind>
<opcode="icmp(45) " fcode="icmp"/>
<opset="icmp_ln45_7/2 "/>
</bind>
</comp>

<comp id="295" class="1004" name="datareg_7_fu_295">
<pin_list>
<pin id="296" dir="0" index="0" bw="1" slack="0"/>
<pin id="297" dir="0" index="1" bw="31" slack="1"/>
<pin id="298" dir="0" index="2" bw="1" slack="0"/>
<pin id="299" dir="1" index="3" bw="31" slack="0"/>
</pin_list>
<bind>
<opcode="select(49) " fcode="select"/>
<opset="datareg_7/2 "/>
</bind>
</comp>

<comp id="302" class="1004" name="icmp_ln45_8_fu_302">
<pin_list>
<pin id="303" dir="0" index="0" bw="32" slack="1"/>
<pin id="304" dir="0" index="1" bw="1" slack="0"/>
<pin id="305" dir="1" index="2" bw="1" slack="0"/>
</pin_list>
<bind>
<opcode="icmp(45) " fcode="icmp"/>
<opset="icmp_ln45_8/2 "/>
</bind>
</comp>

<comp id="307" class="1004" name="datareg_8_fu_307">
<pin_list>
<pin id="308" dir="0" index="0" bw="1" slack="0"/>
<pin id="309" dir="0" index="1" bw="31" slack="1"/>
<pin id="310" dir="0" index="2" bw="1" slack="0"/>
<pin id="311" dir="1" index="3" bw="31" slack="0"/>
</pin_list>
<bind>
<opcode="select(49) " fcode="select"/>
<opset="datareg_8/2 "/>
</bind>
</comp>

<comp id="314" class="1004" name="icmp_ln45_9_fu_314">
<pin_list>
<pin id="315" dir="0" index="0" bw="32" slack="1"/>
<pin id="316" dir="0" index="1" bw="1" slack="0"/>
<pin id="317" dir="1" index="2" bw="1" slack="0"/>
</pin_list>
<bind>
<opcode="icmp(45) " fcode="icmp"/>
<opset="icmp_ln45_9/2 "/>
</bind>
</comp>

<comp id="319" class="1004" name="datareg_9_fu_319">
<pin_list>
<pin id="320" dir="0" index="0" bw="1" slack="0"/>
<pin id="321" dir="0" index="1" bw="31" slack="1"/>
<pin id="322" dir="0" index="2" bw="1" slack="0"/>
<pin id="323" dir="1" index="3" bw="31" slack="0"/>
</pin_list>
<bind>
<opcode="select(49) " fcode="select"/>
<opset="datareg_9/2 "/>
</bind>
</comp>

<comp id="326" class="1004" name="icmp_ln45_10_fu_326">
<pin_list>
<pin id="327" dir="0" index="0" bw="32" slack="1"/>
<pin id="328" dir="0" index="1" bw="1" slack="0"/>
<pin id="329" dir="1" index="2" bw="1" slack="0"/>
</pin_list>
<bind>
<opcode="icmp(45) " fcode="icmp"/>
<opset="icmp_ln45_10/2 "/>
</bind>
</comp>

<comp id="331" class="1004" name="datareg_10_fu_331">
<pin_list>
<pin id="332" dir="0" index="0" bw="1" slack="0"/>
<pin id="333" dir="0" index="1" bw="31" slack="1"/>
<pin id="334" dir="0" index="2" bw="1" slack="0"/>
<pin id="335" dir="1" index="3" bw="31" slack="0"/>
</pin_list>
<bind>
<opcode="select(49) " fcode="select"/>
<opset="datareg_10/2 "/>
</bind>
</comp>

<comp id="338" class="1004" name="icmp_ln45_11_fu_338">
<pin_list>
<pin id="339" dir="0" index="0" bw="32" slack="1"/>
<pin id="340" dir="0" index="1" bw="1" slack="0"/>
<pin id="341" dir="1" index="2" bw="1" slack="0"/>
</pin_list>
<bind>
<opcode="icmp(45) " fcode="icmp"/>
<opset="icmp_ln45_11/2 "/>
</bind>
</comp>

<comp id="343" class="1004" name="datareg_11_fu_343">
<pin_list>
<pin id="344" dir="0" index="0" bw="1" slack="0"/>
<pin id="345" dir="0" index="1" bw="31" slack="1"/>
<pin id="346" dir="0" index="2" bw="1" slack="0"/>
<pin id="347" dir="1" index="3" bw="31" slack="0"/>
</pin_list>
<bind>
<opcode="select(49) " fcode="select"/>
<opset="datareg_11/2 "/>
</bind>
</comp>

<comp id="350" class="1004" name="icmp_ln45_12_fu_350">
<pin_list>
<pin id="351" dir="0" index="0" bw="32" slack="1"/>
<pin id="352" dir="0" index="1" bw="1" slack="0"/>
<pin id="353" dir="1" index="2" bw="1" slack="0"/>
</pin_list>
<bind>
<opcode="icmp(45) " fcode="icmp"/>
<opset="icmp_ln45_12/2 "/>
</bind>
</comp>

<comp id="355" class="1004" name="datareg_12_fu_355">
<pin_list>
<pin id="356" dir="0" index="0" bw="1" slack="0"/>
<pin id="357" dir="0" index="1" bw="31" slack="1"/>
<pin id="358" dir="0" index="2" bw="1" slack="0"/>
<pin id="359" dir="1" index="3" bw="31" slack="0"/>
</pin_list>
<bind>
<opcode="select(49) " fcode="select"/>
<opset="datareg_12/2 "/>
</bind>
</comp>

<comp id="362" class="1004" name="icmp_ln45_13_fu_362">
<pin_list>
<pin id="363" dir="0" index="0" bw="32" slack="1"/>
<pin id="364" dir="0" index="1" bw="1" slack="0"/>
<pin id="365" dir="1" index="2" bw="1" slack="0"/>
</pin_list>
<bind>
<opcode="icmp(45) " fcode="icmp"/>
<opset="icmp_ln45_13/2 "/>
</bind>
</comp>

<comp id="367" class="1004" name="datareg_13_fu_367">
<pin_list>
<pin id="368" dir="0" index="0" bw="1" slack="0"/>
<pin id="369" dir="0" index="1" bw="31" slack="1"/>
<pin id="370" dir="0" index="2" bw="1" slack="0"/>
<pin id="371" dir="1" index="3" bw="31" slack="0"/>
</pin_list>
<bind>
<opcode="select(49) " fcode="select"/>
<opset="datareg_13/2 "/>
</bind>
</comp>

<comp id="374" class="1004" name="icmp_ln45_14_fu_374">
<pin_list>
<pin id="375" dir="0" index="0" bw="32" slack="1"/>
<pin id="376" dir="0" index="1" bw="1" slack="0"/>
<pin id="377" dir="1" index="2" bw="1" slack="0"/>
</pin_list>
<bind>
<opcode="icmp(45) " fcode="icmp"/>
<opset="icmp_ln45_14/2 "/>
</bind>
</comp>

<comp id="379" class="1004" name="datareg_14_fu_379">
<pin_list>
<pin id="380" dir="0" index="0" bw="1" slack="0"/>
<pin id="381" dir="0" index="1" bw="31" slack="1"/>
<pin id="382" dir="0" index="2" bw="1" slack="0"/>
<pin id="383" dir="1" index="3" bw="31" slack="0"/>
</pin_list>
<bind>
<opcode="select(49) " fcode="select"/>
<opset="datareg_14/2 "/>
</bind>
</comp>

<comp id="386" class="1004" name="icmp_ln45_15_fu_386">
<pin_list>
<pin id="387" dir="0" index="0" bw="32" slack="1"/>
<pin id="388" dir="0" index="1" bw="1" slack="0"/>
<pin id="389" dir="1" index="2" bw="1" slack="0"/>
</pin_list>
<bind>
<opcode="icmp(45) " fcode="icmp"/>
<opset="icmp_ln45_15/2 "/>
</bind>
</comp>

<comp id="391" class="1004" name="datareg_15_fu_391">
<pin_list>
<pin id="392" dir="0" index="0" bw="1" slack="0"/>
<pin id="393" dir="0" index="1" bw="31" slack="1"/>
<pin id="394" dir="0" index="2" bw="1" slack="0"/>
<pin id="395" dir="1" index="3" bw="31" slack="0"/>
</pin_list>
<bind>
<opcode="select(49) " fcode="select"/>
<opset="datareg_15/2 "/>
</bind>
</comp>

<comp id="398" class="1004" name="mrv_fu_398">
<pin_list>
<pin id="399" dir="0" index="0" bw="496" slack="0"/>
<pin id="400" dir="0" index="1" bw="31" slack="0"/>
<pin id="401" dir="1" index="2" bw="496" slack="0"/>
</pin_list>
<bind>
<opcode="insertvalue(57) " fcode="insertvalue"/>
<opset="mrv/2 "/>
</bind>
</comp>

<comp id="404" class="1004" name="mrv_1_fu_404">
<pin_list>
<pin id="405" dir="0" index="0" bw="496" slack="0"/>
<pin id="406" dir="0" index="1" bw="31" slack="0"/>
<pin id="407" dir="1" index="2" bw="496" slack="0"/>
</pin_list>
<bind>
<opcode="insertvalue(57) " fcode="insertvalue"/>
<opset="mrv_1/2 "/>
</bind>
</comp>

<comp id="410" class="1004" name="mrv_2_fu_410">
<pin_list>
<pin id="411" dir="0" index="0" bw="496" slack="0"/>
<pin id="412" dir="0" index="1" bw="31" slack="0"/>
<pin id="413" dir="1" index="2" bw="496" slack="0"/>
</pin_list>
<bind>
<opcode="insertvalue(57) " fcode="insertvalue"/>
<opset="mrv_2/2 "/>
</bind>
</comp>

<comp id="416" class="1004" name="mrv_3_fu_416">
<pin_list>
<pin id="417" dir="0" index="0" bw="496" slack="0"/>
<pin id="418" dir="0" index="1" bw="31" slack="0"/>
<pin id="419" dir="1" index="2" bw="496" slack="0"/>
</pin_list>
<bind>
<opcode="insertvalue(57) " fcode="insertvalue"/>
<opset="mrv_3/2 "/>
</bind>
</comp>

<comp id="422" class="1004" name="mrv_4_fu_422">
<pin_list>
<pin id="423" dir="0" index="0" bw="496" slack="0"/>
<pin id="424" dir="0" index="1" bw="31" slack="0"/>
<pin id="425" dir="1" index="2" bw="496" slack="0"/>
</pin_list>
<bind>
<opcode="insertvalue(57) " fcode="insertvalue"/>
<opset="mrv_4/2 "/>
</bind>
</comp>

<comp id="428" class="1004" name="mrv_5_fu_428">
<pin_list>
<pin id="429" dir="0" index="0" bw="496" slack="0"/>
<pin id="430" dir="0" index="1" bw="31" slack="0"/>
<pin id="431" dir="1" index="2" bw="496" slack="0"/>
</pin_list>
<bind>
<opcode="insertvalue(57) " fcode="insertvalue"/>
<opset="mrv_5/2 "/>
</bind>
</comp>

<comp id="434" class="1004" name="mrv_6_fu_434">
<pin_list>
<pin id="435" dir="0" index="0" bw="496" slack="0"/>
<pin id="436" dir="0" index="1" bw="31" slack="0"/>
<pin id="437" dir="1" index="2" bw="496" slack="0"/>
</pin_list>
<bind>
<opcode="insertvalue(57) " fcode="insertvalue"/>
<opset="mrv_6/2 "/>
</bind>
</comp>

<comp id="440" class="1004" name="mrv_7_fu_440">
<pin_list>
<pin id="441" dir="0" index="0" bw="496" slack="0"/>
<pin id="442" dir="0" index="1" bw="31" slack="0"/>
<pin id="443" dir="1" index="2" bw="496" slack="0"/>
</pin_list>
<bind>
<opcode="insertvalue(57) " fcode="insertvalue"/>
<opset="mrv_7/2 "/>
</bind>
</comp>

<comp id="446" class="1004" name="mrv_8_fu_446">
<pin_list>
<pin id="447" dir="0" index="0" bw="496" slack="0"/>
<pin id="448" dir="0" index="1" bw="31" slack="0"/>
<pin id="449" dir="1" index="2" bw="496" slack="0"/>
</pin_list>
<bind>
<opcode="insertvalue(57) " fcode="insertvalue"/>
<opset="mrv_8/2 "/>
</bind>
</comp>

<comp id="452" class="1004" name="mrv_9_fu_452">
<pin_list>
<pin id="453" dir="0" index="0" bw="496" slack="0"/>
<pin id="454" dir="0" index="1" bw="31" slack="0"/>
<pin id="455" dir="1" index="2" bw="496" slack="0"/>
</pin_list>
<bind>
<opcode="insertvalue(57) " fcode="insertvalue"/>
<opset="mrv_9/2 "/>
</bind>
</comp>

<comp id="458" class="1004" name="mrv_s_fu_458">
<pin_list>
<pin id="459" dir="0" index="0" bw="496" slack="0"/>
<pin id="460" dir="0" index="1" bw="31" slack="0"/>
<pin id="461" dir="1" index="2" bw="496" slack="0"/>
</pin_list>
<bind>
<opcode="insertvalue(57) " fcode="insertvalue"/>
<opset="mrv_s/2 "/>
</bind>
</comp>

<comp id="464" class="1004" name="mrv_10_fu_464">
<pin_list>
<pin id="465" dir="0" index="0" bw="496" slack="0"/>
<pin id="466" dir="0" index="1" bw="31" slack="0"/>
<pin id="467" dir="1" index="2" bw="496" slack="0"/>
</pin_list>
<bind>
<opcode="insertvalue(57) " fcode="insertvalue"/>
<opset="mrv_10/2 "/>
</bind>
</comp>

<comp id="470" class="1004" name="mrv_11_fu_470">
<pin_list>
<pin id="471" dir="0" index="0" bw="496" slack="0"/>
<pin id="472" dir="0" index="1" bw="31" slack="0"/>
<pin id="473" dir="1" index="2" bw="496" slack="0"/>
</pin_list>
<bind>
<opcode="insertvalue(57) " fcode="insertvalue"/>
<opset="mrv_11/2 "/>
</bind>
</comp>

<comp id="476" class="1004" name="mrv_12_fu_476">
<pin_list>
<pin id="477" dir="0" index="0" bw="496" slack="0"/>
<pin id="478" dir="0" index="1" bw="31" slack="0"/>
<pin id="479" dir="1" index="2" bw="496" slack="0"/>
</pin_list>
<bind>
<opcode="insertvalue(57) " fcode="insertvalue"/>
<opset="mrv_12/2 "/>
</bind>
</comp>

<comp id="482" class="1004" name="mrv_13_fu_482">
<pin_list>
<pin id="483" dir="0" index="0" bw="496" slack="0"/>
<pin id="484" dir="0" index="1" bw="31" slack="0"/>
<pin id="485" dir="1" index="2" bw="496" slack="0"/>
</pin_list>
<bind>
<opcode="insertvalue(57) " fcode="insertvalue"/>
<opset="mrv_13/2 "/>
</bind>
</comp>

<comp id="488" class="1004" name="mrv_14_fu_488">
<pin_list>
<pin id="489" dir="0" index="0" bw="496" slack="0"/>
<pin id="490" dir="0" index="1" bw="31" slack="0"/>
<pin id="491" dir="1" index="2" bw="496" slack="2147483647"/>
</pin_list>
<bind>
<opcode="insertvalue(57) " fcode="insertvalue"/>
<opset="mrv_14/2 "/>
</bind>
</comp>

<comp id="494" class="1005" name="p_read_65_reg_494">
<pin_list>
<pin id="495" dir="0" index="0" bw="32" slack="1"/>
<pin id="496" dir="1" index="1" bw="32" slack="1"/>
</pin_list>
<bind>
<opset="p_read_65 "/>
</bind>
</comp>

<comp id="499" class="1005" name="p_read_66_reg_499">
<pin_list>
<pin id="500" dir="0" index="0" bw="32" slack="1"/>
<pin id="501" dir="1" index="1" bw="32" slack="1"/>
</pin_list>
<bind>
<opset="p_read_66 "/>
</bind>
</comp>

<comp id="504" class="1005" name="p_read_67_reg_504">
<pin_list>
<pin id="505" dir="0" index="0" bw="32" slack="1"/>
<pin id="506" dir="1" index="1" bw="32" slack="1"/>
</pin_list>
<bind>
<opset="p_read_67 "/>
</bind>
</comp>

<comp id="509" class="1005" name="p_read_68_reg_509">
<pin_list>
<pin id="510" dir="0" index="0" bw="32" slack="1"/>
<pin id="511" dir="1" index="1" bw="32" slack="1"/>
</pin_list>
<bind>
<opset="p_read_68 "/>
</bind>
</comp>

<comp id="514" class="1005" name="p_read_69_reg_514">
<pin_list>
<pin id="515" dir="0" index="0" bw="32" slack="1"/>
<pin id="516" dir="1" index="1" bw="32" slack="1"/>
</pin_list>
<bind>
<opset="p_read_69 "/>
</bind>
</comp>

<comp id="519" class="1005" name="p_read1026_reg_519">
<pin_list>
<pin id="520" dir="0" index="0" bw="32" slack="1"/>
<pin id="521" dir="1" index="1" bw="32" slack="1"/>
</pin_list>
<bind>
<opset="p_read1026 "/>
</bind>
</comp>

<comp id="524" class="1005" name="p_read925_reg_524">
<pin_list>
<pin id="525" dir="0" index="0" bw="32" slack="1"/>
<pin id="526" dir="1" index="1" bw="32" slack="1"/>
</pin_list>
<bind>
<opset="p_read925 "/>
</bind>
</comp>

<comp id="529" class="1005" name="p_read824_reg_529">
<pin_list>
<pin id="530" dir="0" index="0" bw="32" slack="1"/>
<pin id="531" dir="1" index="1" bw="32" slack="1"/>
</pin_list>
<bind>
<opset="p_read824 "/>
</bind>
</comp>

<comp id="534" class="1005" name="p_read723_reg_534">
<pin_list>
<pin id="535" dir="0" index="0" bw="32" slack="1"/>
<pin id="536" dir="1" index="1" bw="32" slack="1"/>
</pin_list>
<bind>
<opset="p_read723 "/>
</bind>
</comp>

<comp id="539" class="1005" name="p_read622_reg_539">
<pin_list>
<pin id="540" dir="0" index="0" bw="32" slack="1"/>
<pin id="541" dir="1" index="1" bw="32" slack="1"/>
</pin_list>
<bind>
<opset="p_read622 "/>
</bind>
</comp>

<comp id="544" class="1005" name="p_read521_reg_544">
<pin_list>
<pin id="545" dir="0" index="0" bw="32" slack="1"/>
<pin id="546" dir="1" index="1" bw="32" slack="1"/>
</pin_list>
<bind>
<opset="p_read521 "/>
</bind>
</comp>

<comp id="549" class="1005" name="p_read420_reg_549">
<pin_list>
<pin id="550" dir="0" index="0" bw="32" slack="1"/>
<pin id="551" dir="1" index="1" bw="32" slack="1"/>
</pin_list>
<bind>
<opset="p_read420 "/>
</bind>
</comp>

<comp id="554" class="1005" name="p_read319_reg_554">
<pin_list>
<pin id="555" dir="0" index="0" bw="32" slack="1"/>
<pin id="556" dir="1" index="1" bw="32" slack="1"/>
</pin_list>
<bind>
<opset="p_read319 "/>
</bind>
</comp>

<comp id="559" class="1005" name="p_read218_reg_559">
<pin_list>
<pin id="560" dir="0" index="0" bw="32" slack="1"/>
<pin id="561" dir="1" index="1" bw="32" slack="1"/>
</pin_list>
<bind>
<opset="p_read218 "/>
</bind>
</comp>

<comp id="564" class="1005" name="p_read117_reg_564">
<pin_list>
<pin id="565" dir="0" index="0" bw="32" slack="1"/>
<pin id="566" dir="1" index="1" bw="32" slack="1"/>
</pin_list>
<bind>
<opset="p_read117 "/>
</bind>
</comp>

<comp id="569" class="1005" name="p_read16_reg_569">
<pin_list>
<pin id="570" dir="0" index="0" bw="32" slack="1"/>
<pin id="571" dir="1" index="1" bw="32" slack="1"/>
</pin_list>
<bind>
<opset="p_read16 "/>
</bind>
</comp>

<comp id="574" class="1005" name="trunc_ln42_reg_574">
<pin_list>
<pin id="575" dir="0" index="0" bw="31" slack="1"/>
<pin id="576" dir="1" index="1" bw="31" slack="1"/>
</pin_list>
<bind>
<opset="trunc_ln42 "/>
</bind>
</comp>

<comp id="579" class="1005" name="trunc_ln42_1_reg_579">
<pin_list>
<pin id="580" dir="0" index="0" bw="31" slack="1"/>
<pin id="581" dir="1" index="1" bw="31" slack="1"/>
</pin_list>
<bind>
<opset="trunc_ln42_1 "/>
</bind>
</comp>

<comp id="584" class="1005" name="trunc_ln42_2_reg_584">
<pin_list>
<pin id="585" dir="0" index="0" bw="31" slack="1"/>
<pin id="586" dir="1" index="1" bw="31" slack="1"/>
</pin_list>
<bind>
<opset="trunc_ln42_2 "/>
</bind>
</comp>

<comp id="589" class="1005" name="trunc_ln42_3_reg_589">
<pin_list>
<pin id="590" dir="0" index="0" bw="31" slack="1"/>
<pin id="591" dir="1" index="1" bw="31" slack="1"/>
</pin_list>
<bind>
<opset="trunc_ln42_3 "/>
</bind>
</comp>

<comp id="594" class="1005" name="trunc_ln42_4_reg_594">
<pin_list>
<pin id="595" dir="0" index="0" bw="31" slack="1"/>
<pin id="596" dir="1" index="1" bw="31" slack="1"/>
</pin_list>
<bind>
<opset="trunc_ln42_4 "/>
</bind>
</comp>

<comp id="599" class="1005" name="trunc_ln42_5_reg_599">
<pin_list>
<pin id="600" dir="0" index="0" bw="31" slack="1"/>
<pin id="601" dir="1" index="1" bw="31" slack="1"/>
</pin_list>
<bind>
<opset="trunc_ln42_5 "/>
</bind>
</comp>

<comp id="604" class="1005" name="trunc_ln42_6_reg_604">
<pin_list>
<pin id="605" dir="0" index="0" bw="31" slack="1"/>
<pin id="606" dir="1" index="1" bw="31" slack="1"/>
</pin_list>
<bind>
<opset="trunc_ln42_6 "/>
</bind>
</comp>

<comp id="609" class="1005" name="trunc_ln42_7_reg_609">
<pin_list>
<pin id="610" dir="0" index="0" bw="31" slack="1"/>
<pin id="611" dir="1" index="1" bw="31" slack="1"/>
</pin_list>
<bind>
<opset="trunc_ln42_7 "/>
</bind>
</comp>

<comp id="614" class="1005" name="trunc_ln42_8_reg_614">
<pin_list>
<pin id="615" dir="0" index="0" bw="31" slack="1"/>
<pin id="616" dir="1" index="1" bw="31" slack="1"/>
</pin_list>
<bind>
<opset="trunc_ln42_8 "/>
</bind>
</comp>

<comp id="619" class="1005" name="trunc_ln42_9_reg_619">
<pin_list>
<pin id="620" dir="0" index="0" bw="31" slack="1"/>
<pin id="621" dir="1" index="1" bw="31" slack="1"/>
</pin_list>
<bind>
<opset="trunc_ln42_9 "/>
</bind>
</comp>

<comp id="624" class="1005" name="trunc_ln42_10_reg_624">
<pin_list>
<pin id="625" dir="0" index="0" bw="31" slack="1"/>
<pin id="626" dir="1" index="1" bw="31" slack="1"/>
</pin_list>
<bind>
<opset="trunc_ln42_10 "/>
</bind>
</comp>

<comp id="629" class="1005" name="trunc_ln42_11_reg_629">
<pin_list>
<pin id="630" dir="0" index="0" bw="31" slack="1"/>
<pin id="631" dir="1" index="1" bw="31" slack="1"/>
</pin_list>
<bind>
<opset="trunc_ln42_11 "/>
</bind>
</comp>

<comp id="634" class="1005" name="trunc_ln42_12_reg_634">
<pin_list>
<pin id="635" dir="0" index="0" bw="31" slack="1"/>
<pin id="636" dir="1" index="1" bw="31" slack="1"/>
</pin_list>
<bind>
<opset="trunc_ln42_12 "/>
</bind>
</comp>

<comp id="639" class="1005" name="trunc_ln42_13_reg_639">
<pin_list>
<pin id="640" dir="0" index="0" bw="31" slack="1"/>
<pin id="641" dir="1" index="1" bw="31" slack="1"/>
</pin_list>
<bind>
<opset="trunc_ln42_13 "/>
</bind>
</comp>

<comp id="644" class="1005" name="trunc_ln42_14_reg_644">
<pin_list>
<pin id="645" dir="0" index="0" bw="31" slack="1"/>
<pin id="646" dir="1" index="1" bw="31" slack="1"/>
</pin_list>
<bind>
<opset="trunc_ln42_14 "/>
</bind>
</comp>

<comp id="649" class="1005" name="trunc_ln42_15_reg_649">
<pin_list>
<pin id="650" dir="0" index="0" bw="31" slack="1"/>
<pin id="651" dir="1" index="1" bw="31" slack="1"/>
</pin_list>
<bind>
<opset="trunc_ln42_15 "/>
</bind>
</comp>

</comp_list>

<net_list>
<net id="50"><net_src comp="32" pin="0"/><net_sink comp="46" pin=0"/></net>

<net id="51"><net_src comp="30" pin="0"/><net_sink comp="46" pin=1"/></net>

<net id="56"><net_src comp="32" pin="0"/><net_sink comp="52" pin=0"/></net>

<net id="57"><net_src comp="28" pin="0"/><net_sink comp="52" pin=1"/></net>

<net id="62"><net_src comp="32" pin="0"/><net_sink comp="58" pin=0"/></net>

<net id="63"><net_src comp="26" pin="0"/><net_sink comp="58" pin=1"/></net>

<net id="68"><net_src comp="32" pin="0"/><net_sink comp="64" pin=0"/></net>

<net id="69"><net_src comp="24" pin="0"/><net_sink comp="64" pin=1"/></net>

<net id="74"><net_src comp="32" pin="0"/><net_sink comp="70" pin=0"/></net>

<net id="75"><net_src comp="22" pin="0"/><net_sink comp="70" pin=1"/></net>

<net id="80"><net_src comp="32" pin="0"/><net_sink comp="76" pin=0"/></net>

<net id="81"><net_src comp="20" pin="0"/><net_sink comp="76" pin=1"/></net>

<net id="86"><net_src comp="32" pin="0"/><net_sink comp="82" pin=0"/></net>

<net id="87"><net_src comp="18" pin="0"/><net_sink comp="82" pin=1"/></net>

<net id="92"><net_src comp="32" pin="0"/><net_sink comp="88" pin=0"/></net>

<net id="93"><net_src comp="16" pin="0"/><net_sink comp="88" pin=1"/></net>

<net id="98"><net_src comp="32" pin="0"/><net_sink comp="94" pin=0"/></net>

<net id="99"><net_src comp="14" pin="0"/><net_sink comp="94" pin=1"/></net>

<net id="104"><net_src comp="32" pin="0"/><net_sink comp="100" pin=0"/></net>

<net id="105"><net_src comp="12" pin="0"/><net_sink comp="100" pin=1"/></net>

<net id="110"><net_src comp="32" pin="0"/><net_sink comp="106" pin=0"/></net>

<net id="111"><net_src comp="10" pin="0"/><net_sink comp="106" pin=1"/></net>

<net id="116"><net_src comp="32" pin="0"/><net_sink comp="112" pin=0"/></net>

<net id="117"><net_src comp="8" pin="0"/><net_sink comp="112" pin=1"/></net>

<net id="122"><net_src comp="32" pin="0"/><net_sink comp="118" pin=0"/></net>

<net id="123"><net_src comp="6" pin="0"/><net_sink comp="118" pin=1"/></net>

<net id="128"><net_src comp="32" pin="0"/><net_sink comp="124" pin=0"/></net>

<net id="129"><net_src comp="4" pin="0"/><net_sink comp="124" pin=1"/></net>

<net id="134"><net_src comp="32" pin="0"/><net_sink comp="130" pin=0"/></net>

<net id="135"><net_src comp="2" pin="0"/><net_sink comp="130" pin=1"/></net>

<net id="140"><net_src comp="32" pin="0"/><net_sink comp="136" pin=0"/></net>

<net id="141"><net_src comp="0" pin="0"/><net_sink comp="136" pin=1"/></net>

<net id="145"><net_src comp="136" pin="2"/><net_sink comp="142" pin=0"/></net>

<net id="149"><net_src comp="130" pin="2"/><net_sink comp="146" pin=0"/></net>

<net id="153"><net_src comp="124" pin="2"/><net_sink comp="150" pin=0"/></net>

<net id="157"><net_src comp="118" pin="2"/><net_sink comp="154" pin=0"/></net>

<net id="161"><net_src comp="112" pin="2"/><net_sink comp="158" pin=0"/></net>

<net id="165"><net_src comp="106" pin="2"/><net_sink comp="162" pin=0"/></net>

<net id="169"><net_src comp="100" pin="2"/><net_sink comp="166" pin=0"/></net>

<net id="173"><net_src comp="94" pin="2"/><net_sink comp="170" pin=0"/></net>

<net id="177"><net_src comp="88" pin="2"/><net_sink comp="174" pin=0"/></net>

<net id="181"><net_src comp="82" pin="2"/><net_sink comp="178" pin=0"/></net>

<net id="185"><net_src comp="76" pin="2"/><net_sink comp="182" pin=0"/></net>

<net id="189"><net_src comp="70" pin="2"/><net_sink comp="186" pin=0"/></net>

<net id="193"><net_src comp="64" pin="2"/><net_sink comp="190" pin=0"/></net>

<net id="197"><net_src comp="58" pin="2"/><net_sink comp="194" pin=0"/></net>

<net id="201"><net_src comp="52" pin="2"/><net_sink comp="198" pin=0"/></net>

<net id="205"><net_src comp="46" pin="2"/><net_sink comp="202" pin=0"/></net>

<net id="210"><net_src comp="38" pin="0"/><net_sink comp="206" pin=1"/></net>

<net id="216"><net_src comp="206" pin="2"/><net_sink comp="211" pin=0"/></net>

<net id="217"><net_src comp="42" pin="0"/><net_sink comp="211" pin=2"/></net>

<net id="222"><net_src comp="38" pin="0"/><net_sink comp="218" pin=1"/></net>

<net id="228"><net_src comp="218" pin="2"/><net_sink comp="223" pin=0"/></net>

<net id="229"><net_src comp="42" pin="0"/><net_sink comp="223" pin=2"/></net>

<net id="234"><net_src comp="38" pin="0"/><net_sink comp="230" pin=1"/></net>

<net id="240"><net_src comp="230" pin="2"/><net_sink comp="235" pin=0"/></net>

<net id="241"><net_src comp="42" pin="0"/><net_sink comp="235" pin=2"/></net>

<net id="246"><net_src comp="38" pin="0"/><net_sink comp="242" pin=1"/></net>

<net id="252"><net_src comp="242" pin="2"/><net_sink comp="247" pin=0"/></net>

<net id="253"><net_src comp="42" pin="0"/><net_sink comp="247" pin=2"/></net>

<net id="258"><net_src comp="38" pin="0"/><net_sink comp="254" pin=1"/></net>

<net id="264"><net_src comp="254" pin="2"/><net_sink comp="259" pin=0"/></net>

<net id="265"><net_src comp="42" pin="0"/><net_sink comp="259" pin=2"/></net>

<net id="270"><net_src comp="38" pin="0"/><net_sink comp="266" pin=1"/></net>

<net id="276"><net_src comp="266" pin="2"/><net_sink comp="271" pin=0"/></net>

<net id="277"><net_src comp="42" pin="0"/><net_sink comp="271" pin=2"/></net>

<net id="282"><net_src comp="38" pin="0"/><net_sink comp="278" pin=1"/></net>

<net id="288"><net_src comp="278" pin="2"/><net_sink comp="283" pin=0"/></net>

<net id="289"><net_src comp="42" pin="0"/><net_sink comp="283" pin=2"/></net>

<net id="294"><net_src comp="38" pin="0"/><net_sink comp="290" pin=1"/></net>

<net id="300"><net_src comp="290" pin="2"/><net_sink comp="295" pin=0"/></net>

<net id="301"><net_src comp="42" pin="0"/><net_sink comp="295" pin=2"/></net>

<net id="306"><net_src comp="38" pin="0"/><net_sink comp="302" pin=1"/></net>

<net id="312"><net_src comp="302" pin="2"/><net_sink comp="307" pin=0"/></net>

<net id="313"><net_src comp="42" pin="0"/><net_sink comp="307" pin=2"/></net>

<net id="318"><net_src comp="38" pin="0"/><net_sink comp="314" pin=1"/></net>

<net id="324"><net_src comp="314" pin="2"/><net_sink comp="319" pin=0"/></net>

<net id="325"><net_src comp="42" pin="0"/><net_sink comp="319" pin=2"/></net>

<net id="330"><net_src comp="38" pin="0"/><net_sink comp="326" pin=1"/></net>

<net id="336"><net_src comp="326" pin="2"/><net_sink comp="331" pin=0"/></net>

<net id="337"><net_src comp="42" pin="0"/><net_sink comp="331" pin=2"/></net>

<net id="342"><net_src comp="38" pin="0"/><net_sink comp="338" pin=1"/></net>

<net id="348"><net_src comp="338" pin="2"/><net_sink comp="343" pin=0"/></net>

<net id="349"><net_src comp="42" pin="0"/><net_sink comp="343" pin=2"/></net>

<net id="354"><net_src comp="38" pin="0"/><net_sink comp="350" pin=1"/></net>

<net id="360"><net_src comp="350" pin="2"/><net_sink comp="355" pin=0"/></net>

<net id="361"><net_src comp="42" pin="0"/><net_sink comp="355" pin=2"/></net>

<net id="366"><net_src comp="38" pin="0"/><net_sink comp="362" pin=1"/></net>

<net id="372"><net_src comp="362" pin="2"/><net_sink comp="367" pin=0"/></net>

<net id="373"><net_src comp="42" pin="0"/><net_sink comp="367" pin=2"/></net>

<net id="378"><net_src comp="38" pin="0"/><net_sink comp="374" pin=1"/></net>

<net id="384"><net_src comp="374" pin="2"/><net_sink comp="379" pin=0"/></net>

<net id="385"><net_src comp="42" pin="0"/><net_sink comp="379" pin=2"/></net>

<net id="390"><net_src comp="38" pin="0"/><net_sink comp="386" pin=1"/></net>

<net id="396"><net_src comp="386" pin="2"/><net_sink comp="391" pin=0"/></net>

<net id="397"><net_src comp="42" pin="0"/><net_sink comp="391" pin=2"/></net>

<net id="402"><net_src comp="44" pin="0"/><net_sink comp="398" pin=0"/></net>

<net id="403"><net_src comp="211" pin="3"/><net_sink comp="398" pin=1"/></net>

<net id="408"><net_src comp="398" pin="2"/><net_sink comp="404" pin=0"/></net>

<net id="409"><net_src comp="223" pin="3"/><net_sink comp="404" pin=1"/></net>

<net id="414"><net_src comp="404" pin="2"/><net_sink comp="410" pin=0"/></net>

<net id="415"><net_src comp="235" pin="3"/><net_sink comp="410" pin=1"/></net>

<net id="420"><net_src comp="410" pin="2"/><net_sink comp="416" pin=0"/></net>

<net id="421"><net_src comp="247" pin="3"/><net_sink comp="416" pin=1"/></net>

<net id="426"><net_src comp="416" pin="2"/><net_sink comp="422" pin=0"/></net>

<net id="427"><net_src comp="259" pin="3"/><net_sink comp="422" pin=1"/></net>

<net id="432"><net_src comp="422" pin="2"/><net_sink comp="428" pin=0"/></net>

<net id="433"><net_src comp="271" pin="3"/><net_sink comp="428" pin=1"/></net>

<net id="438"><net_src comp="428" pin="2"/><net_sink comp="434" pin=0"/></net>

<net id="439"><net_src comp="283" pin="3"/><net_sink comp="434" pin=1"/></net>

<net id="444"><net_src comp="434" pin="2"/><net_sink comp="440" pin=0"/></net>

<net id="445"><net_src comp="295" pin="3"/><net_sink comp="440" pin=1"/></net>

<net id="450"><net_src comp="440" pin="2"/><net_sink comp="446" pin=0"/></net>

<net id="451"><net_src comp="307" pin="3"/><net_sink comp="446" pin=1"/></net>

<net id="456"><net_src comp="446" pin="2"/><net_sink comp="452" pin=0"/></net>

<net id="457"><net_src comp="319" pin="3"/><net_sink comp="452" pin=1"/></net>

<net id="462"><net_src comp="452" pin="2"/><net_sink comp="458" pin=0"/></net>

<net id="463"><net_src comp="331" pin="3"/><net_sink comp="458" pin=1"/></net>

<net id="468"><net_src comp="458" pin="2"/><net_sink comp="464" pin=0"/></net>

<net id="469"><net_src comp="343" pin="3"/><net_sink comp="464" pin=1"/></net>

<net id="474"><net_src comp="464" pin="2"/><net_sink comp="470" pin=0"/></net>

<net id="475"><net_src comp="355" pin="3"/><net_sink comp="470" pin=1"/></net>

<net id="480"><net_src comp="470" pin="2"/><net_sink comp="476" pin=0"/></net>

<net id="481"><net_src comp="367" pin="3"/><net_sink comp="476" pin=1"/></net>

<net id="486"><net_src comp="476" pin="2"/><net_sink comp="482" pin=0"/></net>

<net id="487"><net_src comp="379" pin="3"/><net_sink comp="482" pin=1"/></net>

<net id="492"><net_src comp="482" pin="2"/><net_sink comp="488" pin=0"/></net>

<net id="493"><net_src comp="391" pin="3"/><net_sink comp="488" pin=1"/></net>

<net id="497"><net_src comp="46" pin="2"/><net_sink comp="494" pin=0"/></net>

<net id="498"><net_src comp="494" pin="1"/><net_sink comp="386" pin=0"/></net>

<net id="502"><net_src comp="52" pin="2"/><net_sink comp="499" pin=0"/></net>

<net id="503"><net_src comp="499" pin="1"/><net_sink comp="374" pin=0"/></net>

<net id="507"><net_src comp="58" pin="2"/><net_sink comp="504" pin=0"/></net>

<net id="508"><net_src comp="504" pin="1"/><net_sink comp="362" pin=0"/></net>

<net id="512"><net_src comp="64" pin="2"/><net_sink comp="509" pin=0"/></net>

<net id="513"><net_src comp="509" pin="1"/><net_sink comp="350" pin=0"/></net>

<net id="517"><net_src comp="70" pin="2"/><net_sink comp="514" pin=0"/></net>

<net id="518"><net_src comp="514" pin="1"/><net_sink comp="338" pin=0"/></net>

<net id="522"><net_src comp="76" pin="2"/><net_sink comp="519" pin=0"/></net>

<net id="523"><net_src comp="519" pin="1"/><net_sink comp="326" pin=0"/></net>

<net id="527"><net_src comp="82" pin="2"/><net_sink comp="524" pin=0"/></net>

<net id="528"><net_src comp="524" pin="1"/><net_sink comp="314" pin=0"/></net>

<net id="532"><net_src comp="88" pin="2"/><net_sink comp="529" pin=0"/></net>

<net id="533"><net_src comp="529" pin="1"/><net_sink comp="302" pin=0"/></net>

<net id="537"><net_src comp="94" pin="2"/><net_sink comp="534" pin=0"/></net>

<net id="538"><net_src comp="534" pin="1"/><net_sink comp="290" pin=0"/></net>

<net id="542"><net_src comp="100" pin="2"/><net_sink comp="539" pin=0"/></net>

<net id="543"><net_src comp="539" pin="1"/><net_sink comp="278" pin=0"/></net>

<net id="547"><net_src comp="106" pin="2"/><net_sink comp="544" pin=0"/></net>

<net id="548"><net_src comp="544" pin="1"/><net_sink comp="266" pin=0"/></net>

<net id="552"><net_src comp="112" pin="2"/><net_sink comp="549" pin=0"/></net>

<net id="553"><net_src comp="549" pin="1"/><net_sink comp="254" pin=0"/></net>

<net id="557"><net_src comp="118" pin="2"/><net_sink comp="554" pin=0"/></net>

<net id="558"><net_src comp="554" pin="1"/><net_sink comp="242" pin=0"/></net>

<net id="562"><net_src comp="124" pin="2"/><net_sink comp="559" pin=0"/></net>

<net id="563"><net_src comp="559" pin="1"/><net_sink comp="230" pin=0"/></net>

<net id="567"><net_src comp="130" pin="2"/><net_sink comp="564" pin=0"/></net>

<net id="568"><net_src comp="564" pin="1"/><net_sink comp="218" pin=0"/></net>

<net id="572"><net_src comp="136" pin="2"/><net_sink comp="569" pin=0"/></net>

<net id="573"><net_src comp="569" pin="1"/><net_sink comp="206" pin=0"/></net>

<net id="577"><net_src comp="142" pin="1"/><net_sink comp="574" pin=0"/></net>

<net id="578"><net_src comp="574" pin="1"/><net_sink comp="211" pin=1"/></net>

<net id="582"><net_src comp="146" pin="1"/><net_sink comp="579" pin=0"/></net>

<net id="583"><net_src comp="579" pin="1"/><net_sink comp="223" pin=1"/></net>

<net id="587"><net_src comp="150" pin="1"/><net_sink comp="584" pin=0"/></net>

<net id="588"><net_src comp="584" pin="1"/><net_sink comp="235" pin=1"/></net>

<net id="592"><net_src comp="154" pin="1"/><net_sink comp="589" pin=0"/></net>

<net id="593"><net_src comp="589" pin="1"/><net_sink comp="247" pin=1"/></net>

<net id="597"><net_src comp="158" pin="1"/><net_sink comp="594" pin=0"/></net>

<net id="598"><net_src comp="594" pin="1"/><net_sink comp="259" pin=1"/></net>

<net id="602"><net_src comp="162" pin="1"/><net_sink comp="599" pin=0"/></net>

<net id="603"><net_src comp="599" pin="1"/><net_sink comp="271" pin=1"/></net>

<net id="607"><net_src comp="166" pin="1"/><net_sink comp="604" pin=0"/></net>

<net id="608"><net_src comp="604" pin="1"/><net_sink comp="283" pin=1"/></net>

<net id="612"><net_src comp="170" pin="1"/><net_sink comp="609" pin=0"/></net>

<net id="613"><net_src comp="609" pin="1"/><net_sink comp="295" pin=1"/></net>

<net id="617"><net_src comp="174" pin="1"/><net_sink comp="614" pin=0"/></net>

<net id="618"><net_src comp="614" pin="1"/><net_sink comp="307" pin=1"/></net>

<net id="622"><net_src comp="178" pin="1"/><net_sink comp="619" pin=0"/></net>

<net id="623"><net_src comp="619" pin="1"/><net_sink comp="319" pin=1"/></net>

<net id="627"><net_src comp="182" pin="1"/><net_sink comp="624" pin=0"/></net>

<net id="628"><net_src comp="624" pin="1"/><net_sink comp="331" pin=1"/></net>

<net id="632"><net_src comp="186" pin="1"/><net_sink comp="629" pin=0"/></net>

<net id="633"><net_src comp="629" pin="1"/><net_sink comp="343" pin=1"/></net>

<net id="637"><net_src comp="190" pin="1"/><net_sink comp="634" pin=0"/></net>

<net id="638"><net_src comp="634" pin="1"/><net_sink comp="355" pin=1"/></net>

<net id="642"><net_src comp="194" pin="1"/><net_sink comp="639" pin=0"/></net>

<net id="643"><net_src comp="639" pin="1"/><net_sink comp="367" pin=1"/></net>

<net id="647"><net_src comp="198" pin="1"/><net_sink comp="644" pin=0"/></net>

<net id="648"><net_src comp="644" pin="1"/><net_sink comp="379" pin=1"/></net>

<net id="652"><net_src comp="202" pin="1"/><net_sink comp="649" pin=0"/></net>

<net id="653"><net_src comp="649" pin="1"/><net_sink comp="391" pin=1"/></net>

</net_list>

</model> 
---------------- Datapath Model END ------------------

* FSMD analyzer results:
  - Output states:
 - Input state : 
	Port: relu<ap_fixed<32, 6, 5, 3, 0>, ap_fixed<32, 6, 5, 3, 0>, relu_config3> : p_read | {1 }
	Port: relu<ap_fixed<32, 6, 5, 3, 0>, ap_fixed<32, 6, 5, 3, 0>, relu_config3> : p_read1 | {1 }
	Port: relu<ap_fixed<32, 6, 5, 3, 0>, ap_fixed<32, 6, 5, 3, 0>, relu_config3> : p_read2 | {1 }
	Port: relu<ap_fixed<32, 6, 5, 3, 0>, ap_fixed<32, 6, 5, 3, 0>, relu_config3> : p_read3 | {1 }
	Port: relu<ap_fixed<32, 6, 5, 3, 0>, ap_fixed<32, 6, 5, 3, 0>, relu_config3> : p_read4 | {1 }
	Port: relu<ap_fixed<32, 6, 5, 3, 0>, ap_fixed<32, 6, 5, 3, 0>, relu_config3> : p_read5 | {1 }
	Port: relu<ap_fixed<32, 6, 5, 3, 0>, ap_fixed<32, 6, 5, 3, 0>, relu_config3> : p_read6 | {1 }
	Port: relu<ap_fixed<32, 6, 5, 3, 0>, ap_fixed<32, 6, 5, 3, 0>, relu_config3> : p_read7 | {1 }
	Port: relu<ap_fixed<32, 6, 5, 3, 0>, ap_fixed<32, 6, 5, 3, 0>, relu_config3> : p_read8 | {1 }
	Port: relu<ap_fixed<32, 6, 5, 3, 0>, ap_fixed<32, 6, 5, 3, 0>, relu_config3> : p_read9 | {1 }
	Port: relu<ap_fixed<32, 6, 5, 3, 0>, ap_fixed<32, 6, 5, 3, 0>, relu_config3> : p_read10 | {1 }
	Port: relu<ap_fixed<32, 6, 5, 3, 0>, ap_fixed<32, 6, 5, 3, 0>, relu_config3> : p_read11 | {1 }
	Port: relu<ap_fixed<32, 6, 5, 3, 0>, ap_fixed<32, 6, 5, 3, 0>, relu_config3> : p_read12 | {1 }
	Port: relu<ap_fixed<32, 6, 5, 3, 0>, ap_fixed<32, 6, 5, 3, 0>, relu_config3> : p_read13 | {1 }
	Port: relu<ap_fixed<32, 6, 5, 3, 0>, ap_fixed<32, 6, 5, 3, 0>, relu_config3> : p_read14 | {1 }
	Port: relu<ap_fixed<32, 6, 5, 3, 0>, ap_fixed<32, 6, 5, 3, 0>, relu_config3> : p_read15 | {1 }
  - Chain level:
	State 1
	State 2
		datareg : 1
		datareg_1 : 1
		datareg_2 : 1
		datareg_3 : 1
		datareg_4 : 1
		datareg_5 : 1
		datareg_6 : 1
		datareg_7 : 1
		datareg_8 : 1
		datareg_9 : 1
		datareg_10 : 1
		datareg_11 : 1
		datareg_12 : 1
		datareg_13 : 1
		datareg_14 : 1
		datareg_15 : 1
		mrv : 2
		mrv_1 : 3
		mrv_2 : 4
		mrv_3 : 5
		mrv_4 : 6
		mrv_5 : 7
		mrv_6 : 8
		mrv_7 : 9
		mrv_8 : 10
		mrv_9 : 11
		mrv_s : 12
		mrv_10 : 13
		mrv_11 : 14
		mrv_12 : 15
		mrv_13 : 16
		mrv_14 : 17
		ret_ln50 : 18


============================================================
+ Verbose Summary: Datapath Resource usage 
============================================================

* Functional unit list:
|----------|-----------------------|---------|---------|
| Operation|    Functional Unit    |    FF   |   LUT   |
|----------|-----------------------|---------|---------|
|          |    icmp_ln45_fu_206   |    0    |    39   |
|          |   icmp_ln45_1_fu_218  |    0    |    39   |
|          |   icmp_ln45_2_fu_230  |    0    |    39   |
|          |   icmp_ln45_3_fu_242  |    0    |    39   |
|          |   icmp_ln45_4_fu_254  |    0    |    39   |
|          |   icmp_ln45_5_fu_266  |    0    |    39   |
|          |   icmp_ln45_6_fu_278  |    0    |    39   |
|   icmp   |   icmp_ln45_7_fu_290  |    0    |    39   |
|          |   icmp_ln45_8_fu_302  |    0    |    39   |
|          |   icmp_ln45_9_fu_314  |    0    |    39   |
|          |  icmp_ln45_10_fu_326  |    0    |    39   |
|          |  icmp_ln45_11_fu_338  |    0    |    39   |
|          |  icmp_ln45_12_fu_350  |    0    |    39   |
|          |  icmp_ln45_13_fu_362  |    0    |    39   |
|          |  icmp_ln45_14_fu_374  |    0    |    39   |
|          |  icmp_ln45_15_fu_386  |    0    |    39   |
|----------|-----------------------|---------|---------|
|          |     datareg_fu_211    |    0    |    31   |
|          |    datareg_1_fu_223   |    0    |    31   |
|          |    datareg_2_fu_235   |    0    |    31   |
|          |    datareg_3_fu_247   |    0    |    31   |
|          |    datareg_4_fu_259   |    0    |    31   |
|          |    datareg_5_fu_271   |    0    |    31   |
|          |    datareg_6_fu_283   |    0    |    31   |
|  select  |    datareg_7_fu_295   |    0    |    31   |
|          |    datareg_8_fu_307   |    0    |    31   |
|          |    datareg_9_fu_319   |    0    |    31   |
|          |   datareg_10_fu_331   |    0    |    31   |
|          |   datareg_11_fu_343   |    0    |    31   |
|          |   datareg_12_fu_355   |    0    |    31   |
|          |   datareg_13_fu_367   |    0    |    31   |
|          |   datareg_14_fu_379   |    0    |    31   |
|          |   datareg_15_fu_391   |    0    |    31   |
|----------|-----------------------|---------|---------|
|          |  p_read_65_read_fu_46 |    0    |    0    |
|          |  p_read_66_read_fu_52 |    0    |    0    |
|          |  p_read_67_read_fu_58 |    0    |    0    |
|          |  p_read_68_read_fu_64 |    0    |    0    |
|          |  p_read_69_read_fu_70 |    0    |    0    |
|          | p_read1026_read_fu_76 |    0    |    0    |
|          |  p_read925_read_fu_82 |    0    |    0    |
|   read   |  p_read824_read_fu_88 |    0    |    0    |
|          |  p_read723_read_fu_94 |    0    |    0    |
|          | p_read622_read_fu_100 |    0    |    0    |
|          | p_read521_read_fu_106 |    0    |    0    |
|          | p_read420_read_fu_112 |    0    |    0    |
|          | p_read319_read_fu_118 |    0    |    0    |
|          | p_read218_read_fu_124 |    0    |    0    |
|          | p_read117_read_fu_130 |    0    |    0    |
|          |  p_read16_read_fu_136 |    0    |    0    |
|----------|-----------------------|---------|---------|
|          |   trunc_ln42_fu_142   |    0    |    0    |
|          |  trunc_ln42_1_fu_146  |    0    |    0    |
|          |  trunc_ln42_2_fu_150  |    0    |    0    |
|          |  trunc_ln42_3_fu_154  |    0    |    0    |
|          |  trunc_ln42_4_fu_158  |    0    |    0    |
|          |  trunc_ln42_5_fu_162  |    0    |    0    |
|          |  trunc_ln42_6_fu_166  |    0    |    0    |
|   trunc  |  trunc_ln42_7_fu_170  |    0    |    0    |
|          |  trunc_ln42_8_fu_174  |    0    |    0    |
|          |  trunc_ln42_9_fu_178  |    0    |    0    |
|          |  trunc_ln42_10_fu_182 |    0    |    0    |
|          |  trunc_ln42_11_fu_186 |    0    |    0    |
|          |  trunc_ln42_12_fu_190 |    0    |    0    |
|          |  trunc_ln42_13_fu_194 |    0    |    0    |
|          |  trunc_ln42_14_fu_198 |    0    |    0    |
|          |  trunc_ln42_15_fu_202 |    0    |    0    |
|----------|-----------------------|---------|---------|
|          |       mrv_fu_398      |    0    |    0    |
|          |      mrv_1_fu_404     |    0    |    0    |
|          |      mrv_2_fu_410     |    0    |    0    |
|          |      mrv_3_fu_416     |    0    |    0    |
|          |      mrv_4_fu_422     |    0    |    0    |
|          |      mrv_5_fu_428     |    0    |    0    |
|          |      mrv_6_fu_434     |    0    |    0    |
|insertvalue|      mrv_7_fu_440     |    0    |    0    |
|          |      mrv_8_fu_446     |    0    |    0    |
|          |      mrv_9_fu_452     |    0    |    0    |
|          |      mrv_s_fu_458     |    0    |    0    |
|          |     mrv_10_fu_464     |    0    |    0    |
|          |     mrv_11_fu_470     |    0    |    0    |
|          |     mrv_12_fu_476     |    0    |    0    |
|          |     mrv_13_fu_482     |    0    |    0    |
|          |     mrv_14_fu_488     |    0    |    0    |
|----------|-----------------------|---------|---------|
|   Total  |                       |    0    |   1120  |
|----------|-----------------------|---------|---------|

Memories:
N/A

* Register list:
+---------------------+--------+
|                     |   FF   |
+---------------------+--------+
|  p_read1026_reg_519 |   32   |
|  p_read117_reg_564  |   32   |
|   p_read16_reg_569  |   32   |
|  p_read218_reg_559  |   32   |
|  p_read319_reg_554  |   32   |
|  p_read420_reg_549  |   32   |
|  p_read521_reg_544  |   32   |
|  p_read622_reg_539  |   32   |
|  p_read723_reg_534  |   32   |
|  p_read824_reg_529  |   32   |
|  p_read925_reg_524  |   32   |
|  p_read_65_reg_494  |   32   |
|  p_read_66_reg_499  |   32   |
|  p_read_67_reg_504  |   32   |
|  p_read_68_reg_509  |   32   |
|  p_read_69_reg_514  |   32   |
|trunc_ln42_10_reg_624|   31   |
|trunc_ln42_11_reg_629|   31   |
|trunc_ln42_12_reg_634|   31   |
|trunc_ln42_13_reg_639|   31   |
|trunc_ln42_14_reg_644|   31   |
|trunc_ln42_15_reg_649|   31   |
| trunc_ln42_1_reg_579|   31   |
| trunc_ln42_2_reg_584|   31   |
| trunc_ln42_3_reg_589|   31   |
| trunc_ln42_4_reg_594|   31   |
| trunc_ln42_5_reg_599|   31   |
| trunc_ln42_6_reg_604|   31   |
| trunc_ln42_7_reg_609|   31   |
| trunc_ln42_8_reg_614|   31   |
| trunc_ln42_9_reg_619|   31   |
|  trunc_ln42_reg_574 |   31   |
+---------------------+--------+
|        Total        |  1008  |
+---------------------+--------+

* Multiplexer (MUX) list: 
|--------|------|------|------|--------|
|  Comp  |  Pin | Size |  BW  | S x BW |
|--------|------|------|------|--------|
|  Total |      |      |      |    0   |
|--------|------|------|------|--------|



* Summary:
+-----------+--------+--------+
|           |   FF   |   LUT  |
+-----------+--------+--------+
|  Function |    0   |  1120  |
|   Memory  |    -   |    -   |
|Multiplexer|    -   |    -   |
|  Register |  1008  |    -   |
+-----------+--------+--------+
|   Total   |  1008  |  1120  |
+-----------+--------+--------+
