D:\xilinx\Project\fp_vitis\fp_vitis\hls_component\hls_component\hls\.autopilot\db\autoencoder.pp.0.cpp:2269:5: warning: Added loop label VITIS_LOOP_676_1:   [xilinx-label-all-loops]
    for (unsigned i = low; i != high+1; ++i) {
    ^~~
    VITIS_LOOP_676_1: 
D:\xilinx\Project\fp_vitis\fp_vitis\hls_component\hls_component\hls\.autopilot\db\autoencoder.pp.0.cpp:2269:5: note: FIX-IT applied suggested code changes
D:\xilinx\Project\fp_vitis\fp_vitis\hls_component\hls_component\hls\.autopilot\db\autoencoder.pp.0.cpp:2283:5: warning: Added loop label VITIS_LOOP_690_1:   [xilinx-label-all-loops]
    for (unsigned i = low; i != high+1; ++i) {
    ^~~
    VITIS_LOOP_690_1: 
D:\xilinx\Project\fp_vitis\fp_vitis\hls_component\hls_component\hls\.autopilot\db\autoencoder.pp.0.cpp:2283:5: note: FIX-IT applied suggested code changes
D:\xilinx\Project\fp_vitis\fp_vitis\hls_component\hls_component\hls\.autopilot\db\autoencoder.pp.0.cpp:2297:5: warning: Added loop label VITIS_LOOP_704_1:   [xilinx-label-all-loops]
    for (unsigned i = low; i != high+1; ++i) {
    ^~~
    VITIS_LOOP_704_1: 
D:\xilinx\Project\fp_vitis\fp_vitis\hls_component\hls_component\hls\.autopilot\db\autoencoder.pp.0.cpp:2297:5: note: FIX-IT applied suggested code changes
D:\xilinx\Project\fp_vitis\fp_vitis\hls_component\hls_component\hls\.autopilot\db\autoencoder.pp.0.cpp:4253:7: warning: Added loop label VITIS_LOOP_1248_1:   [xilinx-label-all-loops]
      for (i = 0; i < __N - 1; ++i) {
      ^~~
      VITIS_LOOP_1248_1: 
D:\xilinx\Project\fp_vitis\fp_vitis\hls_component\hls_component\hls\.autopilot\db\autoencoder.pp.0.cpp:4253:7: note: FIX-IT applied suggested code changes
D:\xilinx\Project\fp_vitis\fp_vitis\hls_component\hls_component\hls\.autopilot\db\autoencoder.pp.0.cpp:13173:72: error: Invalid Directive: for current device, ROM_1P + LUTRAM is invalid combination for BIND_STORAGE's option 'type + impl' [clang-diagnostic-error]
#pragma HLS BIND_STORAGE variable=fourth_order_double::sin_cos_K0 type=ROM_1P impl=LUTRAM
                                                                       ^
D:\xilinx\Project\fp_vitis\fp_vitis\hls_component\hls_component\hls\.autopilot\db\autoencoder.pp.0.cpp:13174:72: error: Invalid Directive: for current device, ROM_1P + LUTRAM is invalid combination for BIND_STORAGE's option 'type + impl' [clang-diagnostic-error]
#pragma HLS BIND_STORAGE variable=fourth_order_double::sin_cos_K1 type=ROM_1P impl=LUTRAM
                                                                       ^
D:\xilinx\Project\fp_vitis\fp_vitis\hls_component\hls_component\hls\.autopilot\db\autoencoder.pp.0.cpp:13175:72: error: Invalid Directive: for current device, ROM_1P + LUTRAM is invalid combination for BIND_STORAGE's option 'type + impl' [clang-diagnostic-error]
#pragma HLS BIND_STORAGE variable=fourth_order_double::sin_cos_K2 type=ROM_1P impl=LUTRAM
                                                                       ^
D:\xilinx\Project\fp_vitis\fp_vitis\hls_component\hls_component\hls\.autopilot\db\autoencoder.pp.0.cpp:13176:72: error: Invalid Directive: for current device, ROM_1P + LUTRAM is invalid combination for BIND_STORAGE's option 'type + impl' [clang-diagnostic-error]
#pragma HLS BIND_STORAGE variable=fourth_order_double::sin_cos_K3 type=ROM_1P impl=LUTRAM
                                                                       ^
D:\xilinx\Project\fp_vitis\fp_vitis\hls_component\hls_component\hls\.autopilot\db\autoencoder.pp.0.cpp:13177:72: error: Invalid Directive: for current device, ROM_1P + LUTRAM is invalid combination for BIND_STORAGE's option 'type + impl' [clang-diagnostic-error]
#pragma HLS BIND_STORAGE variable=fourth_order_double::sin_cos_K4 type=ROM_1P impl=LUTRAM
                                                                       ^
D:\xilinx\Project\fp_vitis\fp_vitis\hls_component\hls_component\hls\.autopilot\db\autoencoder.pp.0.cpp:13207:68: error: Invalid Directive: for current device, ROM_1P + LUTRAM is invalid combination for BIND_STORAGE's option 'type + impl' [clang-diagnostic-error]
#pragma HLS BIND_STORAGE variable=fourth_order_double::cos_K0 type=ROM_1P impl=LUTRAM
                                                                   ^
D:\xilinx\Project\fp_vitis\fp_vitis\hls_component\hls_component\hls\.autopilot\db\autoencoder.pp.0.cpp:13208:68: error: Invalid Directive: for current device, ROM_1P + LUTRAM is invalid combination for BIND_STORAGE's option 'type + impl' [clang-diagnostic-error]
#pragma HLS BIND_STORAGE variable=fourth_order_double::cos_K1 type=ROM_1P impl=LUTRAM
                                                                   ^
D:\xilinx\Project\fp_vitis\fp_vitis\hls_component\hls_component\hls\.autopilot\db\autoencoder.pp.0.cpp:13209:68: error: Invalid Directive: for current device, ROM_1P + LUTRAM is invalid combination for BIND_STORAGE's option 'type + impl' [clang-diagnostic-error]
#pragma HLS BIND_STORAGE variable=fourth_order_double::cos_K2 type=ROM_1P impl=LUTRAM
                                                                   ^
D:\xilinx\Project\fp_vitis\fp_vitis\hls_component\hls_component\hls\.autopilot\db\autoencoder.pp.0.cpp:13210:68: error: Invalid Directive: for current device, ROM_1P + LUTRAM is invalid combination for BIND_STORAGE's option 'type + impl' [clang-diagnostic-error]
#pragma HLS BIND_STORAGE variable=fourth_order_double::cos_K3 type=ROM_1P impl=LUTRAM
                                                                   ^
D:\xilinx\Project\fp_vitis\fp_vitis\hls_component\hls_component\hls\.autopilot\db\autoencoder.pp.0.cpp:13211:68: error: Invalid Directive: for current device, ROM_1P + LUTRAM is invalid combination for BIND_STORAGE's option 'type + impl' [clang-diagnostic-error]
#pragma HLS BIND_STORAGE variable=fourth_order_double::cos_K4 type=ROM_1P impl=LUTRAM
                                                                   ^
D:\xilinx\Project\fp_vitis\fp_vitis\hls_component\hls_component\hls\.autopilot\db\autoencoder.pp.0.cpp:13212:68: error: Invalid Directive: for current device, ROM_1P + LUTRAM is invalid combination for BIND_STORAGE's option 'type + impl' [clang-diagnostic-error]
#pragma HLS BIND_STORAGE variable=fourth_order_double::sin_K0 type=ROM_1P impl=LUTRAM
                                                                   ^
D:\xilinx\Project\fp_vitis\fp_vitis\hls_component\hls_component\hls\.autopilot\db\autoencoder.pp.0.cpp:13213:68: error: Invalid Directive: for current device, ROM_1P + LUTRAM is invalid combination for BIND_STORAGE's option 'type + impl' [clang-diagnostic-error]
#pragma HLS BIND_STORAGE variable=fourth_order_double::sin_K1 type=ROM_1P impl=LUTRAM
                                                                   ^
D:\xilinx\Project\fp_vitis\fp_vitis\hls_component\hls_component\hls\.autopilot\db\autoencoder.pp.0.cpp:13214:68: error: Invalid Directive: for current device, ROM_1P + LUTRAM is invalid combination for BIND_STORAGE's option 'type + impl' [clang-diagnostic-error]
#pragma HLS BIND_STORAGE variable=fourth_order_double::sin_K2 type=ROM_1P impl=LUTRAM
                                                                   ^
D:\xilinx\Project\fp_vitis\fp_vitis\hls_component\hls_component\hls\.autopilot\db\autoencoder.pp.0.cpp:13215:68: error: Invalid Directive: for current device, ROM_1P + LUTRAM is invalid combination for BIND_STORAGE's option 'type + impl' [clang-diagnostic-error]
#pragma HLS BIND_STORAGE variable=fourth_order_double::sin_K3 type=ROM_1P impl=LUTRAM
                                                                   ^
D:\xilinx\Project\fp_vitis\fp_vitis\hls_component\hls_component\hls\.autopilot\db\autoencoder.pp.0.cpp:13216:68: error: Invalid Directive: for current device, ROM_1P + LUTRAM is invalid combination for BIND_STORAGE's option 'type + impl' [clang-diagnostic-error]
#pragma HLS BIND_STORAGE variable=fourth_order_double::sin_K4 type=ROM_1P impl=LUTRAM
                                                                   ^
D:\xilinx\Project\fp_vitis\fp_vitis\hls_component\hls_component\hls\.autopilot\db\autoencoder.pp.0.cpp:13266:71: error: Invalid Directive: for current device, ROM_1P + LUTRAM is invalid combination for BIND_STORAGE's option 'type + impl' [clang-diagnostic-error]
#pragma HLS BIND_STORAGE variable=second_order_float::sin_cos_K0 type=ROM_1P impl=LUTRAM
                                                                      ^
D:\xilinx\Project\fp_vitis\fp_vitis\hls_component\hls_component\hls\.autopilot\db\autoencoder.pp.0.cpp:13267:71: error: Invalid Directive: for current device, ROM_1P + LUTRAM is invalid combination for BIND_STORAGE's option 'type + impl' [clang-diagnostic-error]
#pragma HLS BIND_STORAGE variable=second_order_float::sin_cos_K1 type=ROM_1P impl=LUTRAM
                                                                      ^
D:\xilinx\Project\fp_vitis\fp_vitis\hls_component\hls_component\hls\.autopilot\db\autoencoder.pp.0.cpp:13268:71: error: Invalid Directive: for current device, ROM_1P + LUTRAM is invalid combination for BIND_STORAGE's option 'type + impl' [clang-diagnostic-error]
#pragma HLS BIND_STORAGE variable=second_order_float::sin_cos_K2 type=ROM_1P impl=LUTRAM
                                                                      ^
D:\xilinx\Project\fp_vitis\fp_vitis\hls_component\hls_component\hls\.autopilot\db\autoencoder.pp.0.cpp:13295:67: error: Invalid Directive: for current device, ROM_1P + LUTRAM is invalid combination for BIND_STORAGE's option 'type + impl' [clang-diagnostic-error]
#pragma HLS BIND_STORAGE variable=second_order_float::cos_K0 type=ROM_1P impl=LUTRAM
                                                                  ^
D:\xilinx\Project\fp_vitis\fp_vitis\hls_component\hls_component\hls\.autopilot\db\autoencoder.pp.0.cpp:13296:67: error: Invalid Directive: for current device, ROM_1P + LUTRAM is invalid combination for BIND_STORAGE's option 'type + impl' [clang-diagnostic-error]
#pragma HLS BIND_STORAGE variable=second_order_float::cos_K1 type=ROM_1P impl=LUTRAM
                                                                  ^
D:\xilinx\Project\fp_vitis\fp_vitis\hls_component\hls_component\hls\.autopilot\db\autoencoder.pp.0.cpp:13297:67: error: Invalid Directive: for current device, ROM_1P + LUTRAM is invalid combination for BIND_STORAGE's option 'type + impl' [clang-diagnostic-error]
#pragma HLS BIND_STORAGE variable=second_order_float::cos_K2 type=ROM_1P impl=LUTRAM
                                                                  ^
D:\xilinx\Project\fp_vitis\fp_vitis\hls_component\hls_component\hls\.autopilot\db\autoencoder.pp.0.cpp:13298:67: error: Invalid Directive: for current device, ROM_1P + LUTRAM is invalid combination for BIND_STORAGE's option 'type + impl' [clang-diagnostic-error]
#pragma HLS BIND_STORAGE variable=second_order_float::sin_K0 type=ROM_1P impl=LUTRAM
                                                                  ^
D:\xilinx\Project\fp_vitis\fp_vitis\hls_component\hls_component\hls\.autopilot\db\autoencoder.pp.0.cpp:13299:67: error: Invalid Directive: for current device, ROM_1P + LUTRAM is invalid combination for BIND_STORAGE's option 'type + impl' [clang-diagnostic-error]
#pragma HLS BIND_STORAGE variable=second_order_float::sin_K1 type=ROM_1P impl=LUTRAM
                                                                  ^
D:\xilinx\Project\fp_vitis\fp_vitis\hls_component\hls_component\hls\.autopilot\db\autoencoder.pp.0.cpp:13300:67: error: Invalid Directive: for current device, ROM_1P + LUTRAM is invalid combination for BIND_STORAGE's option 'type + impl' [clang-diagnostic-error]
#pragma HLS BIND_STORAGE variable=second_order_float::sin_K2 type=ROM_1P impl=LUTRAM
                                                                  ^
D:\xilinx\Project\fp_vitis\fp_vitis\hls_component\hls_component\hls\.autopilot\db\autoencoder.pp.0.cpp:13336:73: error: Invalid Directive: for current device, ROM_1P + LUTRAM is invalid combination for BIND_STORAGE's option 'type + impl' [clang-diagnostic-error]
#pragma HLS BIND_STORAGE variable=first_order_fixed_16::sin_cos_K0 type=ROM_1P impl=LUTRAM
                                                                        ^
D:\xilinx\Project\fp_vitis\fp_vitis\hls_component\hls_component\hls\.autopilot\db\autoencoder.pp.0.cpp:13337:73: error: Invalid Directive: for current device, ROM_1P + LUTRAM is invalid combination for BIND_STORAGE's option 'type + impl' [clang-diagnostic-error]
#pragma HLS BIND_STORAGE variable=first_order_fixed_16::sin_cos_K1 type=ROM_1P impl=LUTRAM
                                                                        ^
D:\xilinx\Project\fp_vitis\fp_vitis\hls_component\hls_component\hls\.autopilot\db\autoencoder.pp.0.cpp:13611:5: warning: Added loop label VITIS_LOOP_61_1:   [xilinx-label-all-loops]
    for (int n=0; n<Nmax; n++){
    ^~~
    VITIS_LOOP_61_1: 
D:\xilinx\Project\fp_vitis\fp_vitis\hls_component\hls_component\hls\.autopilot\db\autoencoder.pp.0.cpp:13611:5: note: FIX-IT applied suggested code changes
D:\xilinx\Project\fp_vitis\fp_vitis\hls_component\hls_component\hls\.autopilot\db\autoencoder.pp.0.cpp:13657:5: warning: Added loop label VITIS_LOOP_117_1:   [xilinx-label-all-loops]
    for (int n=0; n<Nmax; n++){
    ^~~
    VITIS_LOOP_117_1: 
D:\xilinx\Project\fp_vitis\fp_vitis\hls_component\hls_component\hls\.autopilot\db\autoencoder.pp.0.cpp:13657:5: note: FIX-IT applied suggested code changes
D:\xilinx\Project\fp_vitis\fp_vitis\hls_component\hls_component\hls\.autopilot\db\autoencoder.pp.0.cpp:13820:9: warning: Added loop label VITIS_LOOP_289_1:   [xilinx-label-all-loops]
        for(int i=0;i<W-1;i++){
        ^~~
        VITIS_LOOP_289_1: 
D:\xilinx\Project\fp_vitis\fp_vitis\hls_component\hls_component\hls\.autopilot\db\autoencoder.pp.0.cpp:13820:9: note: FIX-IT applied suggested code changes
D:\xilinx\Project\fp_vitis\fp_vitis\hls_component\hls_component\hls\.autopilot\db\autoencoder.pp.0.cpp:13972:9: warning: Added loop label VITIS_LOOP_449_1:   [xilinx-label-all-loops]
        for(int i=0;i<W-1;i++){
        ^~~
        VITIS_LOOP_449_1: 
D:\xilinx\Project\fp_vitis\fp_vitis\hls_component\hls_component\hls\.autopilot\db\autoencoder.pp.0.cpp:13972:9: note: FIX-IT applied suggested code changes
D:\xilinx\Project\fp_vitis\fp_vitis\hls_component\hls_component\hls\.autopilot\db\autoencoder.pp.0.cpp:14152:5: warning: Added loop label VITIS_LOOP_629_1:   [xilinx-label-all-loops]
    for(int i=0;i<W+1;i++){
    ^~~
    VITIS_LOOP_629_1: 
D:\xilinx\Project\fp_vitis\fp_vitis\hls_component\hls_component\hls\.autopilot\db\autoencoder.pp.0.cpp:14152:5: note: FIX-IT applied suggested code changes
D:\xilinx\Project\fp_vitis\fp_vitis\hls_component\hls_component\hls\.autopilot\db\autoencoder.pp.0.cpp:14156:5: warning: Added loop label VITIS_LOOP_633_2:   [xilinx-label-all-loops]
    for(int i=0;i<W+1;i++){
    ^~~
    VITIS_LOOP_633_2: 
D:\xilinx\Project\fp_vitis\fp_vitis\hls_component\hls_component\hls\.autopilot\db\autoencoder.pp.0.cpp:14156:5: note: FIX-IT applied suggested code changes
D:\xilinx\Project\fp_vitis\fp_vitis\hls_component\hls_component\hls\.autopilot\db\autoencoder.pp.0.cpp:14266:5: warning: Added loop label VITIS_LOOP_743_1:   [xilinx-label-all-loops]
    for (int n=0; n<Nmax; n++){
    ^~~
    VITIS_LOOP_743_1: 
D:\xilinx\Project\fp_vitis\fp_vitis\hls_component\hls_component\hls\.autopilot\db\autoencoder.pp.0.cpp:14266:5: note: FIX-IT applied suggested code changes
D:\xilinx\Project\fp_vitis\fp_vitis\hls_component\hls_component\hls\.autopilot\db\autoencoder.pp.0.cpp:14356:7: warning: Added loop label VITIS_LOOP_840_1:   [xilinx-label-all-loops]
      for(int i=0;i<W-1;i++){
      ^~~
      VITIS_LOOP_840_1: 
D:\xilinx\Project\fp_vitis\fp_vitis\hls_component\hls_component\hls\.autopilot\db\autoencoder.pp.0.cpp:14356:7: note: FIX-IT applied suggested code changes
D:\xilinx\Project\fp_vitis\fp_vitis\hls_component\hls_component\hls\.autopilot\db\autoencoder.pp.0.cpp:14375:7: warning: Added loop label VITIS_LOOP_859_2:   [xilinx-label-all-loops]
      for(int i=0;i<W-1;i++){
      ^~~
      VITIS_LOOP_859_2: 
D:\xilinx\Project\fp_vitis\fp_vitis\hls_component\hls_component\hls\.autopilot\db\autoencoder.pp.0.cpp:14375:7: note: FIX-IT applied suggested code changes
D:\xilinx\Project\fp_vitis\fp_vitis\hls_component\hls_component\hls\.autopilot\db\autoencoder.pp.0.cpp:14665:5: warning: Added loop label VITIS_LOOP_1173_1:   [xilinx-label-all-loops]
    for(int i=0; i<Nmax; i++) {
    ^~~
    VITIS_LOOP_1173_1: 
D:\xilinx\Project\fp_vitis\fp_vitis\hls_component\hls_component\hls\.autopilot\db\autoencoder.pp.0.cpp:14665:5: note: FIX-IT applied suggested code changes
D:\xilinx\Project\fp_vitis\fp_vitis\hls_component\hls_component\hls\.autopilot\db\autoencoder.pp.0.cpp:14748:5: warning: Added loop label VITIS_LOOP_1256_1:   [xilinx-label-all-loops]
    for(int i=0; i<Nmax; i++) {
    ^~~
    VITIS_LOOP_1256_1: 
D:\xilinx\Project\fp_vitis\fp_vitis\hls_component\hls_component\hls\.autopilot\db\autoencoder.pp.0.cpp:14748:5: note: FIX-IT applied suggested code changes
D:\xilinx\Project\fp_vitis\fp_vitis\hls_component\hls_component\hls\.autopilot\db\autoencoder.pp.0.cpp:15154:13: warning: Added loop label VITIS_LOOP_68_1:   [xilinx-label-all-loops]
            for (int j = 3; j >= I_+1; j--) {
            ^~~
            VITIS_LOOP_68_1: 
D:\xilinx\Project\fp_vitis\fp_vitis\hls_component\hls_component\hls\.autopilot\db\autoencoder.pp.0.cpp:15154:13: note: FIX-IT applied suggested code changes
D:\xilinx\Project\fp_vitis\fp_vitis\hls_component\hls_component\hls\.autopilot\db\autoencoder.pp.0.cpp:15160:17: warning: Added loop label VITIS_LOOP_74_2:   [xilinx-label-all-loops]
                for (int j = 3; j >= I_+1; j--){
                ^~~
                VITIS_LOOP_74_2: 
D:\xilinx\Project\fp_vitis\fp_vitis\hls_component\hls_component\hls\.autopilot\db\autoencoder.pp.0.cpp:15160:17: note: FIX-IT applied suggested code changes
D:\xilinx\Project\fp_vitis\fp_vitis\hls_component\hls_component\hls\.autopilot\db\autoencoder.pp.0.cpp:15164:17: warning: Added loop label VITIS_LOOP_78_3:   [xilinx-label-all-loops]
                for (int j = I_; j >= 0; j--){
                ^~~
                VITIS_LOOP_78_3: 
D:\xilinx\Project\fp_vitis\fp_vitis\hls_component\hls_component\hls\.autopilot\db\autoencoder.pp.0.cpp:15164:17: note: FIX-IT applied suggested code changes
D:\xilinx\Project\fp_vitis\fp_vitis\hls_component\hls_component\hls\.autopilot\db\autoencoder.pp.0.cpp:15211:13: warning: Added loop label VITIS_LOOP_145_4:   [xilinx-label-all-loops]
            for (int j = 9; j >= I_+4; j--) {
            ^~~
            VITIS_LOOP_145_4: 
D:\xilinx\Project\fp_vitis\fp_vitis\hls_component\hls_component\hls\.autopilot\db\autoencoder.pp.0.cpp:15211:13: note: FIX-IT applied suggested code changes
D:\xilinx\Project\fp_vitis\fp_vitis\hls_component\hls_component\hls\.autopilot\db\autoencoder.pp.0.cpp:15217:17: warning: Added loop label VITIS_LOOP_151_5:   [xilinx-label-all-loops]
                for (int j = 9; j >= I_+4; j--){
                ^~~
                VITIS_LOOP_151_5: 
D:\xilinx\Project\fp_vitis\fp_vitis\hls_component\hls_component\hls\.autopilot\db\autoencoder.pp.0.cpp:15217:17: note: FIX-IT applied suggested code changes
D:\xilinx\Project\fp_vitis\fp_vitis\hls_component\hls_component\hls\.autopilot\db\autoencoder.pp.0.cpp:15221:17: warning: Added loop label VITIS_LOOP_155_6:   [xilinx-label-all-loops]
                for (int j = I_+3; j >= 0; j--){
                ^~~
                VITIS_LOOP_155_6: 
D:\xilinx\Project\fp_vitis\fp_vitis\hls_component\hls_component\hls\.autopilot\db\autoencoder.pp.0.cpp:15221:17: note: FIX-IT applied suggested code changes
D:\xilinx\Project\fp_vitis\fp_vitis\hls_component\hls_component\hls\.autopilot\db\autoencoder.pp.0.cpp:15236:9: warning: Added loop label VITIS_LOOP_170_7:   [xilinx-label-all-loops]
        for (int j = 14; j < 22; j++){
        ^~~
        VITIS_LOOP_170_7: 
D:\xilinx\Project\fp_vitis\fp_vitis\hls_component\hls_component\hls\.autopilot\db\autoencoder.pp.0.cpp:15236:9: note: FIX-IT applied suggested code changes
D:\xilinx\Project\fp_vitis\fp_vitis\hls_component\hls_component\hls\.autopilot\db\autoencoder.pp.0.cpp:15244:17: warning: Added loop label VITIS_LOOP_178_8:   [xilinx-label-all-loops]
                for (int j = 0; j < 22; j++){
                ^~~
                VITIS_LOOP_178_8: 
D:\xilinx\Project\fp_vitis\fp_vitis\hls_component\hls_component\hls\.autopilot\db\autoencoder.pp.0.cpp:15244:17: note: FIX-IT applied suggested code changes
D:\xilinx\Project\fp_vitis\fp_vitis\hls_component\hls_component\hls\.autopilot\db\autoencoder.pp.0.cpp:15309:13: warning: Added loop label VITIS_LOOP_243_9:   [xilinx-label-all-loops]
            for (int j = 21; j >= I_+10; j--) {
            ^~~
            VITIS_LOOP_243_9: 
D:\xilinx\Project\fp_vitis\fp_vitis\hls_component\hls_component\hls\.autopilot\db\autoencoder.pp.0.cpp:15309:13: note: FIX-IT applied suggested code changes
D:\xilinx\Project\fp_vitis\fp_vitis\hls_component\hls_component\hls\.autopilot\db\autoencoder.pp.0.cpp:15315:17: warning: Added loop label VITIS_LOOP_249_10:   [xilinx-label-all-loops]
                for (int j = 21; j >= I_+10; j--) {
                ^~~
                VITIS_LOOP_249_10: 
D:\xilinx\Project\fp_vitis\fp_vitis\hls_component\hls_component\hls\.autopilot\db\autoencoder.pp.0.cpp:15315:17: note: FIX-IT applied suggested code changes
D:\xilinx\Project\fp_vitis\fp_vitis\hls_component\hls_component\hls\.autopilot\db\autoencoder.pp.0.cpp:15319:17: warning: Added loop label VITIS_LOOP_253_11:   [xilinx-label-all-loops]
                for (int j = I_+9; j >= 0; j--) {
                ^~~
                VITIS_LOOP_253_11: 
D:\xilinx\Project\fp_vitis\fp_vitis\hls_component\hls_component\hls\.autopilot\db\autoencoder.pp.0.cpp:15319:17: note: FIX-IT applied suggested code changes
D:\xilinx\Project\fp_vitis\fp_vitis\hls_component\hls_component\hls\.autopilot\db\autoencoder.pp.0.cpp:15334:9: warning: Added loop label VITIS_LOOP_268_12:   [xilinx-label-all-loops]
        for (int j = 27; j < 46; j++){
        ^~~
        VITIS_LOOP_268_12: 
D:\xilinx\Project\fp_vitis\fp_vitis\hls_component\hls_component\hls\.autopilot\db\autoencoder.pp.0.cpp:15334:9: note: FIX-IT applied suggested code changes
D:\xilinx\Project\fp_vitis\fp_vitis\hls_component\hls_component\hls\.autopilot\db\autoencoder.pp.0.cpp:15342:17: warning: Added loop label VITIS_LOOP_276_13:   [xilinx-label-all-loops]
                for (int j = 0; j < 46; j++) {
                ^~~
                VITIS_LOOP_276_13: 
D:\xilinx\Project\fp_vitis\fp_vitis\hls_component\hls_component\hls\.autopilot\db\autoencoder.pp.0.cpp:15342:17: note: FIX-IT applied suggested code changes
D:\xilinx\Project\fp_vitis\fp_vitis\hls_component\hls_component\hls\.autopilot\db\autoencoder.pp.0.cpp:15571:13: warning: Added loop label VITIS_LOOP_505_14:   [xilinx-label-all-loops]
            for (int j = 45; j >= I_+22; j--) {
            ^~~
            VITIS_LOOP_505_14: 
D:\xilinx\Project\fp_vitis\fp_vitis\hls_component\hls_component\hls\.autopilot\db\autoencoder.pp.0.cpp:15571:13: note: FIX-IT applied suggested code changes
D:\xilinx\Project\fp_vitis\fp_vitis\hls_component\hls_component\hls\.autopilot\db\autoencoder.pp.0.cpp:15577:17: warning: Added loop label VITIS_LOOP_511_15:   [xilinx-label-all-loops]
                for (int j = 45; j >= I_+22; j--){
                ^~~
                VITIS_LOOP_511_15: 
D:\xilinx\Project\fp_vitis\fp_vitis\hls_component\hls_component\hls\.autopilot\db\autoencoder.pp.0.cpp:15577:17: note: FIX-IT applied suggested code changes
D:\xilinx\Project\fp_vitis\fp_vitis\hls_component\hls_component\hls\.autopilot\db\autoencoder.pp.0.cpp:15581:17: warning: Added loop label VITIS_LOOP_515_16:   [xilinx-label-all-loops]
                for (int j = I_+21; j >= 0; j--) {
                ^~~
                VITIS_LOOP_515_16: 
D:\xilinx\Project\fp_vitis\fp_vitis\hls_component\hls_component\hls\.autopilot\db\autoencoder.pp.0.cpp:15581:17: note: FIX-IT applied suggested code changes
D:\xilinx\Project\fp_vitis\fp_vitis\hls_component\hls_component\hls\.autopilot\db\autoencoder.pp.0.cpp:15591:9: warning: Added loop label VITIS_LOOP_525_17:   [xilinx-label-all-loops]
        for (int j = 32-F_; j < 32+I_; j++){
        ^~~
        VITIS_LOOP_525_17: 
D:\xilinx\Project\fp_vitis\fp_vitis\hls_component\hls_component\hls\.autopilot\db\autoencoder.pp.0.cpp:15591:9: note: FIX-IT applied suggested code changes
D:\xilinx\Project\fp_vitis\fp_vitis\hls_component\hls_component\hls\.autopilot\db\autoencoder.pp.0.cpp:15595:9: warning: Added loop label VITIS_LOOP_529_18:   [xilinx-label-all-loops]
        for (int j = 32+I_; j <= 64; j++){
        ^~~
        VITIS_LOOP_529_18: 
D:\xilinx\Project\fp_vitis\fp_vitis\hls_component\hls_component\hls\.autopilot\db\autoencoder.pp.0.cpp:15595:9: note: FIX-IT applied suggested code changes
D:\xilinx\Project\fp_vitis\fp_vitis\hls_component\hls_component\hls\.autopilot\db\autoencoder.pp.0.cpp:15605:9: warning: Added loop label VITIS_LOOP_539_19:   [xilinx-label-all-loops]
        for (int j = 37; j < 64; j++) {
        ^~~
        VITIS_LOOP_539_19: 
D:\xilinx\Project\fp_vitis\fp_vitis\hls_component\hls_component\hls\.autopilot\db\autoencoder.pp.0.cpp:15605:9: note: FIX-IT applied suggested code changes
D:\xilinx\Project\fp_vitis\fp_vitis\hls_component\hls_component\hls\.autopilot\db\autoencoder.pp.0.cpp:15613:17: warning: Added loop label VITIS_LOOP_547_20:   [xilinx-label-all-loops]
                for (int j = 0; j < 64; j++){
                ^~~
                VITIS_LOOP_547_20: 
D:\xilinx\Project\fp_vitis\fp_vitis\hls_component\hls_component\hls\.autopilot\db\autoencoder.pp.0.cpp:15613:17: note: FIX-IT applied suggested code changes
D:\xilinx\Project\fp_vitis\fp_vitis\hls_component\hls_component\hls\.autopilot\db\autoencoder.pp.0.cpp:15974:13: warning: Added loop label VITIS_LOOP_908_21:   [xilinx-label-all-loops]
            for (int j = 63; j >= I_+31; j--) {
            ^~~
            VITIS_LOOP_908_21: 
D:\xilinx\Project\fp_vitis\fp_vitis\hls_component\hls_component\hls\.autopilot\db\autoencoder.pp.0.cpp:15974:13: note: FIX-IT applied suggested code changes
D:\xilinx\Project\fp_vitis\fp_vitis\hls_component\hls_component\hls\.autopilot\db\autoencoder.pp.0.cpp:15980:17: warning: Added loop label VITIS_LOOP_914_22:   [xilinx-label-all-loops]
                for (int j = 63; j >= I_+31; j--) {
                ^~~
                VITIS_LOOP_914_22: 
D:\xilinx\Project\fp_vitis\fp_vitis\hls_component\hls_component\hls\.autopilot\db\autoencoder.pp.0.cpp:15980:17: note: FIX-IT applied suggested code changes
D:\xilinx\Project\fp_vitis\fp_vitis\hls_component\hls_component\hls\.autopilot\db\autoencoder.pp.0.cpp:15984:17: warning: Added loop label VITIS_LOOP_918_23:   [xilinx-label-all-loops]
                for (int j = I_+30; j >= 0; j--) {
                ^~~
                VITIS_LOOP_918_23: 
D:\xilinx\Project\fp_vitis\fp_vitis\hls_component\hls_component\hls\.autopilot\db\autoencoder.pp.0.cpp:15984:17: note: FIX-IT applied suggested code changes
D:\xilinx\Project\fp_vitis\fp_vitis\hls_component\hls_component\hls\.autopilot\db\autoencoder.pp.0.cpp:16100:13: warning: Added loop label VITIS_LOOP_1034_1:   [xilinx-label-all-loops]
            for (int j = 4; j >= I_+1; j--) {
            ^~~
            VITIS_LOOP_1034_1: 
D:\xilinx\Project\fp_vitis\fp_vitis\hls_component\hls_component\hls\.autopilot\db\autoencoder.pp.0.cpp:16100:13: note: FIX-IT applied suggested code changes
D:\xilinx\Project\fp_vitis\fp_vitis\hls_component\hls_component\hls\.autopilot\db\autoencoder.pp.0.cpp:16106:17: warning: Added loop label VITIS_LOOP_1040_2:   [xilinx-label-all-loops]
                for (int j = 4; j >= I_+1; j--) {
                ^~~
                VITIS_LOOP_1040_2: 
D:\xilinx\Project\fp_vitis\fp_vitis\hls_component\hls_component\hls\.autopilot\db\autoencoder.pp.0.cpp:16106:17: note: FIX-IT applied suggested code changes
D:\xilinx\Project\fp_vitis\fp_vitis\hls_component\hls_component\hls\.autopilot\db\autoencoder.pp.0.cpp:16110:17: warning: Added loop label VITIS_LOOP_1044_3:   [xilinx-label-all-loops]
                for (int j = I_; j >= 0; j--) {
                ^~~
                VITIS_LOOP_1044_3: 
D:\xilinx\Project\fp_vitis\fp_vitis\hls_component\hls_component\hls\.autopilot\db\autoencoder.pp.0.cpp:16110:17: note: FIX-IT applied suggested code changes
D:\xilinx\Project\fp_vitis\fp_vitis\hls_component\hls_component\hls\.autopilot\db\autoencoder.pp.0.cpp:16197:13: warning: Added loop label VITIS_LOOP_1131_4:   [xilinx-label-all-loops]
            for (int j = 10; j >= I_+4; j--) {
            ^~~
            VITIS_LOOP_1131_4: 
D:\xilinx\Project\fp_vitis\fp_vitis\hls_component\hls_component\hls\.autopilot\db\autoencoder.pp.0.cpp:16197:13: note: FIX-IT applied suggested code changes
D:\xilinx\Project\fp_vitis\fp_vitis\hls_component\hls_component\hls\.autopilot\db\autoencoder.pp.0.cpp:16203:17: warning: Added loop label VITIS_LOOP_1137_5:   [xilinx-label-all-loops]
                for (int j = 10; j >= I_+4; j--) {
                ^~~
                VITIS_LOOP_1137_5: 
D:\xilinx\Project\fp_vitis\fp_vitis\hls_component\hls_component\hls\.autopilot\db\autoencoder.pp.0.cpp:16203:17: note: FIX-IT applied suggested code changes
D:\xilinx\Project\fp_vitis\fp_vitis\hls_component\hls_component\hls\.autopilot\db\autoencoder.pp.0.cpp:16207:17: warning: Added loop label VITIS_LOOP_1141_6:   [xilinx-label-all-loops]
                for (int j = I_+3; j >= 0; j--) {
                ^~~
                VITIS_LOOP_1141_6: 
D:\xilinx\Project\fp_vitis\fp_vitis\hls_component\hls_component\hls\.autopilot\db\autoencoder.pp.0.cpp:16207:17: note: FIX-IT applied suggested code changes
D:\xilinx\Project\fp_vitis\fp_vitis\hls_component\hls_component\hls\.autopilot\db\autoencoder.pp.0.cpp:16226:9: warning: Added loop label VITIS_LOOP_1160_7:   [xilinx-label-all-loops]
        for (int j = wf+3; j < w-1; j++) {
        ^~~
        VITIS_LOOP_1160_7: 
D:\xilinx\Project\fp_vitis\fp_vitis\hls_component\hls_component\hls\.autopilot\db\autoencoder.pp.0.cpp:16226:9: note: FIX-IT applied suggested code changes
D:\xilinx\Project\fp_vitis\fp_vitis\hls_component\hls_component\hls\.autopilot\db\autoencoder.pp.0.cpp:16233:17: warning: Added loop label VITIS_LOOP_1167_8:   [xilinx-label-all-loops]
                for (int j = 0; j < 22; j++) {
                ^~~
                VITIS_LOOP_1167_8: 
D:\xilinx\Project\fp_vitis\fp_vitis\hls_component\hls_component\hls\.autopilot\db\autoencoder.pp.0.cpp:16233:17: note: FIX-IT applied suggested code changes
D:\xilinx\Project\fp_vitis\fp_vitis\hls_component\hls_component\hls\.autopilot\db\autoencoder.pp.0.cpp:16349:13: warning: Added loop label VITIS_LOOP_1283_9:   [xilinx-label-all-loops]
            for (int j = 22; j >= I_+10; j--) {
            ^~~
            VITIS_LOOP_1283_9: 
D:\xilinx\Project\fp_vitis\fp_vitis\hls_component\hls_component\hls\.autopilot\db\autoencoder.pp.0.cpp:16349:13: note: FIX-IT applied suggested code changes
D:\xilinx\Project\fp_vitis\fp_vitis\hls_component\hls_component\hls\.autopilot\db\autoencoder.pp.0.cpp:16355:17: warning: Added loop label VITIS_LOOP_1289_10:   [xilinx-label-all-loops]
                for (int j = 22; j >= I_+10; j--){
                ^~~
                VITIS_LOOP_1289_10: 
D:\xilinx\Project\fp_vitis\fp_vitis\hls_component\hls_component\hls\.autopilot\db\autoencoder.pp.0.cpp:16355:17: note: FIX-IT applied suggested code changes
D:\xilinx\Project\fp_vitis\fp_vitis\hls_component\hls_component\hls\.autopilot\db\autoencoder.pp.0.cpp:16359:17: warning: Added loop label VITIS_LOOP_1293_11:   [xilinx-label-all-loops]
                for (int j = I_+9; j >= 0; j--) {
                ^~~
                VITIS_LOOP_1293_11: 
D:\xilinx\Project\fp_vitis\fp_vitis\hls_component\hls_component\hls\.autopilot\db\autoencoder.pp.0.cpp:16359:17: note: FIX-IT applied suggested code changes
D:\xilinx\Project\fp_vitis\fp_vitis\hls_component\hls_component\hls\.autopilot\db\autoencoder.pp.0.cpp:16379:9: warning: Added loop label VITIS_LOOP_1313_12:   [xilinx-label-all-loops]
        for (int j = wf+4; j < w-1; j++){
        ^~~
        VITIS_LOOP_1313_12: 
D:\xilinx\Project\fp_vitis\fp_vitis\hls_component\hls_component\hls\.autopilot\db\autoencoder.pp.0.cpp:16379:9: note: FIX-IT applied suggested code changes
D:\xilinx\Project\fp_vitis\fp_vitis\hls_component\hls_component\hls\.autopilot\db\autoencoder.pp.0.cpp:16386:17: warning: Added loop label VITIS_LOOP_1320_13:   [xilinx-label-all-loops]
                for (int j = 0; j < 46; j++) {
                ^~~
                VITIS_LOOP_1320_13: 
D:\xilinx\Project\fp_vitis\fp_vitis\hls_component\hls_component\hls\.autopilot\db\autoencoder.pp.0.cpp:16386:17: note: FIX-IT applied suggested code changes
D:\xilinx\Project\fp_vitis\fp_vitis\hls_component\hls_component\hls\.autopilot\db\autoencoder.pp.0.cpp:16648:13: warning: Added loop label VITIS_LOOP_1582_14:   [xilinx-label-all-loops]
            for (int j = 46; j >= I_+22; j--) {
            ^~~
            VITIS_LOOP_1582_14: 
D:\xilinx\Project\fp_vitis\fp_vitis\hls_component\hls_component\hls\.autopilot\db\autoencoder.pp.0.cpp:16648:13: note: FIX-IT applied suggested code changes
D:\xilinx\Project\fp_vitis\fp_vitis\hls_component\hls_component\hls\.autopilot\db\autoencoder.pp.0.cpp:16654:17: warning: Added loop label VITIS_LOOP_1588_15:   [xilinx-label-all-loops]
                for (int j = 46; j >= I_+22; j--) {
                ^~~
                VITIS_LOOP_1588_15: 
D:\xilinx\Project\fp_vitis\fp_vitis\hls_component\hls_component\hls\.autopilot\db\autoencoder.pp.0.cpp:16654:17: note: FIX-IT applied suggested code changes
D:\xilinx\Project\fp_vitis\fp_vitis\hls_component\hls_component\hls\.autopilot\db\autoencoder.pp.0.cpp:16658:17: warning: Added loop label VITIS_LOOP_1592_16:   [xilinx-label-all-loops]
                for (int j = I_+21; j >= 0; j--) {
                ^~~
                VITIS_LOOP_1592_16: 
D:\xilinx\Project\fp_vitis\fp_vitis\hls_component\hls_component\hls\.autopilot\db\autoencoder.pp.0.cpp:16658:17: note: FIX-IT applied suggested code changes
D:\xilinx\Project\fp_vitis\fp_vitis\hls_component\hls_component\hls\.autopilot\db\autoencoder.pp.0.cpp:16682:9: warning: Added loop label VITIS_LOOP_1616_17:   [xilinx-label-all-loops]
        for (int j = wf+5; j < w-1; j++){
        ^~~
        VITIS_LOOP_1616_17: 
D:\xilinx\Project\fp_vitis\fp_vitis\hls_component\hls_component\hls\.autopilot\db\autoencoder.pp.0.cpp:16682:9: note: FIX-IT applied suggested code changes
D:\xilinx\Project\fp_vitis\fp_vitis\hls_component\hls_component\hls\.autopilot\db\autoencoder.pp.0.cpp:16689:17: warning: Added loop label VITIS_LOOP_1623_18:   [xilinx-label-all-loops]
                for (int j = 0; j < 64; j++) {
                ^~~
                VITIS_LOOP_1623_18: 
D:\xilinx\Project\fp_vitis\fp_vitis\hls_component\hls_component\hls\.autopilot\db\autoencoder.pp.0.cpp:16689:17: note: FIX-IT applied suggested code changes
D:\xilinx\Project\fp_vitis\fp_vitis\hls_component\hls_component\hls\.autopilot\db\autoencoder.pp.0.cpp:17119:13: warning: Added loop label VITIS_LOOP_2053_19:   [xilinx-label-all-loops]
            for (int j = 64; j >= I_+31; j--) {
            ^~~
            VITIS_LOOP_2053_19: 
D:\xilinx\Project\fp_vitis\fp_vitis\hls_component\hls_component\hls\.autopilot\db\autoencoder.pp.0.cpp:17119:13: note: FIX-IT applied suggested code changes
D:\xilinx\Project\fp_vitis\fp_vitis\hls_component\hls_component\hls\.autopilot\db\autoencoder.pp.0.cpp:17125:17: warning: Added loop label VITIS_LOOP_2059_20:   [xilinx-label-all-loops]
                for (int j = 64; j >= I_+31; j--) {
                ^~~
                VITIS_LOOP_2059_20: 
D:\xilinx\Project\fp_vitis\fp_vitis\hls_component\hls_component\hls\.autopilot\db\autoencoder.pp.0.cpp:17125:17: note: FIX-IT applied suggested code changes
D:\xilinx\Project\fp_vitis\fp_vitis\hls_component\hls_component\hls\.autopilot\db\autoencoder.pp.0.cpp:17129:17: warning: Added loop label VITIS_LOOP_2063_21:   [xilinx-label-all-loops]
                for (int j = I_+30; j >= 0; j--) {
                ^~~
                VITIS_LOOP_2063_21: 
D:\xilinx\Project\fp_vitis\fp_vitis\hls_component\hls_component\hls\.autopilot\db\autoencoder.pp.0.cpp:17129:17: note: FIX-IT applied suggested code changes
D:\xilinx\Project\fp_vitis\fp_vitis\hls_component\hls_component\hls\.autopilot\db\autoencoder.pp.0.cpp:17258:13: warning: Added loop label VITIS_LOOP_2192_1:   [xilinx-label-all-loops]
            for(int j=3; j>=I+1; j--) {
            ^~~
            VITIS_LOOP_2192_1: 
D:\xilinx\Project\fp_vitis\fp_vitis\hls_component\hls_component\hls\.autopilot\db\autoencoder.pp.0.cpp:17258:13: note: FIX-IT applied suggested code changes
D:\xilinx\Project\fp_vitis\fp_vitis\hls_component\hls_component\hls\.autopilot\db\autoencoder.pp.0.cpp:17265:17: warning: Added loop label VITIS_LOOP_2199_2:   [xilinx-label-all-loops]
                for(int j=3; j>=I+1; j--) {
                ^~~
                VITIS_LOOP_2199_2: 
D:\xilinx\Project\fp_vitis\fp_vitis\hls_component\hls_component\hls\.autopilot\db\autoencoder.pp.0.cpp:17265:17: note: FIX-IT applied suggested code changes
D:\xilinx\Project\fp_vitis\fp_vitis\hls_component\hls_component\hls\.autopilot\db\autoencoder.pp.0.cpp:17269:17: warning: Added loop label VITIS_LOOP_2203_3:   [xilinx-label-all-loops]
                for(int j=I; j>=0; j--) {
                ^~~
                VITIS_LOOP_2203_3: 
D:\xilinx\Project\fp_vitis\fp_vitis\hls_component\hls_component\hls\.autopilot\db\autoencoder.pp.0.cpp:17269:17: note: FIX-IT applied suggested code changes
D:\xilinx\Project\fp_vitis\fp_vitis\hls_component\hls_component\hls\.autopilot\db\autoencoder.pp.0.cpp:17316:13: warning: Added loop label VITIS_LOOP_2250_4:   [xilinx-label-all-loops]
            for(int j=7; j>=3+I; j--) {
            ^~~
            VITIS_LOOP_2250_4: 
D:\xilinx\Project\fp_vitis\fp_vitis\hls_component\hls_component\hls\.autopilot\db\autoencoder.pp.0.cpp:17316:13: note: FIX-IT applied suggested code changes
D:\xilinx\Project\fp_vitis\fp_vitis\hls_component\hls_component\hls\.autopilot\db\autoencoder.pp.0.cpp:17323:17: warning: Added loop label VITIS_LOOP_2257_5:   [xilinx-label-all-loops]
                for(int j=7; j>=3+I; j--) {
                ^~~
                VITIS_LOOP_2257_5: 
D:\xilinx\Project\fp_vitis\fp_vitis\hls_component\hls_component\hls\.autopilot\db\autoencoder.pp.0.cpp:17323:17: note: FIX-IT applied suggested code changes
D:\xilinx\Project\fp_vitis\fp_vitis\hls_component\hls_component\hls\.autopilot\db\autoencoder.pp.0.cpp:17327:17: warning: Added loop label VITIS_LOOP_2261_6:   [xilinx-label-all-loops]
                for(int j=I+2; j>=0; j--) {
                ^~~
                VITIS_LOOP_2261_6: 
D:\xilinx\Project\fp_vitis\fp_vitis\hls_component\hls_component\hls\.autopilot\db\autoencoder.pp.0.cpp:17327:17: note: FIX-IT applied suggested code changes
D:\xilinx\Project\fp_vitis\fp_vitis\hls_component\hls_component\hls\.autopilot\db\autoencoder.pp.0.cpp:17345:9: warning: Added loop label VITIS_LOOP_2279_7:   [xilinx-label-all-loops]
        for(int j=11; j<16; j++) {
        ^~~
        VITIS_LOOP_2279_7: 
D:\xilinx\Project\fp_vitis\fp_vitis\hls_component\hls_component\hls\.autopilot\db\autoencoder.pp.0.cpp:17345:9: note: FIX-IT applied suggested code changes
D:\xilinx\Project\fp_vitis\fp_vitis\hls_component\hls_component\hls\.autopilot\db\autoencoder.pp.0.cpp:17400:13: warning: Added loop label VITIS_LOOP_2334_8:   [xilinx-label-all-loops]
            for(int j=15; j>=7+I; j--) {
            ^~~
            VITIS_LOOP_2334_8: 
D:\xilinx\Project\fp_vitis\fp_vitis\hls_component\hls_component\hls\.autopilot\db\autoencoder.pp.0.cpp:17400:13: note: FIX-IT applied suggested code changes
D:\xilinx\Project\fp_vitis\fp_vitis\hls_component\hls_component\hls\.autopilot\db\autoencoder.pp.0.cpp:17407:17: warning: Added loop label VITIS_LOOP_2341_9:   [xilinx-label-all-loops]
                for(int j=15; j>=7+I; j--) {
                ^~~
                VITIS_LOOP_2341_9: 
D:\xilinx\Project\fp_vitis\fp_vitis\hls_component\hls_component\hls\.autopilot\db\autoencoder.pp.0.cpp:17407:17: note: FIX-IT applied suggested code changes
D:\xilinx\Project\fp_vitis\fp_vitis\hls_component\hls_component\hls\.autopilot\db\autoencoder.pp.0.cpp:17411:17: warning: Added loop label VITIS_LOOP_2345_10:   [xilinx-label-all-loops]
                for(int j=6+I; j>=0; j--) {
                ^~~
                VITIS_LOOP_2345_10: 
D:\xilinx\Project\fp_vitis\fp_vitis\hls_component\hls_component\hls\.autopilot\db\autoencoder.pp.0.cpp:17411:17: note: FIX-IT applied suggested code changes
D:\xilinx\Project\fp_vitis\fp_vitis\hls_component\hls_component\hls\.autopilot\db\autoencoder.pp.0.cpp:17429:9: warning: Added loop label VITIS_LOOP_2363_11:   [xilinx-label-all-loops]
        for(int j=20; j<32; j++) {
        ^~~
        VITIS_LOOP_2363_11: 
D:\xilinx\Project\fp_vitis\fp_vitis\hls_component\hls_component\hls\.autopilot\db\autoencoder.pp.0.cpp:17429:9: note: FIX-IT applied suggested code changes
D:\xilinx\Project\fp_vitis\fp_vitis\hls_component\hls_component\hls\.autopilot\db\autoencoder.pp.0.cpp:17518:13: warning: Added loop label VITIS_LOOP_2452_12:   [xilinx-label-all-loops]
            for(int j=31; j>=I+15; j--) {
            ^~~
            VITIS_LOOP_2452_12: 
D:\xilinx\Project\fp_vitis\fp_vitis\hls_component\hls_component\hls\.autopilot\db\autoencoder.pp.0.cpp:17518:13: note: FIX-IT applied suggested code changes
D:\xilinx\Project\fp_vitis\fp_vitis\hls_component\hls_component\hls\.autopilot\db\autoencoder.pp.0.cpp:17525:17: warning: Added loop label VITIS_LOOP_2459_13:   [xilinx-label-all-loops]
                for(int j=31; j>=I+15; j--) {
                ^~~
                VITIS_LOOP_2459_13: 
D:\xilinx\Project\fp_vitis\fp_vitis\hls_component\hls_component\hls\.autopilot\db\autoencoder.pp.0.cpp:17525:17: note: FIX-IT applied suggested code changes
D:\xilinx\Project\fp_vitis\fp_vitis\hls_component\hls_component\hls\.autopilot\db\autoencoder.pp.0.cpp:17529:17: warning: Added loop label VITIS_LOOP_2463_14:   [xilinx-label-all-loops]
                for(int j=I+14; j>=0; j--) {
                ^~~
                VITIS_LOOP_2463_14: 
D:\xilinx\Project\fp_vitis\fp_vitis\hls_component\hls_component\hls\.autopilot\db\autoencoder.pp.0.cpp:17529:17: note: FIX-IT applied suggested code changes
D:\xilinx\Project\fp_vitis\fp_vitis\hls_component\hls_component\hls\.autopilot\db\autoencoder.pp.0.cpp:17539:9: warning: Added loop label VITIS_LOOP_2473_15:   [xilinx-label-all-loops]
        for(int j=32-F; j<32+I; j++) {
        ^~~
        VITIS_LOOP_2473_15: 
D:\xilinx\Project\fp_vitis\fp_vitis\hls_component\hls_component\hls\.autopilot\db\autoencoder.pp.0.cpp:17539:9: note: FIX-IT applied suggested code changes
D:\xilinx\Project\fp_vitis\fp_vitis\hls_component\hls_component\hls\.autopilot\db\autoencoder.pp.0.cpp:17543:9: warning: Added loop label VITIS_LOOP_2477_16:   [xilinx-label-all-loops]
        for(int j=32+I; j<=64; j++) {
        ^~~
        VITIS_LOOP_2477_16: 
D:\xilinx\Project\fp_vitis\fp_vitis\hls_component\hls_component\hls\.autopilot\db\autoencoder.pp.0.cpp:17543:9: note: FIX-IT applied suggested code changes
D:\xilinx\Project\fp_vitis\fp_vitis\hls_component\hls_component\hls\.autopilot\db\autoencoder.pp.0.cpp:17554:9: warning: Added loop label VITIS_LOOP_2488_17:   [xilinx-label-all-loops]
        for(int j=37; j<64; j++) {
        ^~~
        VITIS_LOOP_2488_17: 
D:\xilinx\Project\fp_vitis\fp_vitis\hls_component\hls_component\hls\.autopilot\db\autoencoder.pp.0.cpp:17554:9: note: FIX-IT applied suggested code changes
D:\xilinx\Project\fp_vitis\fp_vitis\hls_component\hls_component\hls\.autopilot\db\autoencoder.pp.0.cpp:17562:17: warning: Added loop label VITIS_LOOP_2496_18:   [xilinx-label-all-loops]
                for(int j=0; j<64; j++) {
                ^~~
                VITIS_LOOP_2496_18: 
D:\xilinx\Project\fp_vitis\fp_vitis\hls_component\hls_component\hls\.autopilot\db\autoencoder.pp.0.cpp:17562:17: note: FIX-IT applied suggested code changes
D:\xilinx\Project\fp_vitis\fp_vitis\hls_component\hls_component\hls\.autopilot\db\autoencoder.pp.0.cpp:17887:13: warning: Added loop label VITIS_LOOP_2821_19:   [xilinx-label-all-loops]
            for(int j=63; j>=I+31; j--) {
            ^~~
            VITIS_LOOP_2821_19: 
D:\xilinx\Project\fp_vitis\fp_vitis\hls_component\hls_component\hls\.autopilot\db\autoencoder.pp.0.cpp:17887:13: note: FIX-IT applied suggested code changes
D:\xilinx\Project\fp_vitis\fp_vitis\hls_component\hls_component\hls\.autopilot\db\autoencoder.pp.0.cpp:17894:17: warning: Added loop label VITIS_LOOP_2828_20:   [xilinx-label-all-loops]
                for(int j=63; j>=I+31; j--) {
                ^~~
                VITIS_LOOP_2828_20: 
D:\xilinx\Project\fp_vitis\fp_vitis\hls_component\hls_component\hls\.autopilot\db\autoencoder.pp.0.cpp:17894:17: note: FIX-IT applied suggested code changes
D:\xilinx\Project\fp_vitis\fp_vitis\hls_component\hls_component\hls\.autopilot\db\autoencoder.pp.0.cpp:17898:17: warning: Added loop label VITIS_LOOP_2832_21:   [xilinx-label-all-loops]
                for(int j=I+30; j>=0; j--) {
                ^~~
                VITIS_LOOP_2832_21: 
D:\xilinx\Project\fp_vitis\fp_vitis\hls_component\hls_component\hls\.autopilot\db\autoencoder.pp.0.cpp:17898:17: note: FIX-IT applied suggested code changes
D:\xilinx\Project\fp_vitis\fp_vitis\hls_component\hls_component\hls\.autopilot\db\autoencoder.pp.0.cpp:17986:4: warning: Added loop label VITIS_LOOP_2920_1:   [xilinx-label-all-loops]
   for(int j = 5; j>=I_+2; j--) {
   ^~~
   VITIS_LOOP_2920_1: 
D:\xilinx\Project\fp_vitis\fp_vitis\hls_component\hls_component\hls\.autopilot\db\autoencoder.pp.0.cpp:17986:4: note: FIX-IT applied suggested code changes
D:\xilinx\Project\fp_vitis\fp_vitis\hls_component\hls_component\hls\.autopilot\db\autoencoder.pp.0.cpp:17993:5: warning: Added loop label VITIS_LOOP_2927_2:   [xilinx-label-all-loops]
    for(int j = 5; j>=I_+2; j--) {
    ^~~
    VITIS_LOOP_2927_2: 
D:\xilinx\Project\fp_vitis\fp_vitis\hls_component\hls_component\hls\.autopilot\db\autoencoder.pp.0.cpp:17993:5: note: FIX-IT applied suggested code changes
D:\xilinx\Project\fp_vitis\fp_vitis\hls_component\hls_component\hls\.autopilot\db\autoencoder.pp.0.cpp:17997:5: warning: Added loop label VITIS_LOOP_2931_3:   [xilinx-label-all-loops]
    for(int j = I_+1; j>=0; j--) {
    ^~~
    VITIS_LOOP_2931_3: 
D:\xilinx\Project\fp_vitis\fp_vitis\hls_component\hls_component\hls\.autopilot\db\autoencoder.pp.0.cpp:17997:5: note: FIX-IT applied suggested code changes
D:\xilinx\Project\fp_vitis\fp_vitis\hls_component\hls_component\hls\.autopilot\db\autoencoder.pp.0.cpp:18012:3: warning: Added loop label VITIS_LOOP_2946_4:   [xilinx-label-all-loops]
  for(int j = 11; j >=7; j--) {
  ^~~
  VITIS_LOOP_2946_4: 
D:\xilinx\Project\fp_vitis\fp_vitis\hls_component\hls_component\hls\.autopilot\db\autoencoder.pp.0.cpp:18012:3: note: FIX-IT applied suggested code changes
D:\xilinx\Project\fp_vitis\fp_vitis\hls_component\hls_component\hls\.autopilot\db\autoencoder.pp.0.cpp:18044:4: warning: Added loop label VITIS_LOOP_2978_5:   [xilinx-label-all-loops]
   for(int j = 11; j >= I_+5; j--) {
   ^~~
   VITIS_LOOP_2978_5: 
D:\xilinx\Project\fp_vitis\fp_vitis\hls_component\hls_component\hls\.autopilot\db\autoencoder.pp.0.cpp:18044:4: note: FIX-IT applied suggested code changes
D:\xilinx\Project\fp_vitis\fp_vitis\hls_component\hls_component\hls\.autopilot\db\autoencoder.pp.0.cpp:18051:5: warning: Added loop label VITIS_LOOP_2985_6:   [xilinx-label-all-loops]
    for(int j = 11; j>= I_+5; j--) {
    ^~~
    VITIS_LOOP_2985_6: 
D:\xilinx\Project\fp_vitis\fp_vitis\hls_component\hls_component\hls\.autopilot\db\autoencoder.pp.0.cpp:18051:5: note: FIX-IT applied suggested code changes
D:\xilinx\Project\fp_vitis\fp_vitis\hls_component\hls_component\hls\.autopilot\db\autoencoder.pp.0.cpp:18055:5: warning: Added loop label VITIS_LOOP_2989_7:   [xilinx-label-all-loops]
    for(int j = I_+4; j>=0; j--) {
    ^~~
    VITIS_LOOP_2989_7: 
D:\xilinx\Project\fp_vitis\fp_vitis\hls_component\hls_component\hls\.autopilot\db\autoencoder.pp.0.cpp:18055:5: note: FIX-IT applied suggested code changes
D:\xilinx\Project\fp_vitis\fp_vitis\hls_component\hls_component\hls\.autopilot\db\autoencoder.pp.0.cpp:18070:3: warning: Added loop label VITIS_LOOP_3004_8:   [xilinx-label-all-loops]
  for(int j = 25; j>=15; j--) {
  ^~~
  VITIS_LOOP_3004_8: 
D:\xilinx\Project\fp_vitis\fp_vitis\hls_component\hls_component\hls\.autopilot\db\autoencoder.pp.0.cpp:18070:3: note: FIX-IT applied suggested code changes
D:\xilinx\Project\fp_vitis\fp_vitis\hls_component\hls_component\hls\.autopilot\db\autoencoder.pp.0.cpp:18120:4: warning: Added loop label VITIS_LOOP_3054_9:   [xilinx-label-all-loops]
   for(int j = 25; j>= I_+12; j--) {
   ^~~
   VITIS_LOOP_3054_9: 
D:\xilinx\Project\fp_vitis\fp_vitis\hls_component\hls_component\hls\.autopilot\db\autoencoder.pp.0.cpp:18120:4: note: FIX-IT applied suggested code changes
D:\xilinx\Project\fp_vitis\fp_vitis\hls_component\hls_component\hls\.autopilot\db\autoencoder.pp.0.cpp:18127:5: warning: Added loop label VITIS_LOOP_3061_10:   [xilinx-label-all-loops]
    for(int j = 25; j>=I_+12; j--) {
    ^~~
    VITIS_LOOP_3061_10: 
D:\xilinx\Project\fp_vitis\fp_vitis\hls_component\hls_component\hls\.autopilot\db\autoencoder.pp.0.cpp:18127:5: note: FIX-IT applied suggested code changes
D:\xilinx\Project\fp_vitis\fp_vitis\hls_component\hls_component\hls\.autopilot\db\autoencoder.pp.0.cpp:18131:5: warning: Added loop label VITIS_LOOP_3065_11:   [xilinx-label-all-loops]
    for(int j = I_+11; j>=0; j--) {
    ^~~
    VITIS_LOOP_3065_11: 
D:\xilinx\Project\fp_vitis\fp_vitis\hls_component\hls_component\hls\.autopilot\db\autoencoder.pp.0.cpp:18131:5: note: FIX-IT applied suggested code changes
D:\xilinx\Project\fp_vitis\fp_vitis\hls_component\hls_component\hls\.autopilot\db\autoencoder.pp.0.cpp:18146:3: warning: Added loop label VITIS_LOOP_3080_12:   [xilinx-label-all-loops]
  for(int j = 51; j >= 29; j--) {
  ^~~
  VITIS_LOOP_3080_12: 
D:\xilinx\Project\fp_vitis\fp_vitis\hls_component\hls_component\hls\.autopilot\db\autoencoder.pp.0.cpp:18146:3: note: FIX-IT applied suggested code changes
D:\xilinx\Project\fp_vitis\fp_vitis\hls_component\hls_component\hls\.autopilot\db\autoencoder.pp.0.cpp:18283:4: warning: Added loop label VITIS_LOOP_3217_13:   [xilinx-label-all-loops]
   for(int j = 51; j >= 25 + I_; j--) {
   ^~~
   VITIS_LOOP_3217_13: 
D:\xilinx\Project\fp_vitis\fp_vitis\hls_component\hls_component\hls\.autopilot\db\autoencoder.pp.0.cpp:18283:4: note: FIX-IT applied suggested code changes
D:\xilinx\Project\fp_vitis\fp_vitis\hls_component\hls_component\hls\.autopilot\db\autoencoder.pp.0.cpp:18290:5: warning: Added loop label VITIS_LOOP_3224_14:   [xilinx-label-all-loops]
    for(int j = 51; j>=25 + I_; j--) {
    ^~~
    VITIS_LOOP_3224_14: 
D:\xilinx\Project\fp_vitis\fp_vitis\hls_component\hls_component\hls\.autopilot\db\autoencoder.pp.0.cpp:18290:5: note: FIX-IT applied suggested code changes
D:\xilinx\Project\fp_vitis\fp_vitis\hls_component\hls_component\hls\.autopilot\db\autoencoder.pp.0.cpp:18294:5: warning: Added loop label VITIS_LOOP_3228_15:   [xilinx-label-all-loops]
    for(int j = 24 + I_; j >= 0; j--) {
    ^~~
    VITIS_LOOP_3228_15: 
D:\xilinx\Project\fp_vitis\fp_vitis\hls_component\hls_component\hls\.autopilot\db\autoencoder.pp.0.cpp:18294:5: note: FIX-IT applied suggested code changes
D:\xilinx\Project\fp_vitis\fp_vitis\hls_component\hls_component\hls\.autopilot\db\autoencoder.pp.0.cpp:18309:3: warning: Added loop label VITIS_LOOP_3243_16:   [xilinx-label-all-loops]
  for(int j = 63; j >= 36; j--) {
  ^~~
  VITIS_LOOP_3243_16: 
D:\xilinx\Project\fp_vitis\fp_vitis\hls_component\hls_component\hls\.autopilot\db\autoencoder.pp.0.cpp:18309:3: note: FIX-IT applied suggested code changes
D:\xilinx\Project\fp_vitis\fp_vitis\hls_component\hls_component\hls\.autopilot\db\autoencoder.pp.0.cpp:18469:4: warning: Added loop label VITIS_LOOP_3403_17:   [xilinx-label-all-loops]
   for(int j = 63; j >= 31 + I_; j--) {
   ^~~
   VITIS_LOOP_3403_17: 
D:\xilinx\Project\fp_vitis\fp_vitis\hls_component\hls_component\hls\.autopilot\db\autoencoder.pp.0.cpp:18469:4: note: FIX-IT applied suggested code changes
D:\xilinx\Project\fp_vitis\fp_vitis\hls_component\hls_component\hls\.autopilot\db\autoencoder.pp.0.cpp:18476:5: warning: Added loop label VITIS_LOOP_3410_18:   [xilinx-label-all-loops]
    for(int j = 63; j >= 31 + I_; j--) {
    ^~~
    VITIS_LOOP_3410_18: 
D:\xilinx\Project\fp_vitis\fp_vitis\hls_component\hls_component\hls\.autopilot\db\autoencoder.pp.0.cpp:18476:5: note: FIX-IT applied suggested code changes
D:\xilinx\Project\fp_vitis\fp_vitis\hls_component\hls_component\hls\.autopilot\db\autoencoder.pp.0.cpp:18480:5: warning: Added loop label VITIS_LOOP_3414_19:   [xilinx-label-all-loops]
    for(int j = 30 + I_; j >= 0; j--) {
    ^~~
    VITIS_LOOP_3414_19: 
D:\xilinx\Project\fp_vitis\fp_vitis\hls_component\hls_component\hls\.autopilot\db\autoencoder.pp.0.cpp:18480:5: note: FIX-IT applied suggested code changes
D:\xilinx\Project\fp_vitis\fp_vitis\hls_component\hls_component\hls\.autopilot\db\autoencoder.pp.0.cpp:19195:13: warning: Added loop label VITIS_LOOP_703_1:   [xilinx-label-all-loops]
            for (b_exp = I_-1; b_exp >= -F_; b_exp--) {
            ^~~
            VITIS_LOOP_703_1: 
D:\xilinx\Project\fp_vitis\fp_vitis\hls_component\hls_component\hls\.autopilot\db\autoencoder.pp.0.cpp:19195:13: note: FIX-IT applied suggested code changes
D:\xilinx\Project\fp_vitis\fp_vitis\hls_component\hls_component\hls\.autopilot\db\autoencoder.pp.0.cpp:19413:13: warning: Added loop label VITIS_LOOP_921_1:   [xilinx-label-all-loops]
            for (b_exp = I_-1; b_exp >= -F_; b_exp--) {
            ^~~
            VITIS_LOOP_921_1: 
D:\xilinx\Project\fp_vitis\fp_vitis\hls_component\hls_component\hls\.autopilot\db\autoencoder.pp.0.cpp:19413:13: note: FIX-IT applied suggested code changes
D:\xilinx\Project\fp_vitis\fp_vitis\hls_component\hls_component\hls\.autopilot\db\autoencoder.pp.0.cpp:19830:13: warning: Added loop label VITIS_LOOP_1345_1:   [xilinx-label-all-loops]
            for (b_exp = I_-1; b_exp >= -F_; b_exp--) {
            ^~~
            VITIS_LOOP_1345_1: 
D:\xilinx\Project\fp_vitis\fp_vitis\hls_component\hls_component\hls\.autopilot\db\autoencoder.pp.0.cpp:19830:13: note: FIX-IT applied suggested code changes
D:\xilinx\Project\fp_vitis\fp_vitis\hls_component\hls_component\hls\.autopilot\db\autoencoder.pp.0.cpp:20153:9: warning: Added loop label VITIS_LOOP_243_1:   [xilinx-label-all-loops]
        for ( int pos = msbr-1; pos >= 0; pos-- ) {
        ^~~
        VITIS_LOOP_243_1: 
D:\xilinx\Project\fp_vitis\fp_vitis\hls_component\hls_component\hls\.autopilot\db\autoencoder.pp.0.cpp:20153:9: note: FIX-IT applied suggested code changes
D:\xilinx\Project\fp_vitis\fp_vitis\hls_component\hls_component\hls\.autopilot\db\autoencoder.pp.0.cpp:20181:9: warning: Added loop label VITIS_LOOP_271_2:   [xilinx-label-all-loops]
        for ( int pos = -1; pos >= -F_-1; pos-- ) {
        ^~~
        VITIS_LOOP_271_2: 
D:\xilinx\Project\fp_vitis\fp_vitis\hls_component\hls_component\hls\.autopilot\db\autoencoder.pp.0.cpp:20181:9: note: FIX-IT applied suggested code changes
D:\xilinx\Project\fp_vitis\fp_vitis\hls_component\hls_component\hls\.autopilot\db\autoencoder.pp.0.cpp:20885:13: warning: Added loop label VITIS_LOOP_48_1:   [xilinx-label-all-loops]
            for (int j = 0; j < W_-1; j++){
            ^~~
            VITIS_LOOP_48_1: 
D:\xilinx\Project\fp_vitis\fp_vitis\hls_component\hls_component\hls\.autopilot\db\autoencoder.pp.0.cpp:20885:13: note: FIX-IT applied suggested code changes
D:\xilinx\Project\fp_vitis\fp_vitis\hls_component\hls_component\hls\.autopilot\db\autoencoder.pp.0.cpp:20938:5: warning: Added loop label VITIS_LOOP_109_2:   [xilinx-label-all-loops]
    for (int j = F_l+F_+I_m-1; j < F_l+W_+5; j++){
    ^~~
    VITIS_LOOP_109_2: 
D:\xilinx\Project\fp_vitis\fp_vitis\hls_component\hls_component\hls\.autopilot\db\autoencoder.pp.0.cpp:20938:5: note: FIX-IT applied suggested code changes
D:\xilinx\Project\fp_vitis\fp_vitis\hls_component\hls_component\hls\.autopilot\db\autoencoder.pp.0.cpp:20952:13: warning: Added loop label VITIS_LOOP_123_3:   [xilinx-label-all-loops]
            for (int j = WO_m-1; j >= W_-1; j--) {
            ^~~
            VITIS_LOOP_123_3: 
D:\xilinx\Project\fp_vitis\fp_vitis\hls_component\hls_component\hls\.autopilot\db\autoencoder.pp.0.cpp:20952:13: note: FIX-IT applied suggested code changes
D:\xilinx\Project\fp_vitis\fp_vitis\hls_component\hls_component\hls\.autopilot\db\autoencoder.pp.0.cpp:20982:13: warning: Added loop label VITIS_LOOP_153_4:   [xilinx-label-all-loops]
            for (int j = W_-2; j >= 0; j--){
            ^~~
            VITIS_LOOP_153_4: 
D:\xilinx\Project\fp_vitis\fp_vitis\hls_component\hls_component\hls\.autopilot\db\autoencoder.pp.0.cpp:20982:13: note: FIX-IT applied suggested code changes
D:\xilinx\Project\fp_vitis\fp_vitis\hls_component\hls_component\hls\.autopilot\db\autoencoder.pp.0.cpp:21067:12: warning: Added loop label VITIS_LOOP_281_1:   [xilinx-label-all-loops]
           for(int i = wf_log+we_log-2; i > WI_e - 2; --i) {
           ^~~
           VITIS_LOOP_281_1: 
D:\xilinx\Project\fp_vitis\fp_vitis\hls_component\hls_component\hls\.autopilot\db\autoencoder.pp.0.cpp:21067:12: note: FIX-IT applied suggested code changes
D:\xilinx\Project\fp_vitis\fp_vitis\hls_component\hls_component\hls\.autopilot\db\autoencoder.pp.0.cpp:21087:16: warning: Added loop label VITIS_LOOP_301_2:   [xilinx-label-all-loops]
               for (int j = WO_e-1; j >= W_-1; j--) {
               ^~~
               VITIS_LOOP_301_2: 
D:\xilinx\Project\fp_vitis\fp_vitis\hls_component\hls_component\hls\.autopilot\db\autoencoder.pp.0.cpp:21087:16: note: FIX-IT applied suggested code changes
D:\xilinx\Project\fp_vitis\fp_vitis\hls_component\hls_component\hls\.autopilot\db\autoencoder.pp.0.cpp:21101:20: warning: Added loop label VITIS_LOOP_315_3:   [xilinx-label-all-loops]
                   for(int i = 0; i < W_-1; ++i) {
                   ^~~
                   VITIS_LOOP_315_3: 
D:\xilinx\Project\fp_vitis\fp_vitis\hls_component\hls_component\hls\.autopilot\db\autoencoder.pp.0.cpp:21101:20: note: FIX-IT applied suggested code changes
D:\xilinx\Project\fp_vitis\fp_vitis\hls_component\hls_component\hls\.autopilot\db\autoencoder.pp.0.cpp:21194:12: warning: Added loop label VITIS_LOOP_433_1:   [xilinx-label-all-loops]
           for (int j =WO_d-1; j >= W_-1; j--) {
           ^~~
           VITIS_LOOP_433_1: 
D:\xilinx\Project\fp_vitis\fp_vitis\hls_component\hls_component\hls\.autopilot\db\autoencoder.pp.0.cpp:21194:12: note: FIX-IT applied suggested code changes
D:\xilinx\Project\fp_vitis\fp_vitis\hls_component\hls_component\hls\.autopilot\db\autoencoder.pp.0.cpp:21208:15: warning: Added loop label VITIS_LOOP_447_2:   [xilinx-label-all-loops]
              for(int i = 0; i < W_-1; ++i) {
              ^~~
              VITIS_LOOP_447_2: 
D:\xilinx\Project\fp_vitis\fp_vitis\hls_component\hls_component\hls\.autopilot\db\autoencoder.pp.0.cpp:21208:15: note: FIX-IT applied suggested code changes
D:\xilinx\Project\fp_vitis\fp_vitis\hls_component\hls_component\hls\.autopilot\db\autoencoder.pp.0.cpp:21328:13: warning: Added loop label VITIS_LOOP_33_1:   [xilinx-label-all-loops]
            for (int i = 0; i < W_-1; i++){
            ^~~
            VITIS_LOOP_33_1: 
D:\xilinx\Project\fp_vitis\fp_vitis\hls_component\hls_component\hls\.autopilot\db\autoencoder.pp.0.cpp:21328:13: note: FIX-IT applied suggested code changes
D:\xilinx\Project\fp_vitis\fp_vitis\hls_component\hls_component\hls\.autopilot\db\autoencoder.pp.0.cpp:21452:13: warning: Added loop label VITIS_LOOP_183_1:   [xilinx-label-all-loops]
            for (int i = 0; i < W_-1; i++){
            ^~~
            VITIS_LOOP_183_1: 
D:\xilinx\Project\fp_vitis\fp_vitis\hls_component\hls_component\hls\.autopilot\db\autoencoder.pp.0.cpp:21452:13: note: FIX-IT applied suggested code changes
D:\xilinx\Project\fp_vitis\fp_vitis\hls_component\hls_component\hls\.autopilot\db\autoencoder.pp.0.cpp:21507:13: warning: Added loop label VITIS_LOOP_248_1:   [xilinx-label-all-loops]
            for (int i = 0; i < W_-1; i++){
            ^~~
            VITIS_LOOP_248_1: 
D:\xilinx\Project\fp_vitis\fp_vitis\hls_component\hls_component\hls\.autopilot\db\autoencoder.pp.0.cpp:21507:13: note: FIX-IT applied suggested code changes
D:\xilinx\Project\fp_vitis\fp_vitis\hls_component\hls_component\hls\.autopilot\db\autoencoder.pp.0.cpp:21774:5: warning: Added loop label VITIS_LOOP_44_1:   [xilinx-label-all-loops]
    for(int l = loop_nm; l > 0; --l){
    ^~~
    VITIS_LOOP_44_1: 
D:\xilinx\Project\fp_vitis\fp_vitis\hls_component\hls_component\hls\.autopilot\db\autoencoder.pp.0.cpp:21774:5: note: FIX-IT applied suggested code changes
D:\xilinx\Project\fp_vitis\fp_vitis\hls_component\hls_component\hls\.autopilot\db\autoencoder.pp.0.cpp:22025:2: warning: Added loop label VITIS_LOOP_16_1:   [xilinx-label-all-loops]
 for (int i=0; i<W_;i++)
 ^~~
 VITIS_LOOP_16_1: 
D:\xilinx\Project\fp_vitis\fp_vitis\hls_component\hls_component\hls\.autopilot\db\autoencoder.pp.0.cpp:22025:2: note: FIX-IT applied suggested code changes
D:\xilinx\Project\fp_vitis\fp_vitis\hls_component\hls_component\hls\.autopilot\db\autoencoder.pp.0.cpp:22036:2: warning: Added loop label VITIS_LOOP_27_1:   [xilinx-label-all-loops]
 for (int i=0; i<W_;i++)
 ^~~
 VITIS_LOOP_27_1: 
D:\xilinx\Project\fp_vitis\fp_vitis\hls_component\hls_component\hls\.autopilot\db\autoencoder.pp.0.cpp:22036:2: note: FIX-IT applied suggested code changes
D:\xilinx\Project\fp_vitis\fp_vitis\hls_component\hls_component\hls\.autopilot\db\autoencoder.pp.0.cpp:22047:2: warning: Added loop label VITIS_LOOP_38_1:   [xilinx-label-all-loops]
 for (int i=0; i<I_;i++)
 ^~~
 VITIS_LOOP_38_1: 
D:\xilinx\Project\fp_vitis\fp_vitis\hls_component\hls_component\hls\.autopilot\db\autoencoder.pp.0.cpp:22047:2: note: FIX-IT applied suggested code changes
D:\xilinx\Project\fp_vitis\fp_vitis\hls_component\hls_component\hls\.autopilot\db\autoencoder.pp.0.cpp:22058:2: warning: Added loop label VITIS_LOOP_49_1:   [xilinx-label-all-loops]
 for (int i=0; i<I_;i++)
 ^~~
 VITIS_LOOP_49_1: 
D:\xilinx\Project\fp_vitis\fp_vitis\hls_component\hls_component\hls\.autopilot\db\autoencoder.pp.0.cpp:22058:2: note: FIX-IT applied suggested code changes
D:\xilinx\Project\fp_vitis\fp_vitis\hls_component\hls_component\hls\.autopilot\db\autoencoder.pp.0.cpp:22069:2: warning: Added loop label VITIS_LOOP_60_1:   [xilinx-label-all-loops]
 for (int i=0; i<W_;i++)
 ^~~
 VITIS_LOOP_60_1: 
D:\xilinx\Project\fp_vitis\fp_vitis\hls_component\hls_component\hls\.autopilot\db\autoencoder.pp.0.cpp:22069:2: note: FIX-IT applied suggested code changes
D:\xilinx\Project\fp_vitis\fp_vitis\hls_component\hls_component\hls\.autopilot\db\autoencoder.pp.0.cpp:22080:2: warning: Added loop label VITIS_LOOP_71_1:   [xilinx-label-all-loops]
 for (int i=0; i<W_;i++)
 ^~~
 VITIS_LOOP_71_1: 
D:\xilinx\Project\fp_vitis\fp_vitis\hls_component\hls_component\hls\.autopilot\db\autoencoder.pp.0.cpp:22080:2: note: FIX-IT applied suggested code changes
D:\xilinx\Project\fp_vitis\fp_vitis\hls_component\hls_component\hls\.autopilot\db\autoencoder.pp.0.cpp:22091:2: warning: Added loop label VITIS_LOOP_82_1:   [xilinx-label-all-loops]
 for (int i=0; i<I_;i++)
 ^~~
 VITIS_LOOP_82_1: 
D:\xilinx\Project\fp_vitis\fp_vitis\hls_component\hls_component\hls\.autopilot\db\autoencoder.pp.0.cpp:22091:2: note: FIX-IT applied suggested code changes
D:\xilinx\Project\fp_vitis\fp_vitis\hls_component\hls_component\hls\.autopilot\db\autoencoder.pp.0.cpp:22102:2: warning: Added loop label VITIS_LOOP_93_1:   [xilinx-label-all-loops]
 for (int i=0; i<I_;i++)
 ^~~
 VITIS_LOOP_93_1: 
D:\xilinx\Project\fp_vitis\fp_vitis\hls_component\hls_component\hls\.autopilot\db\autoencoder.pp.0.cpp:22102:2: note: FIX-IT applied suggested code changes
D:\xilinx\Project\fp_vitis\fp_vitis\hls_component\hls_component\hls\.autopilot\db\autoencoder.pp.0.cpp:24461:12: warning: Added loop label VITIS_LOOP_26_1:   [xilinx-label-all-loops]
           for(int i = 0; i < W_-1; ++i) {
           ^~~
           VITIS_LOOP_26_1: 
D:\xilinx\Project\fp_vitis\fp_vitis\hls_component\hls_component\hls\.autopilot\db\autoencoder.pp.0.cpp:24461:12: note: FIX-IT applied suggested code changes
D:\xilinx\Project\fp_vitis\fp_vitis\hls_component\hls_component\hls\.autopilot\db\autoencoder.pp.0.cpp:24525:7: warning: Added loop label VITIS_LOOP_40_1:   [xilinx-label-all-loops]
      for(int pos = msbr - 1 ; pos >= -F-1; pos--) {
      ^~~
      VITIS_LOOP_40_1: 
D:\xilinx\Project\fp_vitis\fp_vitis\hls_component\hls_component\hls\.autopilot\db\autoencoder.pp.0.cpp:24525:7: note: FIX-IT applied suggested code changes
D:\xilinx\Project\fp_vitis\fp_vitis\hls_component\hls_component\hls\.autopilot\db\autoencoder.pp.0.cpp:24642:9: warning: Added loop label VITIS_LOOP_49_1:   [xilinx-label-all-loops]
        for(int pos = msbr - 1; pos >= 0; pos--) {
        ^~~
        VITIS_LOOP_49_1: 
D:\xilinx\Project\fp_vitis\fp_vitis\hls_component\hls_component\hls\.autopilot\db\autoencoder.pp.0.cpp:24642:9: note: FIX-IT applied suggested code changes
D:\xilinx\Project\fp_vitis\fp_vitis\hls_component\hls_component\hls\.autopilot\db\autoencoder.pp.0.cpp:24667:5: warning: Added loop label VITIS_LOOP_81_2:   [xilinx-label-all-loops]
    for(int pos = -1; pos >= -F-1; pos--) {
    ^~~
    VITIS_LOOP_81_2: 
D:\xilinx\Project\fp_vitis\fp_vitis\hls_component\hls_component\hls\.autopilot\db\autoencoder.pp.0.cpp:24667:5: note: FIX-IT applied suggested code changes
D:\xilinx\Project\fp_vitis\fp_vitis\hls_component\hls_component\hls\.autopilot\db\autoencoder.pp.0.cpp:24737:8: warning: Added loop label VITIS_LOOP_169_3:   [xilinx-label-all-loops]
       for(int i = 0; i < W - 1; ++i) {
       ^~~
       VITIS_LOOP_169_3: 
D:\xilinx\Project\fp_vitis\fp_vitis\hls_component\hls_component\hls\.autopilot\db\autoencoder.pp.0.cpp:24737:8: note: FIX-IT applied suggested code changes
D:\xilinx\Project\fp_vitis\fp_vitis\hls_component\hls_component\hls\.autopilot\db\autoencoder.pp.0.cpp:27151:2: warning: Added loop label VITIS_LOOP_44_1:   [xilinx-label-all-loops]
 for(int k=0; k<8; k++) {
 ^~~
 VITIS_LOOP_44_1: 
D:\xilinx\Project\fp_vitis\fp_vitis\hls_component\hls_component\hls\.autopilot\db\autoencoder.pp.0.cpp:27151:2: note: FIX-IT applied suggested code changes
D:\xilinx\Project\fp_vitis\fp_vitis\hls_component\hls_component\hls\.autopilot\db\autoencoder.pp.0.cpp:27162:13: warning: Added loop label VITIS_LOOP_55_2:   [xilinx-label-all-loops]
            for(int k=0; k<8; k++) {
            ^~~
            VITIS_LOOP_55_2: 
D:\xilinx\Project\fp_vitis\fp_vitis\hls_component\hls_component\hls\.autopilot\db\autoencoder.pp.0.cpp:27162:13: note: FIX-IT applied suggested code changes
D:\xilinx\Project\fp_vitis\fp_vitis\hls_component\hls_component\hls\.autopilot\db\autoencoder.pp.0.cpp:27170:9: error: Invalid Directive: for current device, mul + fabric is invalid combination for bind_op [clang-diagnostic-error]
#pragma HLS BIND_OP variable=mult_res op=mul impl=fabric
        ^
D:\xilinx\Project\fp_vitis\fp_vitis\hls_component\hls_component\hls\.autopilot\db\autoencoder.pp.0.cpp:27172:9: error: Resource with core_name: Mul_LUT pragma is ignored, because this core doesn't exist at all  [clang-diagnostic-error]
#pragma HLS RESOURCE variable=mult_res core=Mul_LUT
        ^
D:\xilinx\Project\fp_vitis\fp_vitis\hls_component\hls_component\hls\.autopilot\db\autoencoder.pp.0.cpp:27207:2: warning: Added loop label VITIS_LOOP_100_1:   [xilinx-label-all-loops]
 for(int k=0; k<8; k++) {
 ^~~
 VITIS_LOOP_100_1: 
D:\xilinx\Project\fp_vitis\fp_vitis\hls_component\hls_component\hls\.autopilot\db\autoencoder.pp.0.cpp:27207:2: note: FIX-IT applied suggested code changes
D:\xilinx\Project\fp_vitis\fp_vitis\hls_component\hls_component\hls\.autopilot\db\autoencoder.pp.0.cpp:27214:2: warning: Added loop label VITIS_LOOP_107_2:   [xilinx-label-all-loops]
 for (int k = 0; k < 8; k++) {
 ^~~
 VITIS_LOOP_107_2: 
D:\xilinx\Project\fp_vitis\fp_vitis\hls_component\hls_component\hls\.autopilot\db\autoencoder.pp.0.cpp:27214:2: note: FIX-IT applied suggested code changes
