INFO-FLOW: Workspace /home/ubuntu2004/527_final/tiny_ae_fixed_point_v1/myproject_prj/solution1 opened at Sun Dec 07 20:49:59 CST 2025
Execute       send_msg_by_id INFO @200-1505@%s%s default  vivado 
INFO: [HLS 200-1505] Using default flow_target 'vivado'
Execute     config_array_partition -maximum_size 4096 
INFO: [HLS 200-1510] Running: config_array_partition -maximum_size 4096 
INFO: [XFORM 203-101] Allowed max sub elements number after partition is 4096.
ERROR: [HLS 200-642] The 'config_array_partition -maximum_size' command is not supported.
Command     config_array_partition done; error code: 1; 
Execute     config_compile -name_max_length 80 
INFO: [HLS 200-1510] Running: config_compile -name_max_length 80 
INFO: [XFORM 203-1161] The maximum of name length is set to 80.
Execute     set_part xc7z020clg400-1 
INFO: [HLS 200-1510] Running: set_part xc7z020clg400-1 
Execute       create_platform xc7z020clg400-1 -board  
DBG:HLSDevice: Trying to load device library: /tools/Xilinx/Vitis_HLS/2023.1/lib/lnx64.o/libxv_hlsvwrap.so
DBG:HLSDevice: first parts/arch.xml in RDI_DATADIR: /tools/Xilinx/Vivado/2023.1/data/parts/arch.xml
DBG:HLSDevice: init success
INFO: [HLS 200-1611] Setting target device to 'xc7z020-clg400-1'
Command       create_platform done; 0.6 sec.
Execute       source /tools/Xilinx/Vitis_HLS/2023.1/common/technology/xilinx/common/xilinx.gen 
Execute         source /tools/Xilinx/Vitis_HLS/2023.1/common/technology/xilinx/interface/plb46.gen 
Execute         source /tools/Xilinx/Vitis_HLS/2023.1/common/technology/xilinx/interface/axi4.gen 
Execute         source /tools/Xilinx/Vitis_HLS/2023.1/common/technology/xilinx/interface/nativeAXI4.gen 
Execute           source /tools/Xilinx/Vitis_HLS/2023.1/common/technology/xilinx/interface/saxilite.gen 
Execute         source /tools/Xilinx/Vitis_HLS/2023.1/common/technology/xilinx/scripts/xilinxcoregen.gen 
Execute         source /tools/Xilinx/Vitis_HLS/2023.1/common/technology/xilinx/interface/XilEDKCoreGen.gen 
Execute         source /tools/Xilinx/Vitis_HLS/2023.1/common/technology/xilinx/ip/dds_compiler.gen 
Execute         source /tools/Xilinx/Vitis_HLS/2023.1/common/technology/xilinx/ip/xfft.gen 
Execute         source /tools/Xilinx/Vitis_HLS/2023.1/common/technology/xilinx/ip/xfir.gen 
Execute         source /tools/Xilinx/Vitis_HLS/2023.1/common/technology/xilinx/ip/util.gen 
Execute         source /tools/Xilinx/Vitis_HLS/2023.1/common/technology/xilinx/DSP48/dsp48.gen 
Execute       ap_part_info -name xc7z020-clg400-1 -data info 
Execute       config_compile -quiet -complex-mul-dsp=0 
INFO: [XFORM 203-1161] The maximum of name length is set to 80.
Command     set_part done; 0.68 sec.
Execute     config_schedule -enable_dsp_full_reg=false 
INFO: [HLS 200-1510] Running: config_schedule -enable_dsp_full_reg=false 
Execute     create_clock -period 5 -name default 
INFO: [HLS 200-1510] Running: create_clock -period 5 -name default 
Execute       ap_set_clock -name default -period 5 -default=false 
INFO: [SYN 201-201] Setting up clock 'default' with a period of 5ns.
Execute     set_clock_uncertainty 12.5% default 
INFO: [HLS 200-1510] Running: set_clock_uncertainty 12.5% default 
Execute       ap_set_clock -name default -uncertainty 0.625 -unit % 
INFO: [SYN 201-201] Setting up clock 'default' with an uncertainty of 0.625ns.
Execute     csynth_design 
INFO: [HLS 200-1510] Running: csynth_design 
INFO-FLOW: Running SLX 'csynth' proc: ::SLX::run_csynth
Execute       elaborate -effort=medium -skip_syncheck=0 -keep_printf=0 -skip_cdt=0 -skip_transform=0 -ng=0 -g=0 -opt_fp=0 -from_csynth_design=1 
INFO: [HLS 200-111] Finished File checks and directory preparation: CPU user time: 0.03 seconds. CPU system time: 0 seconds. Elapsed time: 0.04 seconds; current allocated memory: 202.172 MB.
Execute         set_directive_top myproject -name=myproject 
Execute         source /tools/Xilinx/Vitis_HLS/2023.1/tps/tcl/tcllib1.11.1/yaml/huddle.tcl 
Execute         source /tools/Xilinx/Vitis_HLS/2023.1/tps/tcl/tcllib1.11.1/yaml/json2huddle.tcl 
Execute           source /tools/Xilinx/Vitis_HLS/2023.1/tps/tcl/tcllib1.11.1/try/try.tcl 
INFO: [HLS 200-10] Analyzing design file 'firmware/myproject.cpp' ... 
INFO-FLOW: Compiling one TU...
INFO-FLOW: Handling firmware/myproject.cpp as C++
Execute         ap_part_info -name xc7z020-clg400-1 -data info 
INFO-FLOW: Running: GCC PP 39
INFO-FLOW: Source preprocessing
INFO-FLOW: run_clang exec: /tools/Xilinx/Vitis_HLS/2023.1/lnx64/tools/clang-3.9-csynth/bin/clang firmware/myproject.cpp -foptimization-record-file=/home/ubuntu2004/527_final/tiny_ae_fixed_point_v1/myproject_prj/solution1/.autopilot/db/myproject.cpp.clang.diag.yml -mllvm -pass-remarks-missed=reflow|pasta|unroll -mllvm -pass-remarks=reflow|pasta|unroll|inline -fno-limit-debug-info -gcc-toolchain /tools/Xilinx/Vitis_HLS/2023.1/tps/lnx64/gcc-8.3.0 -fhls -fno-exceptions -insert-hls-directive=/home/ubuntu2004/527_final/tiny_ae_fixed_point_v1/myproject_prj/solution1/.autopilot/db/all.directive.json -E -std=c++0x -fno-math-errno -c -emit-llvm -mllvm -disable-llvm-optzns -Werror=implicit-function-declaration -Werror=implicit-hls-streams -Werror=return-type -Wpragmas -Wunused-parameter -Wdump-hls-pragmas -Wno-error=dump-hls-pragmas -fno-threadsafe-statics -fno-use-cxa-atexit -target fpga64-xilinx-linux-gnu -fno-threadsafe-statics -fno-use-cxa-atexit -D__VITIS_HLS__ -DAESL_SYN -D__SYNTHESIS__ -D__HLS_SYN__ -I /tools/Xilinx/Vitis_HLS/2023.1/common/technology/autopilot -I /tools/Xilinx/Vitis_HLS/2023.1/common/technology/autopilot/ap_sysc -include etc/autopilot_ssdm_op.h -D__DSP48E1__ -I /usr/include/x86_64-linux-gnu -o /home/ubuntu2004/527_final/tiny_ae_fixed_point_v1/myproject_prj/solution1/.autopilot/db/myproject.pp.0.cpp -hls-platform-db-name=/tools/Xilinx/Vitis_HLS/2023.1/common/technology/xilinx/common/platform.db -hls-platform-name=zynq_slow -device-resource-info=BRAM_280.000000_DSP_220.000000_FF_106400.000000_LUT_53200.000000_SLICE_13300.000000_URAM_0.000000 -device-name-info=xc7z020clg400-1 > /home/ubuntu2004/527_final/tiny_ae_fixed_point_v1/myproject_prj/solution1/.autopilot/db/myproject.cpp.clang.out.log 2> /home/ubuntu2004/527_final/tiny_ae_fixed_point_v1/myproject_prj/solution1/.autopilot/db/myproject.cpp.clang.err.log
INFO-FLOW: Done: GCC PP 39 time: 0.3 seconds per iteration
INFO-FLOW: Source syntax check for synthesis
INFO-FLOW: run_clang exec: /tools/Xilinx/Vitis_HLS/2023.1/lnx64/tools/clang-3.9-csynth/bin/clang -foptimization-record-file=/home/ubuntu2004/527_final/tiny_ae_fixed_point_v1/myproject_prj/solution1/.autopilot/db/clang.diag.yml -mllvm -pass-remarks-missed=reflow|pasta|unroll -mllvm -pass-remarks=reflow|pasta|unroll|inline -fsyntax-only -fhls -target fpga64-xilinx-linux-gnu /home/ubuntu2004/527_final/tiny_ae_fixed_point_v1/myproject_prj/solution1/.autopilot/db/myproject.pp.0.cpp -hls-platform-db-name=/tools/Xilinx/Vitis_HLS/2023.1/common/technology/xilinx/common/platform.db -hls-platform-name=zynq_slow -device-resource-info=BRAM_280.000000_DSP_220.000000_FF_106400.000000_LUT_53200.000000_SLICE_13300.000000_URAM_0.000000 -device-name-info=xc7z020clg400-1 > /home/ubuntu2004/527_final/tiny_ae_fixed_point_v1/myproject_prj/solution1/.autopilot/db/clang.out.log 2> /home/ubuntu2004/527_final/tiny_ae_fixed_point_v1/myproject_prj/solution1/.autopilot/db/clang.err.log
Execute         clang_tidy xilinx-systemc-detector -desc systemc-detector /home/ubuntu2004/527_final/tiny_ae_fixed_point_v1/myproject_prj/solution1/.autopilot/db/myproject.pp.0.cpp std=c++0x -target fpga  -directive=/home/ubuntu2004/527_final/tiny_ae_fixed_point_v1/myproject_prj/solution1/.autopilot/db/.systemc_flag 
INFO-FLOW: exec /tools/Xilinx/Vitis_HLS/2023.1/lnx64/tools/clang-3.9-csynth/bin/clang-tidy -header-filter=.* --checks=-*,xilinx-systemc-detector -import-directive=/home/ubuntu2004/527_final/tiny_ae_fixed_point_v1/myproject_prj/solution1/.autopilot/db/.systemc_flag -fix-errors /home/ubuntu2004/527_final/tiny_ae_fixed_point_v1/myproject_prj/solution1/.autopilot/db/myproject.pp.0.cpp -- -std=c++0x -target fpga -fhls -ferror-limit=0
Command         clang_tidy done; 1.8 sec.
INFO-FLOW: Running: clang-tidy CDT preprocess 39
Execute         clang_tidy xilinx-directive2pragma -desc directive2pragma /home/ubuntu2004/527_final/tiny_ae_fixed_point_v1/myproject_prj/solution1/.autopilot/db/myproject.pp.0.cpp std=c++0x -target fpga  -directive=/home/ubuntu2004/527_final/tiny_ae_fixed_point_v1/myproject_prj/solution1/.autopilot/db/all.directive.json 
INFO-FLOW: exec /tools/Xilinx/Vitis_HLS/2023.1/lnx64/tools/clang-3.9-csynth/bin/clang-tidy -header-filter=.* --checks=-*,xilinx-directive2pragma -import-directive=/home/ubuntu2004/527_final/tiny_ae_fixed_point_v1/myproject_prj/solution1/.autopilot/db/all.directive.json -fix-errors /home/ubuntu2004/527_final/tiny_ae_fixed_point_v1/myproject_prj/solution1/.autopilot/db/myproject.pp.0.cpp -- -std=c++0x -target fpga -fhls -ferror-limit=0
Command         clang_tidy done; 2.14 sec.
INFO-FLOW: Done: clang-tidy CDT preprocess 39 time: 2.1 seconds per iteration
INFO-FLOW: Calling xilinx-label-all-loops ... 
INFO-FLOW: Calling xilinx-aggregate-on-hls-vector ... 
Execute         clang_tidy -errorcheck -desc loop-label xilinx-label-all-loops,xilinx-aggregate-on-hls-vector,,xilinx-warn-mayneed-no-ctor-attribute /home/ubuntu2004/527_final/tiny_ae_fixed_point_v1/myproject_prj/solution1/.autopilot/db/myproject.pp.0.cpp std=c++0x -target fpga  
INFO-FLOW: run_clang exec: /tools/Xilinx/Vitis_HLS/2023.1/lnx64/tools/clang-3.9-csynth/bin/clang-tidy -export-fixes=/home/ubuntu2004/527_final/tiny_ae_fixed_point_v1/myproject_prj/solution1/.autopilot/db/myproject.pp.0.cpp.clang-tidy.loop-label.diag.yml -header-filter=.* --checks=-*,xilinx-label-all-loops,xilinx-aggregate-on-hls-vector,,xilinx-warn-mayneed-no-ctor-attribute -fix-errors /home/ubuntu2004/527_final/tiny_ae_fixed_point_v1/myproject_prj/solution1/.autopilot/db/myproject.pp.0.cpp -- -std=c++0x -target fpga -fhls -ferror-limit=0 > /home/ubuntu2004/527_final/tiny_ae_fixed_point_v1/myproject_prj/solution1/.autopilot/db/myproject.pp.0.cpp.clang-tidy.loop-label.out.log 2> /home/ubuntu2004/527_final/tiny_ae_fixed_point_v1/myproject_prj/solution1/.autopilot/db/myproject.pp.0.cpp.clang-tidy.loop-label.err.log
Execute           source /tools/Xilinx/Vitis_HLS/2023.1/tps/tcl/tcllib1.11.1/yaml/yaml.tcl 
Command         clang_tidy done; 2.78 sec.
INFO-FLOW: run_clang exec: /tools/Xilinx/Vitis_HLS/2023.1/lnx64/tools/clang-3.9-csynth/bin/xilinx-dataflow-lawyer -export-fixes=/home/ubuntu2004/527_final/tiny_ae_fixed_point_v1/myproject_prj/solution1/.autopilot/db/myproject.pp.0.cpp.xilinx-dataflow-lawyer.diag.yml /home/ubuntu2004/527_final/tiny_ae_fixed_point_v1/myproject_prj/solution1/.autopilot/db/myproject.pp.0.cpp -- -std=c++0x -target fpga -fhls -ferror-limit=0 -fstrict-dataflow > /home/ubuntu2004/527_final/tiny_ae_fixed_point_v1/myproject_prj/solution1/.autopilot/db/myproject.pp.0.cpp.xilinx-dataflow-lawyer.out.log 2> /home/ubuntu2004/527_final/tiny_ae_fixed_point_v1/myproject_prj/solution1/.autopilot/db/myproject.pp.0.cpp.xilinx-dataflow-lawyer.err.log
WARNING: [HLS 214-113] Either use an argument of the function or declare the variable inside the dataflow loop body (firmware/myproject.cpp:37:63)
WARNING: [HLS 214-113] Either use an argument of the function or declare the variable inside the dataflow loop body (firmware/myproject.cpp:37:67)
WARNING: [HLS 214-113] Either use an argument of the function or declare the variable inside the dataflow loop body (firmware/myproject.cpp:45:67)
WARNING: [HLS 214-113] Either use an argument of the function or declare the variable inside the dataflow loop body (firmware/myproject.cpp:45:71)
Execute         send_msg_by_id WARNING @200-471@%s%s 4 firmware/myproject.cpp 
WARNING: [HLS 200-471] Dataflow form checks found 4 issue(s) in file firmware/myproject.cpp
Execute         ap_part_info -name xc7z020-clg400-1 -data info 
INFO-FLOW: compiling source code to llvm bc
INFO-FLOW: run_clang exec: /tools/Xilinx/Vitis_HLS/2023.1/lnx64/tools/clang-3.9-csynth/bin/clang -foptimization-record-file=/home/ubuntu2004/527_final/tiny_ae_fixed_point_v1/myproject_prj/solution1/.autopilot/db/myproject.pp.0.cpp.clang.diag.yml -mllvm -pass-remarks-missed=reflow|pasta|unroll -mllvm -pass-remarks=reflow|pasta|unroll|inline -fno-limit-debug-info -fhls -flto -fno-exceptions -Wno-error=c++11-narrowing /home/ubuntu2004/527_final/tiny_ae_fixed_point_v1/myproject_prj/solution1/.autopilot/db/myproject.pp.0.cpp -std=c++0x -fno-math-errno -c -emit-llvm -mllvm -disable-llvm-optzns -Werror=implicit-function-declaration -Werror=implicit-hls-streams -Werror=return-type -Wpragmas -Wunused-parameter -Wdump-hls-pragmas -Wno-error=dump-hls-pragmas -fno-threadsafe-statics -fno-use-cxa-atexit -target fpga64-xilinx-linux-gnu -D__VITIS_HLS__ -DAESL_SYN -D__SYNTHESIS__ -D__HLS_SYN__ -I /tools/Xilinx/Vitis_HLS/2023.1/common/technology/autopilot -I /tools/Xilinx/Vitis_HLS/2023.1/common/technology/autopilot/ap_sysc -include etc/autopilot_ssdm_op.h -D__DSP48E1__ -g -o /home/ubuntu2004/527_final/tiny_ae_fixed_point_v1/myproject_prj/solution1/.autopilot/db/myproject.bc -hls-platform-db-name=/tools/Xilinx/Vitis_HLS/2023.1/common/technology/xilinx/common/platform.db -hls-platform-name=zynq_slow -device-resource-info=BRAM_280.000000_DSP_220.000000_FF_106400.000000_LUT_53200.000000_SLICE_13300.000000_URAM_0.000000 -device-name-info=xc7z020clg400-1 > /home/ubuntu2004/527_final/tiny_ae_fixed_point_v1/myproject_prj/solution1/.autopilot/db/myproject.pp.0.cpp.clang.out.log 2> /home/ubuntu2004/527_final/tiny_ae_fixed_point_v1/myproject_prj/solution1/.autopilot/db/myproject.pp.0.cpp.clang.err.log
WARNING: [HLS 207-5292] unused parameter 'keep' (firmware/nnet_utils/nnet_helpers.h:285:99)
WARNING: [HLS 207-5292] unused parameter 'data' (firmware/nnet_utils/nnet_code_gen.h:11:36)
WARNING: [HLS 207-5292] unused parameter 'buffer' (firmware/nnet_utils/nnet_code_gen.h:12:36)
WARNING: [HLS 207-5292] unused parameter 'partition' (firmware/nnet_utils/nnet_code_gen.h:13:44)
WARNING: [HLS 207-5292] unused parameter 'data' (firmware/nnet_utils/nnet_code_gen.h:21:24)
WARNING: [HLS 207-5292] unused parameter 'buffer' (firmware/nnet_utils/nnet_code_gen.h:22:24)
WARNING: [HLS 207-5292] unused parameter 'partition' (firmware/nnet_utils/nnet_code_gen.h:23:32)
INFO: [HLS 200-111] Finished Source Code Analysis and Preprocessing: CPU user time: 11.22 seconds. CPU system time: 0.77 seconds. Elapsed time: 12.86 seconds; current allocated memory: 207.312 MB.
INFO-FLOW: Linking Debug ...
INFO-FLOW: Linking dut bc code.
Execute         run_link_or_opt -out /home/ubuntu2004/527_final/tiny_ae_fixed_point_v1/myproject_prj/solution1/.autopilot/db/a.g.ld.0.bc -args  "/home/ubuntu2004/527_final/tiny_ae_fixed_point_v1/myproject_prj/solution1/.autopilot/db/myproject.g.bc"  
INFO-FLOW: run_clang exec: /tools/Xilinx/Vitis_HLS/2023.1/lnx64/tools/clang-3.9-csynth/bin/llvm-link /home/ubuntu2004/527_final/tiny_ae_fixed_point_v1/myproject_prj/solution1/.autopilot/db/myproject.g.bc -o /home/ubuntu2004/527_final/tiny_ae_fixed_point_v1/myproject_prj/solution1/.autopilot/db/a.g.ld.0.bc > /home/ubuntu2004/527_final/tiny_ae_fixed_point_v1/myproject_prj/solution1/.autopilot/db/a.g.ld.0.bc.llvm-link.out.log 2> /home/ubuntu2004/527_final/tiny_ae_fixed_point_v1/myproject_prj/solution1/.autopilot/db/a.g.ld.0.bc.llvm-link.err.log
INFO-FLOW: 
Command         run_link_or_opt done; 0.28 sec.
Execute         run_link_or_opt -opt -out /home/ubuntu2004/527_final/tiny_ae_fixed_point_v1/myproject_prj/solution1/.autopilot/db/a.g.ld.1.lower.bc -args /home/ubuntu2004/527_final/tiny_ae_fixed_point_v1/myproject_prj/solution1/.autopilot/db/a.g.ld.0.bc -reflow-lower-math-intrinsics 
INFO-FLOW: run_clang exec: /tools/Xilinx/Vitis_HLS/2023.1/lnx64/tools/clang-3.9-csynth/bin/opt -pass-remarks-missed=reflow|pasta|unroll -pass-remarks=reflow|pasta|unroll|inline -pass-remarks-output=/home/ubuntu2004/527_final/tiny_ae_fixed_point_v1/myproject_prj/solution1/.autopilot/db/a.g.ld.1.lower.bc.opt.diag.yml /home/ubuntu2004/527_final/tiny_ae_fixed_point_v1/myproject_prj/solution1/.autopilot/db/a.g.ld.0.bc -reflow-lower-math-intrinsics -o /home/ubuntu2004/527_final/tiny_ae_fixed_point_v1/myproject_prj/solution1/.autopilot/db/a.g.ld.1.lower.bc > /home/ubuntu2004/527_final/tiny_ae_fixed_point_v1/myproject_prj/solution1/.autopilot/db/a.g.ld.1.lower.bc.opt.out.log 2> /home/ubuntu2004/527_final/tiny_ae_fixed_point_v1/myproject_prj/solution1/.autopilot/db/a.g.ld.1.lower.bc.opt.err.log
INFO-FLOW: 
INFO-FLOW: Running: gen_design_size_report post-opt
INFO-FLOW: Done: gen_design_size_report post-opt time: 0 seconds per iteration
Command         run_link_or_opt done; 0.32 sec.
INFO-FLOW: Linking math bc lib
Execute         run_link_or_opt -out /home/ubuntu2004/527_final/tiny_ae_fixed_point_v1/myproject_prj/solution1/.autopilot/db/a.g.ld.2.m1.bc -args /home/ubuntu2004/527_final/tiny_ae_fixed_point_v1/myproject_prj/solution1/.autopilot/db/a.g.ld.1.lower.bc -only-needed /tools/Xilinx/Vitis_HLS/2023.1/lnx64/lib/libhlsm_39.bc /tools/Xilinx/Vitis_HLS/2023.1/lnx64/lib/libhlsmc++_39.bc 
INFO-FLOW: run_clang exec: /tools/Xilinx/Vitis_HLS/2023.1/lnx64/tools/clang-3.9-csynth/bin/llvm-link /home/ubuntu2004/527_final/tiny_ae_fixed_point_v1/myproject_prj/solution1/.autopilot/db/a.g.ld.1.lower.bc -only-needed /tools/Xilinx/Vitis_HLS/2023.1/lnx64/lib/libhlsm_39.bc /tools/Xilinx/Vitis_HLS/2023.1/lnx64/lib/libhlsmc++_39.bc -o /home/ubuntu2004/527_final/tiny_ae_fixed_point_v1/myproject_prj/solution1/.autopilot/db/a.g.ld.2.m1.bc > /home/ubuntu2004/527_final/tiny_ae_fixed_point_v1/myproject_prj/solution1/.autopilot/db/a.g.ld.2.m1.bc.llvm-link.out.log 2> /home/ubuntu2004/527_final/tiny_ae_fixed_point_v1/myproject_prj/solution1/.autopilot/db/a.g.ld.2.m1.bc.llvm-link.err.log
INFO-FLOW: 
Command         run_link_or_opt done; 1.09 sec.
Execute         run_link_or_opt -opt -out /home/ubuntu2004/527_final/tiny_ae_fixed_point_v1/myproject_prj/solution1/.autopilot/db/a.g.ld.3.fpc.bc -args /home/ubuntu2004/527_final/tiny_ae_fixed_point_v1/myproject_prj/solution1/.autopilot/db/a.g.ld.2.m1.bc -reflow-globaldce -hls-top-function-name=myproject -reflow-float-conversion 
INFO-FLOW: run_clang exec: /tools/Xilinx/Vitis_HLS/2023.1/lnx64/tools/clang-3.9-csynth/bin/opt -pass-remarks-missed=reflow|pasta|unroll -pass-remarks=reflow|pasta|unroll|inline -pass-remarks-output=/home/ubuntu2004/527_final/tiny_ae_fixed_point_v1/myproject_prj/solution1/.autopilot/db/a.g.ld.3.fpc.bc.opt.diag.yml /home/ubuntu2004/527_final/tiny_ae_fixed_point_v1/myproject_prj/solution1/.autopilot/db/a.g.ld.2.m1.bc -reflow-globaldce -hls-top-function-name=myproject -reflow-float-conversion -o /home/ubuntu2004/527_final/tiny_ae_fixed_point_v1/myproject_prj/solution1/.autopilot/db/a.g.ld.3.fpc.bc > /home/ubuntu2004/527_final/tiny_ae_fixed_point_v1/myproject_prj/solution1/.autopilot/db/a.g.ld.3.fpc.bc.opt.out.log 2> /home/ubuntu2004/527_final/tiny_ae_fixed_point_v1/myproject_prj/solution1/.autopilot/db/a.g.ld.3.fpc.bc.opt.err.log
INFO-FLOW: 
INFO-FLOW: Running: gen_design_size_report post-opt
INFO-FLOW: Done: gen_design_size_report post-opt time: 0 seconds per iteration
Command         run_link_or_opt done; 0.54 sec.
Execute         run_link_or_opt -out /home/ubuntu2004/527_final/tiny_ae_fixed_point_v1/myproject_prj/solution1/.autopilot/db/a.g.ld.4.m2.bc -args /home/ubuntu2004/527_final/tiny_ae_fixed_point_v1/myproject_prj/solution1/.autopilot/db/a.g.ld.3.fpc.bc -only-needed /tools/Xilinx/Vitis_HLS/2023.1/lnx64/lib/libfloatconversion_39.bc 
INFO-FLOW: run_clang exec: /tools/Xilinx/Vitis_HLS/2023.1/lnx64/tools/clang-3.9-csynth/bin/llvm-link /home/ubuntu2004/527_final/tiny_ae_fixed_point_v1/myproject_prj/solution1/.autopilot/db/a.g.ld.3.fpc.bc -only-needed /tools/Xilinx/Vitis_HLS/2023.1/lnx64/lib/libfloatconversion_39.bc -o /home/ubuntu2004/527_final/tiny_ae_fixed_point_v1/myproject_prj/solution1/.autopilot/db/a.g.ld.4.m2.bc > /home/ubuntu2004/527_final/tiny_ae_fixed_point_v1/myproject_prj/solution1/.autopilot/db/a.g.ld.4.m2.bc.llvm-link.out.log 2> /home/ubuntu2004/527_final/tiny_ae_fixed_point_v1/myproject_prj/solution1/.autopilot/db/a.g.ld.4.m2.bc.llvm-link.err.log
INFO-FLOW: 
Command         run_link_or_opt done; 0.25 sec.
Execute         run_link_or_opt -opt -out /home/ubuntu2004/527_final/tiny_ae_fixed_point_v1/myproject_prj/solution1/.autopilot/db/a.g.ld.5.gdce.bc -args /home/ubuntu2004/527_final/tiny_ae_fixed_point_v1/myproject_prj/solution1/.autopilot/db/a.g.ld.4.m2.bc -reflow-globaldce -hls-top-function-name=myproject 
INFO-FLOW: run_clang exec: /tools/Xilinx/Vitis_HLS/2023.1/lnx64/tools/clang-3.9-csynth/bin/opt -pass-remarks-missed=reflow|pasta|unroll -pass-remarks=reflow|pasta|unroll|inline -pass-remarks-output=/home/ubuntu2004/527_final/tiny_ae_fixed_point_v1/myproject_prj/solution1/.autopilot/db/a.g.ld.5.gdce.bc.opt.diag.yml /home/ubuntu2004/527_final/tiny_ae_fixed_point_v1/myproject_prj/solution1/.autopilot/db/a.g.ld.4.m2.bc -reflow-globaldce -hls-top-function-name=myproject -o /home/ubuntu2004/527_final/tiny_ae_fixed_point_v1/myproject_prj/solution1/.autopilot/db/a.g.ld.5.gdce.bc > /home/ubuntu2004/527_final/tiny_ae_fixed_point_v1/myproject_prj/solution1/.autopilot/db/a.g.ld.5.gdce.bc.opt.out.log 2> /home/ubuntu2004/527_final/tiny_ae_fixed_point_v1/myproject_prj/solution1/.autopilot/db/a.g.ld.5.gdce.bc.opt.err.log
INFO-FLOW: 
INFO-FLOW: Running: gen_design_size_report post-opt
INFO-FLOW: Done: gen_design_size_report post-opt time: 0 seconds per iteration
Command         run_link_or_opt done; 0.22 sec.
Execute         send_msg_by_id INFO @200-777@%s Vivado 
INFO: [HLS 200-777] Using interface defaults for 'Vivado' flow target.
Execute         is_m_axi_addr64 
INFO-FLOW: Doing LTO.
INFO-FLOW: run_clang (background poll_ms 5000) exec: /tools/Xilinx/Vitis_HLS/2023.1/lnx64/tools/clang-3.9-csynth/bin/clang -foptimization-record-file=/home/ubuntu2004/527_final/tiny_ae_fixed_point_v1/myproject_prj/solution1/.autopilot/db/a.g.ld.0.bc.clang.reflow.diag.yml -mllvm -pass-remarks-missed=reflow|pasta|unroll -mllvm -pass-remarks=reflow|pasta|unroll|inline -fhls -mllvm -hls-top-function-name=myproject -mllvm -hls-db-dir -mllvm /home/ubuntu2004/527_final/tiny_ae_fixed_point_v1/myproject_prj/solution1/.autopilot/db -emit-llvm -c -target fpga64-xilinx-none -mllvm -xcl-xmlinfo=/home/ubuntu2004/527_final/tiny_ae_fixed_point_v1/myproject_prj/solution1/.autopilot/db/kernel.internal.xml -mllvm -top-io-mapping-info=/home/ubuntu2004/527_final/tiny_ae_fixed_point_v1/myproject_prj/solution1/.autopilot/db/top-io-fe.xml -mllvm -hls-bitcode-version=3.1 -mllvm -reflow-enable-slave-interface-default-setting=true -mllvm -gen-kernel-xml=false -mllvm -default-maxi-offset=slave -mllvm -maxi-latency=0 -mllvm -hls-maxi-data-size-in-bits=8 -mllvm -hls-maxi-max-data-size-in-bits=1024 -mllvm -hls-max-widen-size-in-bits=0 -mllvm -xcl-kernel-max-mem-ports=0 -mllvm -maxi-read-trans=16 -mllvm -maxi-write-trans=16 -mllvm -maxi-read-burst-len=16 -mllvm -maxi-write-burst-len=16 -mllvm -reflow-enable-saxi-64bits=0 -mllvm -reflow-basic-block-instr-threshold=200000 -mllvm -reflow-auto-pipeline-threshold=64 -mllvm -reflow-enable-maxi-auto-id-channel=0 -mllvm -enable-fp-thr=0 -mllvm -reflow-bdd-simplify-threshold=1024 -mllvm -reflow-fanout-threshold=16 -mllvm -assume-maxi-align=1 -mllvm -reflow-pipeline-style-llvm-setting=2 -mllvm -reflow-enable-dataflow-strict-mode-checking=1 -ftime-report -mllvm -time-passes -mllvm -reflow-auto-array-partition-mode=default -mllvm -reflow-enable-auto-array-partition=true -mllvm -reflow-enable-auto-parallel-performance-driven=true -mllvm -reflow-enable-partition-for-automation=true -mllvm -reflow-aggregate-bitwidth-threshold=4096 -mllvm -reflow-reserved-saxilite-registers=1024 -mllvm -reflow-assume-no-address-wrap=true -mllvm -reflow-enable-occurrence-inference=true -mllvm -hls -mllvm -disable-inlined-alloca-merging=true -mllvm -default-clock-period=5 -x ir /home/ubuntu2004/527_final/tiny_ae_fixed_point_v1/myproject_prj/solution1/.autopilot/db/a.g.ld.5.gdce.bc -o /home/ubuntu2004/527_final/tiny_ae_fixed_point_v1/myproject_prj/solution1/.autopilot/db/a.g.lto.bc -hls-platform-db-name=/tools/Xilinx/Vitis_HLS/2023.1/common/technology/xilinx/common/platform.db -hls-platform-name=zynq_slow -device-resource-info=BRAM_280.000000_DSP_220.000000_FF_106400.000000_LUT_53200.000000_SLICE_13300.000000_URAM_0.000000 -device-name-info=xc7z020clg400-1 2> /home/ubuntu2004/527_final/tiny_ae_fixed_point_v1/myproject_prj/solution1/.autopilot/db/a.g.ld.0.bc.clang.reflow.err.log
Execute         send_msg_by_id INFO @200-1995@%s%s%s 2,412 Compile/Link /home/ubuntu2004/527_final/tiny_ae_fixed_point_v1/myproject_prj/solution1/syn/report/csynth_design_size.rpt 
INFO: [HLS 200-1995] There were 2,412 instructions in the design after the 'Compile/Link' phase of compilation. See the Design Size Report for more details: /home/ubuntu2004/527_final/tiny_ae_fixed_point_v1/myproject_prj/solution1/syn/report/csynth_design_size.rpt
Execute         send_msg_by_id ERROR @200-1715@ 
ERROR: [HLS 200-1715] Encountered problem during source synthesis
INFO-FLOW: Error in clang_39: ERROR: problem extracting info from llvm diagnostic file: /home/ubuntu2004/527_final/tiny_ae_fixed_point_v1/myproject_prj/solution1/.autopilot/db/a.g.ld.0.bc.clang.reflow.diag.yml
line(11): Single quote '...' parsing error. end of quote is missing?
INFO-FLOW: Caught error in elaborate: Pre-synthesis failed.
    while executing
"AP::ap_link_39 [::AP::get_bc_list  $dbgInfo] $skip_transform $LLVMFlags $dbgInfo"
    (procedure "AP::compile_dut_files_39" line 58)
    invoked from within
"AP::compile_dut_files_39 $dut_files $dbgInfo $skip_cdt $skip_transform"
    (procedure "AP::compile" line 103)
    invoked from within
"AP::compile 1 $skip_cdt $skip_transform"
    (procedure "ap_internal_elaborate" line 83)
    invoked from within
"ap_internal_elaborate "
Command       elaborate done; error code: 2; 35.68 sec.
INFO-FLOW: Caught error in csynth_design: Pre-synthesis failed.
    while executing
"ap_internal_csynth_design "
Command     csynth_design done; error code: 2; 35.73 sec.
INFO: [HLS 200-111] Finished Command csynth_design CPU user time: 22.81 seconds. CPU system time: 7.18 seconds. Elapsed time: 35.73 seconds; current allocated memory: 5.344 MB.
Command   ap_source done; error code: 1; 36.47 sec.
Execute   cleanup_all 
INFO-FLOW: Workspace /home/ubuntu2004/527_final/tiny_ae_fixed_point_v1/myproject_prj/solution1 opened at Sun Dec 07 20:55:13 CST 2025
Execute       ap_set_clock -name default -period 5 -default=false 
INFO: [SYN 201-201] Setting up clock 'default' with a period of 5ns.
Execute       ap_set_clock -name default -uncertainty 0.625 -unit % 
INFO: [SYN 201-201] Setting up clock 'default' with an uncertainty of 0.625ns.
Execute       set_part xc7z020-clg400-1 
Execute         create_platform xc7z020-clg400-1 -board  
DBG:HLSDevice: Trying to load device library: /tools/Xilinx/Vitis_HLS/2023.1/lib/lnx64.o/libxv_hlsvwrap.so
DBG:HLSDevice: first parts/arch.xml in RDI_DATADIR: /tools/Xilinx/Vivado/2023.1/data/parts/arch.xml
DBG:HLSDevice: init success
INFO: [HLS 200-1611] Setting target device to 'xc7z020-clg400-1'
Command         create_platform done; 0.79 sec.
Execute         source /tools/Xilinx/Vitis_HLS/2023.1/common/technology/xilinx/common/xilinx.gen 
Execute           source /tools/Xilinx/Vitis_HLS/2023.1/common/technology/xilinx/interface/plb46.gen 
Execute           source /tools/Xilinx/Vitis_HLS/2023.1/common/technology/xilinx/interface/axi4.gen 
Execute           source /tools/Xilinx/Vitis_HLS/2023.1/common/technology/xilinx/interface/nativeAXI4.gen 
Execute             source /tools/Xilinx/Vitis_HLS/2023.1/common/technology/xilinx/interface/saxilite.gen 
Execute           source /tools/Xilinx/Vitis_HLS/2023.1/common/technology/xilinx/scripts/xilinxcoregen.gen 
Execute           source /tools/Xilinx/Vitis_HLS/2023.1/common/technology/xilinx/interface/XilEDKCoreGen.gen 
Execute           source /tools/Xilinx/Vitis_HLS/2023.1/common/technology/xilinx/ip/dds_compiler.gen 
Execute           source /tools/Xilinx/Vitis_HLS/2023.1/common/technology/xilinx/ip/xfft.gen 
Execute           source /tools/Xilinx/Vitis_HLS/2023.1/common/technology/xilinx/ip/xfir.gen 
Execute           source /tools/Xilinx/Vitis_HLS/2023.1/common/technology/xilinx/ip/util.gen 
Execute           source /tools/Xilinx/Vitis_HLS/2023.1/common/technology/xilinx/DSP48/dsp48.gen 
Execute         ap_part_info -name xc7z020-clg400-1 -data info 
Execute         config_compile -quiet -complex-mul-dsp=0 
Command       set_part done; 0.89 sec.
Execute       send_msg_by_id INFO @200-1505@%s%s  vivado 
INFO: [HLS 200-1505] Using flow_target 'vivado'
Execute       send_msg_by_id INFO @200-1464@%s config_compile -name_max_length=80 
INFO: [HLS 200-1464] Running solution command: config_compile -name_max_length=80
Execute       config_compile -name_max_length=80 
INFO: [XFORM 203-1161] The maximum of name length is set to 80.
Execute       send_msg_by_id INFO @200-1464@%s config_schedule -enable_dsp_full_reg=0 
INFO: [HLS 200-1464] Running solution command: config_schedule -enable_dsp_full_reg=0
Execute       config_schedule -enable_dsp_full_reg=0 
Command     open_solution done; 0.94 sec.
Execute     config_array_partition -maximum_size 4096 
INFO: [HLS 200-1510] Running: config_array_partition -maximum_size 4096 
INFO: [XFORM 203-101] Allowed max sub elements number after partition is 4096.
ERROR: [HLS 200-642] The 'config_array_partition -maximum_size' command is not supported.
Command     config_array_partition done; error code: 1; 
Execute     config_compile -name_max_length 80 
INFO: [HLS 200-1510] Running: config_compile -name_max_length 80 
INFO: [XFORM 203-1161] The maximum of name length is set to 80.
Execute     set_part xc7z020clg400-1 
INFO: [HLS 200-1510] Running: set_part xc7z020clg400-1 
Execute       create_platform xc7z020clg400-1 -board  
Execute       source /tools/Xilinx/Vitis_HLS/2023.1/common/technology/xilinx/common/xilinx.gen 
Execute         source /tools/Xilinx/Vitis_HLS/2023.1/common/technology/xilinx/interface/plb46.gen 
Execute         source /tools/Xilinx/Vitis_HLS/2023.1/common/technology/xilinx/interface/axi4.gen 
Execute         source /tools/Xilinx/Vitis_HLS/2023.1/common/technology/xilinx/interface/nativeAXI4.gen 
Execute           source /tools/Xilinx/Vitis_HLS/2023.1/common/technology/xilinx/interface/saxilite.gen 
Execute         source /tools/Xilinx/Vitis_HLS/2023.1/common/technology/xilinx/scripts/xilinxcoregen.gen 
Execute         source /tools/Xilinx/Vitis_HLS/2023.1/common/technology/xilinx/interface/XilEDKCoreGen.gen 
Execute         source /tools/Xilinx/Vitis_HLS/2023.1/common/technology/xilinx/ip/dds_compiler.gen 
Execute         source /tools/Xilinx/Vitis_HLS/2023.1/common/technology/xilinx/ip/xfft.gen 
Execute         source /tools/Xilinx/Vitis_HLS/2023.1/common/technology/xilinx/ip/xfir.gen 
Execute         source /tools/Xilinx/Vitis_HLS/2023.1/common/technology/xilinx/ip/util.gen 
Execute         source /tools/Xilinx/Vitis_HLS/2023.1/common/technology/xilinx/DSP48/dsp48.gen 
Execute       ap_part_info -name xc7z020-clg400-1 -data info 
Execute       config_compile -quiet -complex-mul-dsp=0 
INFO: [XFORM 203-1161] The maximum of name length is set to 80.
Execute     config_schedule -enable_dsp_full_reg=false 
INFO: [HLS 200-1510] Running: config_schedule -enable_dsp_full_reg=false 
Execute     create_clock -period 5 -name default 
INFO: [HLS 200-1510] Running: create_clock -period 5 -name default 
Execute     set_clock_uncertainty 12.5% default 
INFO: [HLS 200-1510] Running: set_clock_uncertainty 12.5% default 
Execute     csynth_design 
INFO: [HLS 200-1510] Running: csynth_design 
INFO-FLOW: Running SLX 'csynth' proc: ::SLX::run_csynth
Execute       elaborate -effort=medium -skip_syncheck=0 -keep_printf=0 -skip_cdt=0 -skip_transform=0 -ng=0 -g=0 -opt_fp=0 -from_csynth_design=1 
INFO: [HLS 200-111] Finished File checks and directory preparation: CPU user time: 0.03 seconds. CPU system time: 0 seconds. Elapsed time: 0.06 seconds; current allocated memory: 232.008 MB.
Execute         set_directive_top myproject -name=myproject 
Execute         source /tools/Xilinx/Vitis_HLS/2023.1/tps/tcl/tcllib1.11.1/yaml/huddle.tcl 
Execute         source /tools/Xilinx/Vitis_HLS/2023.1/tps/tcl/tcllib1.11.1/yaml/json2huddle.tcl 
Execute           source /tools/Xilinx/Vitis_HLS/2023.1/tps/tcl/tcllib1.11.1/try/try.tcl 
INFO: [HLS 200-10] Analyzing design file 'firmware/myproject.cpp' ... 
INFO-FLOW: Compiling one TU...
INFO-FLOW: Handling firmware/myproject.cpp as C++
Execute         ap_part_info -name xc7z020-clg400-1 -data info 
INFO-FLOW: Running: GCC PP 39
INFO-FLOW: Source preprocessing
INFO-FLOW: run_clang exec: /tools/Xilinx/Vitis_HLS/2023.1/lnx64/tools/clang-3.9-csynth/bin/clang firmware/myproject.cpp -foptimization-record-file=/home/ubuntu2004/527_final/tiny_ae_fixed_point_v1/myproject_prj/solution1/.autopilot/db/myproject.cpp.clang.diag.yml -mllvm -pass-remarks-missed=reflow|pasta|unroll -mllvm -pass-remarks=reflow|pasta|unroll|inline -fno-limit-debug-info -gcc-toolchain /tools/Xilinx/Vitis_HLS/2023.1/tps/lnx64/gcc-8.3.0 -fhls -fno-exceptions -insert-hls-directive=/home/ubuntu2004/527_final/tiny_ae_fixed_point_v1/myproject_prj/solution1/.autopilot/db/all.directive.json -E -std=c++0x -fno-math-errno -c -emit-llvm -mllvm -disable-llvm-optzns -Werror=implicit-function-declaration -Werror=implicit-hls-streams -Werror=return-type -Wpragmas -Wunused-parameter -Wdump-hls-pragmas -Wno-error=dump-hls-pragmas -fno-threadsafe-statics -fno-use-cxa-atexit -target fpga64-xilinx-linux-gnu -fno-threadsafe-statics -fno-use-cxa-atexit -D__VITIS_HLS__ -DAESL_SYN -D__SYNTHESIS__ -D__HLS_SYN__ -I /tools/Xilinx/Vitis_HLS/2023.1/common/technology/autopilot -I /tools/Xilinx/Vitis_HLS/2023.1/common/technology/autopilot/ap_sysc -include etc/autopilot_ssdm_op.h -D__DSP48E1__ -I /usr/include/x86_64-linux-gnu -o /home/ubuntu2004/527_final/tiny_ae_fixed_point_v1/myproject_prj/solution1/.autopilot/db/myproject.pp.0.cpp -hls-platform-db-name=/tools/Xilinx/Vitis_HLS/2023.1/common/technology/xilinx/common/platform.db -hls-platform-name=zynq_slow -device-resource-info=BRAM_280.000000_DSP_220.000000_FF_106400.000000_LUT_53200.000000_SLICE_13300.000000_URAM_0.000000 -device-name-info=xc7z020clg400-1 > /home/ubuntu2004/527_final/tiny_ae_fixed_point_v1/myproject_prj/solution1/.autopilot/db/myproject.cpp.clang.out.log 2> /home/ubuntu2004/527_final/tiny_ae_fixed_point_v1/myproject_prj/solution1/.autopilot/db/myproject.cpp.clang.err.log
INFO-FLOW: Done: GCC PP 39 time: 0.4 seconds per iteration
INFO-FLOW: Source syntax check for synthesis
INFO-FLOW: run_clang exec: /tools/Xilinx/Vitis_HLS/2023.1/lnx64/tools/clang-3.9-csynth/bin/clang -foptimization-record-file=/home/ubuntu2004/527_final/tiny_ae_fixed_point_v1/myproject_prj/solution1/.autopilot/db/clang.diag.yml -mllvm -pass-remarks-missed=reflow|pasta|unroll -mllvm -pass-remarks=reflow|pasta|unroll|inline -fsyntax-only -fhls -target fpga64-xilinx-linux-gnu /home/ubuntu2004/527_final/tiny_ae_fixed_point_v1/myproject_prj/solution1/.autopilot/db/myproject.pp.0.cpp -hls-platform-db-name=/tools/Xilinx/Vitis_HLS/2023.1/common/technology/xilinx/common/platform.db -hls-platform-name=zynq_slow -device-resource-info=BRAM_280.000000_DSP_220.000000_FF_106400.000000_LUT_53200.000000_SLICE_13300.000000_URAM_0.000000 -device-name-info=xc7z020clg400-1 > /home/ubuntu2004/527_final/tiny_ae_fixed_point_v1/myproject_prj/solution1/.autopilot/db/clang.out.log 2> /home/ubuntu2004/527_final/tiny_ae_fixed_point_v1/myproject_prj/solution1/.autopilot/db/clang.err.log
Execute         clang_tidy xilinx-systemc-detector -desc systemc-detector /home/ubuntu2004/527_final/tiny_ae_fixed_point_v1/myproject_prj/solution1/.autopilot/db/myproject.pp.0.cpp std=c++0x -target fpga  -directive=/home/ubuntu2004/527_final/tiny_ae_fixed_point_v1/myproject_prj/solution1/.autopilot/db/.systemc_flag 
INFO-FLOW: exec /tools/Xilinx/Vitis_HLS/2023.1/lnx64/tools/clang-3.9-csynth/bin/clang-tidy -header-filter=.* --checks=-*,xilinx-systemc-detector -import-directive=/home/ubuntu2004/527_final/tiny_ae_fixed_point_v1/myproject_prj/solution1/.autopilot/db/.systemc_flag -fix-errors /home/ubuntu2004/527_final/tiny_ae_fixed_point_v1/myproject_prj/solution1/.autopilot/db/myproject.pp.0.cpp -- -std=c++0x -target fpga -fhls -ferror-limit=0
Command         clang_tidy done; 1.58 sec.
INFO-FLOW: Running: clang-tidy CDT preprocess 39
Execute         clang_tidy xilinx-directive2pragma -desc directive2pragma /home/ubuntu2004/527_final/tiny_ae_fixed_point_v1/myproject_prj/solution1/.autopilot/db/myproject.pp.0.cpp std=c++0x -target fpga  -directive=/home/ubuntu2004/527_final/tiny_ae_fixed_point_v1/myproject_prj/solution1/.autopilot/db/all.directive.json 
INFO-FLOW: exec /tools/Xilinx/Vitis_HLS/2023.1/lnx64/tools/clang-3.9-csynth/bin/clang-tidy -header-filter=.* --checks=-*,xilinx-directive2pragma -import-directive=/home/ubuntu2004/527_final/tiny_ae_fixed_point_v1/myproject_prj/solution1/.autopilot/db/all.directive.json -fix-errors /home/ubuntu2004/527_final/tiny_ae_fixed_point_v1/myproject_prj/solution1/.autopilot/db/myproject.pp.0.cpp -- -std=c++0x -target fpga -fhls -ferror-limit=0
Command         clang_tidy done; 1.98 sec.
INFO-FLOW: Done: clang-tidy CDT preprocess 39 time: 2 seconds per iteration
INFO-FLOW: Calling xilinx-label-all-loops ... 
INFO-FLOW: Calling xilinx-aggregate-on-hls-vector ... 
Execute         clang_tidy -errorcheck -desc loop-label xilinx-label-all-loops,xilinx-aggregate-on-hls-vector,,xilinx-warn-mayneed-no-ctor-attribute /home/ubuntu2004/527_final/tiny_ae_fixed_point_v1/myproject_prj/solution1/.autopilot/db/myproject.pp.0.cpp std=c++0x -target fpga  
INFO-FLOW: run_clang exec: /tools/Xilinx/Vitis_HLS/2023.1/lnx64/tools/clang-3.9-csynth/bin/clang-tidy -export-fixes=/home/ubuntu2004/527_final/tiny_ae_fixed_point_v1/myproject_prj/solution1/.autopilot/db/myproject.pp.0.cpp.clang-tidy.loop-label.diag.yml -header-filter=.* --checks=-*,xilinx-label-all-loops,xilinx-aggregate-on-hls-vector,,xilinx-warn-mayneed-no-ctor-attribute -fix-errors /home/ubuntu2004/527_final/tiny_ae_fixed_point_v1/myproject_prj/solution1/.autopilot/db/myproject.pp.0.cpp -- -std=c++0x -target fpga -fhls -ferror-limit=0 > /home/ubuntu2004/527_final/tiny_ae_fixed_point_v1/myproject_prj/solution1/.autopilot/db/myproject.pp.0.cpp.clang-tidy.loop-label.out.log 2> /home/ubuntu2004/527_final/tiny_ae_fixed_point_v1/myproject_prj/solution1/.autopilot/db/myproject.pp.0.cpp.clang-tidy.loop-label.err.log
Execute           source /tools/Xilinx/Vitis_HLS/2023.1/tps/tcl/tcllib1.11.1/yaml/yaml.tcl 
Command         clang_tidy done; 2.46 sec.
INFO-FLOW: run_clang exec: /tools/Xilinx/Vitis_HLS/2023.1/lnx64/tools/clang-3.9-csynth/bin/xilinx-dataflow-lawyer -export-fixes=/home/ubuntu2004/527_final/tiny_ae_fixed_point_v1/myproject_prj/solution1/.autopilot/db/myproject.pp.0.cpp.xilinx-dataflow-lawyer.diag.yml /home/ubuntu2004/527_final/tiny_ae_fixed_point_v1/myproject_prj/solution1/.autopilot/db/myproject.pp.0.cpp -- -std=c++0x -target fpga -fhls -ferror-limit=0 -fstrict-dataflow > /home/ubuntu2004/527_final/tiny_ae_fixed_point_v1/myproject_prj/solution1/.autopilot/db/myproject.pp.0.cpp.xilinx-dataflow-lawyer.out.log 2> /home/ubuntu2004/527_final/tiny_ae_fixed_point_v1/myproject_prj/solution1/.autopilot/db/myproject.pp.0.cpp.xilinx-dataflow-lawyer.err.log
WARNING: [HLS 214-113] Either use an argument of the function or declare the variable inside the dataflow loop body (firmware/myproject.cpp:37:63)
WARNING: [HLS 214-113] Either use an argument of the function or declare the variable inside the dataflow loop body (firmware/myproject.cpp:37:67)
WARNING: [HLS 214-113] Either use an argument of the function or declare the variable inside the dataflow loop body (firmware/myproject.cpp:45:67)
WARNING: [HLS 214-113] Either use an argument of the function or declare the variable inside the dataflow loop body (firmware/myproject.cpp:45:71)
Execute         send_msg_by_id WARNING @200-471@%s%s 4 firmware/myproject.cpp 
WARNING: [HLS 200-471] Dataflow form checks found 4 issue(s) in file firmware/myproject.cpp
Execute         ap_part_info -name xc7z020-clg400-1 -data info 
INFO-FLOW: compiling source code to llvm bc
INFO-FLOW: run_clang exec: /tools/Xilinx/Vitis_HLS/2023.1/lnx64/tools/clang-3.9-csynth/bin/clang -foptimization-record-file=/home/ubuntu2004/527_final/tiny_ae_fixed_point_v1/myproject_prj/solution1/.autopilot/db/myproject.pp.0.cpp.clang.diag.yml -mllvm -pass-remarks-missed=reflow|pasta|unroll -mllvm -pass-remarks=reflow|pasta|unroll|inline -fno-limit-debug-info -fhls -flto -fno-exceptions -Wno-error=c++11-narrowing /home/ubuntu2004/527_final/tiny_ae_fixed_point_v1/myproject_prj/solution1/.autopilot/db/myproject.pp.0.cpp -std=c++0x -fno-math-errno -c -emit-llvm -mllvm -disable-llvm-optzns -Werror=implicit-function-declaration -Werror=implicit-hls-streams -Werror=return-type -Wpragmas -Wunused-parameter -Wdump-hls-pragmas -Wno-error=dump-hls-pragmas -fno-threadsafe-statics -fno-use-cxa-atexit -target fpga64-xilinx-linux-gnu -D__VITIS_HLS__ -DAESL_SYN -D__SYNTHESIS__ -D__HLS_SYN__ -I /tools/Xilinx/Vitis_HLS/2023.1/common/technology/autopilot -I /tools/Xilinx/Vitis_HLS/2023.1/common/technology/autopilot/ap_sysc -include etc/autopilot_ssdm_op.h -D__DSP48E1__ -g -o /home/ubuntu2004/527_final/tiny_ae_fixed_point_v1/myproject_prj/solution1/.autopilot/db/myproject.bc -hls-platform-db-name=/tools/Xilinx/Vitis_HLS/2023.1/common/technology/xilinx/common/platform.db -hls-platform-name=zynq_slow -device-resource-info=BRAM_280.000000_DSP_220.000000_FF_106400.000000_LUT_53200.000000_SLICE_13300.000000_URAM_0.000000 -device-name-info=xc7z020clg400-1 > /home/ubuntu2004/527_final/tiny_ae_fixed_point_v1/myproject_prj/solution1/.autopilot/db/myproject.pp.0.cpp.clang.out.log 2> /home/ubuntu2004/527_final/tiny_ae_fixed_point_v1/myproject_prj/solution1/.autopilot/db/myproject.pp.0.cpp.clang.err.log
WARNING: [HLS 207-5292] unused parameter 'keep' (firmware/nnet_utils/nnet_helpers.h:285:99)
WARNING: [HLS 207-5292] unused parameter 'data' (firmware/nnet_utils/nnet_code_gen.h:11:36)
WARNING: [HLS 207-5292] unused parameter 'buffer' (firmware/nnet_utils/nnet_code_gen.h:12:36)
WARNING: [HLS 207-5292] unused parameter 'partition' (firmware/nnet_utils/nnet_code_gen.h:13:44)
WARNING: [HLS 207-5292] unused parameter 'data' (firmware/nnet_utils/nnet_code_gen.h:21:24)
WARNING: [HLS 207-5292] unused parameter 'buffer' (firmware/nnet_utils/nnet_code_gen.h:22:24)
WARNING: [HLS 207-5292] unused parameter 'partition' (firmware/nnet_utils/nnet_code_gen.h:23:32)
INFO: [HLS 200-111] Finished Source Code Analysis and Preprocessing: CPU user time: 10.31 seconds. CPU system time: 1.37 seconds. Elapsed time: 12 seconds; current allocated memory: 235.363 MB.
INFO-FLOW: Linking Debug ...
INFO-FLOW: Linking dut bc code.
Execute         run_link_or_opt -out /home/ubuntu2004/527_final/tiny_ae_fixed_point_v1/myproject_prj/solution1/.autopilot/db/a.g.ld.0.bc -args  "/home/ubuntu2004/527_final/tiny_ae_fixed_point_v1/myproject_prj/solution1/.autopilot/db/myproject.g.bc"  
INFO-FLOW: run_clang exec: /tools/Xilinx/Vitis_HLS/2023.1/lnx64/tools/clang-3.9-csynth/bin/llvm-link /home/ubuntu2004/527_final/tiny_ae_fixed_point_v1/myproject_prj/solution1/.autopilot/db/myproject.g.bc -o /home/ubuntu2004/527_final/tiny_ae_fixed_point_v1/myproject_prj/solution1/.autopilot/db/a.g.ld.0.bc > /home/ubuntu2004/527_final/tiny_ae_fixed_point_v1/myproject_prj/solution1/.autopilot/db/a.g.ld.0.bc.llvm-link.out.log 2> /home/ubuntu2004/527_final/tiny_ae_fixed_point_v1/myproject_prj/solution1/.autopilot/db/a.g.ld.0.bc.llvm-link.err.log
INFO-FLOW: 
Command         run_link_or_opt done; 0.24 sec.
Execute         run_link_or_opt -opt -out /home/ubuntu2004/527_final/tiny_ae_fixed_point_v1/myproject_prj/solution1/.autopilot/db/a.g.ld.1.lower.bc -args /home/ubuntu2004/527_final/tiny_ae_fixed_point_v1/myproject_prj/solution1/.autopilot/db/a.g.ld.0.bc -reflow-lower-math-intrinsics 
INFO-FLOW: run_clang exec: /tools/Xilinx/Vitis_HLS/2023.1/lnx64/tools/clang-3.9-csynth/bin/opt -pass-remarks-missed=reflow|pasta|unroll -pass-remarks=reflow|pasta|unroll|inline -pass-remarks-output=/home/ubuntu2004/527_final/tiny_ae_fixed_point_v1/myproject_prj/solution1/.autopilot/db/a.g.ld.1.lower.bc.opt.diag.yml /home/ubuntu2004/527_final/tiny_ae_fixed_point_v1/myproject_prj/solution1/.autopilot/db/a.g.ld.0.bc -reflow-lower-math-intrinsics -o /home/ubuntu2004/527_final/tiny_ae_fixed_point_v1/myproject_prj/solution1/.autopilot/db/a.g.ld.1.lower.bc > /home/ubuntu2004/527_final/tiny_ae_fixed_point_v1/myproject_prj/solution1/.autopilot/db/a.g.ld.1.lower.bc.opt.out.log 2> /home/ubuntu2004/527_final/tiny_ae_fixed_point_v1/myproject_prj/solution1/.autopilot/db/a.g.ld.1.lower.bc.opt.err.log
INFO-FLOW: 
INFO-FLOW: Running: gen_design_size_report post-opt
INFO-FLOW: Done: gen_design_size_report post-opt time: 0 seconds per iteration
Command         run_link_or_opt done; 0.27 sec.
INFO-FLOW: Linking math bc lib
Execute         run_link_or_opt -out /home/ubuntu2004/527_final/tiny_ae_fixed_point_v1/myproject_prj/solution1/.autopilot/db/a.g.ld.2.m1.bc -args /home/ubuntu2004/527_final/tiny_ae_fixed_point_v1/myproject_prj/solution1/.autopilot/db/a.g.ld.1.lower.bc -only-needed /tools/Xilinx/Vitis_HLS/2023.1/lnx64/lib/libhlsm_39.bc /tools/Xilinx/Vitis_HLS/2023.1/lnx64/lib/libhlsmc++_39.bc 
INFO-FLOW: run_clang exec: /tools/Xilinx/Vitis_HLS/2023.1/lnx64/tools/clang-3.9-csynth/bin/llvm-link /home/ubuntu2004/527_final/tiny_ae_fixed_point_v1/myproject_prj/solution1/.autopilot/db/a.g.ld.1.lower.bc -only-needed /tools/Xilinx/Vitis_HLS/2023.1/lnx64/lib/libhlsm_39.bc /tools/Xilinx/Vitis_HLS/2023.1/lnx64/lib/libhlsmc++_39.bc -o /home/ubuntu2004/527_final/tiny_ae_fixed_point_v1/myproject_prj/solution1/.autopilot/db/a.g.ld.2.m1.bc > /home/ubuntu2004/527_final/tiny_ae_fixed_point_v1/myproject_prj/solution1/.autopilot/db/a.g.ld.2.m1.bc.llvm-link.out.log 2> /home/ubuntu2004/527_final/tiny_ae_fixed_point_v1/myproject_prj/solution1/.autopilot/db/a.g.ld.2.m1.bc.llvm-link.err.log
INFO-FLOW: 
Command         run_link_or_opt done; 1.08 sec.
Execute         run_link_or_opt -opt -out /home/ubuntu2004/527_final/tiny_ae_fixed_point_v1/myproject_prj/solution1/.autopilot/db/a.g.ld.3.fpc.bc -args /home/ubuntu2004/527_final/tiny_ae_fixed_point_v1/myproject_prj/solution1/.autopilot/db/a.g.ld.2.m1.bc -reflow-globaldce -hls-top-function-name=myproject -reflow-float-conversion 
INFO-FLOW: run_clang exec: /tools/Xilinx/Vitis_HLS/2023.1/lnx64/tools/clang-3.9-csynth/bin/opt -pass-remarks-missed=reflow|pasta|unroll -pass-remarks=reflow|pasta|unroll|inline -pass-remarks-output=/home/ubuntu2004/527_final/tiny_ae_fixed_point_v1/myproject_prj/solution1/.autopilot/db/a.g.ld.3.fpc.bc.opt.diag.yml /home/ubuntu2004/527_final/tiny_ae_fixed_point_v1/myproject_prj/solution1/.autopilot/db/a.g.ld.2.m1.bc -reflow-globaldce -hls-top-function-name=myproject -reflow-float-conversion -o /home/ubuntu2004/527_final/tiny_ae_fixed_point_v1/myproject_prj/solution1/.autopilot/db/a.g.ld.3.fpc.bc > /home/ubuntu2004/527_final/tiny_ae_fixed_point_v1/myproject_prj/solution1/.autopilot/db/a.g.ld.3.fpc.bc.opt.out.log 2> /home/ubuntu2004/527_final/tiny_ae_fixed_point_v1/myproject_prj/solution1/.autopilot/db/a.g.ld.3.fpc.bc.opt.err.log
INFO-FLOW: 
INFO-FLOW: Running: gen_design_size_report post-opt
INFO-FLOW: Done: gen_design_size_report post-opt time: 0 seconds per iteration
Command         run_link_or_opt done; 0.53 sec.
Execute         run_link_or_opt -out /home/ubuntu2004/527_final/tiny_ae_fixed_point_v1/myproject_prj/solution1/.autopilot/db/a.g.ld.4.m2.bc -args /home/ubuntu2004/527_final/tiny_ae_fixed_point_v1/myproject_prj/solution1/.autopilot/db/a.g.ld.3.fpc.bc -only-needed /tools/Xilinx/Vitis_HLS/2023.1/lnx64/lib/libfloatconversion_39.bc 
INFO-FLOW: run_clang exec: /tools/Xilinx/Vitis_HLS/2023.1/lnx64/tools/clang-3.9-csynth/bin/llvm-link /home/ubuntu2004/527_final/tiny_ae_fixed_point_v1/myproject_prj/solution1/.autopilot/db/a.g.ld.3.fpc.bc -only-needed /tools/Xilinx/Vitis_HLS/2023.1/lnx64/lib/libfloatconversion_39.bc -o /home/ubuntu2004/527_final/tiny_ae_fixed_point_v1/myproject_prj/solution1/.autopilot/db/a.g.ld.4.m2.bc > /home/ubuntu2004/527_final/tiny_ae_fixed_point_v1/myproject_prj/solution1/.autopilot/db/a.g.ld.4.m2.bc.llvm-link.out.log 2> /home/ubuntu2004/527_final/tiny_ae_fixed_point_v1/myproject_prj/solution1/.autopilot/db/a.g.ld.4.m2.bc.llvm-link.err.log
INFO-FLOW: 
Command         run_link_or_opt done; 0.25 sec.
Execute         run_link_or_opt -opt -out /home/ubuntu2004/527_final/tiny_ae_fixed_point_v1/myproject_prj/solution1/.autopilot/db/a.g.ld.5.gdce.bc -args /home/ubuntu2004/527_final/tiny_ae_fixed_point_v1/myproject_prj/solution1/.autopilot/db/a.g.ld.4.m2.bc -reflow-globaldce -hls-top-function-name=myproject 
INFO-FLOW: run_clang exec: /tools/Xilinx/Vitis_HLS/2023.1/lnx64/tools/clang-3.9-csynth/bin/opt -pass-remarks-missed=reflow|pasta|unroll -pass-remarks=reflow|pasta|unroll|inline -pass-remarks-output=/home/ubuntu2004/527_final/tiny_ae_fixed_point_v1/myproject_prj/solution1/.autopilot/db/a.g.ld.5.gdce.bc.opt.diag.yml /home/ubuntu2004/527_final/tiny_ae_fixed_point_v1/myproject_prj/solution1/.autopilot/db/a.g.ld.4.m2.bc -reflow-globaldce -hls-top-function-name=myproject -o /home/ubuntu2004/527_final/tiny_ae_fixed_point_v1/myproject_prj/solution1/.autopilot/db/a.g.ld.5.gdce.bc > /home/ubuntu2004/527_final/tiny_ae_fixed_point_v1/myproject_prj/solution1/.autopilot/db/a.g.ld.5.gdce.bc.opt.out.log 2> /home/ubuntu2004/527_final/tiny_ae_fixed_point_v1/myproject_prj/solution1/.autopilot/db/a.g.ld.5.gdce.bc.opt.err.log
INFO-FLOW: 
INFO-FLOW: Running: gen_design_size_report post-opt
INFO-FLOW: Done: gen_design_size_report post-opt time: 0 seconds per iteration
Command         run_link_or_opt done; 0.22 sec.
Execute         send_msg_by_id INFO @200-777@%s Vivado 
INFO: [HLS 200-777] Using interface defaults for 'Vivado' flow target.
Execute         is_m_axi_addr64 
INFO-FLOW: Doing LTO.
INFO-FLOW: run_clang (background poll_ms 5000) exec: /tools/Xilinx/Vitis_HLS/2023.1/lnx64/tools/clang-3.9-csynth/bin/clang -foptimization-record-file=/home/ubuntu2004/527_final/tiny_ae_fixed_point_v1/myproject_prj/solution1/.autopilot/db/a.g.ld.0.bc.clang.reflow.diag.yml -mllvm -pass-remarks-missed=reflow|pasta|unroll -mllvm -pass-remarks=reflow|pasta|unroll|inline -fhls -mllvm -hls-top-function-name=myproject -mllvm -hls-db-dir -mllvm /home/ubuntu2004/527_final/tiny_ae_fixed_point_v1/myproject_prj/solution1/.autopilot/db -emit-llvm -c -target fpga64-xilinx-none -mllvm -xcl-xmlinfo=/home/ubuntu2004/527_final/tiny_ae_fixed_point_v1/myproject_prj/solution1/.autopilot/db/kernel.internal.xml -mllvm -top-io-mapping-info=/home/ubuntu2004/527_final/tiny_ae_fixed_point_v1/myproject_prj/solution1/.autopilot/db/top-io-fe.xml -mllvm -hls-bitcode-version=3.1 -mllvm -reflow-enable-slave-interface-default-setting=true -mllvm -gen-kernel-xml=false -mllvm -default-maxi-offset=slave -mllvm -maxi-latency=0 -mllvm -hls-maxi-data-size-in-bits=8 -mllvm -hls-maxi-max-data-size-in-bits=1024 -mllvm -hls-max-widen-size-in-bits=0 -mllvm -xcl-kernel-max-mem-ports=0 -mllvm -maxi-read-trans=16 -mllvm -maxi-write-trans=16 -mllvm -maxi-read-burst-len=16 -mllvm -maxi-write-burst-len=16 -mllvm -reflow-enable-saxi-64bits=0 -mllvm -reflow-basic-block-instr-threshold=200000 -mllvm -reflow-auto-pipeline-threshold=64 -mllvm -reflow-enable-maxi-auto-id-channel=0 -mllvm -enable-fp-thr=0 -mllvm -reflow-bdd-simplify-threshold=1024 -mllvm -reflow-fanout-threshold=16 -mllvm -assume-maxi-align=1 -mllvm -reflow-pipeline-style-llvm-setting=2 -mllvm -reflow-enable-dataflow-strict-mode-checking=1 -ftime-report -mllvm -time-passes -mllvm -reflow-auto-array-partition-mode=default -mllvm -reflow-enable-auto-array-partition=true -mllvm -reflow-enable-auto-parallel-performance-driven=true -mllvm -reflow-enable-partition-for-automation=true -mllvm -reflow-aggregate-bitwidth-threshold=4096 -mllvm -reflow-reserved-saxilite-registers=1024 -mllvm -reflow-assume-no-address-wrap=true -mllvm -reflow-enable-occurrence-inference=true -mllvm -hls -mllvm -disable-inlined-alloca-merging=true -mllvm -default-clock-period=5 -x ir /home/ubuntu2004/527_final/tiny_ae_fixed_point_v1/myproject_prj/solution1/.autopilot/db/a.g.ld.5.gdce.bc -o /home/ubuntu2004/527_final/tiny_ae_fixed_point_v1/myproject_prj/solution1/.autopilot/db/a.g.lto.bc -hls-platform-db-name=/tools/Xilinx/Vitis_HLS/2023.1/common/technology/xilinx/common/platform.db -hls-platform-name=zynq_slow -device-resource-info=BRAM_280.000000_DSP_220.000000_FF_106400.000000_LUT_53200.000000_SLICE_13300.000000_URAM_0.000000 -device-name-info=xc7z020clg400-1 2> /home/ubuntu2004/527_final/tiny_ae_fixed_point_v1/myproject_prj/solution1/.autopilot/db/a.g.ld.0.bc.clang.reflow.err.log
Execute         send_msg_by_id INFO @200-1995@%s%s%s 2,412 Compile/Link /home/ubuntu2004/527_final/tiny_ae_fixed_point_v1/myproject_prj/solution1/syn/report/csynth_design_size.rpt 
INFO: [HLS 200-1995] There were 2,412 instructions in the design after the 'Compile/Link' phase of compilation. See the Design Size Report for more details: /home/ubuntu2004/527_final/tiny_ae_fixed_point_v1/myproject_prj/solution1/syn/report/csynth_design_size.rpt
Execute         send_msg_by_id ERROR @200-1715@ 
ERROR: [HLS 200-1715] Encountered problem during source synthesis
INFO-FLOW: Error in clang_39: ERROR: problem extracting info from llvm diagnostic file: /home/ubuntu2004/527_final/tiny_ae_fixed_point_v1/myproject_prj/solution1/.autopilot/db/a.g.ld.0.bc.clang.reflow.diag.yml
line(11): Single quote '...' parsing error. end of quote is missing?
INFO-FLOW: Caught error in elaborate: Pre-synthesis failed.
    while executing
"AP::ap_link_39 [::AP::get_bc_list  $dbgInfo] $skip_transform $LLVMFlags $dbgInfo"
    (procedure "AP::compile_dut_files_39" line 58)
    invoked from within
"AP::compile_dut_files_39 $dut_files $dbgInfo $skip_cdt $skip_transform"
    (procedure "AP::compile" line 103)
    invoked from within
"AP::compile 1 $skip_cdt $skip_transform"
    (procedure "ap_internal_elaborate" line 83)
    invoked from within
"ap_internal_elaborate "
Command       elaborate done; error code: 2; 64.81 sec.
INFO-FLOW: Caught error in csynth_design: Pre-synthesis failed.
    while executing
"ap_internal_csynth_design "
Command     csynth_design done; error code: 2; 64.84 sec.
INFO: [HLS 200-111] Finished Command csynth_design CPU user time: 24.82 seconds. CPU system time: 33.6 seconds. Elapsed time: 64.84 seconds; current allocated memory: 3.586 MB.
Command   ap_source done; error code: 1; 65.88 sec.
Execute   cleanup_all 
