# 
# Steps log generated by v++
# This log file contains a collection of steps that describe the kernel compilation flow
# Note: Some steps are tagged as internal, these steps are for debugging purposes and 
#       are not expected to be able to run independently.
# 

# The following environment variables are set when running vitis-run
Environment variables :
------------------------------------------
ALLUSERSPROFILE=C:\ProgramData
APPDATA=C:\Users\li\AppData\Roaming
arr.length=0
arr.Ubound=-1
asl.log=Destination=file
CHARPOP=1
CMAKE_OBJECT_PATH_MAX=4096
CommonProgramFiles=C:\Program Files\Common Files
CommonProgramFiles(x86)=C:\Program Files (x86)\Common Files
CommonProgramW6432=C:\Program Files\Common Files
COMPUTERNAME=OLO
ComSpec=C:\WINDOWS\system32\cmd.exe
DriverData=C:\Windows\System32\Drivers\DriverData
EFC_8568_1592913036=1
HDI_APPROOT=C:/Xilinx/2025.1/Vitis
HDI_PROCESSOR=i686
HOMEDRIVE=C:
HOMEPATH=\Users\li
HW_SERVER_DJTG_DISABLE=1
HW_SERVER_FTDIMGR_DISABLE=1
IDE_SKIP_SERVER_LICENSE=1
INT_VARIABLE_NAME=XILINX_PATH
ISL_IOSTREAMS_RSA=C:/Xilinx/2025.1/Vitis/tps/isl
JAVA_EXE=C:/Xilinx/2025.1/Vitis\tps\win64\jre11.0.16_1\bin\java.exe
JAVA_HOME=C:/Xilinx/2025.1/Vitis\tps\win64\jre11.0.16_1
LC_NUMERIC=C
LOCALAPPDATA=C:\Users\li\AppData\Local
LOGONSERVER=\\OLO
LOPPER_DTC_FLAGS=-b 0 -@
NOSPLASH=false
NUMBER_OF_PROCESSORS=16
OneDrive=C:\Users\li\OneDrive
ORIGINAL_XDG_CURRENT_DESKTOP=undefined
OS=Windows_NT
PATH=C:/Xilinx/2025.1/Vivado/tps/win64/binutils-2.26/bin;C:/Xilinx/2025.1/Vitis/bin/../gnu/aarch64/nt/aarch64-linux/bin;C:/Xilinx/2025.1/Vitis/bin/../gnu/ppc64le/4.9.3/win64/bin;C:/Xilinx/2025.1/Vitis/bin/../gnu/aarch32/nt/gcc-arm-linux-gnueabi/bin;C:/Xilinx/2025.1/Vitis/tps/mingw/6.2.0/win64.o/nt/bin;C:/Xilinx/2025.1/Vivado\gnuwin\bin;C:/Xilinx/2025.1/Vivado\gnu\microblaze\nt\bin;C:/Xilinx/2025.1/Vitis/bin;C:/Xilinx/2025.1/Vitis\tps\win64;C:/Xilinx/2025.1/Vitis/tps/win64/java-cef-95.0.4638.69/bin/lib/win64;C:/Xilinx/2025.1/Vitis/tps/win64/javafx-sdk-11.0.2/lib;C:/Xilinx/2025.1/Vitis/tps/win64/javafx-sdk-11.0.2/bin;C:/Xilinx/2025.1/Vitis/lib/win64.o;C:/Xilinx/2025.1/Vitis/tps/win64/jre11.0.16_1/bin/server;C:/Xilinx/2025.1/Vitis/tps/win64/jre11.0.16_1/bin;C:/Xilinx/2025.1/Vitis\tps\win64\cmake-3.24.2\bin;C:/Xilinx/2025.1/Vitis\gnu\microblaze\nt\bin;C:/Xilinx/2025.1/Vitis\gnu\microblaze\linux_toolchain\nt64_le\bin;C:/Xilinx/2025.1/Vitis\gnu\aarch32\nt\gcc-arm-linux-gnueabi\bin;C:/Xilinx/2025.1/Vitis\gnu\aarch32\nt\gcc-arm-none-eabi\bin;C:/Xilinx/2025.1/Vitis\gnu\aarch64\nt\aarch64-linux\bin;C:/Xilinx/2025.1/Vitis\gnu\aarch64\nt\aarch64-none\bin;C:/Xilinx/2025.1/Vitis\gnu\armr5\nt\gcc-arm-none-eabi\bin;C:/Xilinx/2025.1/Vitis\gnuwin\bin;C:/Xilinx/2025.1/Vitis\tps\win64\python-3.13.0;C:/Xilinx/2025.1/Vitis\tps\win64\libxslt\bin;C:/Xilinx/2025.1/Vitis\gnu\arm\nt\bin;C:/Xilinx/2025.1/Vitis\gnu\microblaze\linux_toolchain\nt64_be\bin;C:/Xilinx/2025.1/Vitis\gnu\riscv\nt\riscv64-unknown-elf\bin;C:/Xilinx/2025.1/Vivado\tps\win64\python-3.13.0;C:/Xilinx/2025.1/Vivado\tps\win64\git-2.46.0\bin;C:/Xilinx/2025.1/Vivado\tps\win64\cmake-3.24.2\bin;C:/Xilinx/2025.1/Vitis/win64/tools/vcxx\libexec;C:/Xilinx/2025.1/Vivado\tps\win64\jre11.0.16_1\bin;C:/Xilinx/2025.1/Vivado\tps\win64\libxslt/bin;C:\Program Files (x86)\Common Files\Oracle\Java\javapath;C:\Windows\system32;C:\Windows;C:\Windows\System32\Wbem;C:\Windows\System32\WindowsPowerShell\v1.0\;C:\Windows\System32\OpenSSH\;C:\Program Files (x86)\NVIDIA Corporation\PhysX\Common;C:\Program Files\NVIDIA Corporation\NVIDIA NvDLISR;C:\Program Files\Docker\Docker\resources\bin;C:\Program Files\Git\cmd;C:\Program Files\dotnet\;C:\Program Files\PuTTY\;C:\Users\li\AppData\Local\Microsoft\WindowsApps;;C:\Users\li\.dotnet\tools;C:\Users\li\AppData\Local\Programs\Microsoft VS Code\bin;C:/Xilinx/2025.1/Vitis\tps\mingw\6.2.0\win64.o\nt\bin;C:/Xilinx/2025.1/Vitis\tps\mingw\6.2.0\win64.o\nt\libexec\gcc\x86_64-w64-mingw32\6.2.0
PATHEXT=.COM;.EXE;.BAT;.CMD;.VBS;.VBE;.JS;.JSE;.WSF;.WSH;.MSC
PROCESSOR_ARCHITECTURE=AMD64
PROCESSOR_IDENTIFIER=AMD64 Family 25 Model 80 Stepping 0, AuthenticAMD
PROCESSOR_LEVEL=25
PROCESSOR_REVISION=5000
PRODVERSION_EXE=C:/Xilinx/2025.1/Vitis/bin/unwrapped/win64.o/prodversion.exe
ProgramData=C:\ProgramData
ProgramFiles=C:\Program Files
ProgramFiles(x86)=C:\Program Files (x86)
ProgramW6432=C:\Program Files
PROMPT=$P$G
PSModulePath=C:\Program Files\WindowsPowerShell\Modules;C:\WINDOWS\system32\WindowsPowerShell\v1.0\Modules
PUBLIC=C:\Users\Public
PYTHONPATH=C:/Xilinx/2025.1/Vitis\cli;C:/Xilinx/2025.1/Vitis\cli\python-packages\win64;C:/Xilinx/2025.1/Vitis\cli\python-packages\site-packages;C:/Xilinx/2025.1/Vitis\cli\proto;C:/Xilinx/2025.1/Vitis\scripts\python_pkg;
python_path=C:/Xilinx/2025.1/Vitis\cli;C:/Xilinx/2025.1/Vitis\cli\python-packages\win64;C:/Xilinx/2025.1/Vitis\cli\python-packages\site-packages;C:/Xilinx/2025.1/Vitis\cli\proto;C:/Xilinx/2025.1/Vitis\scripts\python_pkg;
QSYS_ROOTDIR=C:\intelFPGA_lite\18.1\quartus\sopc_builder\bin
QUARTUS_ROOTDIR=C:\intelFPGA_lite\18.1\quartus
RDI_APPROOT=C:/Xilinx/2025.1/Vitis
RDI_ARGS= --mode hls --csim --config D:\ece527\fp_vitis\hls_component\hls_config.cfg --work_dir hls_component
RDI_ARGS_FUNCTION=RDI_EXEC_DEFAULT
RDI_BASEROOT=C:/Xilinx/2025.1
RDI_BINDIR=C:/Xilinx/2025.1/Vitis/bin
RDI_BINROOT=C:/Xilinx/2025.1/Vitis/bin
RDI_BUILD=yes
RDI_CHECK_PROG=True
RDI_DATADIR=C:/Xilinx/2025.1/Vitis/data
RDI_INSTALLROOT=C:/Xilinx
RDI_INSTALLVER=Vitis
RDI_INSTALLVERSION=2025.1
RDI_JAVACEFROOT=C:/Xilinx/2025.1/Vitis/tps/win64/java-cef-95.0.4638.69
RDI_JAVAFXROOT=C:/Xilinx/2025.1/Vitis/tps/win64/javafx-sdk-11.0.2
RDI_JAVAROOT=C:/Xilinx/2025.1/Vitis/tps/win64/jre11.0.16_1
RDI_JAVA_VERSION=11.0.16_1
RDI_LIBDIR=C:/Xilinx/2025.1/Vitis/lib/win64.o
RDI_MINGW_LIB=C:/Xilinx/2025.1/Vitis\tps\mingw\6.2.0\win64.o\nt\bin;C:/Xilinx/2025.1/Vitis\tps\mingw\6.2.0\win64.o\nt\libexec\gcc\x86_64-w64-mingw32\6.2.0
RDI_OPT_EXT=.o
RDI_OS_ARCH=64
RDI_PLATFORM=win64
RDI_PREPEND_PATH=C:/Xilinx/2025.1/Vitis/bin
RDI_PROG=C:/Xilinx/2025.1/Vitis/bin/unwrapped/win64.o/vitis-run.exe
RDI_PROGNAME=vitis-run.exe
RDI_SESSION_INFO=C:\Xilinx\2025.1\Vitis\bin:OLO-Wed12-10-2025_20-53-56.52
RDI_SHARED_DATA=C:/Xilinx/SharedData/2025.1/data
RDI_TEMPINSTALL=C:\Xilinx\2025.1
RDI_TPS_ROOT=C:/Xilinx/2025.1/Vivado/tps/win64
RDI_USE_JDK11=1
RDI_VERBOSE=False
RT_LIBPATH=C:/Xilinx/2025.1/Vitis/scripts/rt/data
RT_TCL_PATH=C:/Xilinx/2025.1/Vitis/scripts/rt/base_tcl/tcl
SESSIONNAME=Console
session_string=D:\ece527\fp_vitis\hls_component:OLO-Wed12-10-2025_21-36-17.13
SOPC_KIT_NIOS2=C:\intelFPGA_lite\18.1\nios2eds
supports_classic_ide=true
SYNTH_COMMON=C:/Xilinx/2025.1/Vitis/scripts/rt/data
SystemDrive=C:
SystemRoot=C:\WINDOWS
TCL_LIBRARY=C:/Xilinx/2025.1/Vitis/tps/tcl/tcl8.6
TCMALLOC_LARGE_ALLOC_REPORT_THRESHOLD=4294967296
TEMP=C:\Users\li\AppData\Local\Temp
THEIA_APP_PROJECT_PATH=C:\Xilinx\2025.1\Vitis\ide\electron-app\win64\resources\app
THEIA_CONFIG_DIR=C:\Users\li\.theia
THEIA_DEFAULT_PLUGINS=local-dir:C:\Xilinx\2025.1\Vitis\ide\electron-app\win64\resources\app\plugins
THEIA_ELECTRON_TOKEN={"value":"c7c0b5cc-b3c7-4c45-ae5b-bc5ededf0828"}
THEIA_ELECTRON_VERSION=30.1.2
THEIA_PLUGINS=local-dir:C:\Users\li\.theia\plugins
TMP=C:\Users\li\AppData\Local\Temp
tooldir=tps\win64\git-2.46.0
TOOLS_CLANGD=C:/Xilinx/2025.1/Vitis/win64/tools/vcxx\libexec
TPS_CMAKE=C:/Xilinx/2025.1/Vivado\tps\win64\cmake-3.24.2
TPS_GIT=C:/Xilinx/2025.1/Vivado\tps\win64\git-2.46.0
TPS_LIBXSLT=C:/Xilinx/2025.1/Vivado\tps\win64\libxslt
TPS_PYTHON=C:/Xilinx/2025.1/Vivado\tps\win64\python-3.13.0
USERDOMAIN=OLO
USERDOMAIN_ROAMINGPROFILE=OLO
USERNAME=li
USERPROFILE=C:\Users\li
VALIDATE_ARGS="False"
VITISNEW=true
VSCODE_API_VERSION=1.95.3
windir=C:\WINDOWS
XILINX_HLS=C:/Xilinx/2025.1/Vitis
XILINX_PLANAHEAD=C:/Xilinx/2025.1/Vitis
XILINX_SDK=C:/Xilinx/2025.1/Vitis
XILINX_VCXX=C:/Xilinx/2025.1/Vitis/win64/tools/vcxx
XILINX_VERSION_DEFAULT=2025.1
XILINX_VERSION_VITIS=2025.1
XILINX_VITIS=C:/Xilinx/2025.1/Vitis
XILINX_VITIS_GIT=C:/Xilinx/2025.1/Vivado\tps\win64\git-2.46.0\bin
XILINX_VITIS_VERSION=Vitis v2025.1 (64-bit)
XILINX_VIVADO=C:/Xilinx/2025.1/Vivado
XIL_CHECK_TCL_DEBUG=False
XIL_NO_OVERRIDE=0
XIL_SUPPRESS_OVERRIDE_WARNINGS=1
XVREDIST=C:/Xilinx/2025.1/Vitis\tps\win64\xvcredist.exe
_RDI_BINROOT=C:\Xilinx\2025.1\Vitis\bin
_RDI_CWD=D:\ece527\fp_vitis\hls_component
_RDI_DONT_SET_XILINX_AS_PATH=True
_RDI_VERSION_PROG=vitis-run
_valid=False
XILINX_CD_CONNECT_ID=52435
XILINX_CD_SESSION=3d1eebcd-2285-43c6-b46a-36de85deba17


VITIS-RUN command line:
------------------------------------------
C:/Xilinx/2025.1/Vitis/bin/unwrapped/win64.o/vitis-run.exe --mode hls --csim --config D:\ece527\fp_vitis\hls_component\hls_config.cfg --work_dir hls_component 

FINAL PROGRAM OPTIONS
--config D:\ece527\fp_vitis\hls_component\hls_config.cfg
--csim
--hls.flow_target vivado
--hls.package.output.format ip_catalog
--hls.package.output.syn false
--hls.syn.file autoencoder.cpp
--hls.syn.file autoencoder.h
--hls.tb.file testbench.cpp
--mode hls
--part xc7z020clg400-1
--work_dir hls_component

PARSED COMMAND LINE OPTIONS
--mode hls 
--csim 
--config D:\ece527\fp_vitis\hls_component\hls_config.cfg 
--work_dir hls_component 

PARSED CONFIG FILE (1) OPTIONS
file: D:\ece527\fp_vitis\hls_component\hls_config.cfg
part xc7z020clg400-1 
hls.flow_target vivado 
hls.package.output.format ip_catalog 
hls.package.output.syn false 
hls.syn.file autoencoder.cpp 
hls.syn.file autoencoder.h 
hls.tb.file testbench.cpp 


==========================================
new:  steps log generated by v++ for new launch 
timestamp: 10 Dec 2025 21:36:22

------------------------------------------
VITIS-RUN command line :
------------------------------------------
C:/Xilinx/2025.1/Vitis/bin/unwrapped/win64.o/vitis-run.exe --mode hls --csim --config D:\ece527\fp_vitis\hls_component\hls_config.cfg --work_dir hls_component 
  Options from -O    : 
  Options from *.ini : 
  Options from Hw Platform : 

==========================================
new:  steps log generated by v++ for new launch 
timestamp: 10 Dec 2025 21:38:19

------------------------------------------
V++ command line :
------------------------------------------
C:/Xilinx/2025.1/Vitis/bin/unwrapped/win64.o/v++.exe -c --mode hls --config D:\ece527\fp_vitis\hls_component\hls_config.cfg --work_dir hls_component 
  Options from -O    : 
  Options from *.ini : 
  Options from Hw Platform : 

==========================================
new:  steps log generated by v++ for new launch 
timestamp: 10 Dec 2025 22:17:29

------------------------------------------
VITIS-RUN command line :
------------------------------------------
C:/Xilinx/2025.1/Vitis/bin/unwrapped/win64.o/vitis-run.exe --mode hls --csim --config D:\ece527\fp_vitis\hls_component\hls_config.cfg --work_dir hls_component 
  Options from -O    : 
  Options from *.ini : 
  Options from Hw Platform : 

==========================================
new:  steps log generated by v++ for new launch 
timestamp: 10 Dec 2025 22:24:34

------------------------------------------
VITIS-RUN command line :
------------------------------------------
C:/Xilinx/2025.1/Vitis/bin/unwrapped/win64.o/vitis-run.exe --mode hls --csim --config D:\ece527\fp_vitis\hls_component\hls_config.cfg --work_dir hls_component 
  Options from -O    : 
  Options from *.ini : 
  Options from Hw Platform : 

==========================================
new:  steps log generated by v++ for new launch 
timestamp: 10 Dec 2025 22:25:44

------------------------------------------
VITIS-RUN command line :
------------------------------------------
C:/Xilinx/2025.1/Vitis/bin/unwrapped/win64.o/vitis-run.exe --mode hls --csim --config D:\ece527\fp_vitis\hls_component\hls_config.cfg --work_dir hls_component 
  Options from -O    : 
  Options from *.ini : 
  Options from Hw Platform : 

==========================================
new:  steps log generated by v++ for new launch 
timestamp: 10 Dec 2025 22:47:16

------------------------------------------
VITIS-RUN command line :
------------------------------------------
C:/Xilinx/2025.1/Vitis/bin/unwrapped/win64.o/vitis-run.exe --mode hls --csim --config D:\ece527\fp_vitis\hls_component\hls_config.cfg --work_dir hls_component 
  Options from -O    : 
  Options from *.ini : 
  Options from Hw Platform : 

==========================================
new:  steps log generated by v++ for new launch 
timestamp: 10 Dec 2025 22:49:23

------------------------------------------
VITIS-RUN command line :
------------------------------------------
C:/Xilinx/2025.1/Vitis/bin/unwrapped/win64.o/vitis-run.exe --mode hls --csim --config D:\ece527\fp_vitis\hls_component\hls_config.cfg --work_dir hls_component 
  Options from -O    : 
  Options from *.ini : 
  Options from Hw Platform : 

==========================================
new:  steps log generated by v++ for new launch 
timestamp: 10 Dec 2025 23:08:37

------------------------------------------
VITIS-RUN command line :
------------------------------------------
C:/Xilinx/2025.1/Vitis/bin/unwrapped/win64.o/vitis-run.exe --mode hls --csim --config D:\ece527\fp_vitis\hls_component\hls_config.cfg --work_dir hls_component 
  Options from -O    : 
  Options from *.ini : 
  Options from Hw Platform : 

==========================================
new:  steps log generated by v++ for new launch 
timestamp: 10 Dec 2025 23:08:54

------------------------------------------
V++ command line :
------------------------------------------
C:/Xilinx/2025.1/Vitis/bin/unwrapped/win64.o/v++.exe -c --mode hls --config D:\ece527\fp_vitis\hls_component\hls_config.cfg --work_dir hls_component 
  Options from -O    : 
  Options from *.ini : 
  Options from Hw Platform : 

==========================================
new:  steps log generated by v++ for new launch 
timestamp: 10 Dec 2025 23:09:47

------------------------------------------
VITIS-RUN command line :
------------------------------------------
C:/Xilinx/2025.1/Vitis/bin/unwrapped/win64.o/vitis-run.exe --mode hls --csim --config D:\ece527\fp_vitis\hls_component\hls_config.cfg --work_dir hls_component 
  Options from -O    : 
  Options from *.ini : 
  Options from Hw Platform : 

==========================================
new:  steps log generated by v++ for new launch 
timestamp: 10 Dec 2025 23:14:54

------------------------------------------
VITIS-RUN command line :
------------------------------------------
C:/Xilinx/2025.1/Vitis/bin/unwrapped/win64.o/vitis-run.exe --mode hls --csim --config D:\ece527\fp_vitis\hls_component\hls_config.cfg --work_dir hls_component 
  Options from -O    : 
  Options from *.ini : 
  Options from Hw Platform : 

==========================================
new:  steps log generated by v++ for new launch 
timestamp: 10 Dec 2025 23:16:47

------------------------------------------
V++ command line :
------------------------------------------
C:/Xilinx/2025.1/Vitis/bin/unwrapped/win64.o/v++.exe -c --mode hls --config D:\ece527\fp_vitis\hls_component\hls_config.cfg --work_dir hls_component 
  Options from -O    : 
  Options from *.ini : 
  Options from Hw Platform : 

==========================================
new:  steps log generated by v++ for new launch 
timestamp: 10 Dec 2025 23:18:22

------------------------------------------
VITIS-RUN command line :
------------------------------------------
C:/Xilinx/2025.1/Vitis/bin/unwrapped/win64.o/vitis-run.exe --mode hls --csim --config D:\ece527\fp_vitis\hls_component\hls_component\hls-debug.cfg --config D:\ece527\fp_vitis\hls_component\hls_config.cfg --work_dir hls_component 
  Options from -O    : 
  Options from *.ini : 
  Options from Hw Platform : 

==========================================
new:  steps log generated by v++ for new launch 
timestamp: 11 Dec 2025 21:58:32

------------------------------------------
VITIS-RUN command line :
------------------------------------------
C:/Xilinx/2025.1/Vitis/bin/unwrapped/win64.o/vitis-run.exe --mode hls --csim --config D:\ece527\fp_vitis\hls_component\hls_config.cfg --work_dir hls_component 
  Options from -O    : 
  Options from *.ini : 
  Options from Hw Platform : 

==========================================
new:  steps log generated by v++ for new launch 
timestamp: 11 Dec 2025 21:58:33

------------------------------------------
VITIS-RUN command line :
------------------------------------------
C:/Xilinx/2025.1/Vitis/bin/unwrapped/win64.o/vitis-run.exe --mode hls --csim --config D:\ece527\fp_vitis\hls_component\hls_config.cfg --work_dir hls_component 
  Options from -O    : 
  Options from *.ini : 
  Options from Hw Platform : 

==========================================
new:  steps log generated by v++ for new launch 
timestamp: 11 Dec 2025 21:59:27

------------------------------------------
V++ command line :
------------------------------------------
C:/Xilinx/2025.1/Vitis/bin/unwrapped/win64.o/v++.exe -c --mode hls --config D:\ece527\fp_vitis\hls_component\hls_config.cfg --work_dir hls_component 
  Options from -O    : 
  Options from *.ini : 
  Options from Hw Platform : 

==========================================
new:  steps log generated by v++ for new launch 
timestamp: 11 Dec 2025 21:59:42

------------------------------------------
VITIS-RUN command line :
------------------------------------------
C:/Xilinx/2025.1/Vitis/bin/unwrapped/win64.o/vitis-run.exe --mode hls --csim --config D:\ece527\fp_vitis\hls_component\hls_config.cfg --work_dir hls_component 
  Options from -O    : 
  Options from *.ini : 
  Options from Hw Platform : 

==========================================
new:  steps log generated by v++ for new launch 
timestamp: 11 Dec 2025 22:16:04

------------------------------------------
V++ command line :
------------------------------------------
C:/Xilinx/2025.1/Vitis/bin/unwrapped/win64.o/v++.exe -c --mode hls --config D:\ece527\fp_vitis\hls_component\hls_config.cfg --work_dir hls_component 
  Options from -O    : 
  Options from *.ini : 
  Options from Hw Platform : 

==========================================
new:  steps log generated by v++ for new launch 
timestamp: 11 Dec 2025 22:16:57

------------------------------------------
VITIS-RUN command line :
------------------------------------------
C:/Xilinx/2025.1/Vitis/bin/unwrapped/win64.o/vitis-run.exe --mode hls --csim --config D:\ece527\fp_vitis\hls_component\hls_config.cfg --work_dir hls_component 
  Options from -O    : 
  Options from *.ini : 
  Options from Hw Platform : 

==========================================
new:  steps log generated by v++ for new launch 
timestamp: 11 Dec 2025 22:38:37

------------------------------------------
V++ command line :
------------------------------------------
C:/Xilinx/2025.1/Vitis/bin/unwrapped/win64.o/v++.exe -c --mode hls --config D:\ece527\fp_vitis\hls_component\hls_config.cfg --work_dir hls_component 
  Options from -O    : 
  Options from *.ini : 
  Options from Hw Platform : 

==========================================
new:  steps log generated by v++ for new launch 
timestamp: 11 Dec 2025 22:40:43

------------------------------------------
VITIS-RUN command line :
------------------------------------------
C:/Xilinx/2025.1/Vitis/bin/unwrapped/win64.o/vitis-run.exe --mode hls --csim --config D:\ece527\fp_vitis\hls_component\hls_config.cfg --work_dir hls_component 
  Options from -O    : 
  Options from *.ini : 
  Options from Hw Platform : 

==========================================
new:  steps log generated by v++ for new launch 
timestamp: 11 Dec 2025 22:58:55

------------------------------------------
V++ command line :
------------------------------------------
C:/Xilinx/2025.1/Vitis/bin/unwrapped/win64.o/v++.exe -c --mode hls --config D:\ece527\fp_vitis\hls_component\hls_config.cfg --work_dir hls_component 
  Options from -O    : 
  Options from *.ini : 
  Options from Hw Platform : 

==========================================
new:  steps log generated by v++ for new launch 
timestamp: 11 Dec 2025 22:59:24

------------------------------------------
VITIS-RUN command line :
------------------------------------------
C:/Xilinx/2025.1/Vitis/bin/unwrapped/win64.o/vitis-run.exe --mode hls --csim --config D:\ece527\fp_vitis\hls_component\hls_config.cfg --work_dir hls_component 
  Options from -O    : 
  Options from *.ini : 
  Options from Hw Platform : 

==========================================
new:  steps log generated by v++ for new launch 
timestamp: 11 Dec 2025 23:06:06

------------------------------------------
V++ command line :
------------------------------------------
C:/Xilinx/2025.1/Vitis/bin/unwrapped/win64.o/v++.exe -c --mode hls --config D:\ece527\fp_vitis\hls_component\hls_config.cfg --work_dir hls_component 
  Options from -O    : 
  Options from *.ini : 
  Options from Hw Platform : 

==========================================
new:  steps log generated by v++ for new launch 
timestamp: 11 Dec 2025 23:06:41

------------------------------------------
VITIS-RUN command line :
------------------------------------------
D:/xilinx/2025.1/Vitis/bin/unwrapped/win64.o/vitis-run.exe --mode hls --csim --config D:\xilinx\Project\fp_vitis\fp_vitis\hls_component\hls_config.cfg --work_dir hls_component 
  Options from -O    : 
  Options from *.ini : 
  Options from Hw Platform : 

==========================================
new:  steps log generated by v++ for new launch 
timestamp: 11 Dec 2025 23:20:23

------------------------------------------
V++ command line :
------------------------------------------
D:/xilinx/2025.1/Vitis/bin/unwrapped/win64.o/v++.exe -c --mode hls --config D:\xilinx\Project\fp_vitis\fp_vitis\hls_component\hls_config.cfg --work_dir hls_component 
  Options from -O    : 
  Options from *.ini : 
  Options from Hw Platform : 

==========================================
new:  steps log generated by v++ for new launch 
timestamp: 11 Dec 2025 23:20:53

------------------------------------------
VITIS-RUN command line :
------------------------------------------
D:/xilinx/2025.1/Vitis/bin/unwrapped/win64.o/vitis-run.exe --mode hls --csim --config D:\xilinx\Project\fp_vitis\fp_vitis\hls_component\hls_config.cfg --work_dir hls_component 
  Options from -O    : 
  Options from *.ini : 
  Options from Hw Platform : 

==========================================
new:  steps log generated by v++ for new launch 
timestamp: 11 Dec 2025 23:24:12

------------------------------------------
V++ command line :
------------------------------------------
D:/xilinx/2025.1/Vitis/bin/unwrapped/win64.o/v++.exe -c --mode hls --config D:\xilinx\Project\fp_vitis\fp_vitis\hls_component\hls_config.cfg --work_dir hls_component 
  Options from -O    : 
  Options from *.ini : 
  Options from Hw Platform : 

==========================================
new:  steps log generated by v++ for new launch 
timestamp: 11 Dec 2025 23:24:32

------------------------------------------
VITIS-RUN command line :
------------------------------------------
D:/xilinx/2025.1/Vitis/bin/unwrapped/win64.o/vitis-run.exe --mode hls --csim --config D:\xilinx\Project\fp_vitis\fp_vitis\hls_component\hls_config.cfg --work_dir hls_component 
  Options from -O    : 
  Options from *.ini : 
  Options from Hw Platform : 

==========================================
new:  steps log generated by v++ for new launch 
timestamp: 11 Dec 2025 23:30:01

------------------------------------------
V++ command line :
------------------------------------------
D:/xilinx/2025.1/Vitis/bin/unwrapped/win64.o/v++.exe -c --mode hls --config D:\xilinx\Project\fp_vitis\fp_vitis\hls_component\hls_config.cfg --work_dir hls_component 
  Options from -O    : 
  Options from *.ini : 
  Options from Hw Platform : 

==========================================
new:  steps log generated by v++ for new launch 
timestamp: 11 Dec 2025 23:30:27

------------------------------------------
V++ command line :
------------------------------------------
D:/xilinx/2025.1/Vitis/bin/unwrapped/win64.o/v++.exe -c --mode hls --config D:\xilinx\Project\fp_vitis\fp_vitis\hls_component\hls_config.cfg --work_dir hls_component 
  Options from -O    : 
  Options from *.ini : 
  Options from Hw Platform : 

==========================================
new:  steps log generated by v++ for new launch 
timestamp: 11 Dec 2025 23:40:24

------------------------------------------
V++ command line :
------------------------------------------
D:/xilinx/2025.1/Vitis/bin/unwrapped/win64.o/v++.exe -c --mode hls --config D:\xilinx\Project\fp_vitis\fp_vitis\hls_component\hls_config.cfg --work_dir hls_component 
  Options from -O    : 
  Options from *.ini : 
  Options from Hw Platform : 

==========================================
new:  steps log generated by v++ for new launch 
timestamp: 11 Dec 2025 23:44:16

------------------------------------------
V++ command line :
------------------------------------------
D:/xilinx/2025.1/Vitis/bin/unwrapped/win64.o/v++.exe -c --mode hls --config D:\xilinx\Project\fp_vitis\fp_vitis\hls_component\hls_config.cfg --work_dir hls_component 
  Options from -O    : 
  Options from *.ini : 
  Options from Hw Platform : 

==========================================
new:  steps log generated by v++ for new launch 
timestamp: 11 Dec 2025 23:51:52

------------------------------------------
V++ command line :
------------------------------------------
D:/xilinx/2025.1/Vitis/bin/unwrapped/win64.o/v++.exe -c --mode hls --config D:\xilinx\Project\fp_vitis\fp_vitis\hls_component\hls_config.cfg --work_dir hls_component 
  Options from -O    : 
  Options from *.ini : 
  Options from Hw Platform : 

==========================================
new:  steps log generated by v++ for new launch 
timestamp: 11 Dec 2025 23:57:05

------------------------------------------
V++ command line :
------------------------------------------
D:/xilinx/2025.1/Vitis/bin/unwrapped/win64.o/v++.exe -c --mode hls --config D:\xilinx\Project\fp_vitis\fp_vitis\hls_component\hls_config.cfg --work_dir hls_component 
  Options from -O    : 
  Options from *.ini : 
  Options from Hw Platform : 

==========================================
new:  steps log generated by v++ for new launch 
timestamp: 12 Dec 2025 00:01:52

------------------------------------------
V++ command line :
------------------------------------------
D:/xilinx/2025.1/Vitis/bin/unwrapped/win64.o/v++.exe -c --mode hls --config D:\xilinx\Project\fp_vitis\fp_vitis\hls_component\hls_config.cfg --work_dir hls_component 
  Options from -O    : 
  Options from *.ini : 
  Options from Hw Platform : 

==========================================
new:  steps log generated by v++ for new launch 
timestamp: 14 Dec 2025 15:22:11

------------------------------------------
VITIS-RUN command line :
------------------------------------------
D:/xilinx/2025.1/Vitis/bin/unwrapped/win64.o/vitis-run.exe --mode hls --csim --config D:\xilinx\Project\fp_vitis\fp_vitis\hls_component\hls_config.cfg --work_dir hls_component 
  Options from -O    : 
  Options from *.ini : 
  Options from Hw Platform : 

==========================================
new:  steps log generated by v++ for new launch 
timestamp: 14 Dec 2025 15:25:13

------------------------------------------
V++ command line :
------------------------------------------
D:/xilinx/2025.1/Vitis/bin/unwrapped/win64.o/v++.exe -c --mode hls --config D:\xilinx\Project\fp_vitis\fp_vitis\hls_component\hls_config.cfg --work_dir hls_component 
  Options from -O    : 
  Options from *.ini : 
  Options from Hw Platform : 

==========================================
new:  steps log generated by v++ for new launch 
timestamp: 14 Dec 2025 15:25:33

------------------------------------------
VITIS-RUN command line :
------------------------------------------
D:/xilinx/2025.1/Vitis/bin/unwrapped/win64.o/vitis-run.exe --mode hls --cosim --config D:\xilinx\Project\fp_vitis\fp_vitis\hls_component\hls_config.cfg --work_dir hls_component 
  Options from -O    : 
  Options from *.ini : 
  Options from Hw Platform : 

==========================================
new:  steps log generated by v++ for new launch 
timestamp: 14 Dec 2025 15:27:08

------------------------------------------
V++ command line :
------------------------------------------
D:/xilinx/2025.1/Vitis/bin/unwrapped/win64.o/v++.exe -c --mode hls --config D:\xilinx\Project\fp_vitis\fp_vitis\hls_component\hls_config.cfg --work_dir hls_component 
  Options from -O    : 
  Options from *.ini : 
  Options from Hw Platform : 

==========================================
new:  steps log generated by v++ for new launch 
timestamp: 14 Dec 2025 15:59:30

------------------------------------------
V++ command line :
------------------------------------------
D:/xilinx/2025.1/Vitis/bin/unwrapped/win64.o/v++.exe -c --mode hls --config D:\xilinx\Project\fp_vitis\fp_vitis\hls_component\hls_config.cfg --work_dir hls_component 
  Options from -O    : 
  Options from *.ini : 
  Options from Hw Platform : 

==========================================
new:  steps log generated by v++ for new launch 
timestamp: 14 Dec 2025 16:07:58

------------------------------------------
V++ command line :
------------------------------------------
D:/xilinx/2025.1/Vitis/bin/unwrapped/win64.o/v++.exe -c --mode hls --config D:\xilinx\Project\fp_vitis\fp_vitis\hls_component\hls_config.cfg --work_dir hls_component 
  Options from -O    : 
  Options from *.ini : 
  Options from Hw Platform : 

==========================================
new:  steps log generated by v++ for new launch 
timestamp: 14 Dec 2025 16:09:29

------------------------------------------
V++ command line :
------------------------------------------
D:/xilinx/2025.1/Vitis/bin/unwrapped/win64.o/v++.exe -c --mode hls --config D:\xilinx\Project\fp_vitis\fp_vitis\hls_component\hls_config.cfg --work_dir hls_component 
  Options from -O    : 
  Options from *.ini : 
  Options from Hw Platform : 

==========================================
new:  steps log generated by v++ for new launch 
timestamp: 14 Dec 2025 16:13:46

------------------------------------------
V++ command line :
------------------------------------------
D:/xilinx/2025.1/Vitis/bin/unwrapped/win64.o/v++.exe -c --mode hls --config D:\xilinx\Project\fp_vitis\fp_vitis\hls_component\hls_config.cfg --work_dir hls_component 
  Options from -O    : 
  Options from *.ini : 
  Options from Hw Platform : 

==========================================
new:  steps log generated by v++ for new launch 
timestamp: 14 Dec 2025 16:19:55

------------------------------------------
V++ command line :
------------------------------------------
D:/xilinx/2025.1/Vitis/bin/unwrapped/win64.o/v++.exe -c --mode hls --config D:\xilinx\Project\fp_vitis\fp_vitis\hls_component\hls_config.cfg --work_dir hls_component 
  Options from -O    : 
  Options from *.ini : 
  Options from Hw Platform : 

==========================================
new:  steps log generated by v++ for new launch 
timestamp: 14 Dec 2025 16:23:42

------------------------------------------
V++ command line :
------------------------------------------
D:/xilinx/2025.1/Vitis/bin/unwrapped/win64.o/v++.exe -c --mode hls --config D:\xilinx\Project\fp_vitis\fp_vitis\hls_component\hls_config.cfg --work_dir hls_component 
  Options from -O    : 
  Options from *.ini : 
  Options from Hw Platform : 

==========================================
new:  steps log generated by v++ for new launch 
timestamp: 14 Dec 2025 16:45:10

------------------------------------------
V++ command line :
------------------------------------------
D:/xilinx/2025.1/Vitis/bin/unwrapped/win64.o/v++.exe -c --mode hls --config D:\xilinx\Project\fp_vitis\fp_vitis\hls_component\hls_config.cfg --work_dir hls_component 
  Options from -O    : 
  Options from *.ini : 
  Options from Hw Platform : 

==========================================
new:  steps log generated by v++ for new launch 
timestamp: 14 Dec 2025 16:58:54

------------------------------------------
V++ command line :
------------------------------------------
D:/xilinx/2025.1/Vitis/bin/unwrapped/win64.o/v++.exe -c --mode hls --config D:\xilinx\Project\fp_vitis\fp_vitis\hls_component\hls_config.cfg --work_dir hls_component 
  Options from -O    : 
  Options from *.ini : 
  Options from Hw Platform : 

==========================================
new:  steps log generated by v++ for new launch 
timestamp: 14 Dec 2025 17:04:52

------------------------------------------
V++ command line :
------------------------------------------
D:/xilinx/2025.1/Vitis/bin/unwrapped/win64.o/v++.exe -c --mode hls --config D:\xilinx\Project\fp_vitis\fp_vitis\hls_component\hls_config.cfg --work_dir hls_component 
  Options from -O    : 
  Options from *.ini : 
  Options from Hw Platform : 

==========================================
new:  steps log generated by v++ for new launch 
timestamp: 14 Dec 2025 17:09:53

------------------------------------------
V++ command line :
------------------------------------------
D:/xilinx/2025.1/Vitis/bin/unwrapped/win64.o/v++.exe -c --mode hls --config D:\xilinx\Project\fp_vitis\fp_vitis\hls_component\hls_config.cfg --work_dir hls_component 
  Options from -O    : 
  Options from *.ini : 
  Options from Hw Platform : 

==========================================
new:  steps log generated by v++ for new launch 
timestamp: 14 Dec 2025 17:15:35

------------------------------------------
VITIS-RUN command line :
------------------------------------------
D:/xilinx/2025.1/Vitis/bin/unwrapped/win64.o/vitis-run.exe --mode hls --csim --config D:\xilinx\Project\fp_vitis\fp_vitis\hls_component\hls_config.cfg --work_dir hls_component 
  Options from -O    : 
  Options from *.ini : 
  Options from Hw Platform : 

==========================================
new:  steps log generated by v++ for new launch 
timestamp: 14 Dec 2025 17:17:19

------------------------------------------
VITIS-RUN command line :
------------------------------------------
D:/xilinx/2025.1/Vitis/bin/unwrapped/win64.o/vitis-run.exe --mode hls --impl --config D:\xilinx\Project\fp_vitis\fp_vitis\hls_component\hls_config.cfg --work_dir hls_component 
  Options from -O    : 
  Options from *.ini : 
  Options from Hw Platform : 

==========================================
new:  steps log generated by v++ for new launch 
timestamp: 15 Dec 2025 00:45:11
