  **** HLS Build v2025.1 6135595
INFO: [HLS 200-2005] Using work_dir D:/ece527/fp_vitis/hls_component/hls_component 
INFO: [HLS 200-2176] Writing Vitis IDE component file D:/ece527/fp_vitis/hls_component/hls_component/vitis-comp.json
INFO: [HLS 200-10] Creating and opening component 'D:/ece527/fp_vitis/hls_component/hls_component'.
INFO: [HLS 200-1505] Using default flow_target 'vivado'
Resolution: For help on HLS 200-1505 see docs.xilinx.com/access/sources/dita/topic?Doc_Version=2025.1%20English&url=ug1448-hls-guidance&resourceid=200-1505.html
INFO: [HLS 200-2174] Applying component config ini file D:/ece527/fp_vitis/hls_component/hls_config.cfg
INFO: [HLS 200-1465] Applying config ini 'syn.file=autoencoder.cpp' from D:/ece527/fp_vitis/hls_component/hls_config.cfg(7)
INFO: [HLS 200-10] Adding design file 'D:/ece527/fp_vitis/hls_component/autoencoder.cpp' to the project
INFO: [HLS 200-1465] Applying config ini 'syn.file=autoencoder.h' from D:/ece527/fp_vitis/hls_component/hls_config.cfg(8)
INFO: [HLS 200-10] Adding design file 'D:/ece527/fp_vitis/hls_component/autoencoder.h' to the project
INFO: [HLS 200-1465] Applying config ini 'tb.file=testbench.cpp' from D:/ece527/fp_vitis/hls_component/hls_config.cfg(10)
INFO: [HLS 200-10] Adding test bench file 'D:/ece527/fp_vitis/hls_component/testbench.cpp' to the project
INFO: [HLS 200-1465] Applying config ini 'tb.file=data.h' from D:/ece527/fp_vitis/hls_component/hls_config.cfg(11)
INFO: [HLS 200-10] Adding test bench file 'D:/ece527/fp_vitis/hls_component/data.h' to the project
INFO: [HLS 200-1465] Applying config ini 'syn.top=tiny_autoencoder' from D:/ece527/fp_vitis/hls_component/hls_config.cfg(9)
INFO: [HLS 200-1465] Applying config ini 'flow_target=vivado' from D:/ece527/fp_vitis/hls_component/hls_config.cfg(4)
INFO: [HLS 200-1505] Using flow_target 'vivado'
Resolution: For help on HLS 200-1505 see docs.xilinx.com/access/sources/dita/topic?Doc_Version=2025.1%20English&url=ug1448-hls-guidance&resourceid=200-1505.html
INFO: [HLS 200-1465] Applying config ini 'part=xc7z020clg400-1' from D:/ece527/fp_vitis/hls_component/hls_config.cfg(1)
INFO: [HLS 200-1611] Setting target device to 'xc7z020-clg400-1'
INFO: [HLS 200-1465] Applying config ini 'package.output.format=ip_catalog' from D:/ece527/fp_vitis/hls_component/hls_config.cfg(5)
INFO: [HLS 200-2176] Writing Vitis IDE component file D:/ece527/fp_vitis/hls_component/hls_component/vitis-comp.json
INFO: [SIM 211-2] *************** CSIM start ***************
INFO: [SIM 211-4] CSIM will launch CLANG as the compiler.
INFO: [HLS 200-2036] Building debug C Simulation binaries
   Compiling ../../../../testbench.cpp in debug mode
   Compiling ../../../../autoencoder.cpp in debug mode
csim.mk:94: recipe for target 'obj/autoencoder.o' failed
In file included from ../../../../testbench.cpp:6:
In file included from ../../../../autoencoder.h:4:
In file included from C:/Xilinx/2025.1/Vitis/include/ap_fixed.h:9:
In file included from C:/Xilinx/2025.1/Vitis/include/etc/ap_common.h:677:
In file included from C:/Xilinx/2025.1/Vitis/include/etc/ap_private.h:68:
In file included from C:/Xilinx/2025.1/Vitis/include/hls_half.h:26:
In file included from C:/Xilinx/2025.1/Vitis/include/etc/hls_half_fpo.h:19:
In file included from C:/Xilinx/2025.1/Vitis/include/hls_fpo.h:140:
In file included from C:/Xilinx/2025.1/Vitis/include/floating_point_v7_1_bitacc_cmodel.h:150:
C:/Xilinx/2025.1/Vitis/include/gmp.h:58:9: warning: '__GMP_LIBGMP_DLL' macro redefined [-Wmacro-redefined]
#define __GMP_LIBGMP_DLL  0
        ^
C:/Xilinx/2025.1/Vitis/include/floating_point_v7_1_bitacc_cmodel.h:142:9: note: previous definition is here
#define __GMP_LIBGMP_DLL 1
        ^
1 warning generated.
In file included from ../../../../autoencoder.cpp:1:
In file included from ../../../../autoencoder.h:4:
In file included from C:/Xilinx/2025.1/Vitis/include/ap_fixed.h:9:
In file included from C:/Xilinx/2025.1/Vitis/include/etc/ap_common.h:677:
In file included from C:/Xilinx/2025.1/Vitis/include/etc/ap_private.h:68:
In file included from C:/Xilinx/2025.1/Vitis/include/hls_half.h:26:
In file included from C:/Xilinx/2025.1/Vitis/include/etc/hls_half_fpo.h:19:
In file included from C:/Xilinx/2025.1/Vitis/include/hls_fpo.h:140:
In file included from C:/Xilinx/2025.1/Vitis/include/floating_point_v7_1_bitacc_cmodel.h:150:
C:/Xilinx/2025.1/Vitis/include/gmp.h:58:9: warning: '__GMP_LIBGMP_DLL' macro redefined [-Wmacro-redefined]
#define __GMP_LIBGMP_DLL  0
        ^
C:/Xilinx/2025.1/Vitis/include/floating_point_v7_1_bitacc_cmodel.h:142:9: note: previous definition is here
#define __GMP_LIBGMP_DLL 1
        ^
../../../../autoencoder.cpp:74:34: error: use of overloaded operator '*' is ambiguous (with operand types 'model_t' (aka 'ap_fixed<16, 6>') and 'const float')
            sum += input_data[i] * W1[i][h];
                   ~~~~~~~~~~~~~ ^ ~~~~~~~~
C:/Xilinx/2025.1/Vitis/include/etc/ap_fixed_base.h:2373:1: note: candidate function [with _AP_W = 16, _AP_I = 6, _AP_S = true, _AP_Q = AP_TRN, _AP_O = AP_WRAP, _AP_N = 0]
ALL_AF_OP_WITH_INT(bool, 1, false)
^
C:/Xilinx/2025.1/Vitis/include/etc/ap_fixed_base.h:2348:3: note: expanded from macro 'ALL_AF_OP_WITH_INT'
  AF_BIN_OP_WITH_INT(*, C_TYPE, (BITS), (SIGN), mult)     \
  ^
C:/Xilinx/2025.1/Vitis/include/etc/ap_fixed_base.h:2294:3: note: expanded from macro 'AF_BIN_OP_WITH_INT'
  operator BIN_OP(                                                          \
  ^
C:/Xilinx/2025.1/Vitis/include/etc/ap_fixed_base.h:2374:1: note: candidate function [with _AP_W = 16, _AP_I = 6, _AP_S = true, _AP_Q = AP_TRN, _AP_O = AP_WRAP, _AP_N = 0]
ALL_AF_OP_WITH_INT(char, 8, CHAR_IS_SIGNED)
^
C:/Xilinx/2025.1/Vitis/include/etc/ap_fixed_base.h:2348:3: note: expanded from macro 'ALL_AF_OP_WITH_INT'
  AF_BIN_OP_WITH_INT(*, C_TYPE, (BITS), (SIGN), mult)     \
  ^
C:/Xilinx/2025.1/Vitis/include/etc/ap_fixed_base.h:2294:3: note: expanded from macro 'AF_BIN_OP_WITH_INT'
  operator BIN_OP(                                                          \
  ^
C:/Xilinx/2025.1/Vitis/include/etc/ap_fixed_base.h:2375:1: note: candidate function [with _AP_W = 16, _AP_I = 6, _AP_S = true, _AP_Q = AP_TRN, _AP_O = AP_WRAP, _AP_N = 0]
ALL_AF_OP_WITH_INT(signed char, 8, true)
^
C:/Xilinx/2025.1/Vitis/include/etc/ap_fixed_base.h:2348:3: note: expanded from macro 'ALL_AF_OP_WITH_INT'
  AF_BIN_OP_WITH_INT(*, C_TYPE, (BITS), (SIGN), mult)     \
  ^
C:/Xilinx/2025.1/Vitis/include/etc/ap_fixed_base.h:2294:3: note: expanded from macro 'AF_BIN_OP_WITH_INT'
  operator BIN_OP(                                                          \
  ^
C:/Xilinx/2025.1/Vitis/include/etc/ap_fixed_base.h:2376:1: note: candidate function [with _AP_W = 16, _AP_I = 6, _AP_S = true, _AP_Q = AP_TRN, _AP_O = AP_WRAP, _AP_N = 0]
ALL_AF_OP_WITH_INT(unsigned char, 8, false)
^
C:/Xilinx/2025.1/Vitis/include/etc/ap_fixed_base.h:2348:3: note: expanded from macro 'ALL_AF_OP_WITH_INT'
  AF_BIN_OP_WITH_INT(*, C_TYPE, (BITS), (SIGN), mult)     \
  ^
C:/Xilinx/2025.1/Vitis/include/etc/ap_fixed_base.h:2294:3: note: expanded from macro 'AF_BIN_OP_WITH_INT'
  operator BIN_OP(                                                          \
  ^
C:/Xilinx/2025.1/Vitis/include/etc/ap_fixed_base.h:2377:1: note: candidate function [with _AP_W = 16, _AP_I = 6, _AP_S = true, _AP_Q = AP_TRN, _AP_O = AP_WRAP, _AP_N = 0]
ALL_AF_OP_WITH_INT(short, _AP_SIZE_short, true)
^
C:/Xilinx/2025.1/Vitis/include/etc/ap_fixed_base.h:2348:3: note: expanded from macro 'ALL_AF_OP_WITH_INT'
  AF_BIN_OP_WITH_INT(*, C_TYPE, (BITS), (SIGN), mult)     \
  ^
C:/Xilinx/2025.1/Vitis/include/etc/ap_fixed_base.h:2294:3: note: expanded from macro 'AF_BIN_OP_WITH_INT'
  operator BIN_OP(                                                          \
  ^
C:/Xilinx/2025.1/Vitis/include/etc/ap_fixed_base.h:2378:1: note: candidate function [with _AP_W = 16, _AP_I = 6, _AP_S = true, _AP_Q = AP_TRN, _AP_O = AP_WRAP, _AP_N = 0]
ALL_AF_OP_WITH_INT(unsigned short, _AP_SIZE_short, false)
^
C:/Xilinx/2025.1/Vitis/include/etc/ap_fixed_base.h:2348:3: note: expanded from macro 'ALL_AF_OP_WITH_INT'
  AF_BIN_OP_WITH_INT(*, C_TYPE, (BITS), (SIGN), mult)     \
  ^
C:/Xilinx/2025.1/Vitis/include/etc/ap_fixed_base.h:2294:3: note: expanded from macro 'AF_BIN_OP_WITH_INT'
  operator BIN_OP(                                                          \
  ^
C:/Xilinx/2025.1/Vitis/include/etc/ap_fixed_base.h:2379:1: note: candidate function [with _AP_W = 16, _AP_I = 6, _AP_S = true, _AP_Q = AP_TRN, _AP_O = AP_WRAP, _AP_N = 0]
ALL_AF_OP_WITH_INT(int, _AP_SIZE_int, true)
^
C:/Xilinx/2025.1/Vitis/include/etc/ap_fixed_base.h:2348:3: note: expanded from macro 'ALL_AF_OP_WITH_INT'
  AF_BIN_OP_WITH_INT(*, C_TYPE, (BITS), (SIGN), mult)     \
  ^
C:/Xilinx/2025.1/Vitis/include/etc/ap_fixed_base.h:2294:3: note: expanded from macro 'AF_BIN_OP_WITH_INT'
  operator BIN_OP(                                                          \
  ^
C:/Xilinx/2025.1/Vitis/include/etc/ap_fixed_base.h:2380:1: note: candidate function [with _AP_W = 16, _AP_I = 6, _AP_S = true, _AP_Q = AP_TRN, _AP_O = AP_WRAP, _AP_N = 0]
ALL_AF_OP_WITH_INT(unsigned int, _AP_SIZE_int, false)
^
C:/Xilinx/2025.1/Vitis/include/etc/ap_fixed_base.h:2348:3: note: expanded from macro 'ALL_AF_OP_WITH_INT'
  AF_BIN_OP_WITH_INT(*, C_TYPE, (BITS), (SIGN), mult)     \
  ^
C:/Xilinx/2025.1/Vitis/include/etc/ap_fixed_base.h:2294:3: note: expanded from macro 'AF_BIN_OP_WITH_INT'
  operator BIN_OP(                                                          \
  ^
C:/Xilinx/2025.1/Vitis/include/etc/ap_fixed_base.h:2381:1: note: candidate function [with _AP_W = 16, _AP_I = 6, _AP_S = true, _AP_Q = AP_TRN, _AP_O = AP_WRAP, _AP_N = 0]
ALL_AF_OP_WITH_INT(long, _AP_SIZE_long, true)
^
C:/Xilinx/2025.1/Vitis/include/etc/ap_fixed_base.h:2348:3: note: expanded from macro 'ALL_AF_OP_WITH_INT'
  AF_BIN_OP_WITH_INT(*, C_TYPE, (BITS), (SIGN), mult)     \
  ^
C:/Xilinx/2025.1/Vitis/include/etc/ap_fixed_base.h:2294:3: note: expanded from macro 'AF_BIN_OP_WITH_INT'
  operator BIN_OP(                                                          \
  ^
C:/Xilinx/2025.1/Vitis/include/etc/ap_fixed_base.h:2382:1: note: candidate function [with _AP_W = 16, _AP_I = 6, _AP_S = true, _AP_Q = AP_TRN, _AP_O = AP_WRAP, _AP_N = 0]
ALL_AF_OP_WITH_INT(unsigned long, _AP_SIZE_long, false)
^
C:/Xilinx/2025.1/Vitis/include/etc/ap_fixed_base.h:2348:3: note: expanded from macro 'ALL_AF_OP_WITH_INT'
  AF_BIN_OP_WITH_INT(*, C_TYPE, (BITS), (SIGN), mult)     \
  ^
C:/Xilinx/2025.1/Vitis/include/etc/ap_fixed_base.h:2294:3: note: expanded from macro 'AF_BIN_OP_WITH_INT'
  operator BIN_OP(                                                          \
  ^
C:/Xilinx/2025.1/Vitis/include/etc/ap_fixed_base.h:2383:1: note: candidate function [with _AP_W = 16, _AP_I = 6, _AP_S = true, _AP_Q = AP_TRN, _AP_O = AP_WRAP, _AP_N = 0]
ALL_AF_OP_WITH_INT(ap_slong, _AP_SIZE_ap_slong, true)
^
C:/Xilinx/2025.1/Vitis/include/etc/ap_fixed_base.h:2348:3: note: expanded from macro 'ALL_AF_OP_WITH_INT'
  AF_BIN_OP_WITH_INT(*, C_TYPE, (BITS), (SIGN), mult)     \
  ^
C:/Xilinx/2025.1/Vitis/include/etc/ap_fixed_base.h:2294:3: note: expanded from macro 'AF_BIN_OP_WITH_INT'
  operator BIN_OP(                                                          \
  ^
C:/Xilinx/2025.1/Vitis/include/etc/ap_fixed_base.h:2384:1: note: candidate function [with _AP_W = 16, _AP_I = 6, _AP_S = true, _AP_Q = AP_TRN, _AP_O = AP_WRAP, _AP_N = 0]
ALL_AF_OP_WITH_INT(ap_ulong, _AP_SIZE_ap_slong, false)
^
C:/Xilinx/2025.1/Vitis/include/etc/ap_fixed_base.h:2348:3: note: expanded from macro 'ALL_AF_OP_WITH_INT'
  AF_BIN_OP_WITH_INT(*, C_TYPE, (BITS), (SIGN), mult)     \
  ^
C:/Xilinx/2025.1/Vitis/include/etc/ap_fixed_base.h:2294:3: note: expanded from macro 'AF_BIN_OP_WITH_INT'
  operator BIN_OP(                                                          \
  ^
../../../../autoencoder.cpp:74:34: note: built-in candidate operator*(float, float)
            sum += input_data[i] * W1[i][h];
                                 ^
../../../../autoencoder.cpp:74:34: note: built-in candidate operator*(double, float)
../../../../autoencoder.cpp:74:34: note: built-in candidate operator*(long double, float)
../../../../autoencoder.cpp:74:34: note: built-in candidate operator*(__float128, float)
../../../../autoencoder.cpp:74:34: note: built-in candidate operator*(int, float)
../../../../autoencoder.cpp:74:34: note: built-in candidate operator*(long, float)
../../../../autoencoder.cpp:74:34: note: built-in candidate operator*(long long, float)
../../../../autoencoder.cpp:74:34: note: built-in candidate operator*(__int128, float)
../../../../autoencoder.cpp:74:34: note: built-in candidate operator*(unsigned int, float)
../../../../autoencoder.cpp:74:34: note: built-in candidate operator*(unsigned long, float)
../../../../autoencoder.cpp:74:34: note: built-in candidate operator*(unsigned long long, float)
../../../../autoencoder.cpp:74:34: note: built-in candidate operator*(unsigned __int128, float)
../../../../autoencoder.cpp:74:34: note: built-in candidate operator*(float, double)
../../../../autoencoder.cpp:74:34: note: built-in candidate operator*(double, double)
../../../../autoencoder.cpp:74:34: note: built-in candidate operator*(long double, double)
../../../../autoencoder.cpp:74:34: note: built-in candidate operator*(__float128, double)
../../../../autoencoder.cpp:74:34: note: built-in candidate operator*(int, double)
../../../../autoencoder.cpp:74:34: note: built-in candidate operator*(long, double)
../../../../autoencoder.cpp:74:34: note: built-in candidate operator*(long long, double)
../../../../autoencoder.cpp:74:34: note: built-in candidate operator*(__int128, double)
../../../../autoencoder.cpp:74:34: note: built-in candidate operator*(unsigned int, double)
../../../../autoencoder.cpp:74:34: note: built-in candidate operator*(unsigned long, double)
../../../../autoencoder.cpp:74:34: note: built-in candidate operator*(unsigned long long, double)
../../../../autoencoder.cpp:74:34: note: built-in candidate operator*(unsigned __int128, double)
../../../../autoencoder.cpp:93:36: error: use of overloaded operator '*' is ambiguous (with operand types 'model_t' (aka 'ap_fixed<16, 6>') and 'const float')
            sum += hidden_layer[h] * W2[h][o];
                   ~~~~~~~~~~~~~~~ ^ ~~~~~~~~
C:/Xilinx/2025.1/Vitis/include/etc/ap_fixed_base.h:2373:1: note: candidate function [with _AP_W = 16, _AP_I = 6, _AP_S = true, _AP_Q = AP_TRN, _AP_O = AP_WRAP, _AP_N = 0]
ALL_AF_OP_WITH_INT(bool, 1, false)
^
C:/Xilinx/2025.1/Vitis/include/etc/ap_fixed_base.h:2348:3: note: expanded from macro 'ALL_AF_OP_WITH_INT'
  AF_BIN_OP_WITH_INT(*, C_TYPE, (BITS), (SIGN), mult)     \
  ^
C:/Xilinx/2025.1/Vitis/include/etc/ap_fixed_base.h:2294:3: note: expanded from macro 'AF_BIN_OP_WITH_INT'
  operator BIN_OP(                                                          \
  ^
C:/Xilinx/2025.1/Vitis/include/etc/ap_fixed_base.h:2374:1: note: candidate function [with _AP_W = 16, _AP_I = 6, _AP_S = true, _AP_Q = AP_TRN, _AP_O = AP_WRAP, _AP_N = 0]
ALL_AF_OP_WITH_INT(char, 8, CHAR_IS_SIGNED)
^
C:/Xilinx/2025.1/Vitis/include/etc/ap_fixed_base.h:2348:3: note: expanded from macro 'ALL_AF_OP_WITH_INT'
  AF_BIN_OP_WITH_INT(*, C_TYPE, (BITS), (SIGN), mult)     \
  ^
C:/Xilinx/2025.1/Vitis/include/etc/ap_fixed_base.h:2294:3: note: expanded from macro 'AF_BIN_OP_WITH_INT'
  operator BIN_OP(                                                          \
  ^
C:/Xilinx/2025.1/Vitis/include/etc/ap_fixed_base.h:2375:1: note: candidate function [with _AP_W = 16, _AP_I = 6, _AP_S = true, _AP_Q = AP_TRN, _AP_O = AP_WRAP, _AP_N = 0]
ALL_AF_OP_WITH_INT(signed char, 8, true)
^
C:/Xilinx/2025.1/Vitis/include/etc/ap_fixed_base.h:2348:3: note: expanded from macro 'ALL_AF_OP_WITH_INT'
  AF_BIN_OP_WITH_INT(*, C_TYPE, (BITS), (SIGN), mult)     \
  ^
C:/Xilinx/2025.1/Vitis/include/etc/ap_fixed_base.h:2294:3: note: expanded from macro 'AF_BIN_OP_WITH_INT'
  operator BIN_OP(                                                          \
  ^
C:/Xilinx/2025.1/Vitis/include/etc/ap_fixed_base.h:2376:1: note: candidate function [with _AP_W = 16, _AP_I = 6, _AP_S = true, _AP_Q = AP_TRN, _AP_O = AP_WRAP, _AP_N = 0]
ALL_AF_OP_WITH_INT(unsigned char, 8, false)
^
C:/Xilinx/2025.1/Vitis/include/etc/ap_fixed_base.h:2348:3: note: expanded from macro 'ALL_AF_OP_WITH_INT'
  AF_BIN_OP_WITH_INT(*, C_TYPE, (BITS), (SIGN), mult)     \
  ^
C:/Xilinx/2025.1/Vitis/include/etc/ap_fixed_base.h:2294:3: note: expanded from macro 'AF_BIN_OP_WITH_INT'
  operator BIN_OP(                                                          \
  ^
C:/Xilinx/2025.1/Vitis/include/etc/ap_fixed_base.h:2377:1: note: candidate function [with _AP_W = 16, _AP_I = 6, _AP_S = true, _AP_Q = AP_TRN, _AP_O = AP_WRAP, _AP_N = 0]
ALL_AF_OP_WITH_INT(short, _AP_SIZE_short, true)
^
C:/Xilinx/2025.1/Vitis/include/etc/ap_fixed_base.h:2348:3: note: expanded from macro 'ALL_AF_OP_WITH_INT'
  AF_BIN_OP_WITH_INT(*, C_TYPE, (BITS), (SIGN), mult)     \
  ^
C:/Xilinx/2025.1/Vitis/include/etc/ap_fixed_base.h:2294:3: note: expanded from macro 'AF_BIN_OP_WITH_INT'
  operator BIN_OP(                                                          \
  ^
C:/Xilinx/2025.1/Vitis/include/etc/ap_fixed_base.h:2378:1: note: candidate function [with _AP_W = 16, _AP_I = 6, _AP_S = true, _AP_Q = AP_TRN, _AP_O = AP_WRAP, _AP_N = 0]
ALL_AF_OP_WITH_INT(unsigned short, _AP_SIZE_short, false)
^
C:/Xilinx/2025.1/Vitis/include/etc/ap_fixed_base.h:2348:3: note: expanded from macro 'ALL_AF_OP_WITH_INT'
  AF_BIN_OP_WITH_INT(*, C_TYPE, (BITS), (SIGN), mult)     \
  ^
C:/Xilinx/2025.1/Vitis/include/etc/ap_fixed_base.h:2294:3: note: expanded from macro 'AF_BIN_OP_WITH_INT'
  operator BIN_OP(                                                          \
  ^
C:/Xilinx/2025.1/Vitis/include/etc/ap_fixed_base.h:2379:1: note: candidate function [with _AP_W = 16, _AP_I = 6, _AP_S = true, _AP_Q = AP_TRN, _AP_O = AP_WRAP, _AP_N = 0]
ALL_AF_OP_WITH_INT(int, _AP_SIZE_int, true)
^
C:/Xilinx/2025.1/Vitis/include/etc/ap_fixed_base.h:2348:3: note: expanded from macro 'ALL_AF_OP_WITH_INT'
  AF_BIN_OP_WITH_INT(*, C_TYPE, (BITS), (SIGN), mult)     \
  ^
C:/Xilinx/2025.1/Vitis/include/etc/ap_fixed_base.h:2294:3: note: expanded from macro 'AF_BIN_OP_WITH_INT'
  operator BIN_OP(                                                          \
  ^
C:/Xilinx/2025.1/Vitis/include/etc/ap_fixed_base.h:2380:1: note: candidate function [with _AP_W = 16, _AP_I = 6, _AP_S = true, _AP_Q = AP_TRN, _AP_O = AP_WRAP, _AP_N = 0]
ALL_AF_OP_WITH_INT(unsigned int, _AP_SIZE_int, false)
^
C:/Xilinx/2025.1/Vitis/include/etc/ap_fixed_base.h:2348:3: note: expanded from macro 'ALL_AF_OP_WITH_INT'
  AF_BIN_OP_WITH_INT(*, C_TYPE, (BITS), (SIGN), mult)     \
  ^
C:/Xilinx/2025.1/Vitis/include/etc/ap_fixed_base.h:2294:3: note: expanded from macro 'AF_BIN_OP_WITH_INT'
  operator BIN_OP(                                                          \
  ^
C:/Xilinx/2025.1/Vitis/include/etc/ap_fixed_base.h:2381:1: note: candidate function [with _AP_W = 16, _AP_I = 6, _AP_S = true, _AP_Q = AP_TRN, _AP_O = AP_WRAP, _AP_N = 0]
ALL_AF_OP_WITH_INT(long, _AP_SIZE_long, true)
^
C:/Xilinx/2025.1/Vitis/include/etc/ap_fixed_base.h:2348:3: note: expanded from macro 'ALL_AF_OP_WITH_INT'
  AF_BIN_OP_WITH_INT(*, C_TYPE, (BITS), (SIGN), mult)     \
  ^
C:/Xilinx/2025.1/Vitis/include/etc/ap_fixed_base.h:2294:3: note: expanded from macro 'AF_BIN_OP_WITH_INT'
  operator BIN_OP(                                                          \
  ^
C:/Xilinx/2025.1/Vitis/include/etc/ap_fixed_base.h:2382:1: note: candidate function [with _AP_W = 16, _AP_I = 6, _AP_S = true, _AP_Q = AP_TRN, _AP_O = AP_WRAP, _AP_N = 0]
ALL_AF_OP_WITH_INT(unsigned long, _AP_SIZE_long, false)
^
C:/Xilinx/2025.1/Vitis/include/etc/ap_fixed_base.h:2348:3: note: expanded from macro 'ALL_AF_OP_WITH_INT'
  AF_BIN_OP_WITH_INT(*, C_TYPE, (BITS), (SIGN), mult)     \
  ^
C:/Xilinx/2025.1/Vitis/include/etc/ap_fixed_base.h:2294:3: note: expanded from macro 'AF_BIN_OP_WITH_INT'
  operator BIN_OP(                                                          \
  ^
C:/Xilinx/2025.1/Vitis/include/etc/ap_fixed_base.h:2383:1: note: candidate function [with _AP_W = 16, _AP_I = 6, _AP_S = true, _AP_Q = AP_TRN, _AP_O = AP_WRAP, _AP_N = 0]
ALL_AF_OP_WITH_INT(ap_slong, _AP_SIZE_ap_slong, true)
^
C:/Xilinx/2025.1/Vitis/include/etc/ap_fixed_base.h:2348:3: note: expanded from macro 'ALL_AF_OP_WITH_INT'
  AF_BIN_OP_WITH_INT(*, C_TYPE, (BITS), (SIGN), mult)     \
  ^
C:/Xilinx/2025.1/Vitis/include/etc/ap_fixed_base.h:2294:3: note: expanded from macro 'AF_BIN_OP_WITH_INT'
  operator BIN_OP(                                                          \
  ^
C:/Xilinx/2025.1/Vitis/include/etc/ap_fixed_base.h:2384:1: note: candidate function [with _AP_W = 16, _AP_I = 6, _AP_S = true, _AP_Q = AP_TRN, _AP_O = AP_WRAP, _AP_N = 0]
ALL_AF_OP_WITH_INT(ap_ulong, _AP_SIZE_ap_slong, false)
^
C:/Xilinx/2025.1/Vitis/include/etc/ap_fixed_base.h:2348:3: note: expanded from macro 'ALL_AF_OP_WITH_INT'
  AF_BIN_OP_WITH_INT(*, C_TYPE, (BITS), (SIGN), mult)     \
  ^
C:/Xilinx/2025.1/Vitis/include/etc/ap_fixed_base.h:2294:3: note: expanded from macro 'AF_BIN_OP_WITH_INT'
  operator BIN_OP(                                                          \
  ^
../../../../autoencoder.cpp:93:36: note: built-in candidate operator*(float, float)
            sum += hidden_layer[h] * W2[h][o];
                                   ^
../../../../autoencoder.cpp:93:36: note: built-in candidate operator*(double, float)
../../../../autoencoder.cpp:93:36: note: built-in candidate operator*(long double, float)
../../../../autoencoder.cpp:93:36: note: built-in candidate operator*(__float128, float)
../../../../autoencoder.cpp:93:36: note: built-in candidate operator*(int, float)
../../../../autoencoder.cpp:93:36: note: built-in candidate operator*(long, float)
../../../../autoencoder.cpp:93:36: note: built-in candidate operator*(long long, float)
../../../../autoencoder.cpp:93:36: note: built-in candidate operator*(__int128, float)
../../../../autoencoder.cpp:93:36: note: built-in candidate operator*(unsigned int, float)
../../../../autoencoder.cpp:93:36: note: built-in candidate operator*(unsigned long, float)
../../../../autoencoder.cpp:93:36: note: built-in candidate operator*(unsigned long long, float)
../../../../autoencoder.cpp:93:36: note: built-in candidate operator*(unsigned __int128, float)
../../../../autoencoder.cpp:93:36: note: built-in candidate operator*(float, double)
../../../../autoencoder.cpp:93:36: note: built-in candidate operator*(double, double)
../../../../autoencoder.cpp:93:36: note: built-in candidate operator*(long double, double)
../../../../autoencoder.cpp:93:36: note: built-in candidate operator*(__float128, double)
../../../../autoencoder.cpp:93:36: note: built-in candidate operator*(int, double)
../../../../autoencoder.cpp:93:36: note: built-in candidate operator*(long, double)
../../../../autoencoder.cpp:93:36: note: built-in candidate operator*(long long, double)
../../../../autoencoder.cpp:93:36: note: built-in candidate operator*(__int128, double)
../../../../autoencoder.cpp:93:36: note: built-in candidate operator*(unsigned int, double)
../../../../autoencoder.cpp:93:36: note: built-in candidate operator*(unsigned long, double)
../../../../autoencoder.cpp:93:36: note: built-in candidate operator*(unsigned long long, double)
../../../../autoencoder.cpp:93:36: note: built-in candidate operator*(unsigned __int128, double)
1 warning and 2 errors generated.
make: *** [obj/autoencoder.o] Error 1
ERROR: [SIM 211-100] 'csim_design' failed: compilation error(s).
INFO: [SIM 211-3] *************** CSIM finish ***************
ERROR: 4
INFO: [HLS 200-112] Total CPU user time: 1 seconds. Total CPU system time: 1 seconds. Total elapsed time: 17.473 seconds; peak allocated memory: 151.156 MB.
