  **** HLS Build v2025.1 6135595
INFO: [HLS 200-2005] Using work_dir D:/xilinx/Project/fp_vitis/fp_vitis/hls_component/hls_component 
INFO: [HLS 200-2176] Writing Vitis IDE component file D:/xilinx/Project/fp_vitis/fp_vitis/hls_component/hls_component/vitis-comp.json
INFO: [HLS 200-10] Creating and opening component 'D:/xilinx/Project/fp_vitis/fp_vitis/hls_component/hls_component'.
INFO: [HLS 200-1611] Setting target device to 'xc7z020-clg400-1'
INFO: [HLS 200-1505] Using default flow_target 'vivado'
Resolution: For help on HLS 200-1505 see docs.xilinx.com/access/sources/dita/topic?Doc_Version=2025.1%20English&url=ug1448-hls-guidance&resourceid=200-1505.html
INFO: [HLS 200-2174] Applying component config ini file D:/xilinx/Project/fp_vitis/fp_vitis/hls_component/hls_config.cfg
WARNING: [HLS 200-2001] file not found 'C:/Users/li/Downloads/input_data.dat' see [hls] from D:/xilinx/Project/fp_vitis/fp_vitis/hls_component/hls_config.cfg(12)
WARNING: [HLS 200-2001] file not found 'C:/Users/li/Downloads/output_hls.dat' see [hls] from D:/xilinx/Project/fp_vitis/fp_vitis/hls_component/hls_config.cfg(13)
WARNING: [HLS 200-2001] file not found 'C:/Users/li/Downloads/output_keras.dat' see [hls] from D:/xilinx/Project/fp_vitis/fp_vitis/hls_component/hls_config.cfg(14)
INFO: [HLS 200-1465] Applying config ini 'syn.file=autoencoder.cpp' from D:/xilinx/Project/fp_vitis/fp_vitis/hls_component/hls_config.cfg(10)
INFO: [HLS 200-10] Adding design file 'D:/xilinx/Project/fp_vitis/fp_vitis/hls_component/autoencoder.cpp' to the project
INFO: [HLS 200-1465] Applying config ini 'syn.file=autoencoder.h' from D:/xilinx/Project/fp_vitis/fp_vitis/hls_component/hls_config.cfg(11)
INFO: [HLS 200-10] Adding design file 'D:/xilinx/Project/fp_vitis/fp_vitis/hls_component/autoencoder.h' to the project
INFO: [HLS 200-1465] Applying config ini 'syn.file=C:/Users/li/Downloads/input_data.dat' from D:/xilinx/Project/fp_vitis/fp_vitis/hls_component/hls_config.cfg(12)
WARNING: [HLS 200-40] Cannot find design file 'C:/Users/li/Downloads/input_data.dat'
INFO: [HLS 200-1465] Applying config ini 'syn.file=C:/Users/li/Downloads/output_hls.dat' from D:/xilinx/Project/fp_vitis/fp_vitis/hls_component/hls_config.cfg(13)
WARNING: [HLS 200-40] Cannot find design file 'C:/Users/li/Downloads/output_hls.dat'
INFO: [HLS 200-1465] Applying config ini 'syn.file=C:/Users/li/Downloads/output_keras.dat' from D:/xilinx/Project/fp_vitis/fp_vitis/hls_component/hls_config.cfg(14)
WARNING: [HLS 200-40] Cannot find design file 'C:/Users/li/Downloads/output_keras.dat'
INFO: [HLS 200-1465] Applying config ini 'tb.file=testbench.cpp' from D:/xilinx/Project/fp_vitis/fp_vitis/hls_component/hls_config.cfg(8)
INFO: [HLS 200-10] Adding test bench file 'D:/xilinx/Project/fp_vitis/fp_vitis/hls_component/testbench.cpp' to the project
INFO: [HLS 200-1465] Applying config ini 'tb.file=data.h' from D:/xilinx/Project/fp_vitis/fp_vitis/hls_component/hls_config.cfg(9)
INFO: [HLS 200-10] Adding test bench file 'D:/xilinx/Project/fp_vitis/fp_vitis/hls_component/data.h' to the project
INFO: [HLS 200-1465] Applying config ini 'syn.top=tiny_autoencoder' from D:/xilinx/Project/fp_vitis/fp_vitis/hls_component/hls_config.cfg(7)
INFO: [HLS 200-1465] Applying config ini 'flow_target=vivado' from D:/xilinx/Project/fp_vitis/fp_vitis/hls_component/hls_config.cfg(4)
INFO: [HLS 200-1505] Using flow_target 'vivado'
Resolution: For help on HLS 200-1505 see docs.xilinx.com/access/sources/dita/topic?Doc_Version=2025.1%20English&url=ug1448-hls-guidance&resourceid=200-1505.html
INFO: [HLS 200-1465] Applying config ini 'part=xc7z020clg400-1' from D:/xilinx/Project/fp_vitis/fp_vitis/hls_component/hls_config.cfg(1)
INFO: [HLS 200-1465] Applying config ini 'clock=5ns' from D:/xilinx/Project/fp_vitis/fp_vitis/hls_component/hls_config.cfg(15)
INFO: [SYN 201-201] Setting up clock 'default' with a period of 5ns.
INFO: [HLS 200-1465] Applying config ini 'package.output.format=ip_catalog' from D:/xilinx/Project/fp_vitis/fp_vitis/hls_component/hls_config.cfg(5)
INFO: [HLS 200-2176] Writing Vitis IDE component file D:/xilinx/Project/fp_vitis/fp_vitis/hls_component/hls_component/vitis-comp.json
INFO: [COSIM 212-47] Using XSIM for RTL simulation.
INFO: [COSIM 212-14] Instrumenting C test bench ...
   Build using "D:/xilinx/2025.1/Vitis/win64/tools/vcxx/libexec/clang++"
   Compiling autoencoder.cpp_pre.cpp.tb.cpp
   Compiling testbench.cpp_pre.cpp.tb.cpp
   Compiling apatb_tiny_autoencoder.cpp
   Compiling apatb_tiny_autoencoder_ir.ll
   Generating cosim.tv.exe
INFO: [COSIM 212-302] Starting C TB testing ... 
Error: Could not open input_data.dat
[Testbench] Reading input_data.dat...
ERROR: [COSIM 212-359] Aborting co-simulation: C TB simulation failed, nonzero return value '1'.
ERROR: [COSIM 212-320] C TB testing failed, stop generating test vectors. Please check C TB or re-run cosim.
ERROR: [COSIM 212-5] *** C/RTL co-simulation file generation failed. ***
ERROR: [COSIM 212-4] *** C/RTL co-simulation finished: FAIL ***
ERROR: 
INFO: [HLS 200-112] Total CPU user time: 2 seconds. Total CPU system time: 2 seconds. Total elapsed time: 18.859 seconds; peak allocated memory: 227.926 MB.
